This file contains any messages produced by compilers while
running configure, to aid debugging if configure makes a mistake.

It was created by ossie configure 0.6.2, which was
generated by GNU Autoconf 2.65.  Invocation command line was

  $ ./configure --disable-option-checking --prefix=/sdr --libdir=/usr/local/lib/ --includedir=/usr/local/include/ --with-boost --with-boost-filesystem --cache-file=/dev/null --srcdir=. --no-create --no-recursion

## --------- ##
## Platform. ##
## --------- ##

hostname = june-laptop
uname -m = i686
uname -r = 2.6.32-37-generic
uname -s = Linux
uname -v = #81-Ubuntu SMP Fri Dec 2 20:35:14 UTC 2011

/usr/bin/uname -p = unknown
/bin/uname -X     = unknown

/bin/arch              = unknown
/usr/bin/arch -k       = unknown
/usr/convex/getsysinfo = unknown
/usr/bin/hostinfo      = unknown
/bin/machine           = unknown
/usr/bin/oslevel       = unknown
/bin/universe          = unknown

PATH: /usr/local/sbin
PATH: /usr/local/bin
PATH: /usr/sbin
PATH: /usr/bin
PATH: /sbin
PATH: /bin
PATH: /usr/games


## ----------- ##
## Core tests. ##
## ----------- ##

configure:2637: checking for a BSD-compatible install
configure:2705: result: /usr/bin/install -c
configure:2716: checking whether build environment is sane
configure:2766: result: yes
configure:2907: checking for a thread-safe mkdir -p
configure:2946: result: /bin/mkdir -p
configure:2959: checking for gawk
configure:2975: found /usr/bin/gawk
configure:2986: result: gawk
configure:2997: checking whether make sets $(MAKE)
configure:3019: result: yes
configure:3129: checking build system type
configure:3143: result: i686-pc-linux-gnu
configure:3163: checking host system type
configure:3176: result: i686-pc-linux-gnu
configure:3208: checking for style of include used by make
configure:3236: result: GNU
configure:3306: checking for gcc
configure:3322: found /usr/bin/gcc
configure:3333: result: gcc
configure:3562: checking for C compiler version
configure:3571: gcc --version >&5
gcc (Ubuntu 4.4.3-4ubuntu5) 4.4.3
Copyright (C) 2009 Free Software Foundation, Inc.
This is free software; see the source for copying conditions.  There is NO
warranty; not even for MERCHANTABILITY or FITNESS FOR A PARTICULAR PURPOSE.

configure:3582: $? = 0
configure:3571: gcc -v >&5
Using built-in specs.
Target: i486-linux-gnu
Configured with: ../src/configure -v --with-pkgversion='Ubuntu 4.4.3-4ubuntu5' --with-bugurl=file:///usr/share/doc/gcc-4.4/README.Bugs --enable-languages=c,c++,fortran,objc,obj-c++ --prefix=/usr --enable-shared --enable-multiarch --enable-linker-build-id --with-system-zlib --libexecdir=/usr/lib --without-included-gettext --enable-threads=posix --with-gxx-include-dir=/usr/include/c++/4.4 --program-suffix=-4.4 --enable-nls --enable-clocale=gnu --enable-libstdcxx-debug --enable-plugin --enable-objc-gc --enable-targets=all --disable-werror --with-arch-32=i486 --with-tune=generic --enable-checking=release --build=i486-linux-gnu --host=i486-linux-gnu --target=i486-linux-gnu
Thread model: posix
gcc version 4.4.3 (Ubuntu 4.4.3-4ubuntu5) 
configure:3582: $? = 0
configure:3571: gcc -V >&5
gcc: '-V' option must have argument
configure:3582: $? = 1
configure:3571: gcc -qversion >&5
gcc: unrecognized option '-qversion'
gcc: no input files
configure:3582: $? = 1
configure:3602: checking whether the C compiler works
configure:3624: gcc    conftest.c  >&5
configure:3628: $? = 0
configure:3677: result: yes
configure:3680: checking for C compiler default output file name
configure:3682: result: a.out
configure:3688: checking for suffix of executables
configure:3695: gcc -o conftest    conftest.c  >&5
configure:3699: $? = 0
configure:3721: result: 
configure:3743: checking whether we are cross compiling
configure:3751: gcc -o conftest    conftest.c  >&5
configure:3755: $? = 0
configure:3762: ./conftest
configure:3766: $? = 0
configure:3781: result: no
configure:3786: checking for suffix of object files
configure:3808: gcc -c   conftest.c >&5
configure:3812: $? = 0
configure:3833: result: o
configure:3837: checking whether we are using the GNU C compiler
configure:3856: gcc -c   conftest.c >&5
configure:3856: $? = 0
configure:3865: result: yes
configure:3874: checking whether gcc accepts -g
configure:3894: gcc -c -g  conftest.c >&5
configure:3894: $? = 0
configure:3935: result: yes
configure:3952: checking for gcc option to accept ISO C89
configure:4016: gcc  -c -g -O2  conftest.c >&5
configure:4016: $? = 0
configure:4029: result: none needed
configure:4051: checking dependency style of gcc
configure:4161: result: gcc3
configure:4176: checking for a sed that does not truncate output
configure:4240: result: /bin/sed
configure:4258: checking for grep that handles long lines and -e
configure:4316: result: /bin/grep
configure:4321: checking for egrep
configure:4383: result: /bin/grep -E
configure:4388: checking for fgrep
configure:4450: result: /bin/grep -F
configure:4485: checking for ld used by gcc
configure:4552: result: /usr/bin/ld
configure:4559: checking if the linker (/usr/bin/ld) is GNU ld
configure:4574: result: yes
configure:4586: checking for BSD- or MS-compatible name lister (nm)
configure:4635: result: /usr/bin/nm -B
configure:4753: checking the name lister (/usr/bin/nm -B) interface
configure:4760: gcc -c -g -O2  conftest.c >&5
configure:4763: /usr/bin/nm -B "conftest.o"
configure:4766: output
00000000 B some_variable
configure:4773: result: BSD nm
configure:4776: checking whether ln -s works
configure:4780: result: yes
configure:4788: checking the maximum length of command line arguments
configure:4908: result: 805306365
configure:4925: checking whether the shell understands some XSI constructs
configure:4935: result: yes
configure:4939: checking whether the shell understands "+="
configure:4945: result: yes
configure:4980: checking for /usr/bin/ld option to reload object files
configure:4987: result: -r
configure:5056: checking for objdump
configure:5072: found /usr/bin/objdump
configure:5083: result: objdump
configure:5115: checking how to recognize dependent libraries
configure:5311: result: pass_all
configure:5371: checking for ar
configure:5387: found /usr/bin/ar
configure:5398: result: ar
configure:5476: checking for strip
configure:5492: found /usr/bin/strip
configure:5503: result: strip
configure:5575: checking for ranlib
configure:5591: found /usr/bin/ranlib
configure:5602: result: ranlib
configure:5692: checking command to parse /usr/bin/nm -B output from gcc object
configure:5810: gcc -c -g -O2  conftest.c >&5
configure:5813: $? = 0
configure:5817: /usr/bin/nm -B conftest.o \| sed -n -e 's/^.*[	 ]\([ABCDGIRSTW][ABCDGIRSTW]*\)[	 ][	 ]*\([_A-Za-z][_A-Za-z0-9]*\)$/\1 \2 \2/p' \> conftest.nm
configure:5820: $? = 0
configure:5874: gcc -o conftest -g -O2   conftest.c conftstm.o >&5
configure:5877: $? = 0
configure:5915: result: ok
configure:6724: checking how to run the C preprocessor
configure:6755: gcc -E  conftest.c
configure:6755: $? = 0
configure:6769: gcc -E  conftest.c
conftest.c:11:28: error: ac_nonexistent.h: No such file or directory
configure:6769: $? = 1
configure: failed program was:
| /* confdefs.h */
| #define PACKAGE_NAME "ossie"
| #define PACKAGE_TARNAME "ossie"
| #define PACKAGE_VERSION "0.6.2"
| #define PACKAGE_STRING "ossie 0.6.2"
| #define PACKAGE_BUGREPORT ""
| #define PACKAGE_URL ""
| #define PACKAGE "ossie"
| #define VERSION "0.6.2"
| /* end confdefs.h.  */
| #include <ac_nonexistent.h>
configure:6794: result: gcc -E
configure:6814: gcc -E  conftest.c
configure:6814: $? = 0
configure:6828: gcc -E  conftest.c
conftest.c:11:28: error: ac_nonexistent.h: No such file or directory
configure:6828: $? = 1
configure: failed program was:
| /* confdefs.h */
| #define PACKAGE_NAME "ossie"
| #define PACKAGE_TARNAME "ossie"
| #define PACKAGE_VERSION "0.6.2"
| #define PACKAGE_STRING "ossie 0.6.2"
| #define PACKAGE_BUGREPORT ""
| #define PACKAGE_URL ""
| #define PACKAGE "ossie"
| #define VERSION "0.6.2"
| /* end confdefs.h.  */
| #include <ac_nonexistent.h>
configure:6857: checking for ANSI C header files
configure:6877: gcc -c -g -O2  conftest.c >&5
configure:6877: $? = 0
configure:6950: gcc -o conftest -g -O2   conftest.c  >&5
configure:6950: $? = 0
configure:6950: ./conftest
configure:6950: $? = 0
configure:6961: result: yes
configure:6974: checking for sys/types.h
configure:6974: gcc -c -g -O2  conftest.c >&5
configure:6974: $? = 0
configure:6974: result: yes
configure:6974: checking for sys/stat.h
configure:6974: gcc -c -g -O2  conftest.c >&5
configure:6974: $? = 0
configure:6974: result: yes
configure:6974: checking for stdlib.h
configure:6974: gcc -c -g -O2  conftest.c >&5
configure:6974: $? = 0
configure:6974: result: yes
configure:6974: checking for string.h
configure:6974: gcc -c -g -O2  conftest.c >&5
configure:6974: $? = 0
configure:6974: result: yes
configure:6974: checking for memory.h
configure:6974: gcc -c -g -O2  conftest.c >&5
configure:6974: $? = 0
configure:6974: result: yes
configure:6974: checking for strings.h
configure:6974: gcc -c -g -O2  conftest.c >&5
configure:6974: $? = 0
configure:6974: result: yes
configure:6974: checking for inttypes.h
configure:6974: gcc -c -g -O2  conftest.c >&5
configure:6974: $? = 0
configure:6974: result: yes
configure:6974: checking for stdint.h
configure:6974: gcc -c -g -O2  conftest.c >&5
configure:6974: $? = 0
configure:6974: result: yes
configure:6974: checking for unistd.h
configure:6974: gcc -c -g -O2  conftest.c >&5
configure:6974: $? = 0
configure:6974: result: yes
configure:6989: checking for dlfcn.h
configure:6989: gcc -c -g -O2  conftest.c >&5
configure:6989: $? = 0
configure:6989: result: yes
configure:7173: checking for objdir
configure:7188: result: .libs
configure:7480: checking if gcc supports -fno-rtti -fno-exceptions
configure:7498: gcc -c -g -O2  -fno-rtti -fno-exceptions conftest.c >&5
cc1: warning: command line option "-fno-rtti" is valid for C++/ObjC++ but not for C
configure:7502: $? = 0
configure:7515: result: no
configure:7535: checking for gcc option to produce PIC
configure:7807: result: -fPIC -DPIC
configure:7819: checking if gcc PIC flag -fPIC -DPIC works
configure:7837: gcc -c -g -O2  -fPIC -DPIC -DPIC conftest.c >&5
configure:7841: $? = 0
configure:7854: result: yes
configure:7878: checking if gcc static flag -static works
configure:7906: result: yes
configure:7921: checking if gcc supports -c -o file.o
configure:7942: gcc -c -g -O2  -o out/conftest2.o conftest.c >&5
configure:7946: $? = 0
configure:7968: result: yes
configure:7976: checking if gcc supports -c -o file.o
configure:8023: result: yes
configure:8056: checking whether the gcc linker (/usr/bin/ld) supports shared libraries
configure:9047: result: yes
configure:9084: checking whether -lc should be explicitly linked in
configure:9089: gcc -c -g -O2  conftest.c >&5
configure:9092: $? = 0
configure:9107: gcc -shared conftest.o  -v -Wl,-soname -Wl,conftest -o conftest 2\>\&1 \| /bin/grep  -lc  \>/dev/null 2\>\&1
configure:9110: $? = 0
configure:9122: result: no
configure:9286: checking dynamic linker characteristics
configure:9719: gcc -o conftest -g -O2   -Wl,-rpath -Wl,/foo conftest.c  >&5
configure:9719: $? = 0
configure:9949: result: GNU/Linux ld.so
configure:10051: checking how to hardcode library paths into programs
configure:10076: result: immediate
configure:10596: checking whether stripping libraries is possible
configure:10601: result: yes
configure:10636: checking if libtool supports shared libraries
configure:10638: result: yes
configure:10641: checking whether to build shared libraries
configure:10662: result: yes
configure:10665: checking whether to build static libraries
configure:10669: result: yes
configure:10763: checking for g++
configure:10779: found /usr/bin/g++
configure:10790: result: g++
configure:10817: checking for C++ compiler version
configure:10826: g++ --version >&5
g++ (Ubuntu 4.4.3-4ubuntu5) 4.4.3
Copyright (C) 2009 Free Software Foundation, Inc.
This is free software; see the source for copying conditions.  There is NO
warranty; not even for MERCHANTABILITY or FITNESS FOR A PARTICULAR PURPOSE.

configure:10837: $? = 0
configure:10826: g++ -v >&5
Using built-in specs.
Target: i486-linux-gnu
Configured with: ../src/configure -v --with-pkgversion='Ubuntu 4.4.3-4ubuntu5' --with-bugurl=file:///usr/share/doc/gcc-4.4/README.Bugs --enable-languages=c,c++,fortran,objc,obj-c++ --prefix=/usr --enable-shared --enable-multiarch --enable-linker-build-id --with-system-zlib --libexecdir=/usr/lib --without-included-gettext --enable-threads=posix --with-gxx-include-dir=/usr/include/c++/4.4 --program-suffix=-4.4 --enable-nls --enable-clocale=gnu --enable-libstdcxx-debug --enable-plugin --enable-objc-gc --enable-targets=all --disable-werror --with-arch-32=i486 --with-tune=generic --enable-checking=release --build=i486-linux-gnu --host=i486-linux-gnu --target=i486-linux-gnu
Thread model: posix
gcc version 4.4.3 (Ubuntu 4.4.3-4ubuntu5) 
configure:10837: $? = 0
configure:10826: g++ -V >&5
g++: '-V' option must have argument
configure:10837: $? = 1
configure:10826: g++ -qversion >&5
g++: unrecognized option '-qversion'
g++: no input files
configure:10837: $? = 1
configure:10841: checking whether we are using the GNU C++ compiler
configure:10860: g++ -c   conftest.cpp >&5
configure:10860: $? = 0
configure:10869: result: yes
configure:10878: checking whether g++ accepts -g
configure:10898: g++ -c -g  conftest.cpp >&5
configure:10898: $? = 0
configure:10939: result: yes
configure:10964: checking dependency style of g++
configure:11074: result: gcc3
configure:11202: checking for C++ compiler version
configure:11211: g++ --version >&5
g++ (Ubuntu 4.4.3-4ubuntu5) 4.4.3
Copyright (C) 2009 Free Software Foundation, Inc.
This is free software; see the source for copying conditions.  There is NO
warranty; not even for MERCHANTABILITY or FITNESS FOR A PARTICULAR PURPOSE.

configure:11222: $? = 0
configure:11211: g++ -v >&5
Using built-in specs.
Target: i486-linux-gnu
Configured with: ../src/configure -v --with-pkgversion='Ubuntu 4.4.3-4ubuntu5' --with-bugurl=file:///usr/share/doc/gcc-4.4/README.Bugs --enable-languages=c,c++,fortran,objc,obj-c++ --prefix=/usr --enable-shared --enable-multiarch --enable-linker-build-id --with-system-zlib --libexecdir=/usr/lib --without-included-gettext --enable-threads=posix --with-gxx-include-dir=/usr/include/c++/4.4 --program-suffix=-4.4 --enable-nls --enable-clocale=gnu --enable-libstdcxx-debug --enable-plugin --enable-objc-gc --enable-targets=all --disable-werror --with-arch-32=i486 --with-tune=generic --enable-checking=release --build=i486-linux-gnu --host=i486-linux-gnu --target=i486-linux-gnu
Thread model: posix
gcc version 4.4.3 (Ubuntu 4.4.3-4ubuntu5) 
configure:11222: $? = 0
configure:11211: g++ -V >&5
g++: '-V' option must have argument
configure:11222: $? = 1
configure:11211: g++ -qversion >&5
g++: unrecognized option '-qversion'
g++: no input files
configure:11222: $? = 1
configure:11226: checking whether we are using the GNU C++ compiler
configure:11254: result: yes
configure:11263: checking whether g++ accepts -g
configure:11324: result: yes
configure:11349: checking dependency style of g++
configure:11459: result: gcc3
configure:11482: checking how to run the C++ preprocessor
configure:11509: g++ -E  conftest.cpp
configure:11509: $? = 0
configure:11523: g++ -E  conftest.cpp
conftest.cpp:23:28: error: ac_nonexistent.h: No such file or directory
configure:11523: $? = 1
configure: failed program was:
| /* confdefs.h */
| #define PACKAGE_NAME "ossie"
| #define PACKAGE_TARNAME "ossie"
| #define PACKAGE_VERSION "0.6.2"
| #define PACKAGE_STRING "ossie 0.6.2"
| #define PACKAGE_BUGREPORT ""
| #define PACKAGE_URL ""
| #define PACKAGE "ossie"
| #define VERSION "0.6.2"
| #define STDC_HEADERS 1
| #define HAVE_SYS_TYPES_H 1
| #define HAVE_SYS_STAT_H 1
| #define HAVE_STDLIB_H 1
| #define HAVE_STRING_H 1
| #define HAVE_MEMORY_H 1
| #define HAVE_STRINGS_H 1
| #define HAVE_INTTYPES_H 1
| #define HAVE_STDINT_H 1
| #define HAVE_UNISTD_H 1
| #define HAVE_DLFCN_H 1
| #define LT_OBJDIR ".libs/"
| /* end confdefs.h.  */
| #include <ac_nonexistent.h>
configure:11548: result: g++ -E
configure:11568: g++ -E  conftest.cpp
configure:11568: $? = 0
configure:11582: g++ -E  conftest.cpp
conftest.cpp:23:28: error: ac_nonexistent.h: No such file or directory
configure:11582: $? = 1
configure: failed program was:
| /* confdefs.h */
| #define PACKAGE_NAME "ossie"
| #define PACKAGE_TARNAME "ossie"
| #define PACKAGE_VERSION "0.6.2"
| #define PACKAGE_STRING "ossie 0.6.2"
| #define PACKAGE_BUGREPORT ""
| #define PACKAGE_URL ""
| #define PACKAGE "ossie"
| #define VERSION "0.6.2"
| #define STDC_HEADERS 1
| #define HAVE_SYS_TYPES_H 1
| #define HAVE_SYS_STAT_H 1
| #define HAVE_STDLIB_H 1
| #define HAVE_STRING_H 1
| #define HAVE_MEMORY_H 1
| #define HAVE_STRINGS_H 1
| #define HAVE_INTTYPES_H 1
| #define HAVE_STDINT_H 1
| #define HAVE_UNISTD_H 1
| #define HAVE_DLFCN_H 1
| #define LT_OBJDIR ".libs/"
| /* end confdefs.h.  */
| #include <ac_nonexistent.h>
configure:11750: checking for ld used by g++
configure:11817: result: /usr/bin/ld
configure:11824: checking if the linker (/usr/bin/ld) is GNU ld
configure:11839: result: yes
configure:11894: checking whether the g++ linker (/usr/bin/ld) supports shared libraries
configure:12807: result: yes
configure:12835: g++ -c -g -O2  conftest.cpp >&5
configure:12838: $? = 0
configure:13020: checking for g++ option to produce PIC
configure:13337: result: -fPIC -DPIC
configure:13346: checking if g++ PIC flag -fPIC -DPIC works
configure:13364: g++ -c -g -O2  -fPIC -DPIC -DPIC conftest.cpp >&5
configure:13368: $? = 0
configure:13381: result: yes
configure:13402: checking if g++ static flag -static works
configure:13430: result: yes
configure:13442: checking if g++ supports -c -o file.o
configure:13463: g++ -c -g -O2  -o out/conftest2.o conftest.cpp >&5
configure:13467: $? = 0
configure:13489: result: yes
configure:13494: checking if g++ supports -c -o file.o
configure:13541: result: yes
configure:13571: checking whether the g++ linker (/usr/bin/ld) supports shared libraries
configure:13600: result: yes
configure:13737: checking dynamic linker characteristics
configure:14118: g++ -o conftest -g -O2   -Wl,-rpath -Wl,/foo conftest.cpp  >&5
configure:14118: $? = 0
configure:14348: result: GNU/Linux ld.so
configure:14399: checking how to hardcode library paths into programs
configure:14424: result: immediate
configure:14464: checking whether make sets $(MAKE)
configure:14486: result: yes
configure:14496: checking for sys/wait.h that is POSIX.1 compatible
configure:14522: gcc -c -g -O2  conftest.c >&5
configure:14522: $? = 0
configure:14529: result: yes
configure:14544: checking for main in -lomniORB4
configure:14563: g++ -o conftest -g -O2   conftest.cpp -lomniORB4   >&5
configure:14563: $? = 0
configure:14572: result: yes
configure:14585: checking for main in -lomnithread
configure:14604: g++ -o conftest -g -O2   conftest.cpp -lomnithread  -lomniORB4  >&5
configure:14604: $? = 0
configure:14613: result: yes
configure:14629: checking omniORB4/CORBA.h usability
configure:14629: g++ -c -g -O2  conftest.cpp >&5
configure:14629: $? = 0
configure:14629: result: yes
configure:14629: checking omniORB4/CORBA.h presence
configure:14629: g++ -E  conftest.cpp
configure:14629: $? = 0
configure:14629: result: yes
configure:14629: checking for omniORB4/CORBA.h
configure:14629: result: yes
configure:14643: checking for omniidl
configure:14659: found /usr/bin/omniidl
configure:14671: result: omniidl
configure:14684: checking gr_libdir_suffix
configure:14715: result: 
configure:14719: checking whether to append 64 to libdir
configure:14727: result: no
configure:14780: checking for boost >= 1.35
configure:14842: g++ -c -g -O2  -I/usr/include conftest.cpp >&5
configure:14842: $? = 0
configure:14843: result: yes
configure:14993: checking whether the Boost::Filesystem library is available
configure:15017: g++ -c -g -O2  -I/usr/include conftest.cpp >&5
configure:15017: $? = 0
configure:15031: result: yes
configure:15042: checking for exit in -lboost_filesystem-mt
configure:15067: g++ -o conftest -g -O2  -I/usr/include  -L/usr/lib conftest.cpp -lboost_filesystem-mt  -lomnithread -lomniORB4   >&5
configure:15067: $? = 0
configure:15077: result: yes
configure:15234: checking for a Python interpreter with version >= 2.5
configure:15251: python -c import sys # split strings by '.' and convert to numeric. Append some zeros # because we need at least 4 digits for the hex conversion. # map returns an iterator in Python 3.0 and a list in 2.x minver = list(map(int, '2.5'.split('.'))) + [0, 0, 0] minverhex = 0 # xrange is not present in Python 3.0 and range returns an iterator for i in list(range(0, 4)): minverhex = (minverhex << 8) + minver[i] sys.exit(sys.hexversion < minverhex)
configure:15254: $? = 0
configure:15260: result: python
configure:15268: checking for python
configure:15286: found /usr/bin/python
configure:15298: result: /usr/bin/python
configure:15316: checking for python version
configure:15323: result: 2.6
configure:15335: checking for python platform
configure:15342: result: linux2
configure:15349: checking for python script directory
configure:15378: result: ${prefix}/lib/python2.6/site-packages
configure:15387: checking for python extension module directory
configure:15416: result: ${exec_prefix}/lib/python2.6/site-packages
configure:15437: checking for sys/wait.h that is POSIX.1 compatible
configure:15470: result: yes
configure:15480: checking time.h usability
configure:15480: gcc -c -g -O2 -I/usr/include  -I/usr/include conftest.c >&5
configure:15480: $? = 0
configure:15480: result: yes
configure:15480: checking time.h presence
configure:15480: gcc -E  -I/usr/include conftest.c
configure:15480: $? = 0
configure:15480: result: yes
configure:15480: checking for time.h
configure:15480: result: yes
configure:15493: checking for dirent.h that defines DIR
configure:15512: gcc -c -g -O2 -I/usr/include  -I/usr/include conftest.c >&5
configure:15512: $? = 0
configure:15520: result: yes
configure:15534: checking for library containing opendir
configure:15565: gcc -o conftest -g -O2 -I/usr/include  -I/usr/include  conftest.c -lomnithread -lomniORB4  >&5
configure:15565: $? = 0
configure:15582: result: none required
configure:15650: checking for pid_t
configure:15650: gcc -c -g -O2 -I/usr/include  -I/usr/include conftest.c >&5
configure:15650: $? = 0
configure:15650: gcc -c -g -O2 -I/usr/include  -I/usr/include conftest.c >&5
conftest.c: In function 'main':
conftest.c:68: error: expected expression before ')' token
configure:15650: $? = 1
configure: failed program was:
| /* confdefs.h */
| #define PACKAGE_NAME "ossie"
| #define PACKAGE_TARNAME "ossie"
| #define PACKAGE_VERSION "0.6.2"
| #define PACKAGE_STRING "ossie 0.6.2"
| #define PACKAGE_BUGREPORT ""
| #define PACKAGE_URL ""
| #define PACKAGE "ossie"
| #define VERSION "0.6.2"
| #define STDC_HEADERS 1
| #define HAVE_SYS_TYPES_H 1
| #define HAVE_SYS_STAT_H 1
| #define HAVE_STDLIB_H 1
| #define HAVE_STRING_H 1
| #define HAVE_MEMORY_H 1
| #define HAVE_STRINGS_H 1
| #define HAVE_INTTYPES_H 1
| #define HAVE_STDINT_H 1
| #define HAVE_UNISTD_H 1
| #define HAVE_DLFCN_H 1
| #define LT_OBJDIR ".libs/"
| #define HAVE_SYS_WAIT_H 1
| #define HAVE_LIBOMNIORB4 1
| #define HAVE_LIBOMNITHREAD 1
| #define HAVE_OMNIORB4_CORBA_H 1
| #define HAVE_BOOST 1
| #define HAVE_BOOST_FILESYSTEM /**/
| #define HAVE_SYS_WAIT_H 1
| #define HAVE_TIME_H 1
| #define HAVE_DIRENT_H 1
| /* end confdefs.h.  */
| #include <stdio.h>
| #ifdef HAVE_SYS_TYPES_H
| # include <sys/types.h>
| #endif
| #ifdef HAVE_SYS_STAT_H
| # include <sys/stat.h>
| #endif
| #ifdef STDC_HEADERS
| # include <stdlib.h>
| # include <stddef.h>
| #else
| # ifdef HAVE_STDLIB_H
| #  include <stdlib.h>
| # endif
| #endif
| #ifdef HAVE_STRING_H
| # if !defined STDC_HEADERS && defined HAVE_MEMORY_H
| #  include <memory.h>
| # endif
| # include <string.h>
| #endif
| #ifdef HAVE_STRINGS_H
| # include <strings.h>
| #endif
| #ifdef HAVE_INTTYPES_H
| # include <inttypes.h>
| #endif
| #ifdef HAVE_STDINT_H
| # include <stdint.h>
| #endif
| #ifdef HAVE_UNISTD_H
| # include <unistd.h>
| #endif
| int
| main ()
| {
| if (sizeof ((pid_t)))
| 	    return 0;
|   ;
|   return 0;
| }
configure:15650: result: yes
configure:15663: checking vfork.h usability
configure:15663: gcc -c -g -O2 -I/usr/include  -I/usr/include conftest.c >&5
conftest.c:65:19: error: vfork.h: No such file or directory
configure:15663: $? = 1
configure: failed program was:
| /* confdefs.h */
| #define PACKAGE_NAME "ossie"
| #define PACKAGE_TARNAME "ossie"
| #define PACKAGE_VERSION "0.6.2"
| #define PACKAGE_STRING "ossie 0.6.2"
| #define PACKAGE_BUGREPORT ""
| #define PACKAGE_URL ""
| #define PACKAGE "ossie"
| #define VERSION "0.6.2"
| #define STDC_HEADERS 1
| #define HAVE_SYS_TYPES_H 1
| #define HAVE_SYS_STAT_H 1
| #define HAVE_STDLIB_H 1
| #define HAVE_STRING_H 1
| #define HAVE_MEMORY_H 1
| #define HAVE_STRINGS_H 1
| #define HAVE_INTTYPES_H 1
| #define HAVE_STDINT_H 1
| #define HAVE_UNISTD_H 1
| #define HAVE_DLFCN_H 1
| #define LT_OBJDIR ".libs/"
| #define HAVE_SYS_WAIT_H 1
| #define HAVE_LIBOMNIORB4 1
| #define HAVE_LIBOMNITHREAD 1
| #define HAVE_OMNIORB4_CORBA_H 1
| #define HAVE_BOOST 1
| #define HAVE_BOOST_FILESYSTEM /**/
| #define HAVE_SYS_WAIT_H 1
| #define HAVE_TIME_H 1
| #define HAVE_DIRENT_H 1
| /* end confdefs.h.  */
| #include <stdio.h>
| #ifdef HAVE_SYS_TYPES_H
| # include <sys/types.h>
| #endif
| #ifdef HAVE_SYS_STAT_H
| # include <sys/stat.h>
| #endif
| #ifdef STDC_HEADERS
| # include <stdlib.h>
| # include <stddef.h>
| #else
| # ifdef HAVE_STDLIB_H
| #  include <stdlib.h>
| # endif
| #endif
| #ifdef HAVE_STRING_H
| # if !defined STDC_HEADERS && defined HAVE_MEMORY_H
| #  include <memory.h>
| # endif
| # include <string.h>
| #endif
| #ifdef HAVE_STRINGS_H
| # include <strings.h>
| #endif
| #ifdef HAVE_INTTYPES_H
| # include <inttypes.h>
| #endif
| #ifdef HAVE_STDINT_H
| # include <stdint.h>
| #endif
| #ifdef HAVE_UNISTD_H
| # include <unistd.h>
| #endif
| #include <vfork.h>
configure:15663: result: no
configure:15663: checking vfork.h presence
configure:15663: gcc -E  -I/usr/include conftest.c
conftest.c:32:19: error: vfork.h: No such file or directory
configure:15663: $? = 1
configure: failed program was:
| /* confdefs.h */
| #define PACKAGE_NAME "ossie"
| #define PACKAGE_TARNAME "ossie"
| #define PACKAGE_VERSION "0.6.2"
| #define PACKAGE_STRING "ossie 0.6.2"
| #define PACKAGE_BUGREPORT ""
| #define PACKAGE_URL ""
| #define PACKAGE "ossie"
| #define VERSION "0.6.2"
| #define STDC_HEADERS 1
| #define HAVE_SYS_TYPES_H 1
| #define HAVE_SYS_STAT_H 1
| #define HAVE_STDLIB_H 1
| #define HAVE_STRING_H 1
| #define HAVE_MEMORY_H 1
| #define HAVE_STRINGS_H 1
| #define HAVE_INTTYPES_H 1
| #define HAVE_STDINT_H 1
| #define HAVE_UNISTD_H 1
| #define HAVE_DLFCN_H 1
| #define LT_OBJDIR ".libs/"
| #define HAVE_SYS_WAIT_H 1
| #define HAVE_LIBOMNIORB4 1
| #define HAVE_LIBOMNITHREAD 1
| #define HAVE_OMNIORB4_CORBA_H 1
| #define HAVE_BOOST 1
| #define HAVE_BOOST_FILESYSTEM /**/
| #define HAVE_SYS_WAIT_H 1
| #define HAVE_TIME_H 1
| #define HAVE_DIRENT_H 1
| /* end confdefs.h.  */
| #include <vfork.h>
configure:15663: result: no
configure:15663: checking for vfork.h
configure:15663: result: no
configure:15676: checking for fork
configure:15676: gcc -o conftest -g -O2 -I/usr/include  -I/usr/include  conftest.c -lomnithread -lomniORB4  >&5
conftest.c:55: warning: conflicting types for built-in function 'fork'
configure:15676: $? = 0
configure:15676: result: yes
configure:15676: checking for vfork
configure:15676: gcc -o conftest -g -O2 -I/usr/include  -I/usr/include  conftest.c -lomnithread -lomniORB4  >&5
configure:15676: $? = 0
configure:15676: result: yes
configure:15687: checking for working fork
configure:15709: gcc -o conftest -g -O2 -I/usr/include  -I/usr/include  conftest.c -lomnithread -lomniORB4  >&5
configure:15709: $? = 0
configure:15709: ./conftest
configure:15709: $? = 0
configure:15719: result: yes
configure:15740: checking for working vfork
configure:15850: result: yes
configure:16044: creating ./config.status

## ---------------- ##
## Cache variables. ##
## ---------------- ##

ac_cv_build=i686-pc-linux-gnu
ac_cv_c_compiler_gnu=yes
ac_cv_cxx_compiler_gnu=yes
ac_cv_env_CCC_set=
ac_cv_env_CCC_value=
ac_cv_env_CC_set=
ac_cv_env_CC_value=
ac_cv_env_CFLAGS_set=
ac_cv_env_CFLAGS_value=
ac_cv_env_CPPFLAGS_set=
ac_cv_env_CPPFLAGS_value=
ac_cv_env_CPP_set=
ac_cv_env_CPP_value=
ac_cv_env_CXXCPP_set=
ac_cv_env_CXXCPP_value=
ac_cv_env_CXXFLAGS_set=
ac_cv_env_CXXFLAGS_value=
ac_cv_env_CXX_set=
ac_cv_env_CXX_value=
ac_cv_env_LDFLAGS_set=
ac_cv_env_LDFLAGS_value=
ac_cv_env_LIBS_set=
ac_cv_env_LIBS_value=
ac_cv_env_build_alias_set=
ac_cv_env_build_alias_value=
ac_cv_env_host_alias_set=
ac_cv_env_host_alias_value=
ac_cv_env_target_alias_set=
ac_cv_env_target_alias_value=
ac_cv_func_fork=yes
ac_cv_func_fork_works=yes
ac_cv_func_vfork=yes
ac_cv_func_vfork_works=yes
ac_cv_header_dirent_dirent_h=yes
ac_cv_header_dlfcn_h=yes
ac_cv_header_inttypes_h=yes
ac_cv_header_memory_h=yes
ac_cv_header_omniORB4_CORBA_h=yes
ac_cv_header_stdc=yes
ac_cv_header_stdint_h=yes
ac_cv_header_stdlib_h=yes
ac_cv_header_string_h=yes
ac_cv_header_strings_h=yes
ac_cv_header_sys_stat_h=yes
ac_cv_header_sys_types_h=yes
ac_cv_header_sys_wait_h=yes
ac_cv_header_time_h=yes
ac_cv_header_unistd_h=yes
ac_cv_header_vfork_h=no
ac_cv_host=i686-pc-linux-gnu
ac_cv_lib_boost_filesystem_mt___exit=yes
ac_cv_lib_omniORB4_main=yes
ac_cv_lib_omnithread_main=yes
ac_cv_objext=o
ac_cv_path_EGREP='/bin/grep -E'
ac_cv_path_FGREP='/bin/grep -F'
ac_cv_path_GREP=/bin/grep
ac_cv_path_PYTHON=/usr/bin/python
ac_cv_path_SED=/bin/sed
ac_cv_path_install='/usr/bin/install -c'
ac_cv_path_mkdir=/bin/mkdir
ac_cv_prog_AWK=gawk
ac_cv_prog_CPP='gcc -E'
ac_cv_prog_CXXCPP='g++ -E'
ac_cv_prog_IDL=omniidl
ac_cv_prog_ac_ct_AR=ar
ac_cv_prog_ac_ct_CC=gcc
ac_cv_prog_ac_ct_CXX=g++
ac_cv_prog_ac_ct_OBJDUMP=objdump
ac_cv_prog_ac_ct_RANLIB=ranlib
ac_cv_prog_ac_ct_STRIP=strip
ac_cv_prog_cc_c89=
ac_cv_prog_cc_g=yes
ac_cv_prog_cxx_g=yes
ac_cv_prog_make_make_set=yes
ac_cv_search_opendir='none required'
ac_cv_type_pid_t=yes
am_cv_CC_dependencies_compiler_type=gcc3
am_cv_CXX_dependencies_compiler_type=gcc3
am_cv_pathless_PYTHON=python
am_cv_python_platform=linux2
am_cv_python_pyexecdir='${exec_prefix}/lib/python2.6/site-packages'
am_cv_python_pythondir='${prefix}/lib/python2.6/site-packages'
am_cv_python_version=2.6
ax_cv_boost_filesystem=yes
lt_cv_deplibs_check_method=pass_all
lt_cv_file_magic_cmd='$MAGIC_CMD'
lt_cv_file_magic_test_file=
lt_cv_ld_reload_flag=-r
lt_cv_nm_interface='BSD nm'
lt_cv_objdir=.libs
lt_cv_path_LD=/usr/bin/ld
lt_cv_path_LDCXX=/usr/bin/ld
lt_cv_path_NM='/usr/bin/nm -B'
lt_cv_prog_compiler_c_o=yes
lt_cv_prog_compiler_c_o_CXX=yes
lt_cv_prog_compiler_pic_works=yes
lt_cv_prog_compiler_pic_works_CXX=yes
lt_cv_prog_compiler_rtti_exceptions=no
lt_cv_prog_compiler_static_works=yes
lt_cv_prog_compiler_static_works_CXX=yes
lt_cv_prog_gnu_ld=yes
lt_cv_prog_gnu_ldcxx=yes
lt_cv_sys_global_symbol_pipe='sed -n -e '\''s/^.*[	 ]\([ABCDGIRSTW][ABCDGIRSTW]*\)[	 ][	 ]*\([_A-Za-z][_A-Za-z0-9]*\)$/\1 \2 \2/p'\'''
lt_cv_sys_global_symbol_to_c_name_address='sed -n -e '\''s/^: \([^ ]*\) $/  {\"\1\", (void *) 0},/p'\'' -e '\''s/^[ABCDGIRSTW]* \([^ ]*\) \([^ ]*\)$/  {"\2", (void *) \&\2},/p'\'''
lt_cv_sys_global_symbol_to_c_name_address_lib_prefix='sed -n -e '\''s/^: \([^ ]*\) $/  {\"\1\", (void *) 0},/p'\'' -e '\''s/^[ABCDGIRSTW]* \([^ ]*\) \(lib[^ ]*\)$/  {"\2", (void *) \&\2},/p'\'' -e '\''s/^[ABCDGIRSTW]* \([^ ]*\) \([^ ]*\)$/  {"lib\2", (void *) \&\2},/p'\'''
lt_cv_sys_global_symbol_to_cdecl='sed -n -e '\''s/^T .* \(.*\)$/extern int \1();/p'\'' -e '\''s/^[ABCDGIRSTW]* .* \(.*\)$/extern char \1;/p'\'''
lt_cv_sys_max_cmd_len=805306365

## ----------------- ##
## Output variables. ##
## ----------------- ##

ACLOCAL='${SHELL} /home/june/workspace/ossie-june/missing --run aclocal-1.11'
AMDEPBACKSLASH='\'
AMDEP_FALSE='#'
AMDEP_TRUE=''
AMTAR='${SHELL} /home/june/workspace/ossie-june/missing --run tar'
AR='ar'
AUTOCONF='${SHELL} /home/june/workspace/ossie-june/missing --run autoconf'
AUTOHEADER='${SHELL} /home/june/workspace/ossie-june/missing --run autoheader'
AUTOMAKE='${SHELL} /home/june/workspace/ossie-june/missing --run automake-1.11'
AWK='gawk'
BOOST_CPPFLAGS='-I/usr/include'
BOOST_FILESYSTEM_LIB='-lboost_filesystem-mt'
BOOST_LDFLAGS='-L/usr/lib'
CC='gcc'
CCDEPMODE='depmode=gcc3'
CFLAGS='-g -O2 -I/usr/include'
CPP='gcc -E'
CPPFLAGS=' -I/usr/include'
CXX='g++'
CXXCPP='g++ -E'
CXXDEPMODE='depmode=gcc3'
CXXFLAGS='-g -O2'
CYGPATH_W='echo'
DEFS='-DPACKAGE_NAME=\"ossie\" -DPACKAGE_TARNAME=\"ossie\" -DPACKAGE_VERSION=\"0.6.2\" -DPACKAGE_STRING=\"ossie\ 0.6.2\" -DPACKAGE_BUGREPORT=\"\" -DPACKAGE_URL=\"\" -DPACKAGE=\"ossie\" -DVERSION=\"0.6.2\" -DSTDC_HEADERS=1 -DHAVE_SYS_TYPES_H=1 -DHAVE_SYS_STAT_H=1 -DHAVE_STDLIB_H=1 -DHAVE_STRING_H=1 -DHAVE_MEMORY_H=1 -DHAVE_STRINGS_H=1 -DHAVE_INTTYPES_H=1 -DHAVE_STDINT_H=1 -DHAVE_UNISTD_H=1 -DHAVE_DLFCN_H=1 -DLT_OBJDIR=\".libs/\" -DHAVE_SYS_WAIT_H=1 -DHAVE_LIBOMNIORB4=1 -DHAVE_LIBOMNITHREAD=1 -DHAVE_OMNIORB4_CORBA_H=1 -DHAVE_BOOST=1 -DHAVE_BOOST_FILESYSTEM=/\*\*/ -DHAVE_SYS_WAIT_H=1 -DHAVE_TIME_H=1 -DHAVE_DIRENT_H=1 -DHAVE_FORK=1 -DHAVE_VFORK=1 -DHAVE_WORKING_VFORK=1 -DHAVE_WORKING_FORK=1'
DEPDIR='.deps'
DSYMUTIL=''
DUMPBIN=''
ECHO_C=''
ECHO_N='-n'
ECHO_T=''
EGREP='/bin/grep -E'
EXEEXT=''
FGREP='/bin/grep -F'
GREP='/bin/grep'
IDL='omniidl'
INSTALL_DATA='${INSTALL} -m 644'
INSTALL_PROGRAM='${INSTALL}'
INSTALL_SCRIPT='${INSTALL}'
INSTALL_STRIP_PROGRAM='$(install_sh) -c -s'
LD='/usr/bin/ld'
LDFLAGS=''
LIBOBJS=''
LIBS='-lomnithread -lomniORB4 '
LIBTOOL='$(SHELL) $(top_builddir)/libtool'
LIPO=''
LN_S='ln -s'
LTLIBOBJS=''
MAKEINFO='${SHELL} /home/june/workspace/ossie-june/missing --run makeinfo'
MKDIR_P='/bin/mkdir -p'
NM='/usr/bin/nm -B'
NMEDIT=''
OBJDUMP='objdump'
OBJEXT='o'
OTOOL64=''
OTOOL=''
PACKAGE='ossie'
PACKAGE_BUGREPORT=''
PACKAGE_NAME='ossie'
PACKAGE_STRING='ossie 0.6.2'
PACKAGE_TARNAME='ossie'
PACKAGE_URL=''
PACKAGE_VERSION='0.6.2'
PATH_SEPARATOR=':'
PYTHON='/usr/bin/python'
PYTHON_EXEC_PREFIX='${exec_prefix}'
PYTHON_PLATFORM='linux2'
PYTHON_PREFIX='${prefix}'
PYTHON_VERSION='2.6'
RANLIB='ranlib'
SED='/bin/sed'
SET_MAKE=''
SHELL='/bin/bash'
STRIP='strip'
VERSION='0.6.2'
ac_ct_CC='gcc'
ac_ct_CXX='g++'
ac_ct_DUMPBIN=''
am__EXEEXT_FALSE=''
am__EXEEXT_TRUE='#'
am__fastdepCC_FALSE='#'
am__fastdepCC_TRUE=''
am__fastdepCXX_FALSE='#'
am__fastdepCXX_TRUE=''
am__include='include'
am__isrc=''
am__leading_dot='.'
am__quote=''
am__tar='${AMTAR} chof - "$$tardir"'
am__untar='${AMTAR} xf -'
bindir='${exec_prefix}/bin'
build='i686-pc-linux-gnu'
build_alias=''
build_cpu='i686'
build_os='linux-gnu'
build_vendor='pc'
datadir='${datarootdir}'
datarootdir='${prefix}/share'
docdir='${datarootdir}/doc/${PACKAGE_TARNAME}'
dvidir='${docdir}'
exec_prefix='${prefix}'
gr_libdir_suffix=''
host='i686-pc-linux-gnu'
host_alias=''
host_cpu='i686'
host_os='linux-gnu'
host_vendor='pc'
htmldir='${docdir}'
includedir='/usr/local/include'
infodir='${datarootdir}/info'
install_sh='${SHELL} /home/june/workspace/ossie-june/install-sh'
libdir='/usr/local/lib'
libexecdir='${exec_prefix}/libexec'
localedir='${datarootdir}/locale'
localstatedir='${prefix}/var'
lt_ECHO='echo'
mandir='${datarootdir}/man'
mkdir_p='/bin/mkdir -p'
oldincludedir='/usr/include'
pdfdir='${docdir}'
pkgpyexecdir='${pyexecdir}/ossie'
pkgpythondir='${pythondir}/ossie'
prefix='/sdr'
program_transform_name='s,x,x,'
psdir='${docdir}'
pyexecdir='${exec_prefix}/lib/python2.6/site-packages'
pythondir='${prefix}/lib/python2.6/site-packages'
sbindir='${exec_prefix}/sbin'
sharedstatedir='${prefix}/com'
sysconfdir='${prefix}/etc'
target_alias=''

## ----------- ##
## confdefs.h. ##
## ----------- ##

/* confdefs.h */
#define PACKAGE_NAME "ossie"
#define PACKAGE_TARNAME "ossie"
#define PACKAGE_VERSION "0.6.2"
#define PACKAGE_STRING "ossie 0.6.2"
#define PACKAGE_BUGREPORT ""
#define PACKAGE_URL ""
#define PACKAGE "ossie"
#define VERSION "0.6.2"
#define STDC_HEADERS 1
#define HAVE_SYS_TYPES_H 1
#define HAVE_SYS_STAT_H 1
#define HAVE_STDLIB_H 1
#define HAVE_STRING_H 1
#define HAVE_MEMORY_H 1
#define HAVE_STRINGS_H 1
#define HAVE_INTTYPES_H 1
#define HAVE_STDINT_H 1
#define HAVE_UNISTD_H 1
#define HAVE_DLFCN_H 1
#define LT_OBJDIR ".libs/"
#define HAVE_SYS_WAIT_H 1
#define HAVE_LIBOMNIORB4 1
#define HAVE_LIBOMNITHREAD 1
#define HAVE_OMNIORB4_CORBA_H 1
#define HAVE_BOOST 1
#define HAVE_BOOST_FILESYSTEM /**/
#define HAVE_SYS_WAIT_H 1
#define HAVE_TIME_H 1
#define HAVE_DIRENT_H 1
#define HAVE_FORK 1
#define HAVE_VFORK 1
#define HAVE_WORKING_VFORK 1
#define HAVE_WORKING_FORK 1

configure: exit 0

## ---------------------- ##
## Running config.status. ##
## ---------------------- ##

This file was extended by ossie config.status 0.6.2, which was
generated by GNU Autoconf 2.65.  Invocation command line was

  CONFIG_FILES    = 
  CONFIG_HEADERS  = 
  CONFIG_LINKS    = 
  CONFIG_COMMANDS = 
  $ ./config.status 

on june-laptop

config.status:1070: creating Makefile
config.status:1070: creating ossie.pc
config.status:1070: creating idl/Makefile
config.status:1070: creating idl/cpp/Makefile
config.status:1070: creating idl/python/Makefile
config.status:1070: creating parser/Makefile
config.status:1070: creating framework/Makefile
config.status:1070: creating include/Makefile
config.status:1070: creating include/ossie/Makefile
config.status:1233: executing depfiles commands
config.status:1233: executing libtool commands
