This file contains any messages produced by compilers while
running configure, to aid debugging if configure makes a mistake.

It was created by OSSIETalk configure 0.7.0, which was
generated by GNU Autoconf 2.65.  Invocation command line was

  $ ./configure --no-create --no-recursion

## --------- ##
## Platform. ##
## --------- ##

hostname = ubuntu
uname -m = i686
uname -r = 2.6.32-37-generic
uname -s = Linux
uname -v = #81-Ubuntu SMP Fri Dec 2 20:35:14 UTC 2011

/usr/bin/uname -p = unknown
/bin/uname -X     = unknown

/bin/arch              = unknown
/usr/bin/arch -k       = unknown
/usr/convex/getsysinfo = unknown
/usr/bin/hostinfo      = unknown
/bin/machine           = unknown
/usr/bin/oslevel       = unknown
/bin/universe          = unknown

PATH: /usr/local/sbin
PATH: /usr/local/bin
PATH: /usr/sbin
PATH: /usr/bin
PATH: /sbin
PATH: /bin
PATH: /usr/games


## ----------- ##
## Core tests. ##
## ----------- ##

configure:1712: checking for a BSD-compatible install
configure:1780: result: /usr/bin/install -c
configure:1791: checking whether build environment is sane
configure:1841: result: yes
configure:1982: checking for a thread-safe mkdir -p
configure:2021: result: /bin/mkdir -p
configure:2034: checking for gawk
configure:2050: found /usr/bin/gawk
configure:2061: result: gawk
configure:2072: checking whether make sets $(MAKE)
configure:2094: result: yes
configure:2205: checking for a Python interpreter with version >= 2.5
configure:2222: python -c import sys # split strings by '.' and convert to numeric. Append some zeros # because we need at least 4 digits for the hex conversion. # map returns an iterator in Python 3.0 and a list in 2.x minver = list(map(int, '2.5'.split('.'))) + [0, 0, 0] minverhex = 0 # xrange is not present in Python 3.0 and range returns an iterator for i in list(range(0, 4)): minverhex = (minverhex << 8) + minver[i] sys.exit(sys.hexversion < minverhex)
configure:2225: $? = 0
configure:2231: result: python
configure:2239: checking for python
configure:2257: found /usr/bin/python
configure:2269: result: /usr/bin/python
configure:2287: checking for python version
configure:2294: result: 2.6
configure:2306: checking for python platform
configure:2313: result: linux2
configure:2320: checking for python script directory
configure:2349: result: ${prefix}/lib/python2.6/dist-packages
configure:2358: checking for python extension module directory
configure:2387: result: ${exec_prefix}/lib/python2.6/dist-packages
configure:2541: creating ./config.status

## ---------------- ##
## Cache variables. ##
## ---------------- ##

ac_cv_env_build_alias_set=
ac_cv_env_build_alias_value=
ac_cv_env_host_alias_set=
ac_cv_env_host_alias_value=
ac_cv_env_target_alias_set=
ac_cv_env_target_alias_value=
ac_cv_path_PYTHON=/usr/bin/python
ac_cv_path_install='/usr/bin/install -c'
ac_cv_path_mkdir=/bin/mkdir
ac_cv_prog_AWK=gawk
ac_cv_prog_make_make_set=yes
am_cv_pathless_PYTHON=python
am_cv_python_platform=linux2
am_cv_python_pyexecdir='${exec_prefix}/lib/python2.6/dist-packages'
am_cv_python_pythondir='${prefix}/lib/python2.6/dist-packages'
am_cv_python_version=2.6

## ----------------- ##
## Output variables. ##
## ----------------- ##

ACLOCAL='${SHELL} /home/june/Work/temp/ossie-june/missing --run aclocal-1.11'
AMTAR='${SHELL} /home/june/Work/temp/ossie-june/missing --run tar'
AUTOCONF='${SHELL} /home/june/Work/temp/ossie-june/missing --run autoconf'
AUTOHEADER='${SHELL} /home/june/Work/temp/ossie-june/missing --run autoheader'
AUTOMAKE='${SHELL} /home/june/Work/temp/ossie-june/missing --run automake-1.11'
AWK='gawk'
CYGPATH_W='echo'
DEFS='-DPACKAGE_NAME=\"OSSIETalk\" -DPACKAGE_TARNAME=\"ossietalk\" -DPACKAGE_VERSION=\"0.7.0\" -DPACKAGE_STRING=\"OSSIETalk\ 0.7.0\" -DPACKAGE_BUGREPORT=\"\" -DPACKAGE_URL=\"\" -DPACKAGE=\"ossietalk\" -DVERSION=\"0.7.0\"'
ECHO_C=''
ECHO_N='-n'
ECHO_T=''
INSTALL_DATA='${INSTALL} -m 644'
INSTALL_PROGRAM='${INSTALL}'
INSTALL_SCRIPT='${INSTALL}'
INSTALL_STRIP_PROGRAM='$(install_sh) -c -s'
LIBOBJS=''
LIBS=''
LTLIBOBJS=''
MAKEINFO='${SHELL} /home/june/Work/temp/ossie-june/missing --run makeinfo'
MKDIR_P='/bin/mkdir -p'
PACKAGE='ossietalk'
PACKAGE_BUGREPORT=''
PACKAGE_NAME='OSSIETalk'
PACKAGE_STRING='OSSIETalk 0.7.0'
PACKAGE_TARNAME='ossietalk'
PACKAGE_URL=''
PACKAGE_VERSION='0.7.0'
PATH_SEPARATOR=':'
PYTHON='/usr/bin/python'
PYTHON_EXEC_PREFIX='${exec_prefix}'
PYTHON_PLATFORM='linux2'
PYTHON_PREFIX='${prefix}'
PYTHON_VERSION='2.6'
SET_MAKE=''
SHELL='/bin/bash'
STRIP=''
VERSION='0.7.0'
am__isrc=''
am__leading_dot='.'
am__tar='${AMTAR} chof - "$$tardir"'
am__untar='${AMTAR} xf -'
bindir='${exec_prefix}/bin'
build_alias=''
datadir='${datarootdir}'
datarootdir='${prefix}/share'
docdir='${datarootdir}/doc/${PACKAGE_TARNAME}'
dvidir='${docdir}'
exec_prefix='${prefix}'
host_alias=''
htmldir='${docdir}'
includedir='${prefix}/include'
infodir='${datarootdir}/info'
install_sh='${SHELL} /home/june/Work/temp/ossie-june/install-sh'
libdir='${exec_prefix}/lib'
libexecdir='${exec_prefix}/libexec'
localedir='${datarootdir}/locale'
localstatedir='${prefix}/var'
mandir='${datarootdir}/man'
mkdir_p='/bin/mkdir -p'
oldincludedir='/usr/include'
pdfdir='${docdir}'
pkgpyexecdir='${pyexecdir}/ossietalk'
pkgpythondir='${pythondir}/ossietalk'
prefix='/usr/local'
program_transform_name='s,x,x,'
psdir='${docdir}'
pyexecdir='${exec_prefix}/lib/python2.6/dist-packages'
pythondir='${prefix}/lib/python2.6/dist-packages'
sbindir='${exec_prefix}/sbin'
sharedstatedir='${prefix}/com'
sysconfdir='${prefix}/etc'
target_alias=''

## ----------- ##
## confdefs.h. ##
## ----------- ##

/* confdefs.h */
#define PACKAGE_NAME "OSSIETalk"
#define PACKAGE_TARNAME "ossietalk"
#define PACKAGE_VERSION "0.7.0"
#define PACKAGE_STRING "OSSIETalk 0.7.0"
#define PACKAGE_BUGREPORT ""
#define PACKAGE_URL ""
#define PACKAGE "ossietalk"
#define VERSION "0.7.0"

configure: exit 0

## ---------------------- ##
## Running config.status. ##
## ---------------------- ##

This file was extended by OSSIETalk config.status 0.7.0, which was
generated by GNU Autoconf 2.65.  Invocation command line was

  CONFIG_FILES    = 
  CONFIG_HEADERS  = 
  CONFIG_LINKS    = 
  CONFIG_COMMANDS = 
  $ ./config.status 

on ubuntu

config.status:750: creating Makefile
