This file contains any messages produced by compilers while
running configure, to aid debugging if configure makes a mistake.

It was created by standardInterfaces configure 0.6.2, which was
generated by GNU Autoconf 2.65.  Invocation command line was

  $ ./configure --disable-option-checking --prefix=/sdr --libdir=/usr/local/lib/ --includedir=/usr/local/include/ --with-boost --with-boost-filesystem --cache-file=/dev/null --srcdir=. --no-create --no-recursion

## --------- ##
## Platform. ##
## --------- ##

hostname = ubuntu
uname -m = i686
uname -r = 2.6.32-37-generic
uname -s = Linux
uname -v = #81-Ubuntu SMP Fri Dec 2 20:35:14 UTC 2011

/usr/bin/uname -p = unknown
/bin/uname -X     = unknown

/bin/arch              = unknown
/usr/bin/arch -k       = unknown
/usr/convex/getsysinfo = unknown
/usr/bin/hostinfo      = unknown
/bin/machine           = unknown
/usr/bin/oslevel       = unknown
/bin/universe          = unknown

PATH: /usr/local/sbin
PATH: /usr/local/bin
PATH: /usr/sbin
PATH: /usr/bin
PATH: /sbin
PATH: /bin
PATH: /usr/games


## ----------- ##
## Core tests. ##
## ----------- ##

configure:2481: checking for a BSD-compatible install
configure:2549: result: /usr/bin/install -c
configure:2560: checking whether build environment is sane
configure:2610: result: yes
configure:2751: checking for a thread-safe mkdir -p
configure:2790: result: /bin/mkdir -p
configure:2803: checking for gawk
configure:2819: found /usr/bin/gawk
configure:2830: result: gawk
configure:2841: checking whether make sets $(MAKE)
configure:2863: result: yes
configure:3003: checking for g++
configure:3019: found /usr/bin/g++
configure:3030: result: g++
configure:3057: checking for C++ compiler version
configure:3066: g++ --version >&5
g++ (Ubuntu 4.4.3-4ubuntu5) 4.4.3
Copyright (C) 2009 Free Software Foundation, Inc.
This is free software; see the source for copying conditions.  There is NO
warranty; not even for MERCHANTABILITY or FITNESS FOR A PARTICULAR PURPOSE.

configure:3077: $? = 0
configure:3066: g++ -v >&5
Using built-in specs.
Target: i486-linux-gnu
Configured with: ../src/configure -v --with-pkgversion='Ubuntu 4.4.3-4ubuntu5' --with-bugurl=file:///usr/share/doc/gcc-4.4/README.Bugs --enable-languages=c,c++,fortran,objc,obj-c++ --prefix=/usr --enable-shared --enable-multiarch --enable-linker-build-id --with-system-zlib --libexecdir=/usr/lib --without-included-gettext --enable-threads=posix --with-gxx-include-dir=/usr/include/c++/4.4 --program-suffix=-4.4 --enable-nls --enable-clocale=gnu --enable-libstdcxx-debug --enable-plugin --enable-objc-gc --enable-targets=all --disable-werror --with-arch-32=i486 --with-tune=generic --enable-checking=release --build=i486-linux-gnu --host=i486-linux-gnu --target=i486-linux-gnu
Thread model: posix
gcc version 4.4.3 (Ubuntu 4.4.3-4ubuntu5) 
configure:3077: $? = 0
configure:3066: g++ -V >&5
g++: '-V' option must have argument
configure:3077: $? = 1
configure:3066: g++ -qversion >&5
g++: unrecognized option '-qversion'
g++: no input files
configure:3077: $? = 1
configure:3097: checking whether the C++ compiler works
configure:3119: g++    conftest.cpp  >&5
configure:3123: $? = 0
configure:3172: result: yes
configure:3175: checking for C++ compiler default output file name
configure:3177: result: a.out
configure:3183: checking for suffix of executables
configure:3190: g++ -o conftest    conftest.cpp  >&5
configure:3194: $? = 0
configure:3216: result: 
configure:3238: checking whether we are cross compiling
configure:3246: g++ -o conftest    conftest.cpp  >&5
configure:3250: $? = 0
configure:3257: ./conftest
configure:3261: $? = 0
configure:3276: result: no
configure:3281: checking for suffix of object files
configure:3303: g++ -c   conftest.cpp >&5
configure:3307: $? = 0
configure:3328: result: o
configure:3332: checking whether we are using the GNU C++ compiler
configure:3351: g++ -c   conftest.cpp >&5
configure:3351: $? = 0
configure:3360: result: yes
configure:3369: checking whether g++ accepts -g
configure:3389: g++ -c -g  conftest.cpp >&5
configure:3389: $? = 0
configure:3430: result: yes
configure:3464: checking for style of include used by make
configure:3492: result: GNU
configure:3517: checking dependency style of g++
configure:3627: result: gcc3
configure:3643: checking whether make sets $(MAKE)
configure:3665: result: yes
configure:3703: checking build system type
configure:3717: result: i686-pc-linux-gnu
configure:3737: checking host system type
configure:3750: result: i686-pc-linux-gnu
configure:3818: checking for gcc
configure:3834: found /usr/bin/gcc
configure:3845: result: gcc
configure:4074: checking for C compiler version
configure:4083: gcc --version >&5
gcc (Ubuntu 4.4.3-4ubuntu5) 4.4.3
Copyright (C) 2009 Free Software Foundation, Inc.
This is free software; see the source for copying conditions.  There is NO
warranty; not even for MERCHANTABILITY or FITNESS FOR A PARTICULAR PURPOSE.

configure:4094: $? = 0
configure:4083: gcc -v >&5
Using built-in specs.
Target: i486-linux-gnu
Configured with: ../src/configure -v --with-pkgversion='Ubuntu 4.4.3-4ubuntu5' --with-bugurl=file:///usr/share/doc/gcc-4.4/README.Bugs --enable-languages=c,c++,fortran,objc,obj-c++ --prefix=/usr --enable-shared --enable-multiarch --enable-linker-build-id --with-system-zlib --libexecdir=/usr/lib --without-included-gettext --enable-threads=posix --with-gxx-include-dir=/usr/include/c++/4.4 --program-suffix=-4.4 --enable-nls --enable-clocale=gnu --enable-libstdcxx-debug --enable-plugin --enable-objc-gc --enable-targets=all --disable-werror --with-arch-32=i486 --with-tune=generic --enable-checking=release --build=i486-linux-gnu --host=i486-linux-gnu --target=i486-linux-gnu
Thread model: posix
gcc version 4.4.3 (Ubuntu 4.4.3-4ubuntu5) 
configure:4094: $? = 0
configure:4083: gcc -V >&5
gcc: '-V' option must have argument
configure:4094: $? = 1
configure:4083: gcc -qversion >&5
gcc: unrecognized option '-qversion'
gcc: no input files
configure:4094: $? = 1
configure:4098: checking whether we are using the GNU C compiler
configure:4117: gcc -c   conftest.c >&5
configure:4117: $? = 0
configure:4126: result: yes
configure:4135: checking whether gcc accepts -g
configure:4155: gcc -c -g  conftest.c >&5
configure:4155: $? = 0
configure:4196: result: yes
configure:4213: checking for gcc option to accept ISO C89
configure:4277: gcc  -c -g -O2  conftest.c >&5
configure:4277: $? = 0
configure:4290: result: none needed
configure:4312: checking dependency style of gcc
configure:4422: result: gcc3
configure:4437: checking for a sed that does not truncate output
configure:4501: result: /bin/sed
configure:4519: checking for grep that handles long lines and -e
configure:4577: result: /bin/grep
configure:4582: checking for egrep
configure:4644: result: /bin/grep -E
configure:4649: checking for fgrep
configure:4711: result: /bin/grep -F
configure:4746: checking for ld used by gcc
configure:4813: result: /usr/bin/ld
configure:4820: checking if the linker (/usr/bin/ld) is GNU ld
configure:4835: result: yes
configure:4847: checking for BSD- or MS-compatible name lister (nm)
configure:4896: result: /usr/bin/nm -B
configure:5014: checking the name lister (/usr/bin/nm -B) interface
configure:5021: gcc -c -g -O2  conftest.c >&5
configure:5024: /usr/bin/nm -B "conftest.o"
configure:5027: output
00000000 B some_variable
configure:5034: result: BSD nm
configure:5037: checking whether ln -s works
configure:5041: result: yes
configure:5049: checking the maximum length of command line arguments
configure:5169: result: 805306365
configure:5186: checking whether the shell understands some XSI constructs
configure:5196: result: yes
configure:5200: checking whether the shell understands "+="
configure:5206: result: yes
configure:5241: checking for /usr/bin/ld option to reload object files
configure:5248: result: -r
configure:5317: checking for objdump
configure:5333: found /usr/bin/objdump
configure:5344: result: objdump
configure:5376: checking how to recognize dependent libraries
configure:5572: result: pass_all
configure:5632: checking for ar
configure:5648: found /usr/bin/ar
configure:5659: result: ar
configure:5737: checking for strip
configure:5753: found /usr/bin/strip
configure:5764: result: strip
configure:5836: checking for ranlib
configure:5852: found /usr/bin/ranlib
configure:5863: result: ranlib
configure:5953: checking command to parse /usr/bin/nm -B output from gcc object
configure:6071: gcc -c -g -O2  conftest.c >&5
configure:6074: $? = 0
configure:6078: /usr/bin/nm -B conftest.o \| sed -n -e 's/^.*[	 ]\([ABCDGIRSTW][ABCDGIRSTW]*\)[	 ][	 ]*\([_A-Za-z][_A-Za-z0-9]*\)$/\1 \2 \2/p' \> conftest.nm
configure:6081: $? = 0
configure:6135: gcc -o conftest -g -O2   conftest.c conftstm.o >&5
configure:6138: $? = 0
configure:6176: result: ok
configure:6985: checking how to run the C preprocessor
configure:7016: gcc -E  conftest.c
configure:7016: $? = 0
configure:7030: gcc -E  conftest.c
conftest.c:11:28: error: ac_nonexistent.h: No such file or directory
configure:7030: $? = 1
configure: failed program was:
| /* confdefs.h */
| #define PACKAGE_NAME "standardInterfaces"
| #define PACKAGE_TARNAME "standardinterfaces"
| #define PACKAGE_VERSION "0.6.2"
| #define PACKAGE_STRING "standardInterfaces 0.6.2"
| #define PACKAGE_BUGREPORT ""
| #define PACKAGE_URL ""
| #define PACKAGE "standardinterfaces"
| #define VERSION "0.6.2"
| /* end confdefs.h.  */
| #include <ac_nonexistent.h>
configure:7055: result: gcc -E
configure:7075: gcc -E  conftest.c
configure:7075: $? = 0
configure:7089: gcc -E  conftest.c
conftest.c:11:28: error: ac_nonexistent.h: No such file or directory
configure:7089: $? = 1
configure: failed program was:
| /* confdefs.h */
| #define PACKAGE_NAME "standardInterfaces"
| #define PACKAGE_TARNAME "standardinterfaces"
| #define PACKAGE_VERSION "0.6.2"
| #define PACKAGE_STRING "standardInterfaces 0.6.2"
| #define PACKAGE_BUGREPORT ""
| #define PACKAGE_URL ""
| #define PACKAGE "standardinterfaces"
| #define VERSION "0.6.2"
| /* end confdefs.h.  */
| #include <ac_nonexistent.h>
configure:7118: checking for ANSI C header files
configure:7138: gcc -c -g -O2  conftest.c >&5
configure:7138: $? = 0
configure:7211: gcc -o conftest -g -O2   conftest.c  >&5
configure:7211: $? = 0
configure:7211: ./conftest
configure:7211: $? = 0
configure:7222: result: yes
configure:7235: checking for sys/types.h
configure:7235: gcc -c -g -O2  conftest.c >&5
configure:7235: $? = 0
configure:7235: result: yes
configure:7235: checking for sys/stat.h
configure:7235: gcc -c -g -O2  conftest.c >&5
configure:7235: $? = 0
configure:7235: result: yes
configure:7235: checking for stdlib.h
configure:7235: gcc -c -g -O2  conftest.c >&5
configure:7235: $? = 0
configure:7235: result: yes
configure:7235: checking for string.h
configure:7235: gcc -c -g -O2  conftest.c >&5
configure:7235: $? = 0
configure:7235: result: yes
configure:7235: checking for memory.h
configure:7235: gcc -c -g -O2  conftest.c >&5
configure:7235: $? = 0
configure:7235: result: yes
configure:7235: checking for strings.h
configure:7235: gcc -c -g -O2  conftest.c >&5
configure:7235: $? = 0
configure:7235: result: yes
configure:7235: checking for inttypes.h
configure:7235: gcc -c -g -O2  conftest.c >&5
configure:7235: $? = 0
configure:7235: result: yes
configure:7235: checking for stdint.h
configure:7235: gcc -c -g -O2  conftest.c >&5
configure:7235: $? = 0
configure:7235: result: yes
configure:7235: checking for unistd.h
configure:7235: gcc -c -g -O2  conftest.c >&5
configure:7235: $? = 0
configure:7235: result: yes
configure:7250: checking for dlfcn.h
configure:7250: gcc -c -g -O2  conftest.c >&5
configure:7250: $? = 0
configure:7250: result: yes
configure:7375: checking for C++ compiler version
configure:7384: g++ --version >&5
g++ (Ubuntu 4.4.3-4ubuntu5) 4.4.3
Copyright (C) 2009 Free Software Foundation, Inc.
This is free software; see the source for copying conditions.  There is NO
warranty; not even for MERCHANTABILITY or FITNESS FOR A PARTICULAR PURPOSE.

configure:7395: $? = 0
configure:7384: g++ -v >&5
Using built-in specs.
Target: i486-linux-gnu
Configured with: ../src/configure -v --with-pkgversion='Ubuntu 4.4.3-4ubuntu5' --with-bugurl=file:///usr/share/doc/gcc-4.4/README.Bugs --enable-languages=c,c++,fortran,objc,obj-c++ --prefix=/usr --enable-shared --enable-multiarch --enable-linker-build-id --with-system-zlib --libexecdir=/usr/lib --without-included-gettext --enable-threads=posix --with-gxx-include-dir=/usr/include/c++/4.4 --program-suffix=-4.4 --enable-nls --enable-clocale=gnu --enable-libstdcxx-debug --enable-plugin --enable-objc-gc --enable-targets=all --disable-werror --with-arch-32=i486 --with-tune=generic --enable-checking=release --build=i486-linux-gnu --host=i486-linux-gnu --target=i486-linux-gnu
Thread model: posix
gcc version 4.4.3 (Ubuntu 4.4.3-4ubuntu5) 
configure:7395: $? = 0
configure:7384: g++ -V >&5
g++: '-V' option must have argument
configure:7395: $? = 1
configure:7384: g++ -qversion >&5
g++: unrecognized option '-qversion'
g++: no input files
configure:7395: $? = 1
configure:7399: checking whether we are using the GNU C++ compiler
configure:7427: result: yes
configure:7436: checking whether g++ accepts -g
configure:7497: result: yes
configure:7522: checking dependency style of g++
configure:7632: result: gcc3
configure:7655: checking how to run the C++ preprocessor
configure:7682: g++ -E  conftest.cpp
configure:7682: $? = 0
configure:7696: g++ -E  conftest.cpp
conftest.cpp:22:28: error: ac_nonexistent.h: No such file or directory
configure:7696: $? = 1
configure: failed program was:
| /* confdefs.h */
| #define PACKAGE_NAME "standardInterfaces"
| #define PACKAGE_TARNAME "standardinterfaces"
| #define PACKAGE_VERSION "0.6.2"
| #define PACKAGE_STRING "standardInterfaces 0.6.2"
| #define PACKAGE_BUGREPORT ""
| #define PACKAGE_URL ""
| #define PACKAGE "standardinterfaces"
| #define VERSION "0.6.2"
| #define STDC_HEADERS 1
| #define HAVE_SYS_TYPES_H 1
| #define HAVE_SYS_STAT_H 1
| #define HAVE_STDLIB_H 1
| #define HAVE_STRING_H 1
| #define HAVE_MEMORY_H 1
| #define HAVE_STRINGS_H 1
| #define HAVE_INTTYPES_H 1
| #define HAVE_STDINT_H 1
| #define HAVE_UNISTD_H 1
| #define HAVE_DLFCN_H 1
| /* end confdefs.h.  */
| #include <ac_nonexistent.h>
configure:7721: result: g++ -E
configure:7741: g++ -E  conftest.cpp
configure:7741: $? = 0
configure:7755: g++ -E  conftest.cpp
conftest.cpp:22:28: error: ac_nonexistent.h: No such file or directory
configure:7755: $? = 1
configure: failed program was:
| /* confdefs.h */
| #define PACKAGE_NAME "standardInterfaces"
| #define PACKAGE_TARNAME "standardinterfaces"
| #define PACKAGE_VERSION "0.6.2"
| #define PACKAGE_STRING "standardInterfaces 0.6.2"
| #define PACKAGE_BUGREPORT ""
| #define PACKAGE_URL ""
| #define PACKAGE "standardinterfaces"
| #define VERSION "0.6.2"
| #define STDC_HEADERS 1
| #define HAVE_SYS_TYPES_H 1
| #define HAVE_SYS_STAT_H 1
| #define HAVE_STDLIB_H 1
| #define HAVE_STRING_H 1
| #define HAVE_MEMORY_H 1
| #define HAVE_STRINGS_H 1
| #define HAVE_INTTYPES_H 1
| #define HAVE_STDINT_H 1
| #define HAVE_UNISTD_H 1
| #define HAVE_DLFCN_H 1
| /* end confdefs.h.  */
| #include <ac_nonexistent.h>
configure:7961: checking for objdir
configure:7976: result: .libs
configure:8268: checking if gcc supports -fno-rtti -fno-exceptions
configure:8286: gcc -c -g -O2  -fno-rtti -fno-exceptions conftest.c >&5
cc1: warning: command line option "-fno-rtti" is valid for C++/ObjC++ but not for C
configure:8290: $? = 0
configure:8303: result: no
configure:8323: checking for gcc option to produce PIC
configure:8595: result: -fPIC -DPIC
configure:8607: checking if gcc PIC flag -fPIC -DPIC works
configure:8625: gcc -c -g -O2  -fPIC -DPIC -DPIC conftest.c >&5
configure:8629: $? = 0
configure:8642: result: yes
configure:8666: checking if gcc static flag -static works
configure:8694: result: yes
configure:8709: checking if gcc supports -c -o file.o
configure:8730: gcc -c -g -O2  -o out/conftest2.o conftest.c >&5
configure:8734: $? = 0
configure:8756: result: yes
configure:8764: checking if gcc supports -c -o file.o
configure:8811: result: yes
configure:8844: checking whether the gcc linker (/usr/bin/ld) supports shared libraries
configure:9835: result: yes
configure:9872: checking whether -lc should be explicitly linked in
configure:9877: gcc -c -g -O2  conftest.c >&5
configure:9880: $? = 0
configure:9895: gcc -shared conftest.o  -v -Wl,-soname -Wl,conftest -o conftest 2\>\&1 \| /bin/grep  -lc  \>/dev/null 2\>\&1
configure:9898: $? = 0
configure:9910: result: no
configure:10074: checking dynamic linker characteristics
configure:10507: gcc -o conftest -g -O2   -Wl,-rpath -Wl,/foo conftest.c  >&5
configure:10507: $? = 0
configure:10737: result: GNU/Linux ld.so
configure:10839: checking how to hardcode library paths into programs
configure:10864: result: immediate
configure:11384: checking whether stripping libraries is possible
configure:11389: result: yes
configure:11424: checking if libtool supports shared libraries
configure:11426: result: yes
configure:11429: checking whether to build shared libraries
configure:11450: result: yes
configure:11453: checking whether to build static libraries
configure:11457: result: yes
configure:11607: checking for ld used by g++
configure:11674: result: /usr/bin/ld
configure:11681: checking if the linker (/usr/bin/ld) is GNU ld
configure:11696: result: yes
configure:11751: checking whether the g++ linker (/usr/bin/ld) supports shared libraries
configure:12664: result: yes
configure:12692: g++ -c -g -O2  conftest.cpp >&5
configure:12695: $? = 0
configure:12877: checking for g++ option to produce PIC
configure:13194: result: -fPIC -DPIC
configure:13203: checking if g++ PIC flag -fPIC -DPIC works
configure:13221: g++ -c -g -O2  -fPIC -DPIC -DPIC conftest.cpp >&5
configure:13225: $? = 0
configure:13238: result: yes
configure:13259: checking if g++ static flag -static works
configure:13287: result: yes
configure:13299: checking if g++ supports -c -o file.o
configure:13320: g++ -c -g -O2  -o out/conftest2.o conftest.cpp >&5
configure:13324: $? = 0
configure:13346: result: yes
configure:13351: checking if g++ supports -c -o file.o
configure:13398: result: yes
configure:13428: checking whether the g++ linker (/usr/bin/ld) supports shared libraries
configure:13457: result: yes
configure:13594: checking dynamic linker characteristics
configure:13975: g++ -o conftest -g -O2   -Wl,-rpath -Wl,/foo conftest.cpp  >&5
configure:13975: $? = 0
configure:14205: result: GNU/Linux ld.so
configure:14256: checking how to hardcode library paths into programs
configure:14281: result: immediate
configure:14347: checking for main in -lomniORB4
configure:14366: g++ -o conftest -g -O2   conftest.cpp -lomniORB4   >&5
configure:14366: $? = 0
configure:14375: result: yes
configure:14388: checking for main in -lomnithread
configure:14407: g++ -o conftest -g -O2   conftest.cpp -lomnithread  -lomniORB4  >&5
configure:14407: $? = 0
configure:14416: result: yes
configure:14432: checking omniORB4/CORBA.h usability
configure:14432: g++ -c -g -O2  conftest.cpp >&5
configure:14432: $? = 0
configure:14432: result: yes
configure:14432: checking omniORB4/CORBA.h presence
configure:14432: g++ -E  conftest.cpp
configure:14432: $? = 0
configure:14432: result: yes
configure:14432: checking for omniORB4/CORBA.h
configure:14432: result: yes
configure:14446: checking for omniidl
configure:14462: found /usr/bin/omniidl
configure:14474: result: omniidl
configure:14514: checking for a Python interpreter with version >= 2.5
configure:14531: python -c import sys # split strings by '.' and convert to numeric. Append some zeros # because we need at least 4 digits for the hex conversion. # map returns an iterator in Python 3.0 and a list in 2.x minver = list(map(int, '2.5'.split('.'))) + [0, 0, 0] minverhex = 0 # xrange is not present in Python 3.0 and range returns an iterator for i in list(range(0, 4)): minverhex = (minverhex << 8) + minver[i] sys.exit(sys.hexversion < minverhex)
configure:14534: $? = 0
configure:14540: result: python
configure:14548: checking for python
configure:14566: found /usr/bin/python
configure:14578: result: /usr/bin/python
configure:14596: checking for python version
configure:14603: result: 2.6
configure:14615: checking for python platform
configure:14622: result: linux2
configure:14629: checking for python script directory
configure:14658: result: ${prefix}/lib/python2.6/site-packages
configure:14667: checking for python extension module directory
configure:14696: result: ${exec_prefix}/lib/python2.6/site-packages
configure:14888: creating ./config.status

## ---------------- ##
## Cache variables. ##
## ---------------- ##

ac_cv_build=i686-pc-linux-gnu
ac_cv_c_compiler_gnu=yes
ac_cv_cxx_compiler_gnu=yes
ac_cv_env_CCC_set=
ac_cv_env_CCC_value=
ac_cv_env_CC_set=
ac_cv_env_CC_value=
ac_cv_env_CFLAGS_set=
ac_cv_env_CFLAGS_value=
ac_cv_env_CPPFLAGS_set=
ac_cv_env_CPPFLAGS_value=
ac_cv_env_CPP_set=
ac_cv_env_CPP_value=
ac_cv_env_CXXCPP_set=
ac_cv_env_CXXCPP_value=
ac_cv_env_CXXFLAGS_set=
ac_cv_env_CXXFLAGS_value=
ac_cv_env_CXX_set=
ac_cv_env_CXX_value=
ac_cv_env_LDFLAGS_set=
ac_cv_env_LDFLAGS_value=
ac_cv_env_LIBS_set=
ac_cv_env_LIBS_value=
ac_cv_env_build_alias_set=
ac_cv_env_build_alias_value=
ac_cv_env_host_alias_set=
ac_cv_env_host_alias_value=
ac_cv_env_target_alias_set=
ac_cv_env_target_alias_value=
ac_cv_header_dlfcn_h=yes
ac_cv_header_inttypes_h=yes
ac_cv_header_memory_h=yes
ac_cv_header_omniORB4_CORBA_h=yes
ac_cv_header_stdc=yes
ac_cv_header_stdint_h=yes
ac_cv_header_stdlib_h=yes
ac_cv_header_string_h=yes
ac_cv_header_strings_h=yes
ac_cv_header_sys_stat_h=yes
ac_cv_header_sys_types_h=yes
ac_cv_header_unistd_h=yes
ac_cv_host=i686-pc-linux-gnu
ac_cv_lib_omniORB4_main=yes
ac_cv_lib_omnithread_main=yes
ac_cv_objext=o
ac_cv_path_EGREP='/bin/grep -E'
ac_cv_path_FGREP='/bin/grep -F'
ac_cv_path_GREP=/bin/grep
ac_cv_path_PYTHON=/usr/bin/python
ac_cv_path_SED=/bin/sed
ac_cv_path_install='/usr/bin/install -c'
ac_cv_path_mkdir=/bin/mkdir
ac_cv_prog_AWK=gawk
ac_cv_prog_CPP='gcc -E'
ac_cv_prog_CXXCPP='g++ -E'
ac_cv_prog_IDL=omniidl
ac_cv_prog_ac_ct_AR=ar
ac_cv_prog_ac_ct_CC=gcc
ac_cv_prog_ac_ct_CXX=g++
ac_cv_prog_ac_ct_OBJDUMP=objdump
ac_cv_prog_ac_ct_RANLIB=ranlib
ac_cv_prog_ac_ct_STRIP=strip
ac_cv_prog_cc_c89=
ac_cv_prog_cc_g=yes
ac_cv_prog_cxx_g=yes
ac_cv_prog_make_make_set=yes
am_cv_CC_dependencies_compiler_type=gcc3
am_cv_CXX_dependencies_compiler_type=gcc3
am_cv_pathless_PYTHON=python
am_cv_python_platform=linux2
am_cv_python_pyexecdir='${exec_prefix}/lib/python2.6/site-packages'
am_cv_python_pythondir='${prefix}/lib/python2.6/site-packages'
am_cv_python_version=2.6
lt_cv_deplibs_check_method=pass_all
lt_cv_file_magic_cmd='$MAGIC_CMD'
lt_cv_file_magic_test_file=
lt_cv_ld_reload_flag=-r
lt_cv_nm_interface='BSD nm'
lt_cv_objdir=.libs
lt_cv_path_LD=/usr/bin/ld
lt_cv_path_LDCXX=/usr/bin/ld
lt_cv_path_NM='/usr/bin/nm -B'
lt_cv_prog_compiler_c_o=yes
lt_cv_prog_compiler_c_o_CXX=yes
lt_cv_prog_compiler_pic_works=yes
lt_cv_prog_compiler_pic_works_CXX=yes
lt_cv_prog_compiler_rtti_exceptions=no
lt_cv_prog_compiler_static_works=yes
lt_cv_prog_compiler_static_works_CXX=yes
lt_cv_prog_gnu_ld=yes
lt_cv_prog_gnu_ldcxx=yes
lt_cv_sys_global_symbol_pipe='sed -n -e '\''s/^.*[	 ]\([ABCDGIRSTW][ABCDGIRSTW]*\)[	 ][	 ]*\([_A-Za-z][_A-Za-z0-9]*\)$/\1 \2 \2/p'\'''
lt_cv_sys_global_symbol_to_c_name_address='sed -n -e '\''s/^: \([^ ]*\) $/  {\"\1\", (void *) 0},/p'\'' -e '\''s/^[ABCDGIRSTW]* \([^ ]*\) \([^ ]*\)$/  {"\2", (void *) \&\2},/p'\'''
lt_cv_sys_global_symbol_to_c_name_address_lib_prefix='sed -n -e '\''s/^: \([^ ]*\) $/  {\"\1\", (void *) 0},/p'\'' -e '\''s/^[ABCDGIRSTW]* \([^ ]*\) \(lib[^ ]*\)$/  {"\2", (void *) \&\2},/p'\'' -e '\''s/^[ABCDGIRSTW]* \([^ ]*\) \([^ ]*\)$/  {"lib\2", (void *) \&\2},/p'\'''
lt_cv_sys_global_symbol_to_cdecl='sed -n -e '\''s/^T .* \(.*\)$/extern int \1();/p'\'' -e '\''s/^[ABCDGIRSTW]* .* \(.*\)$/extern char \1;/p'\'''
lt_cv_sys_max_cmd_len=805306365

## ----------------- ##
## Output variables. ##
## ----------------- ##

ACLOCAL='${SHELL} /home/june/Work/temp/ossie-june/missing --run aclocal-1.11'
AMDEPBACKSLASH='\'
AMDEP_FALSE='#'
AMDEP_TRUE=''
AMTAR='${SHELL} /home/june/Work/temp/ossie-june/missing --run tar'
AR='ar'
AUTOCONF='${SHELL} /home/june/Work/temp/ossie-june/missing --run autoconf'
AUTOHEADER='${SHELL} /home/june/Work/temp/ossie-june/missing --run autoheader'
AUTOMAKE='${SHELL} /home/june/Work/temp/ossie-june/missing --run automake-1.11'
AWK='gawk'
CC='gcc'
CCDEPMODE='depmode=gcc3'
CFLAGS='-g -O2'
CPP='gcc -E'
CPPFLAGS=''
CXX='g++'
CXXCPP='g++ -E'
CXXDEPMODE='depmode=gcc3'
CXXFLAGS='-g -O2 '
CYGPATH_W='echo'
DEFS='-DPACKAGE_NAME=\"standardInterfaces\" -DPACKAGE_TARNAME=\"standardinterfaces\" -DPACKAGE_VERSION=\"0.6.2\" -DPACKAGE_STRING=\"standardInterfaces\ 0.6.2\" -DPACKAGE_BUGREPORT=\"\" -DPACKAGE_URL=\"\" -DPACKAGE=\"standardinterfaces\" -DVERSION=\"0.6.2\" -DSTDC_HEADERS=1 -DHAVE_SYS_TYPES_H=1 -DHAVE_SYS_STAT_H=1 -DHAVE_STDLIB_H=1 -DHAVE_STRING_H=1 -DHAVE_MEMORY_H=1 -DHAVE_STRINGS_H=1 -DHAVE_INTTYPES_H=1 -DHAVE_STDINT_H=1 -DHAVE_UNISTD_H=1 -DHAVE_DLFCN_H=1 -DLT_OBJDIR=\".libs/\" -DHAVE_LIBOMNIORB4=1 -DHAVE_LIBOMNITHREAD=1 -DHAVE_OMNIORB4_CORBA_H=1'
DEPDIR='.deps'
DSYMUTIL=''
DUMPBIN=''
ECHO_C=''
ECHO_N='-n'
ECHO_T=''
EGREP='/bin/grep -E'
EXEEXT=''
FGREP='/bin/grep -F'
GREP='/bin/grep'
IDL='omniidl'
IDL_FLAGS=''
INSTALL_DATA='${INSTALL} -m 644'
INSTALL_PROGRAM='${INSTALL}'
INSTALL_SCRIPT='${INSTALL}'
INSTALL_STRIP_PROGRAM='$(install_sh) -c -s'
LD='/usr/bin/ld'
LDFLAGS=''
LIBOBJS=''
LIBS='-lomnithread -lomniORB4 '
LIBTOOL='$(SHELL) $(top_builddir)/libtool'
LIPO=''
LN_S='ln -s'
LTLIBOBJS=''
MAKEINFO='${SHELL} /home/june/Work/temp/ossie-june/missing --run makeinfo'
MKDIR_P='/bin/mkdir -p'
NM='/usr/bin/nm -B'
NMEDIT=''
OBJDUMP='objdump'
OBJEXT='o'
OTOOL64=''
OTOOL=''
PACKAGE='standardinterfaces'
PACKAGE_BUGREPORT=''
PACKAGE_NAME='standardInterfaces'
PACKAGE_STRING='standardInterfaces 0.6.2'
PACKAGE_TARNAME='standardinterfaces'
PACKAGE_URL=''
PACKAGE_VERSION='0.6.2'
PATH_SEPARATOR=':'
PYTHON='/usr/bin/python'
PYTHON_EXEC_PREFIX='${exec_prefix}'
PYTHON_PLATFORM='linux2'
PYTHON_PREFIX='${prefix}'
PYTHON_VERSION='2.6'
RANLIB='ranlib'
SED='/bin/sed'
SET_MAKE=''
SHELL='/bin/bash'
STRIP='strip'
VERSION='0.6.2'
ac_ct_CC='gcc'
ac_ct_CXX='g++'
ac_ct_DUMPBIN=''
am__EXEEXT_FALSE=''
am__EXEEXT_TRUE='#'
am__fastdepCC_FALSE='#'
am__fastdepCC_TRUE=''
am__fastdepCXX_FALSE='#'
am__fastdepCXX_TRUE=''
am__include='include'
am__isrc=''
am__leading_dot='.'
am__quote=''
am__tar='${AMTAR} chof - "$$tardir"'
am__untar='${AMTAR} xf -'
bindir='${exec_prefix}/bin'
build='i686-pc-linux-gnu'
build_alias=''
build_cpu='i686'
build_os='linux-gnu'
build_vendor='pc'
datadir='${datarootdir}'
datarootdir='${prefix}/share'
docdir='${datarootdir}/doc/${PACKAGE_TARNAME}'
dvidir='${docdir}'
exec_prefix='${prefix}'
host='i686-pc-linux-gnu'
host_alias=''
host_cpu='i686'
host_os='linux-gnu'
host_vendor='pc'
htmldir='${docdir}'
includedir='/usr/local/include'
infodir='${datarootdir}/info'
install_sh='${SHELL} /home/june/Work/temp/ossie-june/install-sh'
libdir='/usr/local/lib'
libexecdir='${exec_prefix}/libexec'
localedir='${datarootdir}/locale'
localstatedir='${prefix}/var'
lt_ECHO='echo'
mandir='${datarootdir}/man'
mkdir_p='/bin/mkdir -p'
oldincludedir='/usr/include'
pdfdir='${docdir}'
pkgpyexecdir='${pyexecdir}/standardinterfaces'
pkgpythondir='${pythondir}/standardinterfaces'
prefix='/sdr'
program_transform_name='s,x,x,'
psdir='${docdir}'
pyexecdir='${exec_prefix}/lib/python2.6/site-packages'
pythondir='${prefix}/lib/python2.6/site-packages'
sbindir='${exec_prefix}/sbin'
sharedstatedir='${prefix}/com'
sysconfdir='${prefix}/etc'
target_alias=''

## ----------- ##
## confdefs.h. ##
## ----------- ##

/* confdefs.h */
#define PACKAGE_NAME "standardInterfaces"
#define PACKAGE_TARNAME "standardinterfaces"
#define PACKAGE_VERSION "0.6.2"
#define PACKAGE_STRING "standardInterfaces 0.6.2"
#define PACKAGE_BUGREPORT ""
#define PACKAGE_URL ""
#define PACKAGE "standardinterfaces"
#define VERSION "0.6.2"
#define STDC_HEADERS 1
#define HAVE_SYS_TYPES_H 1
#define HAVE_SYS_STAT_H 1
#define HAVE_STDLIB_H 1
#define HAVE_STRING_H 1
#define HAVE_MEMORY_H 1
#define HAVE_STRINGS_H 1
#define HAVE_INTTYPES_H 1
#define HAVE_STDINT_H 1
#define HAVE_UNISTD_H 1
#define HAVE_DLFCN_H 1
#define LT_OBJDIR ".libs/"
#define HAVE_LIBOMNIORB4 1
#define HAVE_LIBOMNITHREAD 1
#define HAVE_OMNIORB4_CORBA_H 1

configure: exit 0

## ---------------------- ##
## Running config.status. ##
## ---------------------- ##

This file was extended by standardInterfaces config.status 0.6.2, which was
generated by GNU Autoconf 2.65.  Invocation command line was

  CONFIG_FILES    = 
  CONFIG_HEADERS  = 
  CONFIG_LINKS    = 
  CONFIG_COMMANDS = 
  $ ./config.status 

on ubuntu

config.status:1062: creating Makefile
config.status:1062: creating python/Makefile
config.status:1062: creating include/Makefile
config.status:1062: creating include/standardinterfaces/Makefile
config.status:1062: creating standardInterfaces.pc
config.status:1225: executing depfiles commands
config.status:1225: executing libtool commands

## ---------------------- ##
## Running config.status. ##
## ---------------------- ##

This file was extended by standardInterfaces config.status 0.6.2, which was
generated by GNU Autoconf 2.65.  Invocation command line was

  CONFIG_FILES    = 
  CONFIG_HEADERS  = 
  CONFIG_LINKS    = 
  CONFIG_COMMANDS = 
  $ ./config.status standardInterfaces.pc

on june-laptop

config.status:1062: creating standardInterfaces.pc
