This file contains any messages produced by compilers while
running configure, to aid debugging if configure makes a mistake.

It was created by ossie configure 0.8.2, which was
generated by GNU Autoconf 2.65.  Invocation command line was

  $ ./configure --prefix=/sdr --libdir=/usr/local/lib/ --includedir=/usr/local/include/ --with-boost --with-boost-filesystem

## --------- ##
## Platform. ##
## --------- ##

hostname = june-laptop
uname -m = i686
uname -r = 2.6.32-37-generic
uname -s = Linux
uname -v = #81-Ubuntu SMP Fri Dec 2 20:35:14 UTC 2011

/usr/bin/uname -p = unknown
/bin/uname -X     = unknown

/bin/arch              = unknown
/usr/bin/arch -k       = unknown
/usr/convex/getsysinfo = unknown
/usr/bin/hostinfo      = unknown
/bin/machine           = unknown
/usr/bin/oslevel       = unknown
/bin/universe          = unknown

PATH: /usr/local/sbin
PATH: /usr/local/bin
PATH: /usr/sbin
PATH: /usr/bin
PATH: /sbin
PATH: /bin
PATH: /usr/games


## ----------- ##
## Core tests. ##
## ----------- ##

configure:1853: checking build system type
configure:1867: result: i686-pc-linux-gnu
configure:1887: checking host system type
configure:1900: result: i686-pc-linux-gnu
configure:1920: checking target system type
configure:1933: result: i686-pc-linux-gnu
configure:1976: checking for a BSD-compatible install
configure:2044: result: /usr/bin/install -c
configure:2055: checking whether build environment is sane
configure:2105: result: yes
configure:2246: checking for a thread-safe mkdir -p
configure:2285: result: /bin/mkdir -p
configure:2298: checking for gawk
configure:2314: found /usr/bin/gawk
configure:2325: result: gawk
configure:2336: checking whether make sets $(MAKE)
configure:2358: result: yes
configure:2496: checking for g++
configure:2512: found /usr/bin/g++
configure:2523: result: g++
configure:2550: checking for C++ compiler version
configure:2559: g++ --version >&5
g++ (Ubuntu 4.4.3-4ubuntu5) 4.4.3
Copyright (C) 2009 Free Software Foundation, Inc.
This is free software; see the source for copying conditions.  There is NO
warranty; not even for MERCHANTABILITY or FITNESS FOR A PARTICULAR PURPOSE.

configure:2570: $? = 0
configure:2559: g++ -v >&5
Using built-in specs.
Target: i486-linux-gnu
Configured with: ../src/configure -v --with-pkgversion='Ubuntu 4.4.3-4ubuntu5' --with-bugurl=file:///usr/share/doc/gcc-4.4/README.Bugs --enable-languages=c,c++,fortran,objc,obj-c++ --prefix=/usr --enable-shared --enable-multiarch --enable-linker-build-id --with-system-zlib --libexecdir=/usr/lib --without-included-gettext --enable-threads=posix --with-gxx-include-dir=/usr/include/c++/4.4 --program-suffix=-4.4 --enable-nls --enable-clocale=gnu --enable-libstdcxx-debug --enable-plugin --enable-objc-gc --enable-targets=all --disable-werror --with-arch-32=i486 --with-tune=generic --enable-checking=release --build=i486-linux-gnu --host=i486-linux-gnu --target=i486-linux-gnu
Thread model: posix
gcc version 4.4.3 (Ubuntu 4.4.3-4ubuntu5) 
configure:2570: $? = 0
configure:2559: g++ -V >&5
g++: '-V' option must have argument
configure:2570: $? = 1
configure:2559: g++ -qversion >&5
g++: unrecognized option '-qversion'
g++: no input files
configure:2570: $? = 1
configure:2590: checking whether the C++ compiler works
configure:2612: g++    conftest.cpp  >&5
configure:2616: $? = 0
configure:2665: result: yes
configure:2668: checking for C++ compiler default output file name
configure:2670: result: a.out
configure:2676: checking for suffix of executables
configure:2683: g++ -o conftest    conftest.cpp  >&5
configure:2687: $? = 0
configure:2709: result: 
configure:2731: checking whether we are cross compiling
configure:2739: g++ -o conftest    conftest.cpp  >&5
configure:2743: $? = 0
configure:2750: ./conftest
configure:2754: $? = 0
configure:2769: result: no
configure:2774: checking for suffix of object files
configure:2796: g++ -c   conftest.cpp >&5
configure:2800: $? = 0
configure:2821: result: o
configure:2825: checking whether we are using the GNU C++ compiler
configure:2844: g++ -c   conftest.cpp >&5
configure:2844: $? = 0
configure:2853: result: yes
configure:2862: checking whether g++ accepts -g
configure:2882: g++ -c -g  conftest.cpp >&5
configure:2882: $? = 0
configure:2923: result: yes
configure:2957: checking for style of include used by make
configure:2985: result: GNU
configure:3010: checking dependency style of g++
configure:3120: result: gcc3
configure:3322: creating ./config.status

## ---------------------- ##
## Running config.status. ##
## ---------------------- ##

This file was extended by ossie config.status 0.8.2, which was
generated by GNU Autoconf 2.65.  Invocation command line was

  CONFIG_FILES    = 
  CONFIG_HEADERS  = 
  CONFIG_LINKS    = 
  CONFIG_COMMANDS = 
  $ ./config.status 

on june-laptop

config.status:792: creating Makefile
config.status:955: executing depfiles commands
configure:4513: === configuring in system/ossie (/home/june/Work/ossie-0.8.2/system/ossie)
configure:4576: running /bin/bash ./configure --disable-option-checking '--prefix=/sdr'  '--libdir=/usr/local/lib/' '--includedir=/usr/local/include/' '--with-boost' '--with-boost-filesystem' --cache-file=/dev/null --srcdir=.
configure:4513: === configuring in system/standardInterfaces (/home/june/Work/ossie-0.8.2/system/standardInterfaces)
configure:4576: running /bin/bash ./configure --disable-option-checking '--prefix=/sdr'  '--libdir=/usr/local/lib/' '--includedir=/usr/local/include/' '--with-boost' '--with-boost-filesystem' --cache-file=/dev/null --srcdir=.
configure:4513: === configuring in system/nodebooter (/home/june/Work/ossie-0.8.2/system/nodebooter)
configure:4576: running /bin/bash ./configure --disable-option-checking '--prefix=/sdr'  '--libdir=/usr/local/lib/' '--includedir=/usr/local/include/' '--with-boost' '--with-boost-filesystem' --cache-file=/dev/null --srcdir=.
configure:4513: === configuring in system/customInterfaces (/home/june/Work/ossie-0.8.2/system/customInterfaces)
configure:4576: running /bin/bash ./configure --disable-option-checking '--prefix=/sdr'  '--libdir=/usr/local/lib/' '--includedir=/usr/local/include/' '--with-boost' '--with-boost-filesystem' --cache-file=/dev/null --srcdir=.
configure:4513: === configuring in system/c_wavLoader (/home/june/Work/ossie-0.8.2/system/c_wavLoader)
configure:4576: running /bin/bash ./configure --disable-option-checking '--prefix=/sdr'  '--libdir=/usr/local/lib/' '--includedir=/usr/local/include/' '--with-boost' '--with-boost-filesystem' --cache-file=/dev/null --srcdir=.
configure:4513: === configuring in system/SigProc (/home/june/Work/ossie-0.8.2/system/SigProc)
configure:4576: running /bin/bash ./configure --disable-option-checking '--prefix=/sdr'  '--libdir=/usr/local/lib/' '--includedir=/usr/local/include/' '--with-boost' '--with-boost-filesystem' --cache-file=/dev/null --srcdir=.
configure:4513: === configuring in platform/domain (/home/june/Work/ossie-0.8.2/platform/domain)
configure:4576: running /bin/bash ./configure --disable-option-checking '--prefix=/sdr'  '--libdir=/usr/local/lib/' '--includedir=/usr/local/include/' '--with-boost' '--with-boost-filesystem' --cache-file=/dev/null --srcdir=.
configure:4513: === configuring in platform/dtd (/home/june/Work/ossie-0.8.2/platform/dtd)
configure:4576: running /bin/bash ./configure --disable-option-checking '--prefix=/sdr'  '--libdir=/usr/local/lib/' '--includedir=/usr/local/include/' '--with-boost' '--with-boost-filesystem' --cache-file=/dev/null --srcdir=.
configure:4513: === configuring in platform/Sound_in (/home/june/Work/ossie-0.8.2/platform/Sound_in)
configure:4576: running /bin/bash ./configure --disable-option-checking '--prefix=/sdr'  '--libdir=/usr/local/lib/' '--includedir=/usr/local/include/' '--with-boost' '--with-boost-filesystem' --cache-file=/dev/null --srcdir=.
configure:4513: === configuring in platform/Sound_out (/home/june/Work/ossie-0.8.2/platform/Sound_out)
configure:4576: running /bin/bash ./configure --disable-option-checking '--prefix=/sdr'  '--libdir=/usr/local/lib/' '--includedir=/usr/local/include/' '--with-boost' '--with-boost-filesystem' --cache-file=/dev/null --srcdir=.
configure:4513: === configuring in platform/USRP (/home/june/Work/ossie-0.8.2/platform/USRP)
configure:4576: running /bin/bash ./configure --disable-option-checking '--prefix=/sdr'  '--libdir=/usr/local/lib/' '--includedir=/usr/local/include/' '--with-boost' '--with-boost-filesystem' --cache-file=/dev/null --srcdir=.
configure:4513: === configuring in platform/USRP2 (/home/june/Work/ossie-0.8.2/platform/USRP2)
configure:4576: running /bin/bash ./configure --disable-option-checking '--prefix=/sdr'  '--libdir=/usr/local/lib/' '--includedir=/usr/local/include/' '--with-boost' '--with-boost-filesystem' --cache-file=/dev/null --srcdir=.
configure:4513: === configuring in platform/XilinxFPGA (/home/june/Work/ossie-0.8.2/platform/XilinxFPGA)
configure:4576: running /bin/bash ./configure --disable-option-checking '--prefix=/sdr'  '--libdir=/usr/local/lib/' '--includedir=/usr/local/include/' '--with-boost' '--with-boost-filesystem' --cache-file=/dev/null --srcdir=.
configure:4513: === configuring in platform/nodes/default_GPP_node (/home/june/Work/ossie-0.8.2/platform/nodes/default_GPP_node)
configure:4576: running /bin/bash ./configure --disable-option-checking '--prefix=/sdr'  '--libdir=/usr/local/lib/' '--includedir=/usr/local/include/' '--with-boost' '--with-boost-filesystem' --cache-file=/dev/null --srcdir=.
configure:4513: === configuring in platform/nodes/default_GPP_sound_node (/home/june/Work/ossie-0.8.2/platform/nodes/default_GPP_sound_node)
configure:4576: running /bin/bash ./configure --disable-option-checking '--prefix=/sdr'  '--libdir=/usr/local/lib/' '--includedir=/usr/local/include/' '--with-boost' '--with-boost-filesystem' --cache-file=/dev/null --srcdir=.
configure:4513: === configuring in platform/nodes/default_GPP_USRP_node (/home/june/Work/ossie-0.8.2/platform/nodes/default_GPP_USRP_node)
configure:4576: running /bin/bash ./configure --disable-option-checking '--prefix=/sdr'  '--libdir=/usr/local/lib/' '--includedir=/usr/local/include/' '--with-boost' '--with-boost-filesystem' --cache-file=/dev/null --srcdir=.
configure:4513: === configuring in platform/nodes/default_GPP_USRP2_node (/home/june/Work/ossie-0.8.2/platform/nodes/default_GPP_USRP2_node)
configure:4576: running /bin/bash ./configure --disable-option-checking '--prefix=/sdr'  '--libdir=/usr/local/lib/' '--includedir=/usr/local/include/' '--with-boost' '--with-boost-filesystem' --cache-file=/dev/null --srcdir=.
configure:4513: === configuring in platform/nodes/default_GPP_USRP_sound_node (/home/june/Work/ossie-0.8.2/platform/nodes/default_GPP_USRP_sound_node)
configure:4576: running /bin/bash ./configure --disable-option-checking '--prefix=/sdr'  '--libdir=/usr/local/lib/' '--includedir=/usr/local/include/' '--with-boost' '--with-boost-filesystem' --cache-file=/dev/null --srcdir=.
configure:4513: === configuring in platform/nodes/default_ml403_node (/home/june/Work/ossie-0.8.2/platform/nodes/default_ml403_node)
configure:4576: running /bin/bash ./configure --disable-option-checking '--prefix=/sdr'  '--libdir=/usr/local/lib/' '--includedir=/usr/local/include/' '--with-boost' '--with-boost-filesystem' --cache-file=/dev/null --srcdir=.
configure:4513: === configuring in platform/GPP (/home/june/Work/ossie-0.8.2/platform/GPP)
configure:4576: running /bin/bash ./configure --disable-option-checking '--prefix=/sdr'  '--libdir=/usr/local/lib/' '--includedir=/usr/local/include/' '--with-boost' '--with-boost-filesystem' --cache-file=/dev/null --srcdir=.
configure:4513: === configuring in waveforms/ossie_demo (/home/june/Work/ossie-0.8.2/waveforms/ossie_demo)
configure:4576: running /bin/bash ./configure --disable-option-checking '--prefix=/sdr'  '--libdir=/usr/local/lib/' '--includedir=/usr/local/include/' '--with-boost' '--with-boost-filesystem' --cache-file=/dev/null --srcdir=.
configure:4513: === configuring in waveforms/ml403_ossie_demo (/home/june/Work/ossie-0.8.2/waveforms/ml403_ossie_demo)
configure:4576: running /bin/bash ./configure --disable-option-checking '--prefix=/sdr'  '--libdir=/usr/local/lib/' '--includedir=/usr/local/include/' '--with-boost' '--with-boost-filesystem' --cache-file=/dev/null --srcdir=.
configure:4513: === configuring in waveforms/OSSIETalkUSRP (/home/june/Work/ossie-0.8.2/waveforms/OSSIETalkUSRP)
configure:4576: running /bin/bash ./configure --disable-option-checking '--prefix=/sdr'  '--libdir=/usr/local/lib/' '--includedir=/usr/local/include/' '--with-boost' '--with-boost-filesystem' --cache-file=/dev/null --srcdir=.
configure:4513: === configuring in waveforms/OSSIETalkLoopBack (/home/june/Work/ossie-0.8.2/waveforms/OSSIETalkLoopBack)
configure:4576: running /bin/bash ./configure --disable-option-checking '--prefix=/sdr'  '--libdir=/usr/local/lib/' '--includedir=/usr/local/include/' '--with-boost' '--with-boost-filesystem' --cache-file=/dev/null --srcdir=.
configure:4513: === configuring in waveforms/Lab5Example (/home/june/Work/ossie-0.8.2/waveforms/Lab5Example)
configure:4576: running /bin/bash ./configure --disable-option-checking '--prefix=/sdr'  '--libdir=/usr/local/lib/' '--includedir=/usr/local/include/' '--with-boost' '--with-boost-filesystem' --cache-file=/dev/null --srcdir=.
configure:4513: === configuring in waveforms/pass_data_waveform (/home/june/Work/ossie-0.8.2/waveforms/pass_data_waveform)
configure:4576: running /bin/bash ./configure --disable-option-checking '--prefix=/sdr'  '--libdir=/usr/local/lib/' '--includedir=/usr/local/include/' '--with-boost' '--with-boost-filesystem' --cache-file=/dev/null --srcdir=.
configure:4513: === configuring in components/am_demod (/home/june/Work/ossie-0.8.2/components/am_demod)
configure:4576: running /bin/bash ./configure --disable-option-checking '--prefix=/sdr'  '--libdir=/usr/local/lib/' '--includedir=/usr/local/include/' '--with-boost' '--with-boost-filesystem' --cache-file=/dev/null --srcdir=.
configure:4513: === configuring in components/amplifier (/home/june/Work/ossie-0.8.2/components/amplifier)
configure:4576: running /bin/bash ./configure --disable-option-checking '--prefix=/sdr'  '--libdir=/usr/local/lib/' '--includedir=/usr/local/include/' '--with-boost' '--with-boost-filesystem' --cache-file=/dev/null --srcdir=.
configure:4513: === configuring in components/AutomaticGainControl (/home/june/Work/ossie-0.8.2/components/AutomaticGainControl)
configure:4576: running /bin/bash ./configure --disable-option-checking '--prefix=/sdr'  '--libdir=/usr/local/lib/' '--includedir=/usr/local/include/' '--with-boost' '--with-boost-filesystem' --cache-file=/dev/null --srcdir=.
configure:4513: === configuring in components/Channel (/home/june/Work/ossie-0.8.2/components/Channel)
configure:4576: running /bin/bash ./configure --disable-option-checking '--prefix=/sdr'  '--libdir=/usr/local/lib/' '--includedir=/usr/local/include/' '--with-boost' '--with-boost-filesystem' --cache-file=/dev/null --srcdir=.
configure:4513: === configuring in components/ChannelDemo (/home/june/Work/ossie-0.8.2/components/ChannelDemo)
configure:4576: running /bin/bash ./configure --disable-option-checking '--prefix=/sdr'  '--libdir=/usr/local/lib/' '--includedir=/usr/local/include/' '--with-boost' '--with-boost-filesystem' --cache-file=/dev/null --srcdir=.
configure:4513: === configuring in components/Conv_Dec (/home/june/Work/ossie-0.8.2/components/Conv_Dec)
configure:4576: running /bin/bash ./configure --disable-option-checking '--prefix=/sdr'  '--libdir=/usr/local/lib/' '--includedir=/usr/local/include/' '--with-boost' '--with-boost-filesystem' --cache-file=/dev/null --srcdir=.
configure:4513: === configuring in components/Conv_Enc (/home/june/Work/ossie-0.8.2/components/Conv_Enc)
configure:4576: running /bin/bash ./configure --disable-option-checking '--prefix=/sdr'  '--libdir=/usr/local/lib/' '--includedir=/usr/local/include/' '--with-boost' '--with-boost-filesystem' --cache-file=/dev/null --srcdir=.
configure:4513: === configuring in components/Decimator (/home/june/Work/ossie-0.8.2/components/Decimator)
configure:4576: running /bin/bash ./configure --disable-option-checking '--prefix=/sdr'  '--libdir=/usr/local/lib/' '--includedir=/usr/local/include/' '--with-boost' '--with-boost-filesystem' --cache-file=/dev/null --srcdir=.
configure:4513: === configuring in components/DigitalModem (/home/june/Work/ossie-0.8.2/components/DigitalModem)
configure:4576: running /bin/bash ./configure --disable-option-checking '--prefix=/sdr'  '--libdir=/usr/local/lib/' '--includedir=/usr/local/include/' '--with-boost' '--with-boost-filesystem' --cache-file=/dev/null --srcdir=.
configure:4513: === configuring in components/FrameAssembler (/home/june/Work/ossie-0.8.2/components/FrameAssembler)
configure:4576: running /bin/bash ./configure --disable-option-checking '--prefix=/sdr'  '--libdir=/usr/local/lib/' '--includedir=/usr/local/include/' '--with-boost' '--with-boost-filesystem' --cache-file=/dev/null --srcdir=.
configure:4513: === configuring in components/Interpolator (/home/june/Work/ossie-0.8.2/components/Interpolator)
configure:4576: running /bin/bash ./configure --disable-option-checking '--prefix=/sdr'  '--libdir=/usr/local/lib/' '--includedir=/usr/local/include/' '--with-boost' '--with-boost-filesystem' --cache-file=/dev/null --srcdir=.
configure:4513: === configuring in components/JPEG_VideoViewer (/home/june/Work/ossie-0.8.2/components/JPEG_VideoViewer)
configure:4576: running /bin/bash ./configure --disable-option-checking '--prefix=/sdr'  '--libdir=/usr/local/lib/' '--includedir=/usr/local/include/' '--with-boost' '--with-boost-filesystem' --cache-file=/dev/null --srcdir=.
configure:4513: === configuring in components/OSSIETalk (/home/june/Work/ossie-0.8.2/components/OSSIETalk)
configure:4576: running /bin/bash ./configure --disable-option-checking '--prefix=/sdr'  '--libdir=/usr/local/lib/' '--includedir=/usr/local/include/' '--with-boost' '--with-boost-filesystem' --cache-file=/dev/null --srcdir=.
configure:4513: === configuring in components/PacketResizer (/home/june/Work/ossie-0.8.2/components/PacketResizer)
configure:4576: running /bin/bash ./configure --disable-option-checking '--prefix=/sdr'  '--libdir=/usr/local/lib/' '--includedir=/usr/local/include/' '--with-boost' '--with-boost-filesystem' --cache-file=/dev/null --srcdir=.
configure:4513: === configuring in components/pass_data (/home/june/Work/ossie-0.8.2/components/pass_data)
configure:4576: running /bin/bash ./configure --disable-option-checking '--prefix=/sdr'  '--libdir=/usr/local/lib/' '--includedir=/usr/local/include/' '--with-boost' '--with-boost-filesystem' --cache-file=/dev/null --srcdir=.
configure:4513: === configuring in components/RxDemo (/home/june/Work/ossie-0.8.2/components/RxDemo)
configure:4576: running /bin/bash ./configure --disable-option-checking '--prefix=/sdr'  '--libdir=/usr/local/lib/' '--includedir=/usr/local/include/' '--with-boost' '--with-boost-filesystem' --cache-file=/dev/null --srcdir=.
configure:4513: === configuring in components/SymbolSyncPoly (/home/june/Work/ossie-0.8.2/components/SymbolSyncPoly)
configure:4576: running /bin/bash ./configure --disable-option-checking '--prefix=/sdr'  '--libdir=/usr/local/lib/' '--includedir=/usr/local/include/' '--with-boost' '--with-boost-filesystem' --cache-file=/dev/null --srcdir=.
configure:4513: === configuring in components/TxDemo (/home/june/Work/ossie-0.8.2/components/TxDemo)
configure:4576: running /bin/bash ./configure --disable-option-checking '--prefix=/sdr'  '--libdir=/usr/local/lib/' '--includedir=/usr/local/include/' '--with-boost' '--with-boost-filesystem' --cache-file=/dev/null --srcdir=.
configure:4513: === configuring in components/USRP_Commander (/home/june/Work/ossie-0.8.2/components/USRP_Commander)
configure:4576: running /bin/bash ./configure --disable-option-checking '--prefix=/sdr'  '--libdir=/usr/local/lib/' '--includedir=/usr/local/include/' '--with-boost' '--with-boost-filesystem' --cache-file=/dev/null --srcdir=.
configure:4513: === configuring in components/WebCamCapture (/home/june/Work/ossie-0.8.2/components/WebCamCapture)
configure:4576: running /bin/bash ./configure --disable-option-checking '--prefix=/sdr'  '--libdir=/usr/local/lib/' '--includedir=/usr/local/include/' '--with-boost' '--with-boost-filesystem' --cache-file=/dev/null --srcdir=.
configure:4513: === configuring in components/WFMDemod (/home/june/Work/ossie-0.8.2/components/WFMDemod)
configure:4576: running /bin/bash ./configure --disable-option-checking '--prefix=/sdr'  '--libdir=/usr/local/lib/' '--includedir=/usr/local/include/' '--with-boost' '--with-boost-filesystem' --cache-file=/dev/null --srcdir=.
configure:4513: === configuring in components/writeBytestoFile (/home/june/Work/ossie-0.8.2/components/writeBytestoFile)
configure:4576: running /bin/bash ./configure --disable-option-checking '--prefix=/sdr'  '--libdir=/usr/local/lib/' '--includedir=/usr/local/include/' '--with-boost' '--with-boost-filesystem' --cache-file=/dev/null --srcdir=.
configure:4513: === configuring in components/readBytesfromFile (/home/june/Work/ossie-0.8.2/components/readBytesfromFile)
configure:4576: running /bin/bash ./configure --disable-option-checking '--prefix=/sdr'  '--libdir=/usr/local/lib/' '--includedir=/usr/local/include/' '--with-boost' '--with-boost-filesystem' --cache-file=/dev/null --srcdir=.
configure:4513: === configuring in tools (/home/june/Work/ossie-0.8.2/tools)
configure:4576: running /bin/bash ./configure --disable-option-checking '--prefix=/sdr'  '--libdir=/usr/local/lib/' '--includedir=/usr/local/include/' '--with-boost' '--with-boost-filesystem' --cache-file=/dev/null --srcdir=.

## ---------------- ##
## Cache variables. ##
## ---------------- ##

ac_cv_build=i686-pc-linux-gnu
ac_cv_cxx_compiler_gnu=yes
ac_cv_env_CCC_set=
ac_cv_env_CCC_value=
ac_cv_env_CPPFLAGS_set=
ac_cv_env_CPPFLAGS_value=
ac_cv_env_CXXFLAGS_set=
ac_cv_env_CXXFLAGS_value=
ac_cv_env_CXX_set=
ac_cv_env_CXX_value=
ac_cv_env_LDFLAGS_set=
ac_cv_env_LDFLAGS_value=
ac_cv_env_LIBS_set=
ac_cv_env_LIBS_value=
ac_cv_env_build_alias_set=
ac_cv_env_build_alias_value=
ac_cv_env_host_alias_set=
ac_cv_env_host_alias_value=
ac_cv_env_target_alias_set=
ac_cv_env_target_alias_value=
ac_cv_host=i686-pc-linux-gnu
ac_cv_objext=o
ac_cv_path_install='/usr/bin/install -c'
ac_cv_path_mkdir=/bin/mkdir
ac_cv_prog_AWK=gawk
ac_cv_prog_ac_ct_CXX=g++
ac_cv_prog_cxx_g=yes
ac_cv_prog_make_make_set=yes
ac_cv_target=i686-pc-linux-gnu
am_cv_CXX_dependencies_compiler_type=gcc3

## ----------------- ##
## Output variables. ##
## ----------------- ##

ACLOCAL='${SHELL} /home/june/Work/ossie-0.8.2/missing --run aclocal-1.11'
AMDEPBACKSLASH='\'
AMDEP_FALSE='#'
AMDEP_TRUE=''
AMTAR='${SHELL} /home/june/Work/ossie-0.8.2/missing --run tar'
AUTOCONF='${SHELL} /home/june/Work/ossie-0.8.2/missing --run autoconf'
AUTOHEADER='${SHELL} /home/june/Work/ossie-0.8.2/missing --run autoheader'
AUTOMAKE='${SHELL} /home/june/Work/ossie-0.8.2/missing --run automake-1.11'
AWK='gawk'
CPPFLAGS=''
CXX='g++'
CXXDEPMODE='depmode=gcc3'
CXXFLAGS='-g -O2'
CYGPATH_W='echo'
DEFS='-DPACKAGE_NAME=\"ossie\" -DPACKAGE_TARNAME=\"ossie\" -DPACKAGE_VERSION=\"0.8.2\" -DPACKAGE_STRING=\"ossie\ 0.8.2\" -DPACKAGE_BUGREPORT=\"\" -DPACKAGE_URL=\"\" -DPACKAGE=\"ossie\" -DVERSION=\"0.8.2\"'
DEPDIR='.deps'
ECHO_C=''
ECHO_N='-n'
ECHO_T=''
EXEEXT=''
INSTALL_DATA='${INSTALL} -m 644'
INSTALL_PROGRAM='${INSTALL}'
INSTALL_SCRIPT='${INSTALL}'
INSTALL_STRIP_PROGRAM='$(install_sh) -c -s'
LDFLAGS=''
LIBOBJS=''
LIBS=''
LTLIBOBJS=''
MAKEINFO='${SHELL} /home/june/Work/ossie-0.8.2/missing --run makeinfo'
MKDIR_P='/bin/mkdir -p'
OBJEXT='o'
PACKAGE='ossie'
PACKAGE_BUGREPORT=''
PACKAGE_NAME='ossie'
PACKAGE_STRING='ossie 0.8.2'
PACKAGE_TARNAME='ossie'
PACKAGE_URL=''
PACKAGE_VERSION='0.8.2'
PATH_SEPARATOR=':'
SET_MAKE=''
SHELL='/bin/bash'
STRIP=''
VERSION='0.8.2'
WITHNB_FALSE=''
WITHNB_TRUE='#'
ac_ct_CXX='g++'
am__EXEEXT_FALSE=''
am__EXEEXT_TRUE='#'
am__fastdepCXX_FALSE='#'
am__fastdepCXX_TRUE=''
am__include='include'
am__isrc=''
am__leading_dot='.'
am__quote=''
am__tar='${AMTAR} chof - "$$tardir"'
am__untar='${AMTAR} xf -'
bindir='${exec_prefix}/bin'
build='i686-pc-linux-gnu'
build_alias=''
build_cpu='i686'
build_os='linux-gnu'
build_vendor='pc'
datadir='${datarootdir}'
datarootdir='${prefix}/share'
docdir='${datarootdir}/doc/${PACKAGE_TARNAME}'
dvidir='${docdir}'
exec_prefix='${prefix}'
host='i686-pc-linux-gnu'
host_alias=''
host_cpu='i686'
host_os='linux-gnu'
host_vendor='pc'
htmldir='${docdir}'
includedir='/usr/local/include'
infodir='${datarootdir}/info'
install_sh='${SHELL} /home/june/Work/ossie-0.8.2/install-sh'
libdir='/usr/local/lib'
libexecdir='${exec_prefix}/libexec'
localedir='${datarootdir}/locale'
localstatedir='${prefix}/var'
mandir='${datarootdir}/man'
mkdir_p='/bin/mkdir -p'
oldincludedir='/usr/include'
pdfdir='${docdir}'
prefix='/sdr'
program_transform_name='s,x,x,'
psdir='${docdir}'
sbindir='${exec_prefix}/sbin'
sharedstatedir='${prefix}/com'
subdirs=' system/ossie system/standardInterfaces system/nodebooter system/customInterfaces system/c_wavLoader system/SigProc platform/domain platform/dtd platform/Sound_in platform/Sound_out platform/USRP platform/USRP2 platform/XilinxFPGA platform/nodes/default_GPP_node platform/nodes/default_GPP_sound_node platform/nodes/default_GPP_USRP_node platform/nodes/default_GPP_USRP2_node platform/nodes/default_GPP_USRP_sound_node platform/nodes/default_ml403_node platform/GPP waveforms/ossie_demo waveforms/ml403_ossie_demo waveforms/OSSIETalkUSRP waveforms/OSSIETalkLoopBack waveforms/Lab5Example waveforms/pass_data_waveform components/am_demod components/amplifier components/AutomaticGainControl components/Channel components/ChannelDemo components/Conv_Dec components/Conv_Enc components/Decimator components/DigitalModem components/FrameAssembler components/Interpolator components/JPEG_VideoViewer components/OSSIETalk components/PacketResizer components/pass_data components/rc2007_gui components/RxDemo components/SymbolSyncPoly components/TxDemo components/USRP_Commander components/WebCamCapture components/WFMDemod components/writeBytestoFile components/readBytesfromFile tools'
sysconfdir='${prefix}/etc'
target='i686-pc-linux-gnu'
target_alias=''
target_cpu='i686'
target_os='linux-gnu'
target_vendor='pc'

## ----------- ##
## confdefs.h. ##
## ----------- ##

/* confdefs.h */
#define PACKAGE_NAME "ossie"
#define PACKAGE_TARNAME "ossie"
#define PACKAGE_VERSION "0.8.2"
#define PACKAGE_STRING "ossie 0.8.2"
#define PACKAGE_BUGREPORT ""
#define PACKAGE_URL ""
#define PACKAGE "ossie"
#define VERSION "0.8.2"

configure: exit 0
