This file contains any messages produced by compilers while
running configure, to aid debugging if configure makes a mistake.

It was created by interpolator configure 0.0.1, which was
generated by GNU Autoconf 2.65.  Invocation command line was

  $ ./configure --disable-option-checking --prefix=/sdr --libdir=/usr/local/lib/ --includedir=/usr/local/include/ --with-boost --with-boost-filesystem --cache-file=/dev/null --srcdir=.

## --------- ##
## Platform. ##
## --------- ##

hostname = june-laptop
uname -m = i686
uname -r = 2.6.32-37-generic
uname -s = Linux
uname -v = #81-Ubuntu SMP Fri Dec 2 20:35:14 UTC 2011

/usr/bin/uname -p = unknown
/bin/uname -X     = unknown

/bin/arch              = unknown
/usr/bin/arch -k       = unknown
/usr/convex/getsysinfo = unknown
/usr/bin/hostinfo      = unknown
/bin/machine           = unknown
/usr/bin/oslevel       = unknown
/bin/universe          = unknown

PATH: /usr/local/sbin
PATH: /usr/local/bin
PATH: /usr/sbin
PATH: /usr/bin
PATH: /sbin
PATH: /bin
PATH: /usr/games


## ----------- ##
## Core tests. ##
## ----------- ##

configure:2609: checking for a BSD-compatible install
configure:2677: result: /usr/bin/install -c
configure:2688: checking whether build environment is sane
configure:2738: result: yes
configure:2879: checking for a thread-safe mkdir -p
configure:2918: result: /bin/mkdir -p
configure:2931: checking for gawk
configure:2947: found /usr/bin/gawk
configure:2958: result: gawk
configure:2969: checking whether make sets $(MAKE)
configure:2991: result: yes
configure:3101: checking build system type
configure:3115: result: i686-pc-linux-gnu
configure:3135: checking host system type
configure:3148: result: i686-pc-linux-gnu
configure:3180: checking for style of include used by make
configure:3208: result: GNU
configure:3278: checking for gcc
configure:3294: found /usr/bin/gcc
configure:3305: result: gcc
configure:3534: checking for C compiler version
configure:3543: gcc --version >&5
gcc (Ubuntu 4.4.3-4ubuntu5) 4.4.3
Copyright (C) 2009 Free Software Foundation, Inc.
This is free software; see the source for copying conditions.  There is NO
warranty; not even for MERCHANTABILITY or FITNESS FOR A PARTICULAR PURPOSE.

configure:3554: $? = 0
configure:3543: gcc -v >&5
Using built-in specs.
Target: i486-linux-gnu
Configured with: ../src/configure -v --with-pkgversion='Ubuntu 4.4.3-4ubuntu5' --with-bugurl=file:///usr/share/doc/gcc-4.4/README.Bugs --enable-languages=c,c++,fortran,objc,obj-c++ --prefix=/usr --enable-shared --enable-multiarch --enable-linker-build-id --with-system-zlib --libexecdir=/usr/lib --without-included-gettext --enable-threads=posix --with-gxx-include-dir=/usr/include/c++/4.4 --program-suffix=-4.4 --enable-nls --enable-clocale=gnu --enable-libstdcxx-debug --enable-plugin --enable-objc-gc --enable-targets=all --disable-werror --with-arch-32=i486 --with-tune=generic --enable-checking=release --build=i486-linux-gnu --host=i486-linux-gnu --target=i486-linux-gnu
Thread model: posix
gcc version 4.4.3 (Ubuntu 4.4.3-4ubuntu5) 
configure:3554: $? = 0
configure:3543: gcc -V >&5
gcc: '-V' option must have argument
configure:3554: $? = 1
configure:3543: gcc -qversion >&5
gcc: unrecognized option '-qversion'
gcc: no input files
configure:3554: $? = 1
configure:3574: checking whether the C compiler works
configure:3596: gcc    conftest.c  >&5
configure:3600: $? = 0
configure:3649: result: yes
configure:3652: checking for C compiler default output file name
configure:3654: result: a.out
configure:3660: checking for suffix of executables
configure:3667: gcc -o conftest    conftest.c  >&5
configure:3671: $? = 0
configure:3693: result: 
configure:3715: checking whether we are cross compiling
configure:3723: gcc -o conftest    conftest.c  >&5
configure:3727: $? = 0
configure:3734: ./conftest
configure:3738: $? = 0
configure:3753: result: no
configure:3758: checking for suffix of object files
configure:3780: gcc -c   conftest.c >&5
configure:3784: $? = 0
configure:3805: result: o
configure:3809: checking whether we are using the GNU C compiler
configure:3828: gcc -c   conftest.c >&5
configure:3828: $? = 0
configure:3837: result: yes
configure:3846: checking whether gcc accepts -g
configure:3866: gcc -c -g  conftest.c >&5
configure:3866: $? = 0
configure:3907: result: yes
configure:3924: checking for gcc option to accept ISO C89
configure:3988: gcc  -c -g -O2  conftest.c >&5
configure:3988: $? = 0
configure:4001: result: none needed
configure:4023: checking dependency style of gcc
configure:4133: result: gcc3
configure:4148: checking for a sed that does not truncate output
configure:4212: result: /bin/sed
configure:4230: checking for grep that handles long lines and -e
configure:4288: result: /bin/grep
configure:4293: checking for egrep
configure:4355: result: /bin/grep -E
configure:4360: checking for fgrep
configure:4422: result: /bin/grep -F
configure:4457: checking for ld used by gcc
configure:4524: result: /usr/bin/ld
configure:4531: checking if the linker (/usr/bin/ld) is GNU ld
configure:4546: result: yes
configure:4558: checking for BSD- or MS-compatible name lister (nm)
configure:4607: result: /usr/bin/nm -B
configure:4725: checking the name lister (/usr/bin/nm -B) interface
configure:4732: gcc -c -g -O2  conftest.c >&5
configure:4735: /usr/bin/nm -B "conftest.o"
configure:4738: output
00000000 B some_variable
configure:4745: result: BSD nm
configure:4748: checking whether ln -s works
configure:4752: result: yes
configure:4760: checking the maximum length of command line arguments
configure:4880: result: 1572864
configure:4897: checking whether the shell understands some XSI constructs
configure:4907: result: yes
configure:4911: checking whether the shell understands "+="
configure:4917: result: yes
configure:4952: checking for /usr/bin/ld option to reload object files
configure:4959: result: -r
configure:5028: checking for objdump
configure:5044: found /usr/bin/objdump
configure:5055: result: objdump
configure:5087: checking how to recognize dependent libraries
configure:5283: result: pass_all
configure:5343: checking for ar
configure:5359: found /usr/bin/ar
configure:5370: result: ar
configure:5448: checking for strip
configure:5464: found /usr/bin/strip
configure:5475: result: strip
configure:5547: checking for ranlib
configure:5563: found /usr/bin/ranlib
configure:5574: result: ranlib
configure:5664: checking command to parse /usr/bin/nm -B output from gcc object
configure:5782: gcc -c -g -O2  conftest.c >&5
configure:5785: $? = 0
configure:5789: /usr/bin/nm -B conftest.o \| sed -n -e 's/^.*[	 ]\([ABCDGIRSTW][ABCDGIRSTW]*\)[	 ][	 ]*\([_A-Za-z][_A-Za-z0-9]*\)$/\1 \2 \2/p' \> conftest.nm
configure:5792: $? = 0
configure:5846: gcc -o conftest -g -O2   conftest.c conftstm.o >&5
configure:5849: $? = 0
configure:5887: result: ok
configure:6696: checking how to run the C preprocessor
configure:6727: gcc -E  conftest.c
configure:6727: $? = 0
configure:6741: gcc -E  conftest.c
conftest.c:11:28: error: ac_nonexistent.h: No such file or directory
configure:6741: $? = 1
configure: failed program was:
| /* confdefs.h */
| #define PACKAGE_NAME "interpolator"
| #define PACKAGE_TARNAME "interpolator"
| #define PACKAGE_VERSION "0.0.1"
| #define PACKAGE_STRING "interpolator 0.0.1"
| #define PACKAGE_BUGREPORT ""
| #define PACKAGE_URL ""
| #define PACKAGE "interpolator"
| #define VERSION "0.0.1"
| /* end confdefs.h.  */
| #include <ac_nonexistent.h>
configure:6766: result: gcc -E
configure:6786: gcc -E  conftest.c
configure:6786: $? = 0
configure:6800: gcc -E  conftest.c
conftest.c:11:28: error: ac_nonexistent.h: No such file or directory
configure:6800: $? = 1
configure: failed program was:
| /* confdefs.h */
| #define PACKAGE_NAME "interpolator"
| #define PACKAGE_TARNAME "interpolator"
| #define PACKAGE_VERSION "0.0.1"
| #define PACKAGE_STRING "interpolator 0.0.1"
| #define PACKAGE_BUGREPORT ""
| #define PACKAGE_URL ""
| #define PACKAGE "interpolator"
| #define VERSION "0.0.1"
| /* end confdefs.h.  */
| #include <ac_nonexistent.h>
configure:6829: checking for ANSI C header files
configure:6849: gcc -c -g -O2  conftest.c >&5
configure:6849: $? = 0
configure:6922: gcc -o conftest -g -O2   conftest.c  >&5
configure:6922: $? = 0
configure:6922: ./conftest
configure:6922: $? = 0
configure:6933: result: yes
configure:6946: checking for sys/types.h
configure:6946: gcc -c -g -O2  conftest.c >&5
configure:6946: $? = 0
configure:6946: result: yes
configure:6946: checking for sys/stat.h
configure:6946: gcc -c -g -O2  conftest.c >&5
configure:6946: $? = 0
configure:6946: result: yes
configure:6946: checking for stdlib.h
configure:6946: gcc -c -g -O2  conftest.c >&5
configure:6946: $? = 0
configure:6946: result: yes
configure:6946: checking for string.h
configure:6946: gcc -c -g -O2  conftest.c >&5
configure:6946: $? = 0
configure:6946: result: yes
configure:6946: checking for memory.h
configure:6946: gcc -c -g -O2  conftest.c >&5
configure:6946: $? = 0
configure:6946: result: yes
configure:6946: checking for strings.h
configure:6946: gcc -c -g -O2  conftest.c >&5
configure:6946: $? = 0
configure:6946: result: yes
configure:6946: checking for inttypes.h
configure:6946: gcc -c -g -O2  conftest.c >&5
configure:6946: $? = 0
configure:6946: result: yes
configure:6946: checking for stdint.h
configure:6946: gcc -c -g -O2  conftest.c >&5
configure:6946: $? = 0
configure:6946: result: yes
configure:6946: checking for unistd.h
configure:6946: gcc -c -g -O2  conftest.c >&5
configure:6946: $? = 0
configure:6946: result: yes
configure:6961: checking for dlfcn.h
configure:6961: gcc -c -g -O2  conftest.c >&5
configure:6961: $? = 0
configure:6961: result: yes
configure:7145: checking for objdir
configure:7160: result: .libs
configure:7452: checking if gcc supports -fno-rtti -fno-exceptions
configure:7470: gcc -c -g -O2  -fno-rtti -fno-exceptions conftest.c >&5
cc1: warning: command line option "-fno-rtti" is valid for C++/ObjC++ but not for C
configure:7474: $? = 0
configure:7487: result: no
configure:7507: checking for gcc option to produce PIC
configure:7779: result: -fPIC -DPIC
configure:7791: checking if gcc PIC flag -fPIC -DPIC works
configure:7809: gcc -c -g -O2  -fPIC -DPIC -DPIC conftest.c >&5
configure:7813: $? = 0
configure:7826: result: yes
configure:7850: checking if gcc static flag -static works
configure:7878: result: yes
configure:7893: checking if gcc supports -c -o file.o
configure:7914: gcc -c -g -O2  -o out/conftest2.o conftest.c >&5
configure:7918: $? = 0
configure:7940: result: yes
configure:7948: checking if gcc supports -c -o file.o
configure:7995: result: yes
configure:8028: checking whether the gcc linker (/usr/bin/ld) supports shared libraries
configure:9019: result: yes
configure:9056: checking whether -lc should be explicitly linked in
configure:9061: gcc -c -g -O2  conftest.c >&5
configure:9064: $? = 0
configure:9079: gcc -shared conftest.o  -v -Wl,-soname -Wl,conftest -o conftest 2\>\&1 \| /bin/grep  -lc  \>/dev/null 2\>\&1
configure:9082: $? = 0
configure:9094: result: no
configure:9258: checking dynamic linker characteristics
configure:9691: gcc -o conftest -g -O2   -Wl,-rpath -Wl,/foo conftest.c  >&5
configure:9691: $? = 0
configure:9921: result: GNU/Linux ld.so
configure:10023: checking how to hardcode library paths into programs
configure:10048: result: immediate
configure:10568: checking whether stripping libraries is possible
configure:10573: result: yes
configure:10608: checking if libtool supports shared libraries
configure:10610: result: yes
configure:10613: checking whether to build shared libraries
configure:10634: result: yes
configure:10637: checking whether to build static libraries
configure:10641: result: yes
configure:10736: checking for g++
configure:10752: found /usr/bin/g++
configure:10763: result: g++
configure:10790: checking for C++ compiler version
configure:10799: g++ --version >&5
g++ (Ubuntu 4.4.3-4ubuntu5) 4.4.3
Copyright (C) 2009 Free Software Foundation, Inc.
This is free software; see the source for copying conditions.  There is NO
warranty; not even for MERCHANTABILITY or FITNESS FOR A PARTICULAR PURPOSE.

configure:10810: $? = 0
configure:10799: g++ -v >&5
Using built-in specs.
Target: i486-linux-gnu
Configured with: ../src/configure -v --with-pkgversion='Ubuntu 4.4.3-4ubuntu5' --with-bugurl=file:///usr/share/doc/gcc-4.4/README.Bugs --enable-languages=c,c++,fortran,objc,obj-c++ --prefix=/usr --enable-shared --enable-multiarch --enable-linker-build-id --with-system-zlib --libexecdir=/usr/lib --without-included-gettext --enable-threads=posix --with-gxx-include-dir=/usr/include/c++/4.4 --program-suffix=-4.4 --enable-nls --enable-clocale=gnu --enable-libstdcxx-debug --enable-plugin --enable-objc-gc --enable-targets=all --disable-werror --with-arch-32=i486 --with-tune=generic --enable-checking=release --build=i486-linux-gnu --host=i486-linux-gnu --target=i486-linux-gnu
Thread model: posix
gcc version 4.4.3 (Ubuntu 4.4.3-4ubuntu5) 
configure:10810: $? = 0
configure:10799: g++ -V >&5
g++: '-V' option must have argument
configure:10810: $? = 1
configure:10799: g++ -qversion >&5
g++: unrecognized option '-qversion'
g++: no input files
configure:10810: $? = 1
configure:10814: checking whether we are using the GNU C++ compiler
configure:10833: g++ -c   conftest.cpp >&5
configure:10833: $? = 0
configure:10842: result: yes
configure:10851: checking whether g++ accepts -g
configure:10871: g++ -c -g  conftest.cpp >&5
configure:10871: $? = 0
configure:10912: result: yes
configure:10937: checking dependency style of g++
configure:11047: result: gcc3
configure:11175: checking for C++ compiler version
configure:11184: g++ --version >&5
g++ (Ubuntu 4.4.3-4ubuntu5) 4.4.3
Copyright (C) 2009 Free Software Foundation, Inc.
This is free software; see the source for copying conditions.  There is NO
warranty; not even for MERCHANTABILITY or FITNESS FOR A PARTICULAR PURPOSE.

configure:11195: $? = 0
configure:11184: g++ -v >&5
Using built-in specs.
Target: i486-linux-gnu
Configured with: ../src/configure -v --with-pkgversion='Ubuntu 4.4.3-4ubuntu5' --with-bugurl=file:///usr/share/doc/gcc-4.4/README.Bugs --enable-languages=c,c++,fortran,objc,obj-c++ --prefix=/usr --enable-shared --enable-multiarch --enable-linker-build-id --with-system-zlib --libexecdir=/usr/lib --without-included-gettext --enable-threads=posix --with-gxx-include-dir=/usr/include/c++/4.4 --program-suffix=-4.4 --enable-nls --enable-clocale=gnu --enable-libstdcxx-debug --enable-plugin --enable-objc-gc --enable-targets=all --disable-werror --with-arch-32=i486 --with-tune=generic --enable-checking=release --build=i486-linux-gnu --host=i486-linux-gnu --target=i486-linux-gnu
Thread model: posix
gcc version 4.4.3 (Ubuntu 4.4.3-4ubuntu5) 
configure:11195: $? = 0
configure:11184: g++ -V >&5
g++: '-V' option must have argument
configure:11195: $? = 1
configure:11184: g++ -qversion >&5
g++: unrecognized option '-qversion'
g++: no input files
configure:11195: $? = 1
configure:11199: checking whether we are using the GNU C++ compiler
configure:11227: result: yes
configure:11236: checking whether g++ accepts -g
configure:11297: result: yes
configure:11322: checking dependency style of g++
configure:11432: result: gcc3
configure:11455: checking how to run the C++ preprocessor
configure:11482: g++ -E  conftest.cpp
configure:11482: $? = 0
configure:11496: g++ -E  conftest.cpp
conftest.cpp:23:28: error: ac_nonexistent.h: No such file or directory
configure:11496: $? = 1
configure: failed program was:
| /* confdefs.h */
| #define PACKAGE_NAME "interpolator"
| #define PACKAGE_TARNAME "interpolator"
| #define PACKAGE_VERSION "0.0.1"
| #define PACKAGE_STRING "interpolator 0.0.1"
| #define PACKAGE_BUGREPORT ""
| #define PACKAGE_URL ""
| #define PACKAGE "interpolator"
| #define VERSION "0.0.1"
| #define STDC_HEADERS 1
| #define HAVE_SYS_TYPES_H 1
| #define HAVE_SYS_STAT_H 1
| #define HAVE_STDLIB_H 1
| #define HAVE_STRING_H 1
| #define HAVE_MEMORY_H 1
| #define HAVE_STRINGS_H 1
| #define HAVE_INTTYPES_H 1
| #define HAVE_STDINT_H 1
| #define HAVE_UNISTD_H 1
| #define HAVE_DLFCN_H 1
| #define LT_OBJDIR ".libs/"
| /* end confdefs.h.  */
| #include <ac_nonexistent.h>
configure:11521: result: g++ -E
configure:11541: g++ -E  conftest.cpp
configure:11541: $? = 0
configure:11555: g++ -E  conftest.cpp
conftest.cpp:23:28: error: ac_nonexistent.h: No such file or directory
configure:11555: $? = 1
configure: failed program was:
| /* confdefs.h */
| #define PACKAGE_NAME "interpolator"
| #define PACKAGE_TARNAME "interpolator"
| #define PACKAGE_VERSION "0.0.1"
| #define PACKAGE_STRING "interpolator 0.0.1"
| #define PACKAGE_BUGREPORT ""
| #define PACKAGE_URL ""
| #define PACKAGE "interpolator"
| #define VERSION "0.0.1"
| #define STDC_HEADERS 1
| #define HAVE_SYS_TYPES_H 1
| #define HAVE_SYS_STAT_H 1
| #define HAVE_STDLIB_H 1
| #define HAVE_STRING_H 1
| #define HAVE_MEMORY_H 1
| #define HAVE_STRINGS_H 1
| #define HAVE_INTTYPES_H 1
| #define HAVE_STDINT_H 1
| #define HAVE_UNISTD_H 1
| #define HAVE_DLFCN_H 1
| #define LT_OBJDIR ".libs/"
| /* end confdefs.h.  */
| #include <ac_nonexistent.h>
configure:11723: checking for ld used by g++
configure:11790: result: /usr/bin/ld
configure:11797: checking if the linker (/usr/bin/ld) is GNU ld
configure:11812: result: yes
configure:11867: checking whether the g++ linker (/usr/bin/ld) supports shared libraries
configure:12780: result: yes
configure:12808: g++ -c -g -O2  conftest.cpp >&5
configure:12811: $? = 0
configure:12993: checking for g++ option to produce PIC
configure:13310: result: -fPIC -DPIC
configure:13319: checking if g++ PIC flag -fPIC -DPIC works
configure:13337: g++ -c -g -O2  -fPIC -DPIC -DPIC conftest.cpp >&5
configure:13341: $? = 0
configure:13354: result: yes
configure:13375: checking if g++ static flag -static works
configure:13403: result: yes
configure:13415: checking if g++ supports -c -o file.o
configure:13436: g++ -c -g -O2  -o out/conftest2.o conftest.cpp >&5
configure:13440: $? = 0
configure:13462: result: yes
configure:13467: checking if g++ supports -c -o file.o
configure:13514: result: yes
configure:13544: checking whether the g++ linker (/usr/bin/ld) supports shared libraries
configure:13573: result: yes
configure:13710: checking dynamic linker characteristics
configure:14091: g++ -o conftest -g -O2   -Wl,-rpath -Wl,/foo conftest.cpp  >&5
configure:14091: $? = 0
configure:14321: result: GNU/Linux ld.so
configure:14372: checking how to hardcode library paths into programs
configure:14397: result: immediate
configure:14438: checking whether make sets $(MAKE)
configure:14460: result: yes
configure:14470: checking for sys/wait.h that is POSIX.1 compatible
configure:14496: gcc -c -g -O2  conftest.c >&5
configure:14496: $? = 0
configure:14503: result: yes
configure:14512: checking for pid_t
configure:14512: gcc -c -g -O2  conftest.c >&5
configure:14512: $? = 0
configure:14512: gcc -c -g -O2  conftest.c >&5
conftest.c: In function 'main':
conftest.c:60: error: expected expression before ')' token
configure:14512: $? = 1
configure: failed program was:
| /* confdefs.h */
| #define PACKAGE_NAME "interpolator"
| #define PACKAGE_TARNAME "interpolator"
| #define PACKAGE_VERSION "0.0.1"
| #define PACKAGE_STRING "interpolator 0.0.1"
| #define PACKAGE_BUGREPORT ""
| #define PACKAGE_URL ""
| #define PACKAGE "interpolator"
| #define VERSION "0.0.1"
| #define STDC_HEADERS 1
| #define HAVE_SYS_TYPES_H 1
| #define HAVE_SYS_STAT_H 1
| #define HAVE_STDLIB_H 1
| #define HAVE_STRING_H 1
| #define HAVE_MEMORY_H 1
| #define HAVE_STRINGS_H 1
| #define HAVE_INTTYPES_H 1
| #define HAVE_STDINT_H 1
| #define HAVE_UNISTD_H 1
| #define HAVE_DLFCN_H 1
| #define LT_OBJDIR ".libs/"
| #define HAVE_SYS_WAIT_H 1
| /* end confdefs.h.  */
| #include <stdio.h>
| #ifdef HAVE_SYS_TYPES_H
| # include <sys/types.h>
| #endif
| #ifdef HAVE_SYS_STAT_H
| # include <sys/stat.h>
| #endif
| #ifdef STDC_HEADERS
| # include <stdlib.h>
| # include <stddef.h>
| #else
| # ifdef HAVE_STDLIB_H
| #  include <stdlib.h>
| # endif
| #endif
| #ifdef HAVE_STRING_H
| # if !defined STDC_HEADERS && defined HAVE_MEMORY_H
| #  include <memory.h>
| # endif
| # include <string.h>
| #endif
| #ifdef HAVE_STRINGS_H
| # include <strings.h>
| #endif
| #ifdef HAVE_INTTYPES_H
| # include <inttypes.h>
| #endif
| #ifdef HAVE_STDINT_H
| # include <stdint.h>
| #endif
| #ifdef HAVE_UNISTD_H
| # include <unistd.h>
| #endif
| int
| main ()
| {
| if (sizeof ((pid_t)))
| 	    return 0;
|   ;
|   return 0;
| }
configure:14512: result: yes
configure:14525: checking vfork.h usability
configure:14525: gcc -c -g -O2  conftest.c >&5
conftest.c:57:19: error: vfork.h: No such file or directory
configure:14525: $? = 1
configure: failed program was:
| /* confdefs.h */
| #define PACKAGE_NAME "interpolator"
| #define PACKAGE_TARNAME "interpolator"
| #define PACKAGE_VERSION "0.0.1"
| #define PACKAGE_STRING "interpolator 0.0.1"
| #define PACKAGE_BUGREPORT ""
| #define PACKAGE_URL ""
| #define PACKAGE "interpolator"
| #define VERSION "0.0.1"
| #define STDC_HEADERS 1
| #define HAVE_SYS_TYPES_H 1
| #define HAVE_SYS_STAT_H 1
| #define HAVE_STDLIB_H 1
| #define HAVE_STRING_H 1
| #define HAVE_MEMORY_H 1
| #define HAVE_STRINGS_H 1
| #define HAVE_INTTYPES_H 1
| #define HAVE_STDINT_H 1
| #define HAVE_UNISTD_H 1
| #define HAVE_DLFCN_H 1
| #define LT_OBJDIR ".libs/"
| #define HAVE_SYS_WAIT_H 1
| /* end confdefs.h.  */
| #include <stdio.h>
| #ifdef HAVE_SYS_TYPES_H
| # include <sys/types.h>
| #endif
| #ifdef HAVE_SYS_STAT_H
| # include <sys/stat.h>
| #endif
| #ifdef STDC_HEADERS
| # include <stdlib.h>
| # include <stddef.h>
| #else
| # ifdef HAVE_STDLIB_H
| #  include <stdlib.h>
| # endif
| #endif
| #ifdef HAVE_STRING_H
| # if !defined STDC_HEADERS && defined HAVE_MEMORY_H
| #  include <memory.h>
| # endif
| # include <string.h>
| #endif
| #ifdef HAVE_STRINGS_H
| # include <strings.h>
| #endif
| #ifdef HAVE_INTTYPES_H
| # include <inttypes.h>
| #endif
| #ifdef HAVE_STDINT_H
| # include <stdint.h>
| #endif
| #ifdef HAVE_UNISTD_H
| # include <unistd.h>
| #endif
| #include <vfork.h>
configure:14525: result: no
configure:14525: checking vfork.h presence
configure:14525: gcc -E  conftest.c
conftest.c:24:19: error: vfork.h: No such file or directory
configure:14525: $? = 1
configure: failed program was:
| /* confdefs.h */
| #define PACKAGE_NAME "interpolator"
| #define PACKAGE_TARNAME "interpolator"
| #define PACKAGE_VERSION "0.0.1"
| #define PACKAGE_STRING "interpolator 0.0.1"
| #define PACKAGE_BUGREPORT ""
| #define PACKAGE_URL ""
| #define PACKAGE "interpolator"
| #define VERSION "0.0.1"
| #define STDC_HEADERS 1
| #define HAVE_SYS_TYPES_H 1
| #define HAVE_SYS_STAT_H 1
| #define HAVE_STDLIB_H 1
| #define HAVE_STRING_H 1
| #define HAVE_MEMORY_H 1
| #define HAVE_STRINGS_H 1
| #define HAVE_INTTYPES_H 1
| #define HAVE_STDINT_H 1
| #define HAVE_UNISTD_H 1
| #define HAVE_DLFCN_H 1
| #define LT_OBJDIR ".libs/"
| #define HAVE_SYS_WAIT_H 1
| /* end confdefs.h.  */
| #include <vfork.h>
configure:14525: result: no
configure:14525: checking for vfork.h
configure:14525: result: no
configure:14538: checking for fork
configure:14538: gcc -o conftest -g -O2   conftest.c  >&5
conftest.c:47: warning: conflicting types for built-in function 'fork'
configure:14538: $? = 0
configure:14538: result: yes
configure:14538: checking for vfork
configure:14538: gcc -o conftest -g -O2   conftest.c  >&5
configure:14538: $? = 0
configure:14538: result: yes
configure:14549: checking for working fork
configure:14571: gcc -o conftest -g -O2   conftest.c  >&5
configure:14571: $? = 0
configure:14571: ./conftest
configure:14571: $? = 0
configure:14581: result: yes
configure:14602: checking for working vfork
configure:14712: result: yes
configure:14745: checking for main in -lomniORB4
configure:14764: g++ -o conftest -g -O2   conftest.cpp -lomniORB4   >&5
configure:14764: $? = 0
configure:14773: result: yes
configure:14786: checking for main in -lomnithread
configure:14805: g++ -o conftest -g -O2   conftest.cpp -lomnithread  -lomniORB4  >&5
configure:14805: $? = 0
configure:14814: result: yes
configure:14827: checking for main in -lomniDynamic4
configure:14846: g++ -o conftest -g -O2   conftest.cpp -lomniDynamic4  -lomnithread -lomniORB4  >&5
configure:14846: $? = 0
configure:14855: result: yes
configure:14871: checking omniORB4/CORBA.h usability
configure:14871: g++ -c -g -O2  conftest.cpp >&5
configure:14871: $? = 0
configure:14871: result: yes
configure:14871: checking omniORB4/CORBA.h presence
configure:14871: g++ -E  conftest.cpp
configure:14871: $? = 0
configure:14871: result: yes
configure:14871: checking for omniORB4/CORBA.h
configure:14871: result: yes
configure:15070: creating ./config.status

## ---------------------- ##
## Running config.status. ##
## ---------------------- ##

This file was extended by interpolator config.status 0.0.1, which was
generated by GNU Autoconf 2.65.  Invocation command line was

  CONFIG_FILES    = 
  CONFIG_HEADERS  = 
  CONFIG_LINKS    = 
  CONFIG_COMMANDS = 
  $ ./config.status 

on june-laptop

config.status:1048: creating Makefile
config.status:1211: executing depfiles commands
config.status:1211: executing libtool commands

## ---------------- ##
## Cache variables. ##
## ---------------- ##

ac_cv_build=i686-pc-linux-gnu
ac_cv_c_compiler_gnu=yes
ac_cv_cxx_compiler_gnu=yes
ac_cv_env_CCC_set=
ac_cv_env_CCC_value=
ac_cv_env_CC_set=
ac_cv_env_CC_value=
ac_cv_env_CFLAGS_set=
ac_cv_env_CFLAGS_value=
ac_cv_env_CPPFLAGS_set=
ac_cv_env_CPPFLAGS_value=
ac_cv_env_CPP_set=
ac_cv_env_CPP_value=
ac_cv_env_CXXCPP_set=
ac_cv_env_CXXCPP_value=
ac_cv_env_CXXFLAGS_set=
ac_cv_env_CXXFLAGS_value=
ac_cv_env_CXX_set=
ac_cv_env_CXX_value=
ac_cv_env_LDFLAGS_set=
ac_cv_env_LDFLAGS_value=
ac_cv_env_LIBS_set=
ac_cv_env_LIBS_value=
ac_cv_env_build_alias_set=
ac_cv_env_build_alias_value=
ac_cv_env_host_alias_set=
ac_cv_env_host_alias_value=
ac_cv_env_target_alias_set=
ac_cv_env_target_alias_value=
ac_cv_func_fork=yes
ac_cv_func_fork_works=yes
ac_cv_func_vfork=yes
ac_cv_func_vfork_works=yes
ac_cv_header_dlfcn_h=yes
ac_cv_header_inttypes_h=yes
ac_cv_header_memory_h=yes
ac_cv_header_omniORB4_CORBA_h=yes
ac_cv_header_stdc=yes
ac_cv_header_stdint_h=yes
ac_cv_header_stdlib_h=yes
ac_cv_header_string_h=yes
ac_cv_header_strings_h=yes
ac_cv_header_sys_stat_h=yes
ac_cv_header_sys_types_h=yes
ac_cv_header_sys_wait_h=yes
ac_cv_header_unistd_h=yes
ac_cv_header_vfork_h=no
ac_cv_host=i686-pc-linux-gnu
ac_cv_lib_omniDynamic4_main=yes
ac_cv_lib_omniORB4_main=yes
ac_cv_lib_omnithread_main=yes
ac_cv_objext=o
ac_cv_path_EGREP='/bin/grep -E'
ac_cv_path_FGREP='/bin/grep -F'
ac_cv_path_GREP=/bin/grep
ac_cv_path_SED=/bin/sed
ac_cv_path_install='/usr/bin/install -c'
ac_cv_path_mkdir=/bin/mkdir
ac_cv_prog_AWK=gawk
ac_cv_prog_CPP='gcc -E'
ac_cv_prog_CXXCPP='g++ -E'
ac_cv_prog_ac_ct_AR=ar
ac_cv_prog_ac_ct_CC=gcc
ac_cv_prog_ac_ct_CXX=g++
ac_cv_prog_ac_ct_OBJDUMP=objdump
ac_cv_prog_ac_ct_RANLIB=ranlib
ac_cv_prog_ac_ct_STRIP=strip
ac_cv_prog_cc_c89=
ac_cv_prog_cc_g=yes
ac_cv_prog_cxx_g=yes
ac_cv_prog_make_make_set=yes
ac_cv_type_pid_t=yes
am_cv_CC_dependencies_compiler_type=gcc3
am_cv_CXX_dependencies_compiler_type=gcc3
lt_cv_deplibs_check_method=pass_all
lt_cv_file_magic_cmd='$MAGIC_CMD'
lt_cv_file_magic_test_file=
lt_cv_ld_reload_flag=-r
lt_cv_nm_interface='BSD nm'
lt_cv_objdir=.libs
lt_cv_path_LD=/usr/bin/ld
lt_cv_path_LDCXX=/usr/bin/ld
lt_cv_path_NM='/usr/bin/nm -B'
lt_cv_prog_compiler_c_o=yes
lt_cv_prog_compiler_c_o_CXX=yes
lt_cv_prog_compiler_pic_works=yes
lt_cv_prog_compiler_pic_works_CXX=yes
lt_cv_prog_compiler_rtti_exceptions=no
lt_cv_prog_compiler_static_works=yes
lt_cv_prog_compiler_static_works_CXX=yes
lt_cv_prog_gnu_ld=yes
lt_cv_prog_gnu_ldcxx=yes
lt_cv_sys_global_symbol_pipe='sed -n -e '\''s/^.*[	 ]\([ABCDGIRSTW][ABCDGIRSTW]*\)[	 ][	 ]*\([_A-Za-z][_A-Za-z0-9]*\)$/\1 \2 \2/p'\'''
lt_cv_sys_global_symbol_to_c_name_address='sed -n -e '\''s/^: \([^ ]*\) $/  {\"\1\", (void *) 0},/p'\'' -e '\''s/^[ABCDGIRSTW]* \([^ ]*\) \([^ ]*\)$/  {"\2", (void *) \&\2},/p'\'''
lt_cv_sys_global_symbol_to_c_name_address_lib_prefix='sed -n -e '\''s/^: \([^ ]*\) $/  {\"\1\", (void *) 0},/p'\'' -e '\''s/^[ABCDGIRSTW]* \([^ ]*\) \(lib[^ ]*\)$/  {"\2", (void *) \&\2},/p'\'' -e '\''s/^[ABCDGIRSTW]* \([^ ]*\) \([^ ]*\)$/  {"lib\2", (void *) \&\2},/p'\'''
lt_cv_sys_global_symbol_to_cdecl='sed -n -e '\''s/^T .* \(.*\)$/extern int \1();/p'\'' -e '\''s/^[ABCDGIRSTW]* .* \(.*\)$/extern char \1;/p'\'''
lt_cv_sys_max_cmd_len=1572864

## ----------------- ##
## Output variables. ##
## ----------------- ##

ACLOCAL='${SHELL} /home/june/Work/temp/ossie-june/missing --run aclocal-1.11'
AMDEPBACKSLASH='\'
AMDEP_FALSE='#'
AMDEP_TRUE=''
AMTAR='${SHELL} /home/june/Work/temp/ossie-june/missing --run tar'
AR='ar'
AUTOCONF='${SHELL} /home/june/Work/temp/ossie-june/missing --run autoconf'
AUTOHEADER='${SHELL} /home/june/Work/temp/ossie-june/missing --run autoheader'
AUTOMAKE='${SHELL} /home/june/Work/temp/ossie-june/missing --run automake-1.11'
AWK='gawk'
CC='gcc'
CCDEPMODE='depmode=gcc3'
CFLAGS='-g -O2'
CPP='gcc -E'
CPPFLAGS=''
CXX='g++'
CXXCPP='g++ -E'
CXXDEPMODE='depmode=gcc3'
CXXFLAGS='-g -O2 '
CYGPATH_W='echo'
DEFS='-DPACKAGE_NAME=\"interpolator\" -DPACKAGE_TARNAME=\"interpolator\" -DPACKAGE_VERSION=\"0.0.1\" -DPACKAGE_STRING=\"interpolator\ 0.0.1\" -DPACKAGE_BUGREPORT=\"\" -DPACKAGE_URL=\"\" -DPACKAGE=\"interpolator\" -DVERSION=\"0.0.1\" -DSTDC_HEADERS=1 -DHAVE_SYS_TYPES_H=1 -DHAVE_SYS_STAT_H=1 -DHAVE_STDLIB_H=1 -DHAVE_STRING_H=1 -DHAVE_MEMORY_H=1 -DHAVE_STRINGS_H=1 -DHAVE_INTTYPES_H=1 -DHAVE_STDINT_H=1 -DHAVE_UNISTD_H=1 -DHAVE_DLFCN_H=1 -DLT_OBJDIR=\".libs/\" -DHAVE_SYS_WAIT_H=1 -DHAVE_FORK=1 -DHAVE_VFORK=1 -DHAVE_WORKING_VFORK=1 -DHAVE_WORKING_FORK=1 -DHAVE_LIBOMNIORB4=1 -DHAVE_LIBOMNITHREAD=1 -DHAVE_LIBOMNIDYNAMIC4=1 -DHAVE_OMNIORB4_CORBA_H=1'
DEPDIR='.deps'
DSYMUTIL=''
DUMPBIN=''
ECHO_C=''
ECHO_N='-n'
ECHO_T=''
EGREP='/bin/grep -E'
EXEEXT=''
FGREP='/bin/grep -F'
GREP='/bin/grep'
INSTALL_DATA='${INSTALL} -m 644'
INSTALL_PROGRAM='${INSTALL}'
INSTALL_SCRIPT='${INSTALL}'
INSTALL_STRIP_PROGRAM='$(install_sh) -c -s'
LD='/usr/bin/ld'
LDFLAGS=''
LIBOBJS=''
LIBS='-lomniDynamic4 -lomnithread -lomniORB4  '
LIBTOOL='$(SHELL) $(top_builddir)/libtool'
LIPO=''
LN_S='ln -s'
LTLIBOBJS=''
MAKEINFO='${SHELL} /home/june/Work/temp/ossie-june/missing --run makeinfo'
MKDIR_P='/bin/mkdir -p'
NM='/usr/bin/nm -B'
NMEDIT=''
OBJDUMP='objdump'
OBJEXT='o'
OTOOL64=''
OTOOL=''
PACKAGE='interpolator'
PACKAGE_BUGREPORT=''
PACKAGE_NAME='interpolator'
PACKAGE_STRING='interpolator 0.0.1'
PACKAGE_TARNAME='interpolator'
PACKAGE_URL=''
PACKAGE_VERSION='0.0.1'
PATH_SEPARATOR=':'
RANLIB='ranlib'
SED='/bin/sed'
SET_MAKE=''
SHELL='/bin/bash'
STRIP='strip'
VERSION='0.0.1'
ac_ct_CC='gcc'
ac_ct_CXX='g++'
ac_ct_DUMPBIN=''
am__EXEEXT_FALSE=''
am__EXEEXT_TRUE='#'
am__fastdepCC_FALSE='#'
am__fastdepCC_TRUE=''
am__fastdepCXX_FALSE='#'
am__fastdepCXX_TRUE=''
am__include='include'
am__isrc=''
am__leading_dot='.'
am__quote=''
am__tar='${AMTAR} chof - "$$tardir"'
am__untar='${AMTAR} xf -'
bindir='${exec_prefix}/bin'
build='i686-pc-linux-gnu'
build_alias=''
build_cpu='i686'
build_os='linux-gnu'
build_vendor='pc'
datadir='${datarootdir}'
datarootdir='${prefix}/share'
docdir='${datarootdir}/doc/${PACKAGE_TARNAME}'
dvidir='${docdir}'
exec_prefix='${prefix}'
host='i686-pc-linux-gnu'
host_alias=''
host_cpu='i686'
host_os='linux-gnu'
host_vendor='pc'
htmldir='${docdir}'
includedir='/usr/local/include'
infodir='${datarootdir}/info'
install_sh='${SHELL} /home/june/Work/temp/ossie-june/install-sh'
libdir='/usr/local/lib'
libexecdir='${exec_prefix}/libexec'
localedir='${datarootdir}/locale'
localstatedir='${prefix}/var'
lt_ECHO='echo'
mandir='${datarootdir}/man'
mkdir_p='/bin/mkdir -p'
oldincludedir='/usr/include'
pdfdir='${docdir}'
prefix='/sdr'
program_transform_name='s,x,x,'
psdir='${docdir}'
sbindir='${exec_prefix}/sbin'
sharedstatedir='${prefix}/com'
sysconfdir='${prefix}/etc'
target_alias=''

## ----------- ##
## confdefs.h. ##
## ----------- ##

/* confdefs.h */
#define PACKAGE_NAME "interpolator"
#define PACKAGE_TARNAME "interpolator"
#define PACKAGE_VERSION "0.0.1"
#define PACKAGE_STRING "interpolator 0.0.1"
#define PACKAGE_BUGREPORT ""
#define PACKAGE_URL ""
#define PACKAGE "interpolator"
#define VERSION "0.0.1"
#define STDC_HEADERS 1
#define HAVE_SYS_TYPES_H 1
#define HAVE_SYS_STAT_H 1
#define HAVE_STDLIB_H 1
#define HAVE_STRING_H 1
#define HAVE_MEMORY_H 1
#define HAVE_STRINGS_H 1
#define HAVE_INTTYPES_H 1
#define HAVE_STDINT_H 1
#define HAVE_UNISTD_H 1
#define HAVE_DLFCN_H 1
#define LT_OBJDIR ".libs/"
#define HAVE_SYS_WAIT_H 1
#define HAVE_FORK 1
#define HAVE_VFORK 1
#define HAVE_WORKING_VFORK 1
#define HAVE_WORKING_FORK 1
#define HAVE_LIBOMNIORB4 1
#define HAVE_LIBOMNITHREAD 1
#define HAVE_LIBOMNIDYNAMIC4 1
#define HAVE_OMNIORB4_CORBA_H 1

configure: exit 0
