This file contains any messages produced by compilers while
running configure, to aid debugging if configure makes a mistake.

It was created by c_wavLoader configure 0.6.2, which was
generated by GNU Autoconf 2.65.  Invocation command line was

  $ ./configure --disable-option-checking --prefix=/sdr --libdir=/usr/local/lib/ --includedir=/usr/local/include/ --with-boost --with-boost-filesystem --cache-file=/dev/null --srcdir=. --no-create --no-recursion

## --------- ##
## Platform. ##
## --------- ##

hostname = june-laptop
uname -m = i686
uname -r = 2.6.32-37-generic
uname -s = Linux
uname -v = #81-Ubuntu SMP Fri Dec 2 20:35:14 UTC 2011

/usr/bin/uname -p = unknown
/bin/uname -X     = unknown

/bin/arch              = unknown
/usr/bin/arch -k       = unknown
/usr/convex/getsysinfo = unknown
/usr/bin/hostinfo      = unknown
/bin/machine           = unknown
/usr/bin/oslevel       = unknown
/bin/universe          = unknown

PATH: /usr/local/sbin
PATH: /usr/local/bin
PATH: /usr/sbin
PATH: /usr/bin
PATH: /sbin
PATH: /bin
PATH: /usr/games


## ----------- ##
## Core tests. ##
## ----------- ##

configure:2608: checking for a BSD-compatible install
configure:2676: result: /usr/bin/install -c
configure:2687: checking whether build environment is sane
configure:2737: result: yes
configure:2878: checking for a thread-safe mkdir -p
configure:2917: result: /bin/mkdir -p
configure:2930: checking for gawk
configure:2946: found /usr/bin/gawk
configure:2957: result: gawk
configure:2968: checking whether make sets $(MAKE)
configure:2990: result: yes
configure:3100: checking build system type
configure:3114: result: i686-pc-linux-gnu
configure:3134: checking host system type
configure:3147: result: i686-pc-linux-gnu
configure:3179: checking for style of include used by make
configure:3207: result: GNU
configure:3277: checking for gcc
configure:3293: found /usr/bin/gcc
configure:3304: result: gcc
configure:3533: checking for C compiler version
configure:3542: gcc --version >&5
gcc (Ubuntu 4.4.3-4ubuntu5) 4.4.3
Copyright (C) 2009 Free Software Foundation, Inc.
This is free software; see the source for copying conditions.  There is NO
warranty; not even for MERCHANTABILITY or FITNESS FOR A PARTICULAR PURPOSE.

configure:3553: $? = 0
configure:3542: gcc -v >&5
Using built-in specs.
Target: i486-linux-gnu
Configured with: ../src/configure -v --with-pkgversion='Ubuntu 4.4.3-4ubuntu5' --with-bugurl=file:///usr/share/doc/gcc-4.4/README.Bugs --enable-languages=c,c++,fortran,objc,obj-c++ --prefix=/usr --enable-shared --enable-multiarch --enable-linker-build-id --with-system-zlib --libexecdir=/usr/lib --without-included-gettext --enable-threads=posix --with-gxx-include-dir=/usr/include/c++/4.4 --program-suffix=-4.4 --enable-nls --enable-clocale=gnu --enable-libstdcxx-debug --enable-plugin --enable-objc-gc --enable-targets=all --disable-werror --with-arch-32=i486 --with-tune=generic --enable-checking=release --build=i486-linux-gnu --host=i486-linux-gnu --target=i486-linux-gnu
Thread model: posix
gcc version 4.4.3 (Ubuntu 4.4.3-4ubuntu5) 
configure:3553: $? = 0
configure:3542: gcc -V >&5
gcc: '-V' option must have argument
configure:3553: $? = 1
configure:3542: gcc -qversion >&5
gcc: unrecognized option '-qversion'
gcc: no input files
configure:3553: $? = 1
configure:3573: checking whether the C compiler works
configure:3595: gcc    conftest.c  >&5
configure:3599: $? = 0
configure:3648: result: yes
configure:3651: checking for C compiler default output file name
configure:3653: result: a.out
configure:3659: checking for suffix of executables
configure:3666: gcc -o conftest    conftest.c  >&5
configure:3670: $? = 0
configure:3692: result: 
configure:3714: checking whether we are cross compiling
configure:3722: gcc -o conftest    conftest.c  >&5
configure:3726: $? = 0
configure:3733: ./conftest
configure:3737: $? = 0
configure:3752: result: no
configure:3757: checking for suffix of object files
configure:3779: gcc -c   conftest.c >&5
configure:3783: $? = 0
configure:3804: result: o
configure:3808: checking whether we are using the GNU C compiler
configure:3827: gcc -c   conftest.c >&5
configure:3827: $? = 0
configure:3836: result: yes
configure:3845: checking whether gcc accepts -g
configure:3865: gcc -c -g  conftest.c >&5
configure:3865: $? = 0
configure:3906: result: yes
configure:3923: checking for gcc option to accept ISO C89
configure:3987: gcc  -c -g -O2  conftest.c >&5
configure:3987: $? = 0
configure:4000: result: none needed
configure:4022: checking dependency style of gcc
configure:4132: result: gcc3
configure:4147: checking for a sed that does not truncate output
configure:4211: result: /bin/sed
configure:4229: checking for grep that handles long lines and -e
configure:4287: result: /bin/grep
configure:4292: checking for egrep
configure:4354: result: /bin/grep -E
configure:4359: checking for fgrep
configure:4421: result: /bin/grep -F
configure:4456: checking for ld used by gcc
configure:4523: result: /usr/bin/ld
configure:4530: checking if the linker (/usr/bin/ld) is GNU ld
configure:4545: result: yes
configure:4557: checking for BSD- or MS-compatible name lister (nm)
configure:4606: result: /usr/bin/nm -B
configure:4724: checking the name lister (/usr/bin/nm -B) interface
configure:4731: gcc -c -g -O2  conftest.c >&5
configure:4734: /usr/bin/nm -B "conftest.o"
configure:4737: output
00000000 B some_variable
configure:4744: result: BSD nm
configure:4747: checking whether ln -s works
configure:4751: result: yes
configure:4759: checking the maximum length of command line arguments
configure:4879: result: 805306365
configure:4896: checking whether the shell understands some XSI constructs
configure:4906: result: yes
configure:4910: checking whether the shell understands "+="
configure:4916: result: yes
configure:4951: checking for /usr/bin/ld option to reload object files
configure:4958: result: -r
configure:5027: checking for objdump
configure:5043: found /usr/bin/objdump
configure:5054: result: objdump
configure:5086: checking how to recognize dependent libraries
configure:5282: result: pass_all
configure:5342: checking for ar
configure:5358: found /usr/bin/ar
configure:5369: result: ar
configure:5447: checking for strip
configure:5463: found /usr/bin/strip
configure:5474: result: strip
configure:5546: checking for ranlib
configure:5562: found /usr/bin/ranlib
configure:5573: result: ranlib
configure:5663: checking command to parse /usr/bin/nm -B output from gcc object
configure:5781: gcc -c -g -O2  conftest.c >&5
configure:5784: $? = 0
configure:5788: /usr/bin/nm -B conftest.o \| sed -n -e 's/^.*[	 ]\([ABCDGIRSTW][ABCDGIRSTW]*\)[	 ][	 ]*\([_A-Za-z][_A-Za-z0-9]*\)$/\1 \2 \2/p' \> conftest.nm
configure:5791: $? = 0
configure:5845: gcc -o conftest -g -O2   conftest.c conftstm.o >&5
configure:5848: $? = 0
configure:5886: result: ok
configure:6695: checking how to run the C preprocessor
configure:6726: gcc -E  conftest.c
configure:6726: $? = 0
configure:6740: gcc -E  conftest.c
conftest.c:11:28: error: ac_nonexistent.h: No such file or directory
configure:6740: $? = 1
configure: failed program was:
| /* confdefs.h */
| #define PACKAGE_NAME "c_wavLoader"
| #define PACKAGE_TARNAME "c_wavloader"
| #define PACKAGE_VERSION "0.6.2"
| #define PACKAGE_STRING "c_wavLoader 0.6.2"
| #define PACKAGE_BUGREPORT ""
| #define PACKAGE_URL ""
| #define PACKAGE "c_wavloader"
| #define VERSION "0.6.2"
| /* end confdefs.h.  */
| #include <ac_nonexistent.h>
configure:6765: result: gcc -E
configure:6785: gcc -E  conftest.c
configure:6785: $? = 0
configure:6799: gcc -E  conftest.c
conftest.c:11:28: error: ac_nonexistent.h: No such file or directory
configure:6799: $? = 1
configure: failed program was:
| /* confdefs.h */
| #define PACKAGE_NAME "c_wavLoader"
| #define PACKAGE_TARNAME "c_wavloader"
| #define PACKAGE_VERSION "0.6.2"
| #define PACKAGE_STRING "c_wavLoader 0.6.2"
| #define PACKAGE_BUGREPORT ""
| #define PACKAGE_URL ""
| #define PACKAGE "c_wavloader"
| #define VERSION "0.6.2"
| /* end confdefs.h.  */
| #include <ac_nonexistent.h>
configure:6828: checking for ANSI C header files
configure:6848: gcc -c -g -O2  conftest.c >&5
configure:6848: $? = 0
configure:6921: gcc -o conftest -g -O2   conftest.c  >&5
configure:6921: $? = 0
configure:6921: ./conftest
configure:6921: $? = 0
configure:6932: result: yes
configure:6945: checking for sys/types.h
configure:6945: gcc -c -g -O2  conftest.c >&5
configure:6945: $? = 0
configure:6945: result: yes
configure:6945: checking for sys/stat.h
configure:6945: gcc -c -g -O2  conftest.c >&5
configure:6945: $? = 0
configure:6945: result: yes
configure:6945: checking for stdlib.h
configure:6945: gcc -c -g -O2  conftest.c >&5
configure:6945: $? = 0
configure:6945: result: yes
configure:6945: checking for string.h
configure:6945: gcc -c -g -O2  conftest.c >&5
configure:6945: $? = 0
configure:6945: result: yes
configure:6945: checking for memory.h
configure:6945: gcc -c -g -O2  conftest.c >&5
configure:6945: $? = 0
configure:6945: result: yes
configure:6945: checking for strings.h
configure:6945: gcc -c -g -O2  conftest.c >&5
configure:6945: $? = 0
configure:6945: result: yes
configure:6945: checking for inttypes.h
configure:6945: gcc -c -g -O2  conftest.c >&5
configure:6945: $? = 0
configure:6945: result: yes
configure:6945: checking for stdint.h
configure:6945: gcc -c -g -O2  conftest.c >&5
configure:6945: $? = 0
configure:6945: result: yes
configure:6945: checking for unistd.h
configure:6945: gcc -c -g -O2  conftest.c >&5
configure:6945: $? = 0
configure:6945: result: yes
configure:6960: checking for dlfcn.h
configure:6960: gcc -c -g -O2  conftest.c >&5
configure:6960: $? = 0
configure:6960: result: yes
configure:7144: checking for objdir
configure:7159: result: .libs
configure:7451: checking if gcc supports -fno-rtti -fno-exceptions
configure:7469: gcc -c -g -O2  -fno-rtti -fno-exceptions conftest.c >&5
cc1: warning: command line option "-fno-rtti" is valid for C++/ObjC++ but not for C
configure:7473: $? = 0
configure:7486: result: no
configure:7506: checking for gcc option to produce PIC
configure:7778: result: -fPIC -DPIC
configure:7790: checking if gcc PIC flag -fPIC -DPIC works
configure:7808: gcc -c -g -O2  -fPIC -DPIC -DPIC conftest.c >&5
configure:7812: $? = 0
configure:7825: result: yes
configure:7849: checking if gcc static flag -static works
configure:7877: result: yes
configure:7892: checking if gcc supports -c -o file.o
configure:7913: gcc -c -g -O2  -o out/conftest2.o conftest.c >&5
configure:7917: $? = 0
configure:7939: result: yes
configure:7947: checking if gcc supports -c -o file.o
configure:7994: result: yes
configure:8027: checking whether the gcc linker (/usr/bin/ld) supports shared libraries
configure:9018: result: yes
configure:9055: checking whether -lc should be explicitly linked in
configure:9060: gcc -c -g -O2  conftest.c >&5
configure:9063: $? = 0
configure:9078: gcc -shared conftest.o  -v -Wl,-soname -Wl,conftest -o conftest 2\>\&1 \| /bin/grep  -lc  \>/dev/null 2\>\&1
configure:9081: $? = 0
configure:9093: result: no
configure:9257: checking dynamic linker characteristics
configure:9690: gcc -o conftest -g -O2   -Wl,-rpath -Wl,/foo conftest.c  >&5
configure:9690: $? = 0
configure:9920: result: GNU/Linux ld.so
configure:10022: checking how to hardcode library paths into programs
configure:10047: result: immediate
configure:10567: checking whether stripping libraries is possible
configure:10572: result: yes
configure:10607: checking if libtool supports shared libraries
configure:10609: result: yes
configure:10612: checking whether to build shared libraries
configure:10633: result: yes
configure:10636: checking whether to build static libraries
configure:10640: result: yes
configure:10733: checking for g++
configure:10749: found /usr/bin/g++
configure:10760: result: g++
configure:10787: checking for C++ compiler version
configure:10796: g++ --version >&5
g++ (Ubuntu 4.4.3-4ubuntu5) 4.4.3
Copyright (C) 2009 Free Software Foundation, Inc.
This is free software; see the source for copying conditions.  There is NO
warranty; not even for MERCHANTABILITY or FITNESS FOR A PARTICULAR PURPOSE.

configure:10807: $? = 0
configure:10796: g++ -v >&5
Using built-in specs.
Target: i486-linux-gnu
Configured with: ../src/configure -v --with-pkgversion='Ubuntu 4.4.3-4ubuntu5' --with-bugurl=file:///usr/share/doc/gcc-4.4/README.Bugs --enable-languages=c,c++,fortran,objc,obj-c++ --prefix=/usr --enable-shared --enable-multiarch --enable-linker-build-id --with-system-zlib --libexecdir=/usr/lib --without-included-gettext --enable-threads=posix --with-gxx-include-dir=/usr/include/c++/4.4 --program-suffix=-4.4 --enable-nls --enable-clocale=gnu --enable-libstdcxx-debug --enable-plugin --enable-objc-gc --enable-targets=all --disable-werror --with-arch-32=i486 --with-tune=generic --enable-checking=release --build=i486-linux-gnu --host=i486-linux-gnu --target=i486-linux-gnu
Thread model: posix
gcc version 4.4.3 (Ubuntu 4.4.3-4ubuntu5) 
configure:10807: $? = 0
configure:10796: g++ -V >&5
g++: '-V' option must have argument
configure:10807: $? = 1
configure:10796: g++ -qversion >&5
g++: unrecognized option '-qversion'
g++: no input files
configure:10807: $? = 1
configure:10811: checking whether we are using the GNU C++ compiler
configure:10830: g++ -c   conftest.cpp >&5
configure:10830: $? = 0
configure:10839: result: yes
configure:10848: checking whether g++ accepts -g
configure:10868: g++ -c -g  conftest.cpp >&5
configure:10868: $? = 0
configure:10909: result: yes
configure:10934: checking dependency style of g++
configure:11044: result: gcc3
configure:11172: checking for C++ compiler version
configure:11181: g++ --version >&5
g++ (Ubuntu 4.4.3-4ubuntu5) 4.4.3
Copyright (C) 2009 Free Software Foundation, Inc.
This is free software; see the source for copying conditions.  There is NO
warranty; not even for MERCHANTABILITY or FITNESS FOR A PARTICULAR PURPOSE.

configure:11192: $? = 0
configure:11181: g++ -v >&5
Using built-in specs.
Target: i486-linux-gnu
Configured with: ../src/configure -v --with-pkgversion='Ubuntu 4.4.3-4ubuntu5' --with-bugurl=file:///usr/share/doc/gcc-4.4/README.Bugs --enable-languages=c,c++,fortran,objc,obj-c++ --prefix=/usr --enable-shared --enable-multiarch --enable-linker-build-id --with-system-zlib --libexecdir=/usr/lib --without-included-gettext --enable-threads=posix --with-gxx-include-dir=/usr/include/c++/4.4 --program-suffix=-4.4 --enable-nls --enable-clocale=gnu --enable-libstdcxx-debug --enable-plugin --enable-objc-gc --enable-targets=all --disable-werror --with-arch-32=i486 --with-tune=generic --enable-checking=release --build=i486-linux-gnu --host=i486-linux-gnu --target=i486-linux-gnu
Thread model: posix
gcc version 4.4.3 (Ubuntu 4.4.3-4ubuntu5) 
configure:11192: $? = 0
configure:11181: g++ -V >&5
g++: '-V' option must have argument
configure:11192: $? = 1
configure:11181: g++ -qversion >&5
g++: unrecognized option '-qversion'
g++: no input files
configure:11192: $? = 1
configure:11196: checking whether we are using the GNU C++ compiler
configure:11224: result: yes
configure:11233: checking whether g++ accepts -g
configure:11294: result: yes
configure:11319: checking dependency style of g++
configure:11429: result: gcc3
configure:11452: checking how to run the C++ preprocessor
configure:11479: g++ -E  conftest.cpp
configure:11479: $? = 0
configure:11493: g++ -E  conftest.cpp
conftest.cpp:23:28: error: ac_nonexistent.h: No such file or directory
configure:11493: $? = 1
configure: failed program was:
| /* confdefs.h */
| #define PACKAGE_NAME "c_wavLoader"
| #define PACKAGE_TARNAME "c_wavloader"
| #define PACKAGE_VERSION "0.6.2"
| #define PACKAGE_STRING "c_wavLoader 0.6.2"
| #define PACKAGE_BUGREPORT ""
| #define PACKAGE_URL ""
| #define PACKAGE "c_wavloader"
| #define VERSION "0.6.2"
| #define STDC_HEADERS 1
| #define HAVE_SYS_TYPES_H 1
| #define HAVE_SYS_STAT_H 1
| #define HAVE_STDLIB_H 1
| #define HAVE_STRING_H 1
| #define HAVE_MEMORY_H 1
| #define HAVE_STRINGS_H 1
| #define HAVE_INTTYPES_H 1
| #define HAVE_STDINT_H 1
| #define HAVE_UNISTD_H 1
| #define HAVE_DLFCN_H 1
| #define LT_OBJDIR ".libs/"
| /* end confdefs.h.  */
| #include <ac_nonexistent.h>
configure:11518: result: g++ -E
configure:11538: g++ -E  conftest.cpp
configure:11538: $? = 0
configure:11552: g++ -E  conftest.cpp
conftest.cpp:23:28: error: ac_nonexistent.h: No such file or directory
configure:11552: $? = 1
configure: failed program was:
| /* confdefs.h */
| #define PACKAGE_NAME "c_wavLoader"
| #define PACKAGE_TARNAME "c_wavloader"
| #define PACKAGE_VERSION "0.6.2"
| #define PACKAGE_STRING "c_wavLoader 0.6.2"
| #define PACKAGE_BUGREPORT ""
| #define PACKAGE_URL ""
| #define PACKAGE "c_wavloader"
| #define VERSION "0.6.2"
| #define STDC_HEADERS 1
| #define HAVE_SYS_TYPES_H 1
| #define HAVE_SYS_STAT_H 1
| #define HAVE_STDLIB_H 1
| #define HAVE_STRING_H 1
| #define HAVE_MEMORY_H 1
| #define HAVE_STRINGS_H 1
| #define HAVE_INTTYPES_H 1
| #define HAVE_STDINT_H 1
| #define HAVE_UNISTD_H 1
| #define HAVE_DLFCN_H 1
| #define LT_OBJDIR ".libs/"
| /* end confdefs.h.  */
| #include <ac_nonexistent.h>
configure:11720: checking for ld used by g++
configure:11787: result: /usr/bin/ld
configure:11794: checking if the linker (/usr/bin/ld) is GNU ld
configure:11809: result: yes
configure:11864: checking whether the g++ linker (/usr/bin/ld) supports shared libraries
configure:12777: result: yes
configure:12805: g++ -c -g -O2  conftest.cpp >&5
configure:12808: $? = 0
configure:12990: checking for g++ option to produce PIC
configure:13307: result: -fPIC -DPIC
configure:13316: checking if g++ PIC flag -fPIC -DPIC works
configure:13334: g++ -c -g -O2  -fPIC -DPIC -DPIC conftest.cpp >&5
configure:13338: $? = 0
configure:13351: result: yes
configure:13372: checking if g++ static flag -static works
configure:13400: result: yes
configure:13412: checking if g++ supports -c -o file.o
configure:13433: g++ -c -g -O2  -o out/conftest2.o conftest.cpp >&5
configure:13437: $? = 0
configure:13459: result: yes
configure:13464: checking if g++ supports -c -o file.o
configure:13511: result: yes
configure:13541: checking whether the g++ linker (/usr/bin/ld) supports shared libraries
configure:13570: result: yes
configure:13707: checking dynamic linker characteristics
configure:14088: g++ -o conftest -g -O2   -Wl,-rpath -Wl,/foo conftest.cpp  >&5
configure:14088: $? = 0
configure:14318: result: GNU/Linux ld.so
configure:14369: checking how to hardcode library paths into programs
configure:14394: result: immediate
configure:14435: checking whether make sets $(MAKE)
configure:14457: result: yes
configure:14467: checking for sys/wait.h that is POSIX.1 compatible
configure:14493: gcc -c -g -O2  conftest.c >&5
configure:14493: $? = 0
configure:14500: result: yes
configure:14509: checking for pid_t
configure:14509: gcc -c -g -O2  conftest.c >&5
configure:14509: $? = 0
configure:14509: gcc -c -g -O2  conftest.c >&5
conftest.c: In function 'main':
conftest.c:60: error: expected expression before ')' token
configure:14509: $? = 1
configure: failed program was:
| /* confdefs.h */
| #define PACKAGE_NAME "c_wavLoader"
| #define PACKAGE_TARNAME "c_wavloader"
| #define PACKAGE_VERSION "0.6.2"
| #define PACKAGE_STRING "c_wavLoader 0.6.2"
| #define PACKAGE_BUGREPORT ""
| #define PACKAGE_URL ""
| #define PACKAGE "c_wavloader"
| #define VERSION "0.6.2"
| #define STDC_HEADERS 1
| #define HAVE_SYS_TYPES_H 1
| #define HAVE_SYS_STAT_H 1
| #define HAVE_STDLIB_H 1
| #define HAVE_STRING_H 1
| #define HAVE_MEMORY_H 1
| #define HAVE_STRINGS_H 1
| #define HAVE_INTTYPES_H 1
| #define HAVE_STDINT_H 1
| #define HAVE_UNISTD_H 1
| #define HAVE_DLFCN_H 1
| #define LT_OBJDIR ".libs/"
| #define HAVE_SYS_WAIT_H 1
| /* end confdefs.h.  */
| #include <stdio.h>
| #ifdef HAVE_SYS_TYPES_H
| # include <sys/types.h>
| #endif
| #ifdef HAVE_SYS_STAT_H
| # include <sys/stat.h>
| #endif
| #ifdef STDC_HEADERS
| # include <stdlib.h>
| # include <stddef.h>
| #else
| # ifdef HAVE_STDLIB_H
| #  include <stdlib.h>
| # endif
| #endif
| #ifdef HAVE_STRING_H
| # if !defined STDC_HEADERS && defined HAVE_MEMORY_H
| #  include <memory.h>
| # endif
| # include <string.h>
| #endif
| #ifdef HAVE_STRINGS_H
| # include <strings.h>
| #endif
| #ifdef HAVE_INTTYPES_H
| # include <inttypes.h>
| #endif
| #ifdef HAVE_STDINT_H
| # include <stdint.h>
| #endif
| #ifdef HAVE_UNISTD_H
| # include <unistd.h>
| #endif
| int
| main ()
| {
| if (sizeof ((pid_t)))
| 	    return 0;
|   ;
|   return 0;
| }
configure:14509: result: yes
configure:14522: checking vfork.h usability
configure:14522: gcc -c -g -O2  conftest.c >&5
conftest.c:57:19: error: vfork.h: No such file or directory
configure:14522: $? = 1
configure: failed program was:
| /* confdefs.h */
| #define PACKAGE_NAME "c_wavLoader"
| #define PACKAGE_TARNAME "c_wavloader"
| #define PACKAGE_VERSION "0.6.2"
| #define PACKAGE_STRING "c_wavLoader 0.6.2"
| #define PACKAGE_BUGREPORT ""
| #define PACKAGE_URL ""
| #define PACKAGE "c_wavloader"
| #define VERSION "0.6.2"
| #define STDC_HEADERS 1
| #define HAVE_SYS_TYPES_H 1
| #define HAVE_SYS_STAT_H 1
| #define HAVE_STDLIB_H 1
| #define HAVE_STRING_H 1
| #define HAVE_MEMORY_H 1
| #define HAVE_STRINGS_H 1
| #define HAVE_INTTYPES_H 1
| #define HAVE_STDINT_H 1
| #define HAVE_UNISTD_H 1
| #define HAVE_DLFCN_H 1
| #define LT_OBJDIR ".libs/"
| #define HAVE_SYS_WAIT_H 1
| /* end confdefs.h.  */
| #include <stdio.h>
| #ifdef HAVE_SYS_TYPES_H
| # include <sys/types.h>
| #endif
| #ifdef HAVE_SYS_STAT_H
| # include <sys/stat.h>
| #endif
| #ifdef STDC_HEADERS
| # include <stdlib.h>
| # include <stddef.h>
| #else
| # ifdef HAVE_STDLIB_H
| #  include <stdlib.h>
| # endif
| #endif
| #ifdef HAVE_STRING_H
| # if !defined STDC_HEADERS && defined HAVE_MEMORY_H
| #  include <memory.h>
| # endif
| # include <string.h>
| #endif
| #ifdef HAVE_STRINGS_H
| # include <strings.h>
| #endif
| #ifdef HAVE_INTTYPES_H
| # include <inttypes.h>
| #endif
| #ifdef HAVE_STDINT_H
| # include <stdint.h>
| #endif
| #ifdef HAVE_UNISTD_H
| # include <unistd.h>
| #endif
| #include <vfork.h>
configure:14522: result: no
configure:14522: checking vfork.h presence
configure:14522: gcc -E  conftest.c
conftest.c:24:19: error: vfork.h: No such file or directory
configure:14522: $? = 1
configure: failed program was:
| /* confdefs.h */
| #define PACKAGE_NAME "c_wavLoader"
| #define PACKAGE_TARNAME "c_wavloader"
| #define PACKAGE_VERSION "0.6.2"
| #define PACKAGE_STRING "c_wavLoader 0.6.2"
| #define PACKAGE_BUGREPORT ""
| #define PACKAGE_URL ""
| #define PACKAGE "c_wavloader"
| #define VERSION "0.6.2"
| #define STDC_HEADERS 1
| #define HAVE_SYS_TYPES_H 1
| #define HAVE_SYS_STAT_H 1
| #define HAVE_STDLIB_H 1
| #define HAVE_STRING_H 1
| #define HAVE_MEMORY_H 1
| #define HAVE_STRINGS_H 1
| #define HAVE_INTTYPES_H 1
| #define HAVE_STDINT_H 1
| #define HAVE_UNISTD_H 1
| #define HAVE_DLFCN_H 1
| #define LT_OBJDIR ".libs/"
| #define HAVE_SYS_WAIT_H 1
| /* end confdefs.h.  */
| #include <vfork.h>
configure:14522: result: no
configure:14522: checking for vfork.h
configure:14522: result: no
configure:14535: checking for fork
configure:14535: gcc -o conftest -g -O2   conftest.c  >&5
conftest.c:47: warning: conflicting types for built-in function 'fork'
configure:14535: $? = 0
configure:14535: result: yes
configure:14535: checking for vfork
configure:14535: gcc -o conftest -g -O2   conftest.c  >&5
configure:14535: $? = 0
configure:14535: result: yes
configure:14546: checking for working fork
configure:14568: gcc -o conftest -g -O2   conftest.c  >&5
configure:14568: $? = 0
configure:14568: ./conftest
configure:14568: $? = 0
configure:14578: result: yes
configure:14599: checking for working vfork
configure:14709: result: yes
configure:14742: checking for main in -lomniORB4
configure:14761: g++ -o conftest -g -O2   conftest.cpp -lomniORB4   >&5
configure:14761: $? = 0
configure:14770: result: yes
configure:14783: checking for main in -lomnithread
configure:14802: g++ -o conftest -g -O2   conftest.cpp -lomnithread  -lomniORB4  >&5
configure:14802: $? = 0
configure:14811: result: yes
configure:14824: checking for main in -lomniDynamic4
configure:14843: g++ -o conftest -g -O2   conftest.cpp -lomniDynamic4  -lomnithread -lomniORB4  >&5
configure:14843: $? = 0
configure:14852: result: yes
configure:14868: checking omniORB4/CORBA.h usability
configure:14868: g++ -c -g -O2  conftest.cpp >&5
configure:14868: $? = 0
configure:14868: result: yes
configure:14868: checking omniORB4/CORBA.h presence
configure:14868: g++ -E  conftest.cpp
configure:14868: $? = 0
configure:14868: result: yes
configure:14868: checking for omniORB4/CORBA.h
configure:14868: result: yes
configure:15063: creating ./config.status

## ---------------- ##
## Cache variables. ##
## ---------------- ##

ac_cv_build=i686-pc-linux-gnu
ac_cv_c_compiler_gnu=yes
ac_cv_cxx_compiler_gnu=yes
ac_cv_env_CCC_set=
ac_cv_env_CCC_value=
ac_cv_env_CC_set=
ac_cv_env_CC_value=
ac_cv_env_CFLAGS_set=
ac_cv_env_CFLAGS_value=
ac_cv_env_CPPFLAGS_set=
ac_cv_env_CPPFLAGS_value=
ac_cv_env_CPP_set=
ac_cv_env_CPP_value=
ac_cv_env_CXXCPP_set=
ac_cv_env_CXXCPP_value=
ac_cv_env_CXXFLAGS_set=
ac_cv_env_CXXFLAGS_value=
ac_cv_env_CXX_set=
ac_cv_env_CXX_value=
ac_cv_env_LDFLAGS_set=
ac_cv_env_LDFLAGS_value=
ac_cv_env_LIBS_set=
ac_cv_env_LIBS_value=
ac_cv_env_build_alias_set=
ac_cv_env_build_alias_value=
ac_cv_env_host_alias_set=
ac_cv_env_host_alias_value=
ac_cv_env_target_alias_set=
ac_cv_env_target_alias_value=
ac_cv_func_fork=yes
ac_cv_func_fork_works=yes
ac_cv_func_vfork=yes
ac_cv_func_vfork_works=yes
ac_cv_header_dlfcn_h=yes
ac_cv_header_inttypes_h=yes
ac_cv_header_memory_h=yes
ac_cv_header_omniORB4_CORBA_h=yes
ac_cv_header_stdc=yes
ac_cv_header_stdint_h=yes
ac_cv_header_stdlib_h=yes
ac_cv_header_string_h=yes
ac_cv_header_strings_h=yes
ac_cv_header_sys_stat_h=yes
ac_cv_header_sys_types_h=yes
ac_cv_header_sys_wait_h=yes
ac_cv_header_unistd_h=yes
ac_cv_header_vfork_h=no
ac_cv_host=i686-pc-linux-gnu
ac_cv_lib_omniDynamic4_main=yes
ac_cv_lib_omniORB4_main=yes
ac_cv_lib_omnithread_main=yes
ac_cv_objext=o
ac_cv_path_EGREP='/bin/grep -E'
ac_cv_path_FGREP='/bin/grep -F'
ac_cv_path_GREP=/bin/grep
ac_cv_path_SED=/bin/sed
ac_cv_path_install='/usr/bin/install -c'
ac_cv_path_mkdir=/bin/mkdir
ac_cv_prog_AWK=gawk
ac_cv_prog_CPP='gcc -E'
ac_cv_prog_CXXCPP='g++ -E'
ac_cv_prog_ac_ct_AR=ar
ac_cv_prog_ac_ct_CC=gcc
ac_cv_prog_ac_ct_CXX=g++
ac_cv_prog_ac_ct_OBJDUMP=objdump
ac_cv_prog_ac_ct_RANLIB=ranlib
ac_cv_prog_ac_ct_STRIP=strip
ac_cv_prog_cc_c89=
ac_cv_prog_cc_g=yes
ac_cv_prog_cxx_g=yes
ac_cv_prog_make_make_set=yes
ac_cv_type_pid_t=yes
am_cv_CC_dependencies_compiler_type=gcc3
am_cv_CXX_dependencies_compiler_type=gcc3
lt_cv_deplibs_check_method=pass_all
lt_cv_file_magic_cmd='$MAGIC_CMD'
lt_cv_file_magic_test_file=
lt_cv_ld_reload_flag=-r
lt_cv_nm_interface='BSD nm'
lt_cv_objdir=.libs
lt_cv_path_LD=/usr/bin/ld
lt_cv_path_LDCXX=/usr/bin/ld
lt_cv_path_NM='/usr/bin/nm -B'
lt_cv_prog_compiler_c_o=yes
lt_cv_prog_compiler_c_o_CXX=yes
lt_cv_prog_compiler_pic_works=yes
lt_cv_prog_compiler_pic_works_CXX=yes
lt_cv_prog_compiler_rtti_exceptions=no
lt_cv_prog_compiler_static_works=yes
lt_cv_prog_compiler_static_works_CXX=yes
lt_cv_prog_gnu_ld=yes
lt_cv_prog_gnu_ldcxx=yes
lt_cv_sys_global_symbol_pipe='sed -n -e '\''s/^.*[	 ]\([ABCDGIRSTW][ABCDGIRSTW]*\)[	 ][	 ]*\([_A-Za-z][_A-Za-z0-9]*\)$/\1 \2 \2/p'\'''
lt_cv_sys_global_symbol_to_c_name_address='sed -n -e '\''s/^: \([^ ]*\) $/  {\"\1\", (void *) 0},/p'\'' -e '\''s/^[ABCDGIRSTW]* \([^ ]*\) \([^ ]*\)$/  {"\2", (void *) \&\2},/p'\'''
lt_cv_sys_global_symbol_to_c_name_address_lib_prefix='sed -n -e '\''s/^: \([^ ]*\) $/  {\"\1\", (void *) 0},/p'\'' -e '\''s/^[ABCDGIRSTW]* \([^ ]*\) \(lib[^ ]*\)$/  {"\2", (void *) \&\2},/p'\'' -e '\''s/^[ABCDGIRSTW]* \([^ ]*\) \([^ ]*\)$/  {"lib\2", (void *) \&\2},/p'\'''
lt_cv_sys_global_symbol_to_cdecl='sed -n -e '\''s/^T .* \(.*\)$/extern int \1();/p'\'' -e '\''s/^[ABCDGIRSTW]* .* \(.*\)$/extern char \1;/p'\'''
lt_cv_sys_max_cmd_len=805306365

## ----------------- ##
## Output variables. ##
## ----------------- ##

ACLOCAL='${SHELL} /home/june/Work/ossie-june/missing --run aclocal-1.11'
AMDEPBACKSLASH='\'
AMDEP_FALSE='#'
AMDEP_TRUE=''
AMTAR='${SHELL} /home/june/Work/ossie-june/missing --run tar'
AR='ar'
AUTOCONF='${SHELL} /home/june/Work/ossie-june/missing --run autoconf'
AUTOHEADER='${SHELL} /home/june/Work/ossie-june/missing --run autoheader'
AUTOMAKE='${SHELL} /home/june/Work/ossie-june/missing --run automake-1.11'
AWK='gawk'
CC='gcc'
CCDEPMODE='depmode=gcc3'
CFLAGS='-g -O2'
CPP='gcc -E'
CPPFLAGS=''
CXX='g++'
CXXCPP='g++ -E'
CXXDEPMODE='depmode=gcc3'
CXXFLAGS='-g -O2 '
CYGPATH_W='echo'
DEFS='-DPACKAGE_NAME=\"c_wavLoader\" -DPACKAGE_TARNAME=\"c_wavloader\" -DPACKAGE_VERSION=\"0.6.2\" -DPACKAGE_STRING=\"c_wavLoader\ 0.6.2\" -DPACKAGE_BUGREPORT=\"\" -DPACKAGE_URL=\"\" -DPACKAGE=\"c_wavloader\" -DVERSION=\"0.6.2\" -DSTDC_HEADERS=1 -DHAVE_SYS_TYPES_H=1 -DHAVE_SYS_STAT_H=1 -DHAVE_STDLIB_H=1 -DHAVE_STRING_H=1 -DHAVE_MEMORY_H=1 -DHAVE_STRINGS_H=1 -DHAVE_INTTYPES_H=1 -DHAVE_STDINT_H=1 -DHAVE_UNISTD_H=1 -DHAVE_DLFCN_H=1 -DLT_OBJDIR=\".libs/\" -DHAVE_SYS_WAIT_H=1 -DHAVE_FORK=1 -DHAVE_VFORK=1 -DHAVE_WORKING_VFORK=1 -DHAVE_WORKING_FORK=1 -DHAVE_LIBOMNIORB4=1 -DHAVE_LIBOMNITHREAD=1 -DHAVE_LIBOMNIDYNAMIC4=1 -DHAVE_OMNIORB4_CORBA_H=1'
DEPDIR='.deps'
DSYMUTIL=''
DUMPBIN=''
ECHO_C=''
ECHO_N='-n'
ECHO_T=''
EGREP='/bin/grep -E'
EXEEXT=''
FGREP='/bin/grep -F'
GREP='/bin/grep'
INSTALL_DATA='${INSTALL} -m 644'
INSTALL_PROGRAM='${INSTALL}'
INSTALL_SCRIPT='${INSTALL}'
INSTALL_STRIP_PROGRAM='$(install_sh) -c -s'
LD='/usr/bin/ld'
LDFLAGS=''
LIBOBJS=''
LIBS='-lomniDynamic4 -lomnithread -lomniORB4 '
LIBTOOL='$(SHELL) $(top_builddir)/libtool'
LIPO=''
LN_S='ln -s'
LTLIBOBJS=''
MAKEINFO='${SHELL} /home/june/Work/ossie-june/missing --run makeinfo'
MKDIR_P='/bin/mkdir -p'
NM='/usr/bin/nm -B'
NMEDIT=''
OBJDUMP='objdump'
OBJEXT='o'
OTOOL64=''
OTOOL=''
PACKAGE='c_wavloader'
PACKAGE_BUGREPORT=''
PACKAGE_NAME='c_wavLoader'
PACKAGE_STRING='c_wavLoader 0.6.2'
PACKAGE_TARNAME='c_wavloader'
PACKAGE_URL=''
PACKAGE_VERSION='0.6.2'
PATH_SEPARATOR=':'
RANLIB='ranlib'
SED='/bin/sed'
SET_MAKE=''
SHELL='/bin/bash'
STRIP='strip'
VERSION='0.6.2'
ac_ct_CC='gcc'
ac_ct_CXX='g++'
ac_ct_DUMPBIN=''
am__EXEEXT_FALSE=''
am__EXEEXT_TRUE='#'
am__fastdepCC_FALSE='#'
am__fastdepCC_TRUE=''
am__fastdepCXX_FALSE='#'
am__fastdepCXX_TRUE=''
am__include='include'
am__isrc=''
am__leading_dot='.'
am__quote=''
am__tar='${AMTAR} chof - "$$tardir"'
am__untar='${AMTAR} xf -'
bindir='${exec_prefix}/bin'
build='i686-pc-linux-gnu'
build_alias=''
build_cpu='i686'
build_os='linux-gnu'
build_vendor='pc'
datadir='${datarootdir}'
datarootdir='${prefix}/share'
docdir='${datarootdir}/doc/${PACKAGE_TARNAME}'
dvidir='${docdir}'
exec_prefix='${prefix}'
host='i686-pc-linux-gnu'
host_alias=''
host_cpu='i686'
host_os='linux-gnu'
host_vendor='pc'
htmldir='${docdir}'
includedir='/usr/local/include'
infodir='${datarootdir}/info'
install_sh='${SHELL} /home/june/Work/ossie-june/install-sh'
libdir='/usr/local/lib'
libexecdir='${exec_prefix}/libexec'
localedir='${datarootdir}/locale'
localstatedir='${prefix}/var'
lt_ECHO='echo'
mandir='${datarootdir}/man'
mkdir_p='/bin/mkdir -p'
oldincludedir='/usr/include'
pdfdir='${docdir}'
prefix='/sdr'
program_transform_name='s,x,x,'
psdir='${docdir}'
sbindir='${exec_prefix}/sbin'
sharedstatedir='${prefix}/com'
sysconfdir='${prefix}/etc'
target_alias=''

## ----------- ##
## confdefs.h. ##
## ----------- ##

/* confdefs.h */
#define PACKAGE_NAME "c_wavLoader"
#define PACKAGE_TARNAME "c_wavloader"
#define PACKAGE_VERSION "0.6.2"
#define PACKAGE_STRING "c_wavLoader 0.6.2"
#define PACKAGE_BUGREPORT ""
#define PACKAGE_URL ""
#define PACKAGE "c_wavloader"
#define VERSION "0.6.2"
#define STDC_HEADERS 1
#define HAVE_SYS_TYPES_H 1
#define HAVE_SYS_STAT_H 1
#define HAVE_STDLIB_H 1
#define HAVE_STRING_H 1
#define HAVE_MEMORY_H 1
#define HAVE_STRINGS_H 1
#define HAVE_INTTYPES_H 1
#define HAVE_STDINT_H 1
#define HAVE_UNISTD_H 1
#define HAVE_DLFCN_H 1
#define LT_OBJDIR ".libs/"
#define HAVE_SYS_WAIT_H 1
#define HAVE_FORK 1
#define HAVE_VFORK 1
#define HAVE_WORKING_VFORK 1
#define HAVE_WORKING_FORK 1
#define HAVE_LIBOMNIORB4 1
#define HAVE_LIBOMNITHREAD 1
#define HAVE_LIBOMNIDYNAMIC4 1
#define HAVE_OMNIORB4_CORBA_H 1

configure: exit 0

## ---------------------- ##
## Running config.status. ##
## ---------------------- ##

This file was extended by c_wavLoader config.status 0.6.2, which was
generated by GNU Autoconf 2.65.  Invocation command line was

  CONFIG_FILES    = 
  CONFIG_HEADERS  = 
  CONFIG_LINKS    = 
  CONFIG_COMMANDS = 
  $ ./config.status 

on june-laptop

config.status:1048: creating Makefile
config.status:1211: executing depfiles commands
config.status:1211: executing libtool commands
