This file contains any messages produced by compilers while
running configure, to aid debugging if configure makes a mistake.

It was created by ml403_ossie_demo configure 0.7.0, which was
generated by GNU Autoconf 2.65.  Invocation command line was

  $ ./configure --disable-option-checking --prefix=/sdr --libdir=/usr/local/lib/ --includedir=/usr/local/include/ --with-boost --with-boost-filesystem --cache-file=/dev/null --srcdir=.

## --------- ##
## Platform. ##
## --------- ##

hostname = june-laptop
uname -m = i686
uname -r = 2.6.32-37-generic
uname -s = Linux
uname -v = #81-Ubuntu SMP Fri Dec 2 20:35:14 UTC 2011

/usr/bin/uname -p = unknown
/bin/uname -X     = unknown

/bin/arch              = unknown
/usr/bin/arch -k       = unknown
/usr/convex/getsysinfo = unknown
/usr/bin/hostinfo      = unknown
/bin/machine           = unknown
/usr/bin/oslevel       = unknown
/bin/universe          = unknown

PATH: /usr/local/sbin
PATH: /usr/local/bin
PATH: /usr/sbin
PATH: /usr/bin
PATH: /sbin
PATH: /bin
PATH: /usr/games


## ----------- ##
## Core tests. ##
## ----------- ##

configure:2247: checking for a BSD-compatible install
configure:2315: result: /usr/bin/install -c
configure:2326: checking whether build environment is sane
configure:2376: result: yes
configure:2517: checking for a thread-safe mkdir -p
configure:2556: result: /bin/mkdir -p
configure:2569: checking for gawk
configure:2585: found /usr/bin/gawk
configure:2596: result: gawk
configure:2607: checking whether make sets $(MAKE)
configure:2629: result: yes
configure:2739: checking build system type
configure:2753: result: i686-pc-linux-gnu
configure:2773: checking host system type
configure:2786: result: i686-pc-linux-gnu
configure:2818: checking for style of include used by make
configure:2846: result: GNU
configure:2916: checking for gcc
configure:2932: found /usr/bin/gcc
configure:2943: result: gcc
configure:3172: checking for C compiler version
configure:3181: gcc --version >&5
gcc (Ubuntu 4.4.3-4ubuntu5) 4.4.3
Copyright (C) 2009 Free Software Foundation, Inc.
This is free software; see the source for copying conditions.  There is NO
warranty; not even for MERCHANTABILITY or FITNESS FOR A PARTICULAR PURPOSE.

configure:3192: $? = 0
configure:3181: gcc -v >&5
Using built-in specs.
Target: i486-linux-gnu
Configured with: ../src/configure -v --with-pkgversion='Ubuntu 4.4.3-4ubuntu5' --with-bugurl=file:///usr/share/doc/gcc-4.4/README.Bugs --enable-languages=c,c++,fortran,objc,obj-c++ --prefix=/usr --enable-shared --enable-multiarch --enable-linker-build-id --with-system-zlib --libexecdir=/usr/lib --without-included-gettext --enable-threads=posix --with-gxx-include-dir=/usr/include/c++/4.4 --program-suffix=-4.4 --enable-nls --enable-clocale=gnu --enable-libstdcxx-debug --enable-plugin --enable-objc-gc --enable-targets=all --disable-werror --with-arch-32=i486 --with-tune=generic --enable-checking=release --build=i486-linux-gnu --host=i486-linux-gnu --target=i486-linux-gnu
Thread model: posix
gcc version 4.4.3 (Ubuntu 4.4.3-4ubuntu5) 
configure:3192: $? = 0
configure:3181: gcc -V >&5
gcc: '-V' option must have argument
configure:3192: $? = 1
configure:3181: gcc -qversion >&5
gcc: unrecognized option '-qversion'
gcc: no input files
configure:3192: $? = 1
configure:3212: checking whether the C compiler works
configure:3234: gcc    conftest.c  >&5
configure:3238: $? = 0
configure:3287: result: yes
configure:3290: checking for C compiler default output file name
configure:3292: result: a.out
configure:3298: checking for suffix of executables
configure:3305: gcc -o conftest    conftest.c  >&5
configure:3309: $? = 0
configure:3331: result: 
configure:3353: checking whether we are cross compiling
configure:3361: gcc -o conftest    conftest.c  >&5
configure:3365: $? = 0
configure:3372: ./conftest
configure:3376: $? = 0
configure:3391: result: no
configure:3396: checking for suffix of object files
configure:3418: gcc -c   conftest.c >&5
configure:3422: $? = 0
configure:3443: result: o
configure:3447: checking whether we are using the GNU C compiler
configure:3466: gcc -c   conftest.c >&5
configure:3466: $? = 0
configure:3475: result: yes
configure:3484: checking whether gcc accepts -g
configure:3504: gcc -c -g  conftest.c >&5
configure:3504: $? = 0
configure:3545: result: yes
configure:3562: checking for gcc option to accept ISO C89
configure:3626: gcc  -c -g -O2  conftest.c >&5
configure:3626: $? = 0
configure:3639: result: none needed
configure:3661: checking dependency style of gcc
configure:3771: result: gcc3
configure:3786: checking for a sed that does not truncate output
configure:3850: result: /bin/sed
configure:3868: checking for grep that handles long lines and -e
configure:3926: result: /bin/grep
configure:3931: checking for egrep
configure:3993: result: /bin/grep -E
configure:3998: checking for fgrep
configure:4060: result: /bin/grep -F
configure:4095: checking for ld used by gcc
configure:4162: result: /usr/bin/ld
configure:4169: checking if the linker (/usr/bin/ld) is GNU ld
configure:4184: result: yes
configure:4196: checking for BSD- or MS-compatible name lister (nm)
configure:4245: result: /usr/bin/nm -B
configure:4363: checking the name lister (/usr/bin/nm -B) interface
configure:4370: gcc -c -g -O2  conftest.c >&5
configure:4373: /usr/bin/nm -B "conftest.o"
configure:4376: output
00000000 B some_variable
configure:4383: result: BSD nm
configure:4386: checking whether ln -s works
configure:4390: result: yes
configure:4398: checking the maximum length of command line arguments
configure:4518: result: 1572864
configure:4535: checking whether the shell understands some XSI constructs
configure:4545: result: yes
configure:4549: checking whether the shell understands "+="
configure:4555: result: yes
configure:4590: checking for /usr/bin/ld option to reload object files
configure:4597: result: -r
configure:4666: checking for objdump
configure:4682: found /usr/bin/objdump
configure:4693: result: objdump
configure:4725: checking how to recognize dependent libraries
configure:4921: result: pass_all
configure:4981: checking for ar
configure:4997: found /usr/bin/ar
configure:5008: result: ar
configure:5086: checking for strip
configure:5102: found /usr/bin/strip
configure:5113: result: strip
configure:5185: checking for ranlib
configure:5201: found /usr/bin/ranlib
configure:5212: result: ranlib
configure:5302: checking command to parse /usr/bin/nm -B output from gcc object
configure:5420: gcc -c -g -O2  conftest.c >&5
configure:5423: $? = 0
configure:5427: /usr/bin/nm -B conftest.o \| sed -n -e 's/^.*[	 ]\([ABCDGIRSTW][ABCDGIRSTW]*\)[	 ][	 ]*\([_A-Za-z][_A-Za-z0-9]*\)$/\1 \2 \2/p' \> conftest.nm
configure:5430: $? = 0
configure:5484: gcc -o conftest -g -O2   conftest.c conftstm.o >&5
configure:5487: $? = 0
configure:5525: result: ok
configure:6334: checking how to run the C preprocessor
configure:6365: gcc -E  conftest.c
configure:6365: $? = 0
configure:6379: gcc -E  conftest.c
conftest.c:11:28: error: ac_nonexistent.h: No such file or directory
configure:6379: $? = 1
configure: failed program was:
| /* confdefs.h */
| #define PACKAGE_NAME "ml403_ossie_demo"
| #define PACKAGE_TARNAME "ml403_ossie_demo"
| #define PACKAGE_VERSION "0.7.0"
| #define PACKAGE_STRING "ml403_ossie_demo 0.7.0"
| #define PACKAGE_BUGREPORT ""
| #define PACKAGE_URL ""
| #define PACKAGE "ml403_ossie_demo"
| #define VERSION "0.7.0"
| /* end confdefs.h.  */
| #include <ac_nonexistent.h>
configure:6404: result: gcc -E
configure:6424: gcc -E  conftest.c
configure:6424: $? = 0
configure:6438: gcc -E  conftest.c
conftest.c:11:28: error: ac_nonexistent.h: No such file or directory
configure:6438: $? = 1
configure: failed program was:
| /* confdefs.h */
| #define PACKAGE_NAME "ml403_ossie_demo"
| #define PACKAGE_TARNAME "ml403_ossie_demo"
| #define PACKAGE_VERSION "0.7.0"
| #define PACKAGE_STRING "ml403_ossie_demo 0.7.0"
| #define PACKAGE_BUGREPORT ""
| #define PACKAGE_URL ""
| #define PACKAGE "ml403_ossie_demo"
| #define VERSION "0.7.0"
| /* end confdefs.h.  */
| #include <ac_nonexistent.h>
configure:6467: checking for ANSI C header files
configure:6487: gcc -c -g -O2  conftest.c >&5
configure:6487: $? = 0
configure:6560: gcc -o conftest -g -O2   conftest.c  >&5
configure:6560: $? = 0
configure:6560: ./conftest
configure:6560: $? = 0
configure:6571: result: yes
configure:6584: checking for sys/types.h
configure:6584: gcc -c -g -O2  conftest.c >&5
configure:6584: $? = 0
configure:6584: result: yes
configure:6584: checking for sys/stat.h
configure:6584: gcc -c -g -O2  conftest.c >&5
configure:6584: $? = 0
configure:6584: result: yes
configure:6584: checking for stdlib.h
configure:6584: gcc -c -g -O2  conftest.c >&5
configure:6584: $? = 0
configure:6584: result: yes
configure:6584: checking for string.h
configure:6584: gcc -c -g -O2  conftest.c >&5
configure:6584: $? = 0
configure:6584: result: yes
configure:6584: checking for memory.h
configure:6584: gcc -c -g -O2  conftest.c >&5
configure:6584: $? = 0
configure:6584: result: yes
configure:6584: checking for strings.h
configure:6584: gcc -c -g -O2  conftest.c >&5
configure:6584: $? = 0
configure:6584: result: yes
configure:6584: checking for inttypes.h
configure:6584: gcc -c -g -O2  conftest.c >&5
configure:6584: $? = 0
configure:6584: result: yes
configure:6584: checking for stdint.h
configure:6584: gcc -c -g -O2  conftest.c >&5
configure:6584: $? = 0
configure:6584: result: yes
configure:6584: checking for unistd.h
configure:6584: gcc -c -g -O2  conftest.c >&5
configure:6584: $? = 0
configure:6584: result: yes
configure:6599: checking for dlfcn.h
configure:6599: gcc -c -g -O2  conftest.c >&5
configure:6599: $? = 0
configure:6599: result: yes
configure:6783: checking for objdir
configure:6798: result: .libs
configure:7090: checking if gcc supports -fno-rtti -fno-exceptions
configure:7108: gcc -c -g -O2  -fno-rtti -fno-exceptions conftest.c >&5
cc1: warning: command line option "-fno-rtti" is valid for C++/ObjC++ but not for C
configure:7112: $? = 0
configure:7125: result: no
configure:7145: checking for gcc option to produce PIC
configure:7417: result: -fPIC -DPIC
configure:7429: checking if gcc PIC flag -fPIC -DPIC works
configure:7447: gcc -c -g -O2  -fPIC -DPIC -DPIC conftest.c >&5
configure:7451: $? = 0
configure:7464: result: yes
configure:7488: checking if gcc static flag -static works
configure:7516: result: yes
configure:7531: checking if gcc supports -c -o file.o
configure:7552: gcc -c -g -O2  -o out/conftest2.o conftest.c >&5
configure:7556: $? = 0
configure:7578: result: yes
configure:7586: checking if gcc supports -c -o file.o
configure:7633: result: yes
configure:7666: checking whether the gcc linker (/usr/bin/ld) supports shared libraries
configure:8657: result: yes
configure:8694: checking whether -lc should be explicitly linked in
configure:8699: gcc -c -g -O2  conftest.c >&5
configure:8702: $? = 0
configure:8717: gcc -shared conftest.o  -v -Wl,-soname -Wl,conftest -o conftest 2\>\&1 \| /bin/grep  -lc  \>/dev/null 2\>\&1
configure:8720: $? = 0
configure:8732: result: no
configure:8896: checking dynamic linker characteristics
configure:9329: gcc -o conftest -g -O2   -Wl,-rpath -Wl,/foo conftest.c  >&5
configure:9329: $? = 0
configure:9559: result: GNU/Linux ld.so
configure:9661: checking how to hardcode library paths into programs
configure:9686: result: immediate
configure:10206: checking whether stripping libraries is possible
configure:10211: result: yes
configure:10246: checking if libtool supports shared libraries
configure:10248: result: yes
configure:10251: checking whether to build shared libraries
configure:10272: result: yes
configure:10275: checking whether to build static libraries
configure:10279: result: yes
configure:10475: creating ./config.status

## ---------------------- ##
## Running config.status. ##
## ---------------------- ##

This file was extended by ml403_ossie_demo config.status 0.7.0, which was
generated by GNU Autoconf 2.65.  Invocation command line was

  CONFIG_FILES    = 
  CONFIG_HEADERS  = 
  CONFIG_LINKS    = 
  CONFIG_COMMANDS = 
  $ ./config.status 

on june-laptop

config.status:985: creating Makefile
config.status:1148: executing depfiles commands
config.status:1148: executing libtool commands

## ---------------- ##
## Cache variables. ##
## ---------------- ##

ac_cv_build=i686-pc-linux-gnu
ac_cv_c_compiler_gnu=yes
ac_cv_env_CC_set=
ac_cv_env_CC_value=
ac_cv_env_CFLAGS_set=
ac_cv_env_CFLAGS_value=
ac_cv_env_CPPFLAGS_set=
ac_cv_env_CPPFLAGS_value=
ac_cv_env_CPP_set=
ac_cv_env_CPP_value=
ac_cv_env_LDFLAGS_set=
ac_cv_env_LDFLAGS_value=
ac_cv_env_LIBS_set=
ac_cv_env_LIBS_value=
ac_cv_env_build_alias_set=
ac_cv_env_build_alias_value=
ac_cv_env_host_alias_set=
ac_cv_env_host_alias_value=
ac_cv_env_target_alias_set=
ac_cv_env_target_alias_value=
ac_cv_header_dlfcn_h=yes
ac_cv_header_inttypes_h=yes
ac_cv_header_memory_h=yes
ac_cv_header_stdc=yes
ac_cv_header_stdint_h=yes
ac_cv_header_stdlib_h=yes
ac_cv_header_string_h=yes
ac_cv_header_strings_h=yes
ac_cv_header_sys_stat_h=yes
ac_cv_header_sys_types_h=yes
ac_cv_header_unistd_h=yes
ac_cv_host=i686-pc-linux-gnu
ac_cv_objext=o
ac_cv_path_EGREP='/bin/grep -E'
ac_cv_path_FGREP='/bin/grep -F'
ac_cv_path_GREP=/bin/grep
ac_cv_path_SED=/bin/sed
ac_cv_path_install='/usr/bin/install -c'
ac_cv_path_mkdir=/bin/mkdir
ac_cv_prog_AWK=gawk
ac_cv_prog_CPP='gcc -E'
ac_cv_prog_ac_ct_AR=ar
ac_cv_prog_ac_ct_CC=gcc
ac_cv_prog_ac_ct_OBJDUMP=objdump
ac_cv_prog_ac_ct_RANLIB=ranlib
ac_cv_prog_ac_ct_STRIP=strip
ac_cv_prog_cc_c89=
ac_cv_prog_cc_g=yes
ac_cv_prog_make_make_set=yes
am_cv_CC_dependencies_compiler_type=gcc3
lt_cv_deplibs_check_method=pass_all
lt_cv_file_magic_cmd='$MAGIC_CMD'
lt_cv_file_magic_test_file=
lt_cv_ld_reload_flag=-r
lt_cv_nm_interface='BSD nm'
lt_cv_objdir=.libs
lt_cv_path_LD=/usr/bin/ld
lt_cv_path_NM='/usr/bin/nm -B'
lt_cv_prog_compiler_c_o=yes
lt_cv_prog_compiler_pic_works=yes
lt_cv_prog_compiler_rtti_exceptions=no
lt_cv_prog_compiler_static_works=yes
lt_cv_prog_gnu_ld=yes
lt_cv_sys_global_symbol_pipe='sed -n -e '\''s/^.*[	 ]\([ABCDGIRSTW][ABCDGIRSTW]*\)[	 ][	 ]*\([_A-Za-z][_A-Za-z0-9]*\)$/\1 \2 \2/p'\'''
lt_cv_sys_global_symbol_to_c_name_address='sed -n -e '\''s/^: \([^ ]*\) $/  {\"\1\", (void *) 0},/p'\'' -e '\''s/^[ABCDGIRSTW]* \([^ ]*\) \([^ ]*\)$/  {"\2", (void *) \&\2},/p'\'''
lt_cv_sys_global_symbol_to_c_name_address_lib_prefix='sed -n -e '\''s/^: \([^ ]*\) $/  {\"\1\", (void *) 0},/p'\'' -e '\''s/^[ABCDGIRSTW]* \([^ ]*\) \(lib[^ ]*\)$/  {"\2", (void *) \&\2},/p'\'' -e '\''s/^[ABCDGIRSTW]* \([^ ]*\) \([^ ]*\)$/  {"lib\2", (void *) \&\2},/p'\'''
lt_cv_sys_global_symbol_to_cdecl='sed -n -e '\''s/^T .* \(.*\)$/extern int \1();/p'\'' -e '\''s/^[ABCDGIRSTW]* .* \(.*\)$/extern char \1;/p'\'''
lt_cv_sys_max_cmd_len=1572864

## ----------------- ##
## Output variables. ##
## ----------------- ##

ACLOCAL='${SHELL} /home/june/Work/temp/ossie-june/missing --run aclocal-1.11'
AMDEPBACKSLASH='\'
AMDEP_FALSE='#'
AMDEP_TRUE=''
AMTAR='${SHELL} /home/june/Work/temp/ossie-june/missing --run tar'
AR='ar'
AUTOCONF='${SHELL} /home/june/Work/temp/ossie-june/missing --run autoconf'
AUTOHEADER='${SHELL} /home/june/Work/temp/ossie-june/missing --run autoheader'
AUTOMAKE='${SHELL} /home/june/Work/temp/ossie-june/missing --run automake-1.11'
AWK='gawk'
CC='gcc'
CCDEPMODE='depmode=gcc3'
CFLAGS='-g -O2'
CPP='gcc -E'
CPPFLAGS=''
CYGPATH_W='echo'
DEFS='-DPACKAGE_NAME=\"ml403_ossie_demo\" -DPACKAGE_TARNAME=\"ml403_ossie_demo\" -DPACKAGE_VERSION=\"0.7.0\" -DPACKAGE_STRING=\"ml403_ossie_demo\ 0.7.0\" -DPACKAGE_BUGREPORT=\"\" -DPACKAGE_URL=\"\" -DPACKAGE=\"ml403_ossie_demo\" -DVERSION=\"0.7.0\" -DSTDC_HEADERS=1 -DHAVE_SYS_TYPES_H=1 -DHAVE_SYS_STAT_H=1 -DHAVE_STDLIB_H=1 -DHAVE_STRING_H=1 -DHAVE_MEMORY_H=1 -DHAVE_STRINGS_H=1 -DHAVE_INTTYPES_H=1 -DHAVE_STDINT_H=1 -DHAVE_UNISTD_H=1 -DHAVE_DLFCN_H=1 -DLT_OBJDIR=\".libs/\"'
DEPDIR='.deps'
DSYMUTIL=''
DUMPBIN=''
ECHO_C=''
ECHO_N='-n'
ECHO_T=''
EGREP='/bin/grep -E'
EXEEXT=''
FGREP='/bin/grep -F'
GREP='/bin/grep'
INSTALL_DATA='${INSTALL} -m 644'
INSTALL_PROGRAM='${INSTALL}'
INSTALL_SCRIPT='${INSTALL}'
INSTALL_STRIP_PROGRAM='$(install_sh) -c -s'
LD='/usr/bin/ld'
LDFLAGS=''
LIBOBJS=''
LIBS=''
LIBTOOL='$(SHELL) $(top_builddir)/libtool'
LIPO=''
LN_S='ln -s'
LTLIBOBJS=''
MAKEINFO='${SHELL} /home/june/Work/temp/ossie-june/missing --run makeinfo'
MKDIR_P='/bin/mkdir -p'
NM='/usr/bin/nm -B'
NMEDIT=''
OBJDUMP='objdump'
OBJEXT='o'
OTOOL64=''
OTOOL=''
PACKAGE='ml403_ossie_demo'
PACKAGE_BUGREPORT=''
PACKAGE_NAME='ml403_ossie_demo'
PACKAGE_STRING='ml403_ossie_demo 0.7.0'
PACKAGE_TARNAME='ml403_ossie_demo'
PACKAGE_URL=''
PACKAGE_VERSION='0.7.0'
PATH_SEPARATOR=':'
RANLIB='ranlib'
SED='/bin/sed'
SET_MAKE=''
SHELL='/bin/bash'
STRIP='strip'
VERSION='0.7.0'
ac_ct_CC='gcc'
ac_ct_DUMPBIN=''
am__EXEEXT_FALSE=''
am__EXEEXT_TRUE='#'
am__fastdepCC_FALSE='#'
am__fastdepCC_TRUE=''
am__include='include'
am__isrc=''
am__leading_dot='.'
am__quote=''
am__tar='${AMTAR} chof - "$$tardir"'
am__untar='${AMTAR} xf -'
bindir='${exec_prefix}/bin'
build='i686-pc-linux-gnu'
build_alias=''
build_cpu='i686'
build_os='linux-gnu'
build_vendor='pc'
datadir='${datarootdir}'
datarootdir='${prefix}/share'
docdir='${datarootdir}/doc/${PACKAGE_TARNAME}'
dvidir='${docdir}'
exec_prefix='${prefix}'
host='i686-pc-linux-gnu'
host_alias=''
host_cpu='i686'
host_os='linux-gnu'
host_vendor='pc'
htmldir='${docdir}'
includedir='/usr/local/include'
infodir='${datarootdir}/info'
install_sh='${SHELL} /home/june/Work/temp/ossie-june/install-sh'
libdir='/usr/local/lib'
libexecdir='${exec_prefix}/libexec'
localedir='${datarootdir}/locale'
localstatedir='${prefix}/var'
lt_ECHO='echo'
mandir='${datarootdir}/man'
mkdir_p='/bin/mkdir -p'
oldincludedir='/usr/include'
pdfdir='${docdir}'
prefix='/sdr'
program_transform_name='s,x,x,'
psdir='${docdir}'
sbindir='${exec_prefix}/sbin'
sharedstatedir='${prefix}/com'
sysconfdir='${prefix}/etc'
target_alias=''

## ----------- ##
## confdefs.h. ##
## ----------- ##

/* confdefs.h */
#define PACKAGE_NAME "ml403_ossie_demo"
#define PACKAGE_TARNAME "ml403_ossie_demo"
#define PACKAGE_VERSION "0.7.0"
#define PACKAGE_STRING "ml403_ossie_demo 0.7.0"
#define PACKAGE_BUGREPORT ""
#define PACKAGE_URL ""
#define PACKAGE "ml403_ossie_demo"
#define VERSION "0.7.0"
#define STDC_HEADERS 1
#define HAVE_SYS_TYPES_H 1
#define HAVE_SYS_STAT_H 1
#define HAVE_STDLIB_H 1
#define HAVE_STRING_H 1
#define HAVE_MEMORY_H 1
#define HAVE_STRINGS_H 1
#define HAVE_INTTYPES_H 1
#define HAVE_STDINT_H 1
#define HAVE_UNISTD_H 1
#define HAVE_DLFCN_H 1
#define LT_OBJDIR ".libs/"

configure: exit 0
