This file contains any messages produced by compilers while
running configure, to aid debugging if configure makes a mistake.

It was created by default_GPP_USRP_sound_node configure 0.5.0, which was
generated by GNU Autoconf 2.65.  Invocation command line was

  $ ./configure --disable-option-checking --prefix=/sdr --libdir=/usr/local/lib/ --includedir=/usr/local/include/ --with-boost --with-boost-filesystem --cache-file=/dev/null --srcdir=. --no-create --no-recursion

## --------- ##
## Platform. ##
## --------- ##

hostname = june-laptop
uname -m = i686
uname -r = 2.6.32-37-generic
uname -s = Linux
uname -v = #81-Ubuntu SMP Fri Dec 2 20:35:14 UTC 2011

/usr/bin/uname -p = unknown
/bin/uname -X     = unknown

/bin/arch              = unknown
/usr/bin/arch -k       = unknown
/usr/convex/getsysinfo = unknown
/usr/bin/hostinfo      = unknown
/bin/machine           = unknown
/usr/bin/oslevel       = unknown
/bin/universe          = unknown

PATH: /usr/local/sbin
PATH: /usr/local/bin
PATH: /usr/sbin
PATH: /usr/bin
PATH: /sbin
PATH: /bin
PATH: /usr/games


## ----------- ##
## Core tests. ##
## ----------- ##

configure:2248: checking for a BSD-compatible install
configure:2316: result: /usr/bin/install -c
configure:2327: checking whether build environment is sane
configure:2377: result: yes
configure:2518: checking for a thread-safe mkdir -p
configure:2557: result: /bin/mkdir -p
configure:2570: checking for gawk
configure:2586: found /usr/bin/gawk
configure:2597: result: gawk
configure:2608: checking whether make sets $(MAKE)
configure:2630: result: yes
configure:2740: checking build system type
configure:2754: result: i686-pc-linux-gnu
configure:2774: checking host system type
configure:2787: result: i686-pc-linux-gnu
configure:2819: checking for style of include used by make
configure:2847: result: GNU
configure:2917: checking for gcc
configure:2933: found /usr/bin/gcc
configure:2944: result: gcc
configure:3173: checking for C compiler version
configure:3182: gcc --version >&5
gcc (Ubuntu 4.4.3-4ubuntu5) 4.4.3
Copyright (C) 2009 Free Software Foundation, Inc.
This is free software; see the source for copying conditions.  There is NO
warranty; not even for MERCHANTABILITY or FITNESS FOR A PARTICULAR PURPOSE.

configure:3193: $? = 0
configure:3182: gcc -v >&5
Using built-in specs.
Target: i486-linux-gnu
Configured with: ../src/configure -v --with-pkgversion='Ubuntu 4.4.3-4ubuntu5' --with-bugurl=file:///usr/share/doc/gcc-4.4/README.Bugs --enable-languages=c,c++,fortran,objc,obj-c++ --prefix=/usr --enable-shared --enable-multiarch --enable-linker-build-id --with-system-zlib --libexecdir=/usr/lib --without-included-gettext --enable-threads=posix --with-gxx-include-dir=/usr/include/c++/4.4 --program-suffix=-4.4 --enable-nls --enable-clocale=gnu --enable-libstdcxx-debug --enable-plugin --enable-objc-gc --enable-targets=all --disable-werror --with-arch-32=i486 --with-tune=generic --enable-checking=release --build=i486-linux-gnu --host=i486-linux-gnu --target=i486-linux-gnu
Thread model: posix
gcc version 4.4.3 (Ubuntu 4.4.3-4ubuntu5) 
configure:3193: $? = 0
configure:3182: gcc -V >&5
gcc: '-V' option must have argument
configure:3193: $? = 1
configure:3182: gcc -qversion >&5
gcc: unrecognized option '-qversion'
gcc: no input files
configure:3193: $? = 1
configure:3213: checking whether the C compiler works
configure:3235: gcc    conftest.c  >&5
configure:3239: $? = 0
configure:3288: result: yes
configure:3291: checking for C compiler default output file name
configure:3293: result: a.out
configure:3299: checking for suffix of executables
configure:3306: gcc -o conftest    conftest.c  >&5
configure:3310: $? = 0
configure:3332: result: 
configure:3354: checking whether we are cross compiling
configure:3362: gcc -o conftest    conftest.c  >&5
configure:3366: $? = 0
configure:3373: ./conftest
configure:3377: $? = 0
configure:3392: result: no
configure:3397: checking for suffix of object files
configure:3419: gcc -c   conftest.c >&5
configure:3423: $? = 0
configure:3444: result: o
configure:3448: checking whether we are using the GNU C compiler
configure:3467: gcc -c   conftest.c >&5
configure:3467: $? = 0
configure:3476: result: yes
configure:3485: checking whether gcc accepts -g
configure:3505: gcc -c -g  conftest.c >&5
configure:3505: $? = 0
configure:3546: result: yes
configure:3563: checking for gcc option to accept ISO C89
configure:3627: gcc  -c -g -O2  conftest.c >&5
configure:3627: $? = 0
configure:3640: result: none needed
configure:3662: checking dependency style of gcc
configure:3772: result: none
configure:3787: checking for a sed that does not truncate output
configure:3851: result: /bin/sed
configure:3869: checking for grep that handles long lines and -e
configure:3927: result: /bin/grep
configure:3932: checking for egrep
configure:3994: result: /bin/grep -E
configure:3999: checking for fgrep
configure:4061: result: /bin/grep -F
configure:4096: checking for ld used by gcc
configure:4163: result: /usr/bin/ld
configure:4170: checking if the linker (/usr/bin/ld) is GNU ld
configure:4185: result: yes
configure:4197: checking for BSD- or MS-compatible name lister (nm)
configure:4246: result: /usr/bin/nm -B
configure:4364: checking the name lister (/usr/bin/nm -B) interface
configure:4371: gcc -c -g -O2  conftest.c >&5
configure:4374: /usr/bin/nm -B "conftest.o"
configure:4377: output
00000000 B some_variable
configure:4384: result: BSD nm
configure:4387: checking whether ln -s works
configure:4391: result: yes
configure:4399: checking the maximum length of command line arguments
configure:4519: result: 805306365
configure:4536: checking whether the shell understands some XSI constructs
configure:4546: result: yes
configure:4550: checking whether the shell understands "+="
configure:4556: result: yes
configure:4591: checking for /usr/bin/ld option to reload object files
configure:4598: result: -r
configure:4667: checking for objdump
configure:4683: found /usr/bin/objdump
configure:4694: result: objdump
configure:4726: checking how to recognize dependent libraries
configure:4922: result: pass_all
configure:4982: checking for ar
configure:4998: found /usr/bin/ar
configure:5009: result: ar
configure:5087: checking for strip
configure:5103: found /usr/bin/strip
configure:5114: result: strip
configure:5186: checking for ranlib
configure:5202: found /usr/bin/ranlib
configure:5213: result: ranlib
configure:5303: checking command to parse /usr/bin/nm -B output from gcc object
configure:5421: gcc -c -g -O2  conftest.c >&5
configure:5424: $? = 0
configure:5428: /usr/bin/nm -B conftest.o \| sed -n -e 's/^.*[	 ]\([ABCDGIRSTW][ABCDGIRSTW]*\)[	 ][	 ]*\([_A-Za-z][_A-Za-z0-9]*\)$/\1 \2 \2/p' \> conftest.nm
configure:5431: $? = 0
configure:5485: gcc -o conftest -g -O2   conftest.c conftstm.o >&5
configure:5488: $? = 0
configure:5526: result: ok
configure:6335: checking how to run the C preprocessor
configure:6366: gcc -E  conftest.c
configure:6366: $? = 0
configure:6380: gcc -E  conftest.c
conftest.c:11:28: error: ac_nonexistent.h: No such file or directory
configure:6380: $? = 1
configure: failed program was:
| /* confdefs.h */
| #define PACKAGE_NAME "default_GPP_USRP_sound_node"
| #define PACKAGE_TARNAME "default_gpp_usrp_sound_node"
| #define PACKAGE_VERSION "0.5.0"
| #define PACKAGE_STRING "default_GPP_USRP_sound_node 0.5.0"
| #define PACKAGE_BUGREPORT ""
| #define PACKAGE_URL ""
| #define PACKAGE "default_gpp_usrp_sound_node"
| #define VERSION "0.5.0"
| /* end confdefs.h.  */
| #include <ac_nonexistent.h>
configure:6405: result: gcc -E
configure:6425: gcc -E  conftest.c
configure:6425: $? = 0
configure:6439: gcc -E  conftest.c
conftest.c:11:28: error: ac_nonexistent.h: No such file or directory
configure:6439: $? = 1
configure: failed program was:
| /* confdefs.h */
| #define PACKAGE_NAME "default_GPP_USRP_sound_node"
| #define PACKAGE_TARNAME "default_gpp_usrp_sound_node"
| #define PACKAGE_VERSION "0.5.0"
| #define PACKAGE_STRING "default_GPP_USRP_sound_node 0.5.0"
| #define PACKAGE_BUGREPORT ""
| #define PACKAGE_URL ""
| #define PACKAGE "default_gpp_usrp_sound_node"
| #define VERSION "0.5.0"
| /* end confdefs.h.  */
| #include <ac_nonexistent.h>
configure:6468: checking for ANSI C header files
configure:6488: gcc -c -g -O2  conftest.c >&5
configure:6488: $? = 0
configure:6561: gcc -o conftest -g -O2   conftest.c  >&5
configure:6561: $? = 0
configure:6561: ./conftest
configure:6561: $? = 0
configure:6572: result: yes
configure:6585: checking for sys/types.h
configure:6585: gcc -c -g -O2  conftest.c >&5
configure:6585: $? = 0
configure:6585: result: yes
configure:6585: checking for sys/stat.h
configure:6585: gcc -c -g -O2  conftest.c >&5
configure:6585: $? = 0
configure:6585: result: yes
configure:6585: checking for stdlib.h
configure:6585: gcc -c -g -O2  conftest.c >&5
configure:6585: $? = 0
configure:6585: result: yes
configure:6585: checking for string.h
configure:6585: gcc -c -g -O2  conftest.c >&5
configure:6585: $? = 0
configure:6585: result: yes
configure:6585: checking for memory.h
configure:6585: gcc -c -g -O2  conftest.c >&5
configure:6585: $? = 0
configure:6585: result: yes
configure:6585: checking for strings.h
configure:6585: gcc -c -g -O2  conftest.c >&5
configure:6585: $? = 0
configure:6585: result: yes
configure:6585: checking for inttypes.h
configure:6585: gcc -c -g -O2  conftest.c >&5
configure:6585: $? = 0
configure:6585: result: yes
configure:6585: checking for stdint.h
configure:6585: gcc -c -g -O2  conftest.c >&5
configure:6585: $? = 0
configure:6585: result: yes
configure:6585: checking for unistd.h
configure:6585: gcc -c -g -O2  conftest.c >&5
configure:6585: $? = 0
configure:6585: result: yes
configure:6600: checking for dlfcn.h
configure:6600: gcc -c -g -O2  conftest.c >&5
configure:6600: $? = 0
configure:6600: result: yes
configure:6784: checking for objdir
configure:6799: result: .libs
configure:7091: checking if gcc supports -fno-rtti -fno-exceptions
configure:7109: gcc -c -g -O2  -fno-rtti -fno-exceptions conftest.c >&5
cc1: warning: command line option "-fno-rtti" is valid for C++/ObjC++ but not for C
configure:7113: $? = 0
configure:7126: result: no
configure:7146: checking for gcc option to produce PIC
configure:7418: result: -fPIC -DPIC
configure:7430: checking if gcc PIC flag -fPIC -DPIC works
configure:7448: gcc -c -g -O2  -fPIC -DPIC -DPIC conftest.c >&5
configure:7452: $? = 0
configure:7465: result: yes
configure:7489: checking if gcc static flag -static works
configure:7517: result: yes
configure:7532: checking if gcc supports -c -o file.o
configure:7553: gcc -c -g -O2  -o out/conftest2.o conftest.c >&5
configure:7557: $? = 0
configure:7579: result: yes
configure:7587: checking if gcc supports -c -o file.o
configure:7634: result: yes
configure:7667: checking whether the gcc linker (/usr/bin/ld) supports shared libraries
configure:8658: result: yes
configure:8695: checking whether -lc should be explicitly linked in
configure:8700: gcc -c -g -O2  conftest.c >&5
configure:8703: $? = 0
configure:8718: gcc -shared conftest.o  -v -Wl,-soname -Wl,conftest -o conftest 2\>\&1 \| /bin/grep  -lc  \>/dev/null 2\>\&1
configure:8721: $? = 0
configure:8733: result: no
configure:8897: checking dynamic linker characteristics
configure:9330: gcc -o conftest -g -O2   -Wl,-rpath -Wl,/foo conftest.c  >&5
configure:9330: $? = 0
configure:9560: result: GNU/Linux ld.so
configure:9662: checking how to hardcode library paths into programs
configure:9687: result: immediate
configure:10207: checking whether stripping libraries is possible
configure:10212: result: yes
configure:10247: checking if libtool supports shared libraries
configure:10249: result: yes
configure:10252: checking whether to build shared libraries
configure:10273: result: yes
configure:10276: checking whether to build static libraries
configure:10280: result: yes
configure:10478: creating ./config.status

## ---------------- ##
## Cache variables. ##
## ---------------- ##

ac_cv_build=i686-pc-linux-gnu
ac_cv_c_compiler_gnu=yes
ac_cv_env_CC_set=
ac_cv_env_CC_value=
ac_cv_env_CFLAGS_set=
ac_cv_env_CFLAGS_value=
ac_cv_env_CPPFLAGS_set=
ac_cv_env_CPPFLAGS_value=
ac_cv_env_CPP_set=
ac_cv_env_CPP_value=
ac_cv_env_LDFLAGS_set=
ac_cv_env_LDFLAGS_value=
ac_cv_env_LIBS_set=
ac_cv_env_LIBS_value=
ac_cv_env_build_alias_set=
ac_cv_env_build_alias_value=
ac_cv_env_host_alias_set=
ac_cv_env_host_alias_value=
ac_cv_env_target_alias_set=
ac_cv_env_target_alias_value=
ac_cv_header_dlfcn_h=yes
ac_cv_header_inttypes_h=yes
ac_cv_header_memory_h=yes
ac_cv_header_stdc=yes
ac_cv_header_stdint_h=yes
ac_cv_header_stdlib_h=yes
ac_cv_header_string_h=yes
ac_cv_header_strings_h=yes
ac_cv_header_sys_stat_h=yes
ac_cv_header_sys_types_h=yes
ac_cv_header_unistd_h=yes
ac_cv_host=i686-pc-linux-gnu
ac_cv_objext=o
ac_cv_path_EGREP='/bin/grep -E'
ac_cv_path_FGREP='/bin/grep -F'
ac_cv_path_GREP=/bin/grep
ac_cv_path_SED=/bin/sed
ac_cv_path_install='/usr/bin/install -c'
ac_cv_path_mkdir=/bin/mkdir
ac_cv_prog_AWK=gawk
ac_cv_prog_CPP='gcc -E'
ac_cv_prog_ac_ct_AR=ar
ac_cv_prog_ac_ct_CC=gcc
ac_cv_prog_ac_ct_OBJDUMP=objdump
ac_cv_prog_ac_ct_RANLIB=ranlib
ac_cv_prog_ac_ct_STRIP=strip
ac_cv_prog_cc_c89=
ac_cv_prog_cc_g=yes
ac_cv_prog_make_make_set=yes
am_cv_CC_dependencies_compiler_type=none
lt_cv_deplibs_check_method=pass_all
lt_cv_file_magic_cmd='$MAGIC_CMD'
lt_cv_file_magic_test_file=
lt_cv_ld_reload_flag=-r
lt_cv_nm_interface='BSD nm'
lt_cv_objdir=.libs
lt_cv_path_LD=/usr/bin/ld
lt_cv_path_NM='/usr/bin/nm -B'
lt_cv_prog_compiler_c_o=yes
lt_cv_prog_compiler_pic_works=yes
lt_cv_prog_compiler_rtti_exceptions=no
lt_cv_prog_compiler_static_works=yes
lt_cv_prog_gnu_ld=yes
lt_cv_sys_global_symbol_pipe='sed -n -e '\''s/^.*[	 ]\([ABCDGIRSTW][ABCDGIRSTW]*\)[	 ][	 ]*\([_A-Za-z][_A-Za-z0-9]*\)$/\1 \2 \2/p'\'''
lt_cv_sys_global_symbol_to_c_name_address='sed -n -e '\''s/^: \([^ ]*\) $/  {\"\1\", (void *) 0},/p'\'' -e '\''s/^[ABCDGIRSTW]* \([^ ]*\) \([^ ]*\)$/  {"\2", (void *) \&\2},/p'\'''
lt_cv_sys_global_symbol_to_c_name_address_lib_prefix='sed -n -e '\''s/^: \([^ ]*\) $/  {\"\1\", (void *) 0},/p'\'' -e '\''s/^[ABCDGIRSTW]* \([^ ]*\) \(lib[^ ]*\)$/  {"\2", (void *) \&\2},/p'\'' -e '\''s/^[ABCDGIRSTW]* \([^ ]*\) \([^ ]*\)$/  {"lib\2", (void *) \&\2},/p'\'''
lt_cv_sys_global_symbol_to_cdecl='sed -n -e '\''s/^T .* \(.*\)$/extern int \1();/p'\'' -e '\''s/^[ABCDGIRSTW]* .* \(.*\)$/extern char \1;/p'\'''
lt_cv_sys_max_cmd_len=805306365

## ----------------- ##
## Output variables. ##
## ----------------- ##

ACLOCAL='${SHELL} /home/june/workspace/ossie-june/platform/nodes/default_GPP_USRP_sound_node/missing --run aclocal-1.11'
AMDEPBACKSLASH='\'
AMDEP_FALSE='#'
AMDEP_TRUE=''
AMTAR='${SHELL} /home/june/workspace/ossie-june/platform/nodes/default_GPP_USRP_sound_node/missing --run tar'
AR='ar'
AUTOCONF='${SHELL} /home/june/workspace/ossie-june/platform/nodes/default_GPP_USRP_sound_node/missing --run autoconf'
AUTOHEADER='${SHELL} /home/june/workspace/ossie-june/platform/nodes/default_GPP_USRP_sound_node/missing --run autoheader'
AUTOMAKE='${SHELL} /home/june/workspace/ossie-june/platform/nodes/default_GPP_USRP_sound_node/missing --run automake-1.11'
AWK='gawk'
CC='gcc'
CCDEPMODE='depmode=none'
CFLAGS='-g -O2'
CPP='gcc -E'
CPPFLAGS=''
CYGPATH_W='echo'
DEFS='-DPACKAGE_NAME=\"default_GPP_USRP_sound_node\" -DPACKAGE_TARNAME=\"default_gpp_usrp_sound_node\" -DPACKAGE_VERSION=\"0.5.0\" -DPACKAGE_STRING=\"default_GPP_USRP_sound_node\ 0.5.0\" -DPACKAGE_BUGREPORT=\"\" -DPACKAGE_URL=\"\" -DPACKAGE=\"default_gpp_usrp_sound_node\" -DVERSION=\"0.5.0\" -DSTDC_HEADERS=1 -DHAVE_SYS_TYPES_H=1 -DHAVE_SYS_STAT_H=1 -DHAVE_STDLIB_H=1 -DHAVE_STRING_H=1 -DHAVE_MEMORY_H=1 -DHAVE_STRINGS_H=1 -DHAVE_INTTYPES_H=1 -DHAVE_STDINT_H=1 -DHAVE_UNISTD_H=1 -DHAVE_DLFCN_H=1 -DLT_OBJDIR=\".libs/\"'
DEPDIR='.deps'
DSYMUTIL=''
DUMPBIN=''
ECHO_C=''
ECHO_N='-n'
ECHO_T=''
EGREP='/bin/grep -E'
EXEEXT=''
FGREP='/bin/grep -F'
GREP='/bin/grep'
INSTALL_DATA='/usr/bin/install -c -m 644'
INSTALL_PROGRAM='${INSTALL}'
INSTALL_SCRIPT='${INSTALL}'
INSTALL_STRIP_PROGRAM='$(install_sh) -c -s'
LD='/usr/bin/ld'
LDFLAGS=''
LIBOBJS=''
LIBS=''
LIBTOOL='$(SHELL) $(top_builddir)/libtool'
LIPO=''
LN_S='ln -s'
LTLIBOBJS=''
MAKEINFO='${SHELL} /home/june/workspace/ossie-june/platform/nodes/default_GPP_USRP_sound_node/missing --run makeinfo'
MKDIR_P='/bin/mkdir -p'
NM='/usr/bin/nm -B'
NMEDIT=''
OBJDUMP='objdump'
OBJEXT='o'
OTOOL64=''
OTOOL=''
PACKAGE='default_gpp_usrp_sound_node'
PACKAGE_BUGREPORT=''
PACKAGE_NAME='default_GPP_USRP_sound_node'
PACKAGE_STRING='default_GPP_USRP_sound_node 0.5.0'
PACKAGE_TARNAME='default_gpp_usrp_sound_node'
PACKAGE_URL=''
PACKAGE_VERSION='0.5.0'
PATH_SEPARATOR=':'
RANLIB='ranlib'
SED='/bin/sed'
SET_MAKE=''
SHELL='/bin/bash'
STRIP='strip'
VERSION='0.5.0'
ac_ct_CC='gcc'
ac_ct_DUMPBIN=''
am__EXEEXT_FALSE=''
am__EXEEXT_TRUE='#'
am__fastdepCC_FALSE=''
am__fastdepCC_TRUE='#'
am__include='include'
am__isrc=''
am__leading_dot='.'
am__quote=''
am__tar='${AMTAR} chof - "$$tardir"'
am__untar='${AMTAR} xf -'
bindir='${exec_prefix}/bin'
build='i686-pc-linux-gnu'
build_alias=''
build_cpu='i686'
build_os='linux-gnu'
build_vendor='pc'
datadir='${datarootdir}'
datarootdir='${prefix}/share'
docdir='${datarootdir}/doc/${PACKAGE_TARNAME}'
dvidir='${docdir}'
exec_prefix='${prefix}'
host='i686-pc-linux-gnu'
host_alias=''
host_cpu='i686'
host_os='linux-gnu'
host_vendor='pc'
htmldir='${docdir}'
includedir='/usr/local/include'
infodir='${datarootdir}/info'
install_sh='${SHELL} /home/june/workspace/ossie-june/platform/nodes/default_GPP_USRP_sound_node/install-sh'
libdir='/usr/local/lib'
libexecdir='${exec_prefix}/libexec'
localedir='${datarootdir}/locale'
localstatedir='${prefix}/var'
lt_ECHO='echo'
mandir='${datarootdir}/man'
mkdir_p='/bin/mkdir -p'
oldincludedir='/usr/include'
pdfdir='${docdir}'
prefix='/sdr'
program_transform_name='s,x,x,'
psdir='${docdir}'
sbindir='${exec_prefix}/sbin'
sharedstatedir='${prefix}/com'
sysconfdir='${prefix}/etc'
target_alias=''

## ----------- ##
## confdefs.h. ##
## ----------- ##

/* confdefs.h */
#define PACKAGE_NAME "default_GPP_USRP_sound_node"
#define PACKAGE_TARNAME "default_gpp_usrp_sound_node"
#define PACKAGE_VERSION "0.5.0"
#define PACKAGE_STRING "default_GPP_USRP_sound_node 0.5.0"
#define PACKAGE_BUGREPORT ""
#define PACKAGE_URL ""
#define PACKAGE "default_gpp_usrp_sound_node"
#define VERSION "0.5.0"
#define STDC_HEADERS 1
#define HAVE_SYS_TYPES_H 1
#define HAVE_SYS_STAT_H 1
#define HAVE_STDLIB_H 1
#define HAVE_STRING_H 1
#define HAVE_MEMORY_H 1
#define HAVE_STRINGS_H 1
#define HAVE_INTTYPES_H 1
#define HAVE_STDINT_H 1
#define HAVE_UNISTD_H 1
#define HAVE_DLFCN_H 1
#define LT_OBJDIR ".libs/"

configure: exit 0

## ---------------------- ##
## Running config.status. ##
## ---------------------- ##

This file was extended by default_GPP_USRP_sound_node config.status 0.5.0, which was
generated by GNU Autoconf 2.65.  Invocation command line was

  CONFIG_FILES    = 
  CONFIG_HEADERS  = 
  CONFIG_LINKS    = 
  CONFIG_COMMANDS = 
  $ ./config.status 

on june-laptop

config.status:985: creating Makefile
config.status:1148: executing depfiles commands
config.status:1148: executing libtool commands
