This file contains any messages produced by compilers while
running configure, to aid debugging if configure makes a mistake.

It was created by Sound_in configure 0.6.0, which was
generated by GNU Autoconf 2.65.  Invocation command line was

  $ ./configure --disable-option-checking --prefix=/sdr --libdir=/usr/local/lib/ --includedir=/usr/local/include/ --with-boost --with-boost-filesystem --cache-file=/dev/null --srcdir=. --no-create --no-recursion

## --------- ##
## Platform. ##
## --------- ##

hostname = june-laptop
uname -m = i686
uname -r = 2.6.32-37-generic
uname -s = Linux
uname -v = #81-Ubuntu SMP Fri Dec 2 20:35:14 UTC 2011

/usr/bin/uname -p = unknown
/bin/uname -X     = unknown

/bin/arch              = unknown
/usr/bin/arch -k       = unknown
/usr/convex/getsysinfo = unknown
/usr/bin/hostinfo      = unknown
/bin/machine           = unknown
/usr/bin/oslevel       = unknown
/bin/universe          = unknown

PATH: /usr/local/sbin
PATH: /usr/local/bin
PATH: /usr/sbin
PATH: /usr/bin
PATH: /sbin
PATH: /bin
PATH: /usr/games


## ----------- ##
## Core tests. ##
## ----------- ##

configure:2619: checking for a BSD-compatible install
configure:2687: result: /usr/bin/install -c
configure:2698: checking whether build environment is sane
configure:2748: result: yes
configure:2889: checking for a thread-safe mkdir -p
configure:2928: result: /bin/mkdir -p
configure:2941: checking for gawk
configure:2957: found /usr/bin/gawk
configure:2968: result: gawk
configure:2979: checking whether make sets $(MAKE)
configure:3001: result: yes
configure:3111: checking build system type
configure:3125: result: i686-pc-linux-gnu
configure:3145: checking host system type
configure:3158: result: i686-pc-linux-gnu
configure:3190: checking for style of include used by make
configure:3218: result: GNU
configure:3288: checking for gcc
configure:3304: found /usr/bin/gcc
configure:3315: result: gcc
configure:3544: checking for C compiler version
configure:3553: gcc --version >&5
gcc (Ubuntu 4.4.3-4ubuntu5) 4.4.3
Copyright (C) 2009 Free Software Foundation, Inc.
This is free software; see the source for copying conditions.  There is NO
warranty; not even for MERCHANTABILITY or FITNESS FOR A PARTICULAR PURPOSE.

configure:3564: $? = 0
configure:3553: gcc -v >&5
Using built-in specs.
Target: i486-linux-gnu
Configured with: ../src/configure -v --with-pkgversion='Ubuntu 4.4.3-4ubuntu5' --with-bugurl=file:///usr/share/doc/gcc-4.4/README.Bugs --enable-languages=c,c++,fortran,objc,obj-c++ --prefix=/usr --enable-shared --enable-multiarch --enable-linker-build-id --with-system-zlib --libexecdir=/usr/lib --without-included-gettext --enable-threads=posix --with-gxx-include-dir=/usr/include/c++/4.4 --program-suffix=-4.4 --enable-nls --enable-clocale=gnu --enable-libstdcxx-debug --enable-plugin --enable-objc-gc --enable-targets=all --disable-werror --with-arch-32=i486 --with-tune=generic --enable-checking=release --build=i486-linux-gnu --host=i486-linux-gnu --target=i486-linux-gnu
Thread model: posix
gcc version 4.4.3 (Ubuntu 4.4.3-4ubuntu5) 
configure:3564: $? = 0
configure:3553: gcc -V >&5
gcc: '-V' option must have argument
configure:3564: $? = 1
configure:3553: gcc -qversion >&5
gcc: unrecognized option '-qversion'
gcc: no input files
configure:3564: $? = 1
configure:3584: checking whether the C compiler works
configure:3606: gcc    conftest.c  >&5
configure:3610: $? = 0
configure:3659: result: yes
configure:3662: checking for C compiler default output file name
configure:3664: result: a.out
configure:3670: checking for suffix of executables
configure:3677: gcc -o conftest    conftest.c  >&5
configure:3681: $? = 0
configure:3703: result: 
configure:3725: checking whether we are cross compiling
configure:3733: gcc -o conftest    conftest.c  >&5
configure:3737: $? = 0
configure:3744: ./conftest
configure:3748: $? = 0
configure:3763: result: no
configure:3768: checking for suffix of object files
configure:3790: gcc -c   conftest.c >&5
configure:3794: $? = 0
configure:3815: result: o
configure:3819: checking whether we are using the GNU C compiler
configure:3838: gcc -c   conftest.c >&5
configure:3838: $? = 0
configure:3847: result: yes
configure:3856: checking whether gcc accepts -g
configure:3876: gcc -c -g  conftest.c >&5
configure:3876: $? = 0
configure:3917: result: yes
configure:3934: checking for gcc option to accept ISO C89
configure:3998: gcc  -c -g -O2  conftest.c >&5
configure:3998: $? = 0
configure:4011: result: none needed
configure:4033: checking dependency style of gcc
configure:4143: result: gcc3
configure:4158: checking for a sed that does not truncate output
configure:4222: result: /bin/sed
configure:4240: checking for grep that handles long lines and -e
configure:4298: result: /bin/grep
configure:4303: checking for egrep
configure:4365: result: /bin/grep -E
configure:4370: checking for fgrep
configure:4432: result: /bin/grep -F
configure:4467: checking for ld used by gcc
configure:4534: result: /usr/bin/ld
configure:4541: checking if the linker (/usr/bin/ld) is GNU ld
configure:4556: result: yes
configure:4568: checking for BSD- or MS-compatible name lister (nm)
configure:4617: result: /usr/bin/nm -B
configure:4735: checking the name lister (/usr/bin/nm -B) interface
configure:4742: gcc -c -g -O2  conftest.c >&5
configure:4745: /usr/bin/nm -B "conftest.o"
configure:4748: output
00000000 B some_variable
configure:4755: result: BSD nm
configure:4758: checking whether ln -s works
configure:4762: result: yes
configure:4770: checking the maximum length of command line arguments
configure:4890: result: 805306365
configure:4907: checking whether the shell understands some XSI constructs
configure:4917: result: yes
configure:4921: checking whether the shell understands "+="
configure:4927: result: yes
configure:4962: checking for /usr/bin/ld option to reload object files
configure:4969: result: -r
configure:5038: checking for objdump
configure:5054: found /usr/bin/objdump
configure:5065: result: objdump
configure:5097: checking how to recognize dependent libraries
configure:5293: result: pass_all
configure:5353: checking for ar
configure:5369: found /usr/bin/ar
configure:5380: result: ar
configure:5458: checking for strip
configure:5474: found /usr/bin/strip
configure:5485: result: strip
configure:5557: checking for ranlib
configure:5573: found /usr/bin/ranlib
configure:5584: result: ranlib
configure:5674: checking command to parse /usr/bin/nm -B output from gcc object
configure:5792: gcc -c -g -O2  conftest.c >&5
configure:5795: $? = 0
configure:5799: /usr/bin/nm -B conftest.o \| sed -n -e 's/^.*[	 ]\([ABCDGIRSTW][ABCDGIRSTW]*\)[	 ][	 ]*\([_A-Za-z][_A-Za-z0-9]*\)$/\1 \2 \2/p' \> conftest.nm
configure:5802: $? = 0
configure:5856: gcc -o conftest -g -O2   conftest.c conftstm.o >&5
configure:5859: $? = 0
configure:5897: result: ok
configure:6706: checking how to run the C preprocessor
configure:6737: gcc -E  conftest.c
configure:6737: $? = 0
configure:6751: gcc -E  conftest.c
conftest.c:11:28: error: ac_nonexistent.h: No such file or directory
configure:6751: $? = 1
configure: failed program was:
| /* confdefs.h */
| #define PACKAGE_NAME "Sound_in"
| #define PACKAGE_TARNAME "sound_in"
| #define PACKAGE_VERSION "0.6.0"
| #define PACKAGE_STRING "Sound_in 0.6.0"
| #define PACKAGE_BUGREPORT ""
| #define PACKAGE_URL ""
| #define PACKAGE "sound_in"
| #define VERSION "0.6.0"
| /* end confdefs.h.  */
| #include <ac_nonexistent.h>
configure:6776: result: gcc -E
configure:6796: gcc -E  conftest.c
configure:6796: $? = 0
configure:6810: gcc -E  conftest.c
conftest.c:11:28: error: ac_nonexistent.h: No such file or directory
configure:6810: $? = 1
configure: failed program was:
| /* confdefs.h */
| #define PACKAGE_NAME "Sound_in"
| #define PACKAGE_TARNAME "sound_in"
| #define PACKAGE_VERSION "0.6.0"
| #define PACKAGE_STRING "Sound_in 0.6.0"
| #define PACKAGE_BUGREPORT ""
| #define PACKAGE_URL ""
| #define PACKAGE "sound_in"
| #define VERSION "0.6.0"
| /* end confdefs.h.  */
| #include <ac_nonexistent.h>
configure:6839: checking for ANSI C header files
configure:6859: gcc -c -g -O2  conftest.c >&5
configure:6859: $? = 0
configure:6932: gcc -o conftest -g -O2   conftest.c  >&5
configure:6932: $? = 0
configure:6932: ./conftest
configure:6932: $? = 0
configure:6943: result: yes
configure:6956: checking for sys/types.h
configure:6956: gcc -c -g -O2  conftest.c >&5
configure:6956: $? = 0
configure:6956: result: yes
configure:6956: checking for sys/stat.h
configure:6956: gcc -c -g -O2  conftest.c >&5
configure:6956: $? = 0
configure:6956: result: yes
configure:6956: checking for stdlib.h
configure:6956: gcc -c -g -O2  conftest.c >&5
configure:6956: $? = 0
configure:6956: result: yes
configure:6956: checking for string.h
configure:6956: gcc -c -g -O2  conftest.c >&5
configure:6956: $? = 0
configure:6956: result: yes
configure:6956: checking for memory.h
configure:6956: gcc -c -g -O2  conftest.c >&5
configure:6956: $? = 0
configure:6956: result: yes
configure:6956: checking for strings.h
configure:6956: gcc -c -g -O2  conftest.c >&5
configure:6956: $? = 0
configure:6956: result: yes
configure:6956: checking for inttypes.h
configure:6956: gcc -c -g -O2  conftest.c >&5
configure:6956: $? = 0
configure:6956: result: yes
configure:6956: checking for stdint.h
configure:6956: gcc -c -g -O2  conftest.c >&5
configure:6956: $? = 0
configure:6956: result: yes
configure:6956: checking for unistd.h
configure:6956: gcc -c -g -O2  conftest.c >&5
configure:6956: $? = 0
configure:6956: result: yes
configure:6971: checking for dlfcn.h
configure:6971: gcc -c -g -O2  conftest.c >&5
configure:6971: $? = 0
configure:6971: result: yes
configure:7155: checking for objdir
configure:7170: result: .libs
configure:7462: checking if gcc supports -fno-rtti -fno-exceptions
configure:7480: gcc -c -g -O2  -fno-rtti -fno-exceptions conftest.c >&5
cc1: warning: command line option "-fno-rtti" is valid for C++/ObjC++ but not for C
configure:7484: $? = 0
configure:7497: result: no
configure:7517: checking for gcc option to produce PIC
configure:7789: result: -fPIC -DPIC
configure:7801: checking if gcc PIC flag -fPIC -DPIC works
configure:7819: gcc -c -g -O2  -fPIC -DPIC -DPIC conftest.c >&5
configure:7823: $? = 0
configure:7836: result: yes
configure:7860: checking if gcc static flag -static works
configure:7888: result: yes
configure:7903: checking if gcc supports -c -o file.o
configure:7924: gcc -c -g -O2  -o out/conftest2.o conftest.c >&5
configure:7928: $? = 0
configure:7950: result: yes
configure:7958: checking if gcc supports -c -o file.o
configure:8005: result: yes
configure:8038: checking whether the gcc linker (/usr/bin/ld) supports shared libraries
configure:9029: result: yes
configure:9066: checking whether -lc should be explicitly linked in
configure:9071: gcc -c -g -O2  conftest.c >&5
configure:9074: $? = 0
configure:9089: gcc -shared conftest.o  -v -Wl,-soname -Wl,conftest -o conftest 2\>\&1 \| /bin/grep  -lc  \>/dev/null 2\>\&1
configure:9092: $? = 0
configure:9104: result: no
configure:9268: checking dynamic linker characteristics
configure:9701: gcc -o conftest -g -O2   -Wl,-rpath -Wl,/foo conftest.c  >&5
configure:9701: $? = 0
configure:9931: result: GNU/Linux ld.so
configure:10033: checking how to hardcode library paths into programs
configure:10058: result: immediate
configure:10578: checking whether stripping libraries is possible
configure:10583: result: yes
configure:10618: checking if libtool supports shared libraries
configure:10620: result: yes
configure:10623: checking whether to build shared libraries
configure:10644: result: yes
configure:10647: checking whether to build static libraries
configure:10651: result: yes
configure:10746: checking for g++
configure:10762: found /usr/bin/g++
configure:10773: result: g++
configure:10800: checking for C++ compiler version
configure:10809: g++ --version >&5
g++ (Ubuntu 4.4.3-4ubuntu5) 4.4.3
Copyright (C) 2009 Free Software Foundation, Inc.
This is free software; see the source for copying conditions.  There is NO
warranty; not even for MERCHANTABILITY or FITNESS FOR A PARTICULAR PURPOSE.

configure:10820: $? = 0
configure:10809: g++ -v >&5
Using built-in specs.
Target: i486-linux-gnu
Configured with: ../src/configure -v --with-pkgversion='Ubuntu 4.4.3-4ubuntu5' --with-bugurl=file:///usr/share/doc/gcc-4.4/README.Bugs --enable-languages=c,c++,fortran,objc,obj-c++ --prefix=/usr --enable-shared --enable-multiarch --enable-linker-build-id --with-system-zlib --libexecdir=/usr/lib --without-included-gettext --enable-threads=posix --with-gxx-include-dir=/usr/include/c++/4.4 --program-suffix=-4.4 --enable-nls --enable-clocale=gnu --enable-libstdcxx-debug --enable-plugin --enable-objc-gc --enable-targets=all --disable-werror --with-arch-32=i486 --with-tune=generic --enable-checking=release --build=i486-linux-gnu --host=i486-linux-gnu --target=i486-linux-gnu
Thread model: posix
gcc version 4.4.3 (Ubuntu 4.4.3-4ubuntu5) 
configure:10820: $? = 0
configure:10809: g++ -V >&5
g++: '-V' option must have argument
configure:10820: $? = 1
configure:10809: g++ -qversion >&5
g++: unrecognized option '-qversion'
g++: no input files
configure:10820: $? = 1
configure:10824: checking whether we are using the GNU C++ compiler
configure:10843: g++ -c   conftest.cpp >&5
configure:10843: $? = 0
configure:10852: result: yes
configure:10861: checking whether g++ accepts -g
configure:10881: g++ -c -g  conftest.cpp >&5
configure:10881: $? = 0
configure:10922: result: yes
configure:10947: checking dependency style of g++
configure:11057: result: gcc3
configure:11185: checking for C++ compiler version
configure:11194: g++ --version >&5
g++ (Ubuntu 4.4.3-4ubuntu5) 4.4.3
Copyright (C) 2009 Free Software Foundation, Inc.
This is free software; see the source for copying conditions.  There is NO
warranty; not even for MERCHANTABILITY or FITNESS FOR A PARTICULAR PURPOSE.

configure:11205: $? = 0
configure:11194: g++ -v >&5
Using built-in specs.
Target: i486-linux-gnu
Configured with: ../src/configure -v --with-pkgversion='Ubuntu 4.4.3-4ubuntu5' --with-bugurl=file:///usr/share/doc/gcc-4.4/README.Bugs --enable-languages=c,c++,fortran,objc,obj-c++ --prefix=/usr --enable-shared --enable-multiarch --enable-linker-build-id --with-system-zlib --libexecdir=/usr/lib --without-included-gettext --enable-threads=posix --with-gxx-include-dir=/usr/include/c++/4.4 --program-suffix=-4.4 --enable-nls --enable-clocale=gnu --enable-libstdcxx-debug --enable-plugin --enable-objc-gc --enable-targets=all --disable-werror --with-arch-32=i486 --with-tune=generic --enable-checking=release --build=i486-linux-gnu --host=i486-linux-gnu --target=i486-linux-gnu
Thread model: posix
gcc version 4.4.3 (Ubuntu 4.4.3-4ubuntu5) 
configure:11205: $? = 0
configure:11194: g++ -V >&5
g++: '-V' option must have argument
configure:11205: $? = 1
configure:11194: g++ -qversion >&5
g++: unrecognized option '-qversion'
g++: no input files
configure:11205: $? = 1
configure:11209: checking whether we are using the GNU C++ compiler
configure:11237: result: yes
configure:11246: checking whether g++ accepts -g
configure:11307: result: yes
configure:11332: checking dependency style of g++
configure:11442: result: gcc3
configure:11465: checking how to run the C++ preprocessor
configure:11492: g++ -E  conftest.cpp
configure:11492: $? = 0
configure:11506: g++ -E  conftest.cpp
conftest.cpp:23:28: error: ac_nonexistent.h: No such file or directory
configure:11506: $? = 1
configure: failed program was:
| /* confdefs.h */
| #define PACKAGE_NAME "Sound_in"
| #define PACKAGE_TARNAME "sound_in"
| #define PACKAGE_VERSION "0.6.0"
| #define PACKAGE_STRING "Sound_in 0.6.0"
| #define PACKAGE_BUGREPORT ""
| #define PACKAGE_URL ""
| #define PACKAGE "sound_in"
| #define VERSION "0.6.0"
| #define STDC_HEADERS 1
| #define HAVE_SYS_TYPES_H 1
| #define HAVE_SYS_STAT_H 1
| #define HAVE_STDLIB_H 1
| #define HAVE_STRING_H 1
| #define HAVE_MEMORY_H 1
| #define HAVE_STRINGS_H 1
| #define HAVE_INTTYPES_H 1
| #define HAVE_STDINT_H 1
| #define HAVE_UNISTD_H 1
| #define HAVE_DLFCN_H 1
| #define LT_OBJDIR ".libs/"
| /* end confdefs.h.  */
| #include <ac_nonexistent.h>
configure:11531: result: g++ -E
configure:11551: g++ -E  conftest.cpp
configure:11551: $? = 0
configure:11565: g++ -E  conftest.cpp
conftest.cpp:23:28: error: ac_nonexistent.h: No such file or directory
configure:11565: $? = 1
configure: failed program was:
| /* confdefs.h */
| #define PACKAGE_NAME "Sound_in"
| #define PACKAGE_TARNAME "sound_in"
| #define PACKAGE_VERSION "0.6.0"
| #define PACKAGE_STRING "Sound_in 0.6.0"
| #define PACKAGE_BUGREPORT ""
| #define PACKAGE_URL ""
| #define PACKAGE "sound_in"
| #define VERSION "0.6.0"
| #define STDC_HEADERS 1
| #define HAVE_SYS_TYPES_H 1
| #define HAVE_SYS_STAT_H 1
| #define HAVE_STDLIB_H 1
| #define HAVE_STRING_H 1
| #define HAVE_MEMORY_H 1
| #define HAVE_STRINGS_H 1
| #define HAVE_INTTYPES_H 1
| #define HAVE_STDINT_H 1
| #define HAVE_UNISTD_H 1
| #define HAVE_DLFCN_H 1
| #define LT_OBJDIR ".libs/"
| /* end confdefs.h.  */
| #include <ac_nonexistent.h>
configure:11733: checking for ld used by g++
configure:11800: result: /usr/bin/ld
configure:11807: checking if the linker (/usr/bin/ld) is GNU ld
configure:11822: result: yes
configure:11877: checking whether the g++ linker (/usr/bin/ld) supports shared libraries
configure:12790: result: yes
configure:12818: g++ -c -g -O2  conftest.cpp >&5
configure:12821: $? = 0
configure:13003: checking for g++ option to produce PIC
configure:13320: result: -fPIC -DPIC
configure:13329: checking if g++ PIC flag -fPIC -DPIC works
configure:13347: g++ -c -g -O2  -fPIC -DPIC -DPIC conftest.cpp >&5
configure:13351: $? = 0
configure:13364: result: yes
configure:13385: checking if g++ static flag -static works
configure:13413: result: yes
configure:13425: checking if g++ supports -c -o file.o
configure:13446: g++ -c -g -O2  -o out/conftest2.o conftest.cpp >&5
configure:13450: $? = 0
configure:13472: result: yes
configure:13477: checking if g++ supports -c -o file.o
configure:13524: result: yes
configure:13554: checking whether the g++ linker (/usr/bin/ld) supports shared libraries
configure:13583: result: yes
configure:13720: checking dynamic linker characteristics
configure:14101: g++ -o conftest -g -O2   -Wl,-rpath -Wl,/foo conftest.cpp  >&5
configure:14101: $? = 0
configure:14331: result: GNU/Linux ld.so
configure:14382: checking how to hardcode library paths into programs
configure:14407: result: immediate
configure:14448: checking whether make sets $(MAKE)
configure:14470: result: yes
configure:14480: checking for sys/wait.h that is POSIX.1 compatible
configure:14506: gcc -c -g -O2  conftest.c >&5
configure:14506: $? = 0
configure:14513: result: yes
configure:14522: checking for pid_t
configure:14522: gcc -c -g -O2  conftest.c >&5
configure:14522: $? = 0
configure:14522: gcc -c -g -O2  conftest.c >&5
conftest.c: In function 'main':
conftest.c:60: error: expected expression before ')' token
configure:14522: $? = 1
configure: failed program was:
| /* confdefs.h */
| #define PACKAGE_NAME "Sound_in"
| #define PACKAGE_TARNAME "sound_in"
| #define PACKAGE_VERSION "0.6.0"
| #define PACKAGE_STRING "Sound_in 0.6.0"
| #define PACKAGE_BUGREPORT ""
| #define PACKAGE_URL ""
| #define PACKAGE "sound_in"
| #define VERSION "0.6.0"
| #define STDC_HEADERS 1
| #define HAVE_SYS_TYPES_H 1
| #define HAVE_SYS_STAT_H 1
| #define HAVE_STDLIB_H 1
| #define HAVE_STRING_H 1
| #define HAVE_MEMORY_H 1
| #define HAVE_STRINGS_H 1
| #define HAVE_INTTYPES_H 1
| #define HAVE_STDINT_H 1
| #define HAVE_UNISTD_H 1
| #define HAVE_DLFCN_H 1
| #define LT_OBJDIR ".libs/"
| #define HAVE_SYS_WAIT_H 1
| /* end confdefs.h.  */
| #include <stdio.h>
| #ifdef HAVE_SYS_TYPES_H
| # include <sys/types.h>
| #endif
| #ifdef HAVE_SYS_STAT_H
| # include <sys/stat.h>
| #endif
| #ifdef STDC_HEADERS
| # include <stdlib.h>
| # include <stddef.h>
| #else
| # ifdef HAVE_STDLIB_H
| #  include <stdlib.h>
| # endif
| #endif
| #ifdef HAVE_STRING_H
| # if !defined STDC_HEADERS && defined HAVE_MEMORY_H
| #  include <memory.h>
| # endif
| # include <string.h>
| #endif
| #ifdef HAVE_STRINGS_H
| # include <strings.h>
| #endif
| #ifdef HAVE_INTTYPES_H
| # include <inttypes.h>
| #endif
| #ifdef HAVE_STDINT_H
| # include <stdint.h>
| #endif
| #ifdef HAVE_UNISTD_H
| # include <unistd.h>
| #endif
| int
| main ()
| {
| if (sizeof ((pid_t)))
| 	    return 0;
|   ;
|   return 0;
| }
configure:14522: result: yes
configure:14535: checking vfork.h usability
configure:14535: gcc -c -g -O2  conftest.c >&5
conftest.c:57:19: error: vfork.h: No such file or directory
configure:14535: $? = 1
configure: failed program was:
| /* confdefs.h */
| #define PACKAGE_NAME "Sound_in"
| #define PACKAGE_TARNAME "sound_in"
| #define PACKAGE_VERSION "0.6.0"
| #define PACKAGE_STRING "Sound_in 0.6.0"
| #define PACKAGE_BUGREPORT ""
| #define PACKAGE_URL ""
| #define PACKAGE "sound_in"
| #define VERSION "0.6.0"
| #define STDC_HEADERS 1
| #define HAVE_SYS_TYPES_H 1
| #define HAVE_SYS_STAT_H 1
| #define HAVE_STDLIB_H 1
| #define HAVE_STRING_H 1
| #define HAVE_MEMORY_H 1
| #define HAVE_STRINGS_H 1
| #define HAVE_INTTYPES_H 1
| #define HAVE_STDINT_H 1
| #define HAVE_UNISTD_H 1
| #define HAVE_DLFCN_H 1
| #define LT_OBJDIR ".libs/"
| #define HAVE_SYS_WAIT_H 1
| /* end confdefs.h.  */
| #include <stdio.h>
| #ifdef HAVE_SYS_TYPES_H
| # include <sys/types.h>
| #endif
| #ifdef HAVE_SYS_STAT_H
| # include <sys/stat.h>
| #endif
| #ifdef STDC_HEADERS
| # include <stdlib.h>
| # include <stddef.h>
| #else
| # ifdef HAVE_STDLIB_H
| #  include <stdlib.h>
| # endif
| #endif
| #ifdef HAVE_STRING_H
| # if !defined STDC_HEADERS && defined HAVE_MEMORY_H
| #  include <memory.h>
| # endif
| # include <string.h>
| #endif
| #ifdef HAVE_STRINGS_H
| # include <strings.h>
| #endif
| #ifdef HAVE_INTTYPES_H
| # include <inttypes.h>
| #endif
| #ifdef HAVE_STDINT_H
| # include <stdint.h>
| #endif
| #ifdef HAVE_UNISTD_H
| # include <unistd.h>
| #endif
| #include <vfork.h>
configure:14535: result: no
configure:14535: checking vfork.h presence
configure:14535: gcc -E  conftest.c
conftest.c:24:19: error: vfork.h: No such file or directory
configure:14535: $? = 1
configure: failed program was:
| /* confdefs.h */
| #define PACKAGE_NAME "Sound_in"
| #define PACKAGE_TARNAME "sound_in"
| #define PACKAGE_VERSION "0.6.0"
| #define PACKAGE_STRING "Sound_in 0.6.0"
| #define PACKAGE_BUGREPORT ""
| #define PACKAGE_URL ""
| #define PACKAGE "sound_in"
| #define VERSION "0.6.0"
| #define STDC_HEADERS 1
| #define HAVE_SYS_TYPES_H 1
| #define HAVE_SYS_STAT_H 1
| #define HAVE_STDLIB_H 1
| #define HAVE_STRING_H 1
| #define HAVE_MEMORY_H 1
| #define HAVE_STRINGS_H 1
| #define HAVE_INTTYPES_H 1
| #define HAVE_STDINT_H 1
| #define HAVE_UNISTD_H 1
| #define HAVE_DLFCN_H 1
| #define LT_OBJDIR ".libs/"
| #define HAVE_SYS_WAIT_H 1
| /* end confdefs.h.  */
| #include <vfork.h>
configure:14535: result: no
configure:14535: checking for vfork.h
configure:14535: result: no
configure:14548: checking for fork
configure:14548: gcc -o conftest -g -O2   conftest.c  >&5
conftest.c:47: warning: conflicting types for built-in function 'fork'
configure:14548: $? = 0
configure:14548: result: yes
configure:14548: checking for vfork
configure:14548: gcc -o conftest -g -O2   conftest.c  >&5
configure:14548: $? = 0
configure:14548: result: yes
configure:14559: checking for working fork
configure:14581: gcc -o conftest -g -O2   conftest.c  >&5
configure:14581: $? = 0
configure:14581: ./conftest
configure:14581: $? = 0
configure:14591: result: yes
configure:14612: checking for working vfork
configure:14722: result: yes
configure:14755: checking for main in -lomniORB4
configure:14774: g++ -o conftest -g -O2   conftest.cpp -lomniORB4   >&5
configure:14774: $? = 0
configure:14783: result: yes
configure:14796: checking for main in -lomnithread
configure:14815: g++ -o conftest -g -O2   conftest.cpp -lomnithread  -lomniORB4  >&5
configure:14815: $? = 0
configure:14824: result: yes
configure:14837: checking for main in -lomniDynamic4
configure:14856: g++ -o conftest -g -O2   conftest.cpp -lomniDynamic4  -lomnithread -lomniORB4  >&5
configure:14856: $? = 0
configure:14865: result: yes
configure:14881: checking omniORB4/CORBA.h usability
configure:14881: g++ -c -g -O2  conftest.cpp >&5
configure:14881: $? = 0
configure:14881: result: yes
configure:14881: checking omniORB4/CORBA.h presence
configure:14881: g++ -E  conftest.cpp
configure:14881: $? = 0
configure:14881: result: yes
configure:14881: checking for omniORB4/CORBA.h
configure:14881: result: yes
configure:14959: checking for pkg-config
configure:14977: found /usr/bin/pkg-config
configure:14989: result: /usr/bin/pkg-config
configure:15014: checking pkg-config is at least version 0.9.0
configure:15017: result: yes
configure:15028: checking for ALSA
configure:15036: $PKG_CONFIG --exists --print-errors "alsa >= 1.0.6"
configure:15039: $? = 0
configure:15054: $PKG_CONFIG --exists --print-errors "alsa >= 1.0.6"
configure:15057: $? = 0
configure:15093: result: yes
configure:15267: creating ./config.status

## ---------------- ##
## Cache variables. ##
## ---------------- ##

ac_cv_build=i686-pc-linux-gnu
ac_cv_c_compiler_gnu=yes
ac_cv_cxx_compiler_gnu=yes
ac_cv_env_ALSA_CFLAGS_set=
ac_cv_env_ALSA_CFLAGS_value=
ac_cv_env_ALSA_LIBS_set=
ac_cv_env_ALSA_LIBS_value=
ac_cv_env_CCC_set=
ac_cv_env_CCC_value=
ac_cv_env_CC_set=
ac_cv_env_CC_value=
ac_cv_env_CFLAGS_set=
ac_cv_env_CFLAGS_value=
ac_cv_env_CPPFLAGS_set=
ac_cv_env_CPPFLAGS_value=
ac_cv_env_CPP_set=
ac_cv_env_CPP_value=
ac_cv_env_CXXCPP_set=
ac_cv_env_CXXCPP_value=
ac_cv_env_CXXFLAGS_set=
ac_cv_env_CXXFLAGS_value=
ac_cv_env_CXX_set=
ac_cv_env_CXX_value=
ac_cv_env_LDFLAGS_set=
ac_cv_env_LDFLAGS_value=
ac_cv_env_LIBS_set=
ac_cv_env_LIBS_value=
ac_cv_env_PKG_CONFIG_set=
ac_cv_env_PKG_CONFIG_value=
ac_cv_env_build_alias_set=
ac_cv_env_build_alias_value=
ac_cv_env_host_alias_set=
ac_cv_env_host_alias_value=
ac_cv_env_target_alias_set=
ac_cv_env_target_alias_value=
ac_cv_func_fork=yes
ac_cv_func_fork_works=yes
ac_cv_func_vfork=yes
ac_cv_func_vfork_works=yes
ac_cv_header_dlfcn_h=yes
ac_cv_header_inttypes_h=yes
ac_cv_header_memory_h=yes
ac_cv_header_omniORB4_CORBA_h=yes
ac_cv_header_stdc=yes
ac_cv_header_stdint_h=yes
ac_cv_header_stdlib_h=yes
ac_cv_header_string_h=yes
ac_cv_header_strings_h=yes
ac_cv_header_sys_stat_h=yes
ac_cv_header_sys_types_h=yes
ac_cv_header_sys_wait_h=yes
ac_cv_header_unistd_h=yes
ac_cv_header_vfork_h=no
ac_cv_host=i686-pc-linux-gnu
ac_cv_lib_omniDynamic4_main=yes
ac_cv_lib_omniORB4_main=yes
ac_cv_lib_omnithread_main=yes
ac_cv_objext=o
ac_cv_path_EGREP='/bin/grep -E'
ac_cv_path_FGREP='/bin/grep -F'
ac_cv_path_GREP=/bin/grep
ac_cv_path_SED=/bin/sed
ac_cv_path_ac_pt_PKG_CONFIG=/usr/bin/pkg-config
ac_cv_path_install='/usr/bin/install -c'
ac_cv_path_mkdir=/bin/mkdir
ac_cv_prog_AWK=gawk
ac_cv_prog_CPP='gcc -E'
ac_cv_prog_CXXCPP='g++ -E'
ac_cv_prog_ac_ct_AR=ar
ac_cv_prog_ac_ct_CC=gcc
ac_cv_prog_ac_ct_CXX=g++
ac_cv_prog_ac_ct_OBJDUMP=objdump
ac_cv_prog_ac_ct_RANLIB=ranlib
ac_cv_prog_ac_ct_STRIP=strip
ac_cv_prog_cc_c89=
ac_cv_prog_cc_g=yes
ac_cv_prog_cxx_g=yes
ac_cv_prog_make_make_set=yes
ac_cv_type_pid_t=yes
am_cv_CC_dependencies_compiler_type=gcc3
am_cv_CXX_dependencies_compiler_type=gcc3
lt_cv_deplibs_check_method=pass_all
lt_cv_file_magic_cmd='$MAGIC_CMD'
lt_cv_file_magic_test_file=
lt_cv_ld_reload_flag=-r
lt_cv_nm_interface='BSD nm'
lt_cv_objdir=.libs
lt_cv_path_LD=/usr/bin/ld
lt_cv_path_LDCXX=/usr/bin/ld
lt_cv_path_NM='/usr/bin/nm -B'
lt_cv_prog_compiler_c_o=yes
lt_cv_prog_compiler_c_o_CXX=yes
lt_cv_prog_compiler_pic_works=yes
lt_cv_prog_compiler_pic_works_CXX=yes
lt_cv_prog_compiler_rtti_exceptions=no
lt_cv_prog_compiler_static_works=yes
lt_cv_prog_compiler_static_works_CXX=yes
lt_cv_prog_gnu_ld=yes
lt_cv_prog_gnu_ldcxx=yes
lt_cv_sys_global_symbol_pipe='sed -n -e '\''s/^.*[	 ]\([ABCDGIRSTW][ABCDGIRSTW]*\)[	 ][	 ]*\([_A-Za-z][_A-Za-z0-9]*\)$/\1 \2 \2/p'\'''
lt_cv_sys_global_symbol_to_c_name_address='sed -n -e '\''s/^: \([^ ]*\) $/  {\"\1\", (void *) 0},/p'\'' -e '\''s/^[ABCDGIRSTW]* \([^ ]*\) \([^ ]*\)$/  {"\2", (void *) \&\2},/p'\'''
lt_cv_sys_global_symbol_to_c_name_address_lib_prefix='sed -n -e '\''s/^: \([^ ]*\) $/  {\"\1\", (void *) 0},/p'\'' -e '\''s/^[ABCDGIRSTW]* \([^ ]*\) \(lib[^ ]*\)$/  {"\2", (void *) \&\2},/p'\'' -e '\''s/^[ABCDGIRSTW]* \([^ ]*\) \([^ ]*\)$/  {"lib\2", (void *) \&\2},/p'\'''
lt_cv_sys_global_symbol_to_cdecl='sed -n -e '\''s/^T .* \(.*\)$/extern int \1();/p'\'' -e '\''s/^[ABCDGIRSTW]* .* \(.*\)$/extern char \1;/p'\'''
lt_cv_sys_max_cmd_len=805306365
pkg_cv_ALSA_CFLAGS='-I/usr/include/alsa  '
pkg_cv_ALSA_LIBS='-lasound  '

## ----------------- ##
## Output variables. ##
## ----------------- ##

ACLOCAL='${SHELL} /home/june/Work/ossie-june/missing --run aclocal-1.11'
ALSA_CFLAGS='-I/usr/include/alsa  '
ALSA_LIBS='-lasound  '
AMDEPBACKSLASH='\'
AMDEP_FALSE='#'
AMDEP_TRUE=''
AMTAR='${SHELL} /home/june/Work/ossie-june/missing --run tar'
AR='ar'
AUTOCONF='${SHELL} /home/june/Work/ossie-june/missing --run autoconf'
AUTOHEADER='${SHELL} /home/june/Work/ossie-june/missing --run autoheader'
AUTOMAKE='${SHELL} /home/june/Work/ossie-june/missing --run automake-1.11'
AWK='gawk'
CC='gcc'
CCDEPMODE='depmode=gcc3'
CFLAGS='-g -O2'
CPP='gcc -E'
CPPFLAGS=''
CXX='g++'
CXXCPP='g++ -E'
CXXDEPMODE='depmode=gcc3'
CXXFLAGS='-g -O2 '
CYGPATH_W='echo'
DEFS='-DPACKAGE_NAME=\"Sound_in\" -DPACKAGE_TARNAME=\"sound_in\" -DPACKAGE_VERSION=\"0.6.0\" -DPACKAGE_STRING=\"Sound_in\ 0.6.0\" -DPACKAGE_BUGREPORT=\"\" -DPACKAGE_URL=\"\" -DPACKAGE=\"sound_in\" -DVERSION=\"0.6.0\" -DSTDC_HEADERS=1 -DHAVE_SYS_TYPES_H=1 -DHAVE_SYS_STAT_H=1 -DHAVE_STDLIB_H=1 -DHAVE_STRING_H=1 -DHAVE_MEMORY_H=1 -DHAVE_STRINGS_H=1 -DHAVE_INTTYPES_H=1 -DHAVE_STDINT_H=1 -DHAVE_UNISTD_H=1 -DHAVE_DLFCN_H=1 -DLT_OBJDIR=\".libs/\" -DHAVE_SYS_WAIT_H=1 -DHAVE_FORK=1 -DHAVE_VFORK=1 -DHAVE_WORKING_VFORK=1 -DHAVE_WORKING_FORK=1 -DHAVE_LIBOMNIORB4=1 -DHAVE_LIBOMNITHREAD=1 -DHAVE_LIBOMNIDYNAMIC4=1 -DHAVE_OMNIORB4_CORBA_H=1'
DEPDIR='.deps'
DSYMUTIL=''
DUMPBIN=''
ECHO_C=''
ECHO_N='-n'
ECHO_T=''
EGREP='/bin/grep -E'
EXEEXT=''
FGREP='/bin/grep -F'
GREP='/bin/grep'
INSTALL_DATA='${INSTALL} -m 644'
INSTALL_PROGRAM='${INSTALL}'
INSTALL_SCRIPT='${INSTALL}'
INSTALL_STRIP_PROGRAM='$(install_sh) -c -s'
LD='/usr/bin/ld'
LDFLAGS=''
LIBOBJS=''
LIBS='-lomniORB4 -lomnithread -lomniDynamic4 -lasound'
LIBTOOL='$(SHELL) $(top_builddir)/libtool'
LIPO=''
LN_S='ln -s'
LTLIBOBJS=''
MAKEINFO='${SHELL} /home/june/Work/ossie-june/missing --run makeinfo'
MKDIR_P='/bin/mkdir -p'
NM='/usr/bin/nm -B'
NMEDIT=''
OBJDUMP='objdump'
OBJEXT='o'
OTOOL64=''
OTOOL=''
PACKAGE='sound_in'
PACKAGE_BUGREPORT=''
PACKAGE_NAME='Sound_in'
PACKAGE_STRING='Sound_in 0.6.0'
PACKAGE_TARNAME='sound_in'
PACKAGE_URL=''
PACKAGE_VERSION='0.6.0'
PATH_SEPARATOR=':'
PKG_CONFIG='/usr/bin/pkg-config'
RANLIB='ranlib'
SED='/bin/sed'
SET_MAKE=''
SHELL='/bin/bash'
SI_PATH=''
STRIP='strip'
VERSION='0.6.0'
ac_ct_CC='gcc'
ac_ct_CXX='g++'
ac_ct_DUMPBIN=''
am__EXEEXT_FALSE=''
am__EXEEXT_TRUE='#'
am__fastdepCC_FALSE='#'
am__fastdepCC_TRUE=''
am__fastdepCXX_FALSE='#'
am__fastdepCXX_TRUE=''
am__include='include'
am__isrc=''
am__leading_dot='.'
am__quote=''
am__tar='${AMTAR} chof - "$$tardir"'
am__untar='${AMTAR} xf -'
bindir='${exec_prefix}/bin'
build='i686-pc-linux-gnu'
build_alias=''
build_cpu='i686'
build_os='linux-gnu'
build_vendor='pc'
datadir='${datarootdir}'
datarootdir='${prefix}/share'
docdir='${datarootdir}/doc/${PACKAGE_TARNAME}'
dvidir='${docdir}'
exec_prefix='${prefix}'
host='i686-pc-linux-gnu'
host_alias=''
host_cpu='i686'
host_os='linux-gnu'
host_vendor='pc'
htmldir='${docdir}'
includedir='/usr/local/include'
infodir='${datarootdir}/info'
install_sh='${SHELL} /home/june/Work/ossie-june/install-sh'
libdir='/usr/local/lib'
libexecdir='${exec_prefix}/libexec'
localedir='${datarootdir}/locale'
localstatedir='${prefix}/var'
lt_ECHO='echo'
mandir='${datarootdir}/man'
mkdir_p='/bin/mkdir -p'
oldincludedir='/usr/include'
pdfdir='${docdir}'
prefix='/sdr'
program_transform_name='s,x,x,'
psdir='${docdir}'
sbindir='${exec_prefix}/sbin'
sharedstatedir='${prefix}/com'
sysconfdir='${prefix}/etc'
target_alias=''

## ----------- ##
## confdefs.h. ##
## ----------- ##

/* confdefs.h */
#define PACKAGE_NAME "Sound_in"
#define PACKAGE_TARNAME "sound_in"
#define PACKAGE_VERSION "0.6.0"
#define PACKAGE_STRING "Sound_in 0.6.0"
#define PACKAGE_BUGREPORT ""
#define PACKAGE_URL ""
#define PACKAGE "sound_in"
#define VERSION "0.6.0"
#define STDC_HEADERS 1
#define HAVE_SYS_TYPES_H 1
#define HAVE_SYS_STAT_H 1
#define HAVE_STDLIB_H 1
#define HAVE_STRING_H 1
#define HAVE_MEMORY_H 1
#define HAVE_STRINGS_H 1
#define HAVE_INTTYPES_H 1
#define HAVE_STDINT_H 1
#define HAVE_UNISTD_H 1
#define HAVE_DLFCN_H 1
#define LT_OBJDIR ".libs/"
#define HAVE_SYS_WAIT_H 1
#define HAVE_FORK 1
#define HAVE_VFORK 1
#define HAVE_WORKING_VFORK 1
#define HAVE_WORKING_FORK 1
#define HAVE_LIBOMNIORB4 1
#define HAVE_LIBOMNITHREAD 1
#define HAVE_LIBOMNIDYNAMIC4 1
#define HAVE_OMNIORB4_CORBA_H 1

configure: exit 0

## ---------------------- ##
## Running config.status. ##
## ---------------------- ##

This file was extended by Sound_in config.status 0.6.0, which was
generated by GNU Autoconf 2.65.  Invocation command line was

  CONFIG_FILES    = 
  CONFIG_HEADERS  = 
  CONFIG_LINKS    = 
  CONFIG_COMMANDS = 
  $ ./config.status 

on june-laptop

config.status:1052: creating Makefile
config.status:1215: executing depfiles commands
config.status:1215: executing libtool commands
