This file contains any messages produced by compilers while
running configure, to aid debugging if configure makes a mistake.

It was created by Sound_out configure 0.6.0, which was
generated by GNU Autoconf 2.65.  Invocation command line was

  $ ./configure --disable-option-checking --prefix=/sdr --libdir=/usr/local/lib/ --includedir=/usr/local/include/ --with-boost --with-boost-filesystem --cache-file=/dev/null --srcdir=.

## --------- ##
## Platform. ##
## --------- ##

hostname = june-laptop
uname -m = i686
uname -r = 2.6.32-37-generic
uname -s = Linux
uname -v = #81-Ubuntu SMP Fri Dec 2 20:35:14 UTC 2011

/usr/bin/uname -p = unknown
/bin/uname -X     = unknown

/bin/arch              = unknown
/usr/bin/arch -k       = unknown
/usr/convex/getsysinfo = unknown
/usr/bin/hostinfo      = unknown
/bin/machine           = unknown
/usr/bin/oslevel       = unknown
/bin/universe          = unknown

PATH: /usr/local/sbin
PATH: /usr/local/bin
PATH: /usr/sbin
PATH: /usr/bin
PATH: /sbin
PATH: /bin
PATH: /usr/games


## ----------- ##
## Core tests. ##
## ----------- ##

configure:2620: checking for a BSD-compatible install
configure:2688: result: /usr/bin/install -c
configure:2699: checking whether build environment is sane
configure:2749: result: yes
configure:2890: checking for a thread-safe mkdir -p
configure:2929: result: /bin/mkdir -p
configure:2942: checking for gawk
configure:2958: found /usr/bin/gawk
configure:2969: result: gawk
configure:2980: checking whether make sets $(MAKE)
configure:3002: result: yes
configure:3112: checking build system type
configure:3126: result: i686-pc-linux-gnu
configure:3146: checking host system type
configure:3159: result: i686-pc-linux-gnu
configure:3191: checking for style of include used by make
configure:3219: result: GNU
configure:3289: checking for gcc
configure:3305: found /usr/bin/gcc
configure:3316: result: gcc
configure:3545: checking for C compiler version
configure:3554: gcc --version >&5
gcc (Ubuntu 4.4.3-4ubuntu5) 4.4.3
Copyright (C) 2009 Free Software Foundation, Inc.
This is free software; see the source for copying conditions.  There is NO
warranty; not even for MERCHANTABILITY or FITNESS FOR A PARTICULAR PURPOSE.

configure:3565: $? = 0
configure:3554: gcc -v >&5
Using built-in specs.
Target: i486-linux-gnu
Configured with: ../src/configure -v --with-pkgversion='Ubuntu 4.4.3-4ubuntu5' --with-bugurl=file:///usr/share/doc/gcc-4.4/README.Bugs --enable-languages=c,c++,fortran,objc,obj-c++ --prefix=/usr --enable-shared --enable-multiarch --enable-linker-build-id --with-system-zlib --libexecdir=/usr/lib --without-included-gettext --enable-threads=posix --with-gxx-include-dir=/usr/include/c++/4.4 --program-suffix=-4.4 --enable-nls --enable-clocale=gnu --enable-libstdcxx-debug --enable-plugin --enable-objc-gc --enable-targets=all --disable-werror --with-arch-32=i486 --with-tune=generic --enable-checking=release --build=i486-linux-gnu --host=i486-linux-gnu --target=i486-linux-gnu
Thread model: posix
gcc version 4.4.3 (Ubuntu 4.4.3-4ubuntu5) 
configure:3565: $? = 0
configure:3554: gcc -V >&5
gcc: '-V' option must have argument
configure:3565: $? = 1
configure:3554: gcc -qversion >&5
gcc: unrecognized option '-qversion'
gcc: no input files
configure:3565: $? = 1
configure:3585: checking whether the C compiler works
configure:3607: gcc    conftest.c  >&5
configure:3611: $? = 0
configure:3660: result: yes
configure:3663: checking for C compiler default output file name
configure:3665: result: a.out
configure:3671: checking for suffix of executables
configure:3678: gcc -o conftest    conftest.c  >&5
configure:3682: $? = 0
configure:3704: result: 
configure:3726: checking whether we are cross compiling
configure:3734: gcc -o conftest    conftest.c  >&5
configure:3738: $? = 0
configure:3745: ./conftest
configure:3749: $? = 0
configure:3764: result: no
configure:3769: checking for suffix of object files
configure:3791: gcc -c   conftest.c >&5
configure:3795: $? = 0
configure:3816: result: o
configure:3820: checking whether we are using the GNU C compiler
configure:3839: gcc -c   conftest.c >&5
configure:3839: $? = 0
configure:3848: result: yes
configure:3857: checking whether gcc accepts -g
configure:3877: gcc -c -g  conftest.c >&5
configure:3877: $? = 0
configure:3918: result: yes
configure:3935: checking for gcc option to accept ISO C89
configure:3999: gcc  -c -g -O2  conftest.c >&5
configure:3999: $? = 0
configure:4012: result: none needed
configure:4034: checking dependency style of gcc
configure:4144: result: gcc3
configure:4159: checking for a sed that does not truncate output
configure:4223: result: /bin/sed
configure:4241: checking for grep that handles long lines and -e
configure:4299: result: /bin/grep
configure:4304: checking for egrep
configure:4366: result: /bin/grep -E
configure:4371: checking for fgrep
configure:4433: result: /bin/grep -F
configure:4468: checking for ld used by gcc
configure:4535: result: /usr/bin/ld
configure:4542: checking if the linker (/usr/bin/ld) is GNU ld
configure:4557: result: yes
configure:4569: checking for BSD- or MS-compatible name lister (nm)
configure:4618: result: /usr/bin/nm -B
configure:4736: checking the name lister (/usr/bin/nm -B) interface
configure:4743: gcc -c -g -O2  conftest.c >&5
configure:4746: /usr/bin/nm -B "conftest.o"
configure:4749: output
00000000 B some_variable
configure:4756: result: BSD nm
configure:4759: checking whether ln -s works
configure:4763: result: yes
configure:4771: checking the maximum length of command line arguments
configure:4891: result: 1572864
configure:4908: checking whether the shell understands some XSI constructs
configure:4918: result: yes
configure:4922: checking whether the shell understands "+="
configure:4928: result: yes
configure:4963: checking for /usr/bin/ld option to reload object files
configure:4970: result: -r
configure:5039: checking for objdump
configure:5055: found /usr/bin/objdump
configure:5066: result: objdump
configure:5098: checking how to recognize dependent libraries
configure:5294: result: pass_all
configure:5354: checking for ar
configure:5370: found /usr/bin/ar
configure:5381: result: ar
configure:5459: checking for strip
configure:5475: found /usr/bin/strip
configure:5486: result: strip
configure:5558: checking for ranlib
configure:5574: found /usr/bin/ranlib
configure:5585: result: ranlib
configure:5675: checking command to parse /usr/bin/nm -B output from gcc object
configure:5793: gcc -c -g -O2  conftest.c >&5
configure:5796: $? = 0
configure:5800: /usr/bin/nm -B conftest.o \| sed -n -e 's/^.*[	 ]\([ABCDGIRSTW][ABCDGIRSTW]*\)[	 ][	 ]*\([_A-Za-z][_A-Za-z0-9]*\)$/\1 \2 \2/p' \> conftest.nm
configure:5803: $? = 0
configure:5857: gcc -o conftest -g -O2   conftest.c conftstm.o >&5
configure:5860: $? = 0
configure:5898: result: ok
configure:6707: checking how to run the C preprocessor
configure:6738: gcc -E  conftest.c
configure:6738: $? = 0
configure:6752: gcc -E  conftest.c
conftest.c:11:28: error: ac_nonexistent.h: No such file or directory
configure:6752: $? = 1
configure: failed program was:
| /* confdefs.h */
| #define PACKAGE_NAME "Sound_out"
| #define PACKAGE_TARNAME "sound_out"
| #define PACKAGE_VERSION "0.6.0"
| #define PACKAGE_STRING "Sound_out 0.6.0"
| #define PACKAGE_BUGREPORT ""
| #define PACKAGE_URL ""
| #define PACKAGE "sound_out"
| #define VERSION "0.6.0"
| /* end confdefs.h.  */
| #include <ac_nonexistent.h>
configure:6777: result: gcc -E
configure:6797: gcc -E  conftest.c
configure:6797: $? = 0
configure:6811: gcc -E  conftest.c
conftest.c:11:28: error: ac_nonexistent.h: No such file or directory
configure:6811: $? = 1
configure: failed program was:
| /* confdefs.h */
| #define PACKAGE_NAME "Sound_out"
| #define PACKAGE_TARNAME "sound_out"
| #define PACKAGE_VERSION "0.6.0"
| #define PACKAGE_STRING "Sound_out 0.6.0"
| #define PACKAGE_BUGREPORT ""
| #define PACKAGE_URL ""
| #define PACKAGE "sound_out"
| #define VERSION "0.6.0"
| /* end confdefs.h.  */
| #include <ac_nonexistent.h>
configure:6840: checking for ANSI C header files
configure:6860: gcc -c -g -O2  conftest.c >&5
configure:6860: $? = 0
configure:6933: gcc -o conftest -g -O2   conftest.c  >&5
configure:6933: $? = 0
configure:6933: ./conftest
configure:6933: $? = 0
configure:6944: result: yes
configure:6957: checking for sys/types.h
configure:6957: gcc -c -g -O2  conftest.c >&5
configure:6957: $? = 0
configure:6957: result: yes
configure:6957: checking for sys/stat.h
configure:6957: gcc -c -g -O2  conftest.c >&5
configure:6957: $? = 0
configure:6957: result: yes
configure:6957: checking for stdlib.h
configure:6957: gcc -c -g -O2  conftest.c >&5
configure:6957: $? = 0
configure:6957: result: yes
configure:6957: checking for string.h
configure:6957: gcc -c -g -O2  conftest.c >&5
configure:6957: $? = 0
configure:6957: result: yes
configure:6957: checking for memory.h
configure:6957: gcc -c -g -O2  conftest.c >&5
configure:6957: $? = 0
configure:6957: result: yes
configure:6957: checking for strings.h
configure:6957: gcc -c -g -O2  conftest.c >&5
configure:6957: $? = 0
configure:6957: result: yes
configure:6957: checking for inttypes.h
configure:6957: gcc -c -g -O2  conftest.c >&5
configure:6957: $? = 0
configure:6957: result: yes
configure:6957: checking for stdint.h
configure:6957: gcc -c -g -O2  conftest.c >&5
configure:6957: $? = 0
configure:6957: result: yes
configure:6957: checking for unistd.h
configure:6957: gcc -c -g -O2  conftest.c >&5
configure:6957: $? = 0
configure:6957: result: yes
configure:6972: checking for dlfcn.h
configure:6972: gcc -c -g -O2  conftest.c >&5
configure:6972: $? = 0
configure:6972: result: yes
configure:7156: checking for objdir
configure:7171: result: .libs
configure:7463: checking if gcc supports -fno-rtti -fno-exceptions
configure:7481: gcc -c -g -O2  -fno-rtti -fno-exceptions conftest.c >&5
cc1: warning: command line option "-fno-rtti" is valid for C++/ObjC++ but not for C
configure:7485: $? = 0
configure:7498: result: no
configure:7518: checking for gcc option to produce PIC
configure:7790: result: -fPIC -DPIC
configure:7802: checking if gcc PIC flag -fPIC -DPIC works
configure:7820: gcc -c -g -O2  -fPIC -DPIC -DPIC conftest.c >&5
configure:7824: $? = 0
configure:7837: result: yes
configure:7861: checking if gcc static flag -static works
configure:7889: result: yes
configure:7904: checking if gcc supports -c -o file.o
configure:7925: gcc -c -g -O2  -o out/conftest2.o conftest.c >&5
configure:7929: $? = 0
configure:7951: result: yes
configure:7959: checking if gcc supports -c -o file.o
configure:8006: result: yes
configure:8039: checking whether the gcc linker (/usr/bin/ld) supports shared libraries
configure:9030: result: yes
configure:9067: checking whether -lc should be explicitly linked in
configure:9072: gcc -c -g -O2  conftest.c >&5
configure:9075: $? = 0
configure:9090: gcc -shared conftest.o  -v -Wl,-soname -Wl,conftest -o conftest 2\>\&1 \| /bin/grep  -lc  \>/dev/null 2\>\&1
configure:9093: $? = 0
configure:9105: result: no
configure:9269: checking dynamic linker characteristics
configure:9702: gcc -o conftest -g -O2   -Wl,-rpath -Wl,/foo conftest.c  >&5
configure:9702: $? = 0
configure:9932: result: GNU/Linux ld.so
configure:10034: checking how to hardcode library paths into programs
configure:10059: result: immediate
configure:10579: checking whether stripping libraries is possible
configure:10584: result: yes
configure:10619: checking if libtool supports shared libraries
configure:10621: result: yes
configure:10624: checking whether to build shared libraries
configure:10645: result: yes
configure:10648: checking whether to build static libraries
configure:10652: result: yes
configure:10747: checking for g++
configure:10763: found /usr/bin/g++
configure:10774: result: g++
configure:10801: checking for C++ compiler version
configure:10810: g++ --version >&5
g++ (Ubuntu 4.4.3-4ubuntu5) 4.4.3
Copyright (C) 2009 Free Software Foundation, Inc.
This is free software; see the source for copying conditions.  There is NO
warranty; not even for MERCHANTABILITY or FITNESS FOR A PARTICULAR PURPOSE.

configure:10821: $? = 0
configure:10810: g++ -v >&5
Using built-in specs.
Target: i486-linux-gnu
Configured with: ../src/configure -v --with-pkgversion='Ubuntu 4.4.3-4ubuntu5' --with-bugurl=file:///usr/share/doc/gcc-4.4/README.Bugs --enable-languages=c,c++,fortran,objc,obj-c++ --prefix=/usr --enable-shared --enable-multiarch --enable-linker-build-id --with-system-zlib --libexecdir=/usr/lib --without-included-gettext --enable-threads=posix --with-gxx-include-dir=/usr/include/c++/4.4 --program-suffix=-4.4 --enable-nls --enable-clocale=gnu --enable-libstdcxx-debug --enable-plugin --enable-objc-gc --enable-targets=all --disable-werror --with-arch-32=i486 --with-tune=generic --enable-checking=release --build=i486-linux-gnu --host=i486-linux-gnu --target=i486-linux-gnu
Thread model: posix
gcc version 4.4.3 (Ubuntu 4.4.3-4ubuntu5) 
configure:10821: $? = 0
configure:10810: g++ -V >&5
g++: '-V' option must have argument
configure:10821: $? = 1
configure:10810: g++ -qversion >&5
g++: unrecognized option '-qversion'
g++: no input files
configure:10821: $? = 1
configure:10825: checking whether we are using the GNU C++ compiler
configure:10844: g++ -c   conftest.cpp >&5
configure:10844: $? = 0
configure:10853: result: yes
configure:10862: checking whether g++ accepts -g
configure:10882: g++ -c -g  conftest.cpp >&5
configure:10882: $? = 0
configure:10923: result: yes
configure:10948: checking dependency style of g++
configure:11058: result: gcc3
configure:11186: checking for C++ compiler version
configure:11195: g++ --version >&5
g++ (Ubuntu 4.4.3-4ubuntu5) 4.4.3
Copyright (C) 2009 Free Software Foundation, Inc.
This is free software; see the source for copying conditions.  There is NO
warranty; not even for MERCHANTABILITY or FITNESS FOR A PARTICULAR PURPOSE.

configure:11206: $? = 0
configure:11195: g++ -v >&5
Using built-in specs.
Target: i486-linux-gnu
Configured with: ../src/configure -v --with-pkgversion='Ubuntu 4.4.3-4ubuntu5' --with-bugurl=file:///usr/share/doc/gcc-4.4/README.Bugs --enable-languages=c,c++,fortran,objc,obj-c++ --prefix=/usr --enable-shared --enable-multiarch --enable-linker-build-id --with-system-zlib --libexecdir=/usr/lib --without-included-gettext --enable-threads=posix --with-gxx-include-dir=/usr/include/c++/4.4 --program-suffix=-4.4 --enable-nls --enable-clocale=gnu --enable-libstdcxx-debug --enable-plugin --enable-objc-gc --enable-targets=all --disable-werror --with-arch-32=i486 --with-tune=generic --enable-checking=release --build=i486-linux-gnu --host=i486-linux-gnu --target=i486-linux-gnu
Thread model: posix
gcc version 4.4.3 (Ubuntu 4.4.3-4ubuntu5) 
configure:11206: $? = 0
configure:11195: g++ -V >&5
g++: '-V' option must have argument
configure:11206: $? = 1
configure:11195: g++ -qversion >&5
g++: unrecognized option '-qversion'
g++: no input files
configure:11206: $? = 1
configure:11210: checking whether we are using the GNU C++ compiler
configure:11238: result: yes
configure:11247: checking whether g++ accepts -g
configure:11308: result: yes
configure:11333: checking dependency style of g++
configure:11443: result: gcc3
configure:11466: checking how to run the C++ preprocessor
configure:11493: g++ -E  conftest.cpp
configure:11493: $? = 0
configure:11507: g++ -E  conftest.cpp
conftest.cpp:23:28: error: ac_nonexistent.h: No such file or directory
configure:11507: $? = 1
configure: failed program was:
| /* confdefs.h */
| #define PACKAGE_NAME "Sound_out"
| #define PACKAGE_TARNAME "sound_out"
| #define PACKAGE_VERSION "0.6.0"
| #define PACKAGE_STRING "Sound_out 0.6.0"
| #define PACKAGE_BUGREPORT ""
| #define PACKAGE_URL ""
| #define PACKAGE "sound_out"
| #define VERSION "0.6.0"
| #define STDC_HEADERS 1
| #define HAVE_SYS_TYPES_H 1
| #define HAVE_SYS_STAT_H 1
| #define HAVE_STDLIB_H 1
| #define HAVE_STRING_H 1
| #define HAVE_MEMORY_H 1
| #define HAVE_STRINGS_H 1
| #define HAVE_INTTYPES_H 1
| #define HAVE_STDINT_H 1
| #define HAVE_UNISTD_H 1
| #define HAVE_DLFCN_H 1
| #define LT_OBJDIR ".libs/"
| /* end confdefs.h.  */
| #include <ac_nonexistent.h>
configure:11532: result: g++ -E
configure:11552: g++ -E  conftest.cpp
configure:11552: $? = 0
configure:11566: g++ -E  conftest.cpp
conftest.cpp:23:28: error: ac_nonexistent.h: No such file or directory
configure:11566: $? = 1
configure: failed program was:
| /* confdefs.h */
| #define PACKAGE_NAME "Sound_out"
| #define PACKAGE_TARNAME "sound_out"
| #define PACKAGE_VERSION "0.6.0"
| #define PACKAGE_STRING "Sound_out 0.6.0"
| #define PACKAGE_BUGREPORT ""
| #define PACKAGE_URL ""
| #define PACKAGE "sound_out"
| #define VERSION "0.6.0"
| #define STDC_HEADERS 1
| #define HAVE_SYS_TYPES_H 1
| #define HAVE_SYS_STAT_H 1
| #define HAVE_STDLIB_H 1
| #define HAVE_STRING_H 1
| #define HAVE_MEMORY_H 1
| #define HAVE_STRINGS_H 1
| #define HAVE_INTTYPES_H 1
| #define HAVE_STDINT_H 1
| #define HAVE_UNISTD_H 1
| #define HAVE_DLFCN_H 1
| #define LT_OBJDIR ".libs/"
| /* end confdefs.h.  */
| #include <ac_nonexistent.h>
configure:11734: checking for ld used by g++
configure:11801: result: /usr/bin/ld
configure:11808: checking if the linker (/usr/bin/ld) is GNU ld
configure:11823: result: yes
configure:11878: checking whether the g++ linker (/usr/bin/ld) supports shared libraries
configure:12791: result: yes
configure:12819: g++ -c -g -O2  conftest.cpp >&5
configure:12822: $? = 0
configure:13004: checking for g++ option to produce PIC
configure:13321: result: -fPIC -DPIC
configure:13330: checking if g++ PIC flag -fPIC -DPIC works
configure:13348: g++ -c -g -O2  -fPIC -DPIC -DPIC conftest.cpp >&5
configure:13352: $? = 0
configure:13365: result: yes
configure:13386: checking if g++ static flag -static works
configure:13414: result: yes
configure:13426: checking if g++ supports -c -o file.o
configure:13447: g++ -c -g -O2  -o out/conftest2.o conftest.cpp >&5
configure:13451: $? = 0
configure:13473: result: yes
configure:13478: checking if g++ supports -c -o file.o
configure:13525: result: yes
configure:13555: checking whether the g++ linker (/usr/bin/ld) supports shared libraries
configure:13584: result: yes
configure:13721: checking dynamic linker characteristics
configure:14102: g++ -o conftest -g -O2   -Wl,-rpath -Wl,/foo conftest.cpp  >&5
configure:14102: $? = 0
configure:14332: result: GNU/Linux ld.so
configure:14383: checking how to hardcode library paths into programs
configure:14408: result: immediate
configure:14449: checking whether make sets $(MAKE)
configure:14471: result: yes
configure:14481: checking for sys/wait.h that is POSIX.1 compatible
configure:14507: gcc -c -g -O2  conftest.c >&5
configure:14507: $? = 0
configure:14514: result: yes
configure:14523: checking for pid_t
configure:14523: gcc -c -g -O2  conftest.c >&5
configure:14523: $? = 0
configure:14523: gcc -c -g -O2  conftest.c >&5
conftest.c: In function 'main':
conftest.c:60: error: expected expression before ')' token
configure:14523: $? = 1
configure: failed program was:
| /* confdefs.h */
| #define PACKAGE_NAME "Sound_out"
| #define PACKAGE_TARNAME "sound_out"
| #define PACKAGE_VERSION "0.6.0"
| #define PACKAGE_STRING "Sound_out 0.6.0"
| #define PACKAGE_BUGREPORT ""
| #define PACKAGE_URL ""
| #define PACKAGE "sound_out"
| #define VERSION "0.6.0"
| #define STDC_HEADERS 1
| #define HAVE_SYS_TYPES_H 1
| #define HAVE_SYS_STAT_H 1
| #define HAVE_STDLIB_H 1
| #define HAVE_STRING_H 1
| #define HAVE_MEMORY_H 1
| #define HAVE_STRINGS_H 1
| #define HAVE_INTTYPES_H 1
| #define HAVE_STDINT_H 1
| #define HAVE_UNISTD_H 1
| #define HAVE_DLFCN_H 1
| #define LT_OBJDIR ".libs/"
| #define HAVE_SYS_WAIT_H 1
| /* end confdefs.h.  */
| #include <stdio.h>
| #ifdef HAVE_SYS_TYPES_H
| # include <sys/types.h>
| #endif
| #ifdef HAVE_SYS_STAT_H
| # include <sys/stat.h>
| #endif
| #ifdef STDC_HEADERS
| # include <stdlib.h>
| # include <stddef.h>
| #else
| # ifdef HAVE_STDLIB_H
| #  include <stdlib.h>
| # endif
| #endif
| #ifdef HAVE_STRING_H
| # if !defined STDC_HEADERS && defined HAVE_MEMORY_H
| #  include <memory.h>
| # endif
| # include <string.h>
| #endif
| #ifdef HAVE_STRINGS_H
| # include <strings.h>
| #endif
| #ifdef HAVE_INTTYPES_H
| # include <inttypes.h>
| #endif
| #ifdef HAVE_STDINT_H
| # include <stdint.h>
| #endif
| #ifdef HAVE_UNISTD_H
| # include <unistd.h>
| #endif
| int
| main ()
| {
| if (sizeof ((pid_t)))
| 	    return 0;
|   ;
|   return 0;
| }
configure:14523: result: yes
configure:14536: checking vfork.h usability
configure:14536: gcc -c -g -O2  conftest.c >&5
conftest.c:57:19: error: vfork.h: No such file or directory
configure:14536: $? = 1
configure: failed program was:
| /* confdefs.h */
| #define PACKAGE_NAME "Sound_out"
| #define PACKAGE_TARNAME "sound_out"
| #define PACKAGE_VERSION "0.6.0"
| #define PACKAGE_STRING "Sound_out 0.6.0"
| #define PACKAGE_BUGREPORT ""
| #define PACKAGE_URL ""
| #define PACKAGE "sound_out"
| #define VERSION "0.6.0"
| #define STDC_HEADERS 1
| #define HAVE_SYS_TYPES_H 1
| #define HAVE_SYS_STAT_H 1
| #define HAVE_STDLIB_H 1
| #define HAVE_STRING_H 1
| #define HAVE_MEMORY_H 1
| #define HAVE_STRINGS_H 1
| #define HAVE_INTTYPES_H 1
| #define HAVE_STDINT_H 1
| #define HAVE_UNISTD_H 1
| #define HAVE_DLFCN_H 1
| #define LT_OBJDIR ".libs/"
| #define HAVE_SYS_WAIT_H 1
| /* end confdefs.h.  */
| #include <stdio.h>
| #ifdef HAVE_SYS_TYPES_H
| # include <sys/types.h>
| #endif
| #ifdef HAVE_SYS_STAT_H
| # include <sys/stat.h>
| #endif
| #ifdef STDC_HEADERS
| # include <stdlib.h>
| # include <stddef.h>
| #else
| # ifdef HAVE_STDLIB_H
| #  include <stdlib.h>
| # endif
| #endif
| #ifdef HAVE_STRING_H
| # if !defined STDC_HEADERS && defined HAVE_MEMORY_H
| #  include <memory.h>
| # endif
| # include <string.h>
| #endif
| #ifdef HAVE_STRINGS_H
| # include <strings.h>
| #endif
| #ifdef HAVE_INTTYPES_H
| # include <inttypes.h>
| #endif
| #ifdef HAVE_STDINT_H
| # include <stdint.h>
| #endif
| #ifdef HAVE_UNISTD_H
| # include <unistd.h>
| #endif
| #include <vfork.h>
configure:14536: result: no
configure:14536: checking vfork.h presence
configure:14536: gcc -E  conftest.c
conftest.c:24:19: error: vfork.h: No such file or directory
configure:14536: $? = 1
configure: failed program was:
| /* confdefs.h */
| #define PACKAGE_NAME "Sound_out"
| #define PACKAGE_TARNAME "sound_out"
| #define PACKAGE_VERSION "0.6.0"
| #define PACKAGE_STRING "Sound_out 0.6.0"
| #define PACKAGE_BUGREPORT ""
| #define PACKAGE_URL ""
| #define PACKAGE "sound_out"
| #define VERSION "0.6.0"
| #define STDC_HEADERS 1
| #define HAVE_SYS_TYPES_H 1
| #define HAVE_SYS_STAT_H 1
| #define HAVE_STDLIB_H 1
| #define HAVE_STRING_H 1
| #define HAVE_MEMORY_H 1
| #define HAVE_STRINGS_H 1
| #define HAVE_INTTYPES_H 1
| #define HAVE_STDINT_H 1
| #define HAVE_UNISTD_H 1
| #define HAVE_DLFCN_H 1
| #define LT_OBJDIR ".libs/"
| #define HAVE_SYS_WAIT_H 1
| /* end confdefs.h.  */
| #include <vfork.h>
configure:14536: result: no
configure:14536: checking for vfork.h
configure:14536: result: no
configure:14549: checking for fork
configure:14549: gcc -o conftest -g -O2   conftest.c  >&5
conftest.c:47: warning: conflicting types for built-in function 'fork'
configure:14549: $? = 0
configure:14549: result: yes
configure:14549: checking for vfork
configure:14549: gcc -o conftest -g -O2   conftest.c  >&5
configure:14549: $? = 0
configure:14549: result: yes
configure:14560: checking for working fork
configure:14582: gcc -o conftest -g -O2   conftest.c  >&5
configure:14582: $? = 0
configure:14582: ./conftest
configure:14582: $? = 0
configure:14592: result: yes
configure:14613: checking for working vfork
configure:14723: result: yes
configure:14756: checking for main in -lomniORB4
configure:14775: g++ -o conftest -g -O2   conftest.cpp -lomniORB4   >&5
configure:14775: $? = 0
configure:14784: result: yes
configure:14797: checking for main in -lomniDynamic4
configure:14816: g++ -o conftest -g -O2   conftest.cpp -lomniDynamic4  -lomniORB4  >&5
configure:14816: $? = 0
configure:14825: result: yes
configure:14841: checking omniORB4/CORBA.h usability
configure:14841: g++ -c -g -O2  conftest.cpp >&5
configure:14841: $? = 0
configure:14841: result: yes
configure:14841: checking omniORB4/CORBA.h presence
configure:14841: g++ -E  conftest.cpp
configure:14841: $? = 0
configure:14841: result: yes
configure:14841: checking for omniORB4/CORBA.h
configure:14841: result: yes
configure:14855: checking for omniidl
configure:14871: found /usr/bin/omniidl
configure:14883: result: omniidl
configure:14956: checking for pkg-config
configure:14974: found /usr/bin/pkg-config
configure:14986: result: /usr/bin/pkg-config
configure:15011: checking pkg-config is at least version 0.9.0
configure:15014: result: yes
configure:15025: checking for ALSA
configure:15033: $PKG_CONFIG --exists --print-errors "alsa >= 1.0.6"
configure:15036: $? = 0
configure:15051: $PKG_CONFIG --exists --print-errors "alsa >= 1.0.6"
configure:15054: $? = 0
configure:15090: result: yes
configure:15265: creating ./config.status

## ---------------------- ##
## Running config.status. ##
## ---------------------- ##

This file was extended by Sound_out config.status 0.6.0, which was
generated by GNU Autoconf 2.65.  Invocation command line was

  CONFIG_FILES    = 
  CONFIG_HEADERS  = 
  CONFIG_LINKS    = 
  CONFIG_COMMANDS = 
  $ ./config.status 

on june-laptop

config.status:1053: creating Makefile
config.status:1216: executing depfiles commands
config.status:1216: executing libtool commands

## ---------------- ##
## Cache variables. ##
## ---------------- ##

ac_cv_build=i686-pc-linux-gnu
ac_cv_c_compiler_gnu=yes
ac_cv_cxx_compiler_gnu=yes
ac_cv_env_ALSA_CFLAGS_set=
ac_cv_env_ALSA_CFLAGS_value=
ac_cv_env_ALSA_LIBS_set=
ac_cv_env_ALSA_LIBS_value=
ac_cv_env_CCC_set=
ac_cv_env_CCC_value=
ac_cv_env_CC_set=
ac_cv_env_CC_value=
ac_cv_env_CFLAGS_set=
ac_cv_env_CFLAGS_value=
ac_cv_env_CPPFLAGS_set=
ac_cv_env_CPPFLAGS_value=
ac_cv_env_CPP_set=
ac_cv_env_CPP_value=
ac_cv_env_CXXCPP_set=
ac_cv_env_CXXCPP_value=
ac_cv_env_CXXFLAGS_set=
ac_cv_env_CXXFLAGS_value=
ac_cv_env_CXX_set=
ac_cv_env_CXX_value=
ac_cv_env_LDFLAGS_set=
ac_cv_env_LDFLAGS_value=
ac_cv_env_LIBS_set=
ac_cv_env_LIBS_value=
ac_cv_env_PKG_CONFIG_set=
ac_cv_env_PKG_CONFIG_value=
ac_cv_env_build_alias_set=
ac_cv_env_build_alias_value=
ac_cv_env_host_alias_set=
ac_cv_env_host_alias_value=
ac_cv_env_target_alias_set=
ac_cv_env_target_alias_value=
ac_cv_func_fork=yes
ac_cv_func_fork_works=yes
ac_cv_func_vfork=yes
ac_cv_func_vfork_works=yes
ac_cv_header_dlfcn_h=yes
ac_cv_header_inttypes_h=yes
ac_cv_header_memory_h=yes
ac_cv_header_omniORB4_CORBA_h=yes
ac_cv_header_stdc=yes
ac_cv_header_stdint_h=yes
ac_cv_header_stdlib_h=yes
ac_cv_header_string_h=yes
ac_cv_header_strings_h=yes
ac_cv_header_sys_stat_h=yes
ac_cv_header_sys_types_h=yes
ac_cv_header_sys_wait_h=yes
ac_cv_header_unistd_h=yes
ac_cv_header_vfork_h=no
ac_cv_host=i686-pc-linux-gnu
ac_cv_lib_omniDynamic4_main=yes
ac_cv_lib_omniORB4_main=yes
ac_cv_objext=o
ac_cv_path_EGREP='/bin/grep -E'
ac_cv_path_FGREP='/bin/grep -F'
ac_cv_path_GREP=/bin/grep
ac_cv_path_SED=/bin/sed
ac_cv_path_ac_pt_PKG_CONFIG=/usr/bin/pkg-config
ac_cv_path_install='/usr/bin/install -c'
ac_cv_path_mkdir=/bin/mkdir
ac_cv_prog_AWK=gawk
ac_cv_prog_CPP='gcc -E'
ac_cv_prog_CXXCPP='g++ -E'
ac_cv_prog_IDL=omniidl
ac_cv_prog_ac_ct_AR=ar
ac_cv_prog_ac_ct_CC=gcc
ac_cv_prog_ac_ct_CXX=g++
ac_cv_prog_ac_ct_OBJDUMP=objdump
ac_cv_prog_ac_ct_RANLIB=ranlib
ac_cv_prog_ac_ct_STRIP=strip
ac_cv_prog_cc_c89=
ac_cv_prog_cc_g=yes
ac_cv_prog_cxx_g=yes
ac_cv_prog_make_make_set=yes
ac_cv_type_pid_t=yes
am_cv_CC_dependencies_compiler_type=gcc3
am_cv_CXX_dependencies_compiler_type=gcc3
lt_cv_deplibs_check_method=pass_all
lt_cv_file_magic_cmd='$MAGIC_CMD'
lt_cv_file_magic_test_file=
lt_cv_ld_reload_flag=-r
lt_cv_nm_interface='BSD nm'
lt_cv_objdir=.libs
lt_cv_path_LD=/usr/bin/ld
lt_cv_path_LDCXX=/usr/bin/ld
lt_cv_path_NM='/usr/bin/nm -B'
lt_cv_prog_compiler_c_o=yes
lt_cv_prog_compiler_c_o_CXX=yes
lt_cv_prog_compiler_pic_works=yes
lt_cv_prog_compiler_pic_works_CXX=yes
lt_cv_prog_compiler_rtti_exceptions=no
lt_cv_prog_compiler_static_works=yes
lt_cv_prog_compiler_static_works_CXX=yes
lt_cv_prog_gnu_ld=yes
lt_cv_prog_gnu_ldcxx=yes
lt_cv_sys_global_symbol_pipe='sed -n -e '\''s/^.*[	 ]\([ABCDGIRSTW][ABCDGIRSTW]*\)[	 ][	 ]*\([_A-Za-z][_A-Za-z0-9]*\)$/\1 \2 \2/p'\'''
lt_cv_sys_global_symbol_to_c_name_address='sed -n -e '\''s/^: \([^ ]*\) $/  {\"\1\", (void *) 0},/p'\'' -e '\''s/^[ABCDGIRSTW]* \([^ ]*\) \([^ ]*\)$/  {"\2", (void *) \&\2},/p'\'''
lt_cv_sys_global_symbol_to_c_name_address_lib_prefix='sed -n -e '\''s/^: \([^ ]*\) $/  {\"\1\", (void *) 0},/p'\'' -e '\''s/^[ABCDGIRSTW]* \([^ ]*\) \(lib[^ ]*\)$/  {"\2", (void *) \&\2},/p'\'' -e '\''s/^[ABCDGIRSTW]* \([^ ]*\) \([^ ]*\)$/  {"lib\2", (void *) \&\2},/p'\'''
lt_cv_sys_global_symbol_to_cdecl='sed -n -e '\''s/^T .* \(.*\)$/extern int \1();/p'\'' -e '\''s/^[ABCDGIRSTW]* .* \(.*\)$/extern char \1;/p'\'''
lt_cv_sys_max_cmd_len=1572864
pkg_cv_ALSA_CFLAGS='-I/usr/include/alsa  '
pkg_cv_ALSA_LIBS='-lasound  '

## ----------------- ##
## Output variables. ##
## ----------------- ##

ACLOCAL='${SHELL} /home/june/ossie-june/missing --run aclocal-1.11'
ALSA_CFLAGS='-I/usr/include/alsa  '
ALSA_LIBS='-lasound  '
AMDEPBACKSLASH='\'
AMDEP_FALSE='#'
AMDEP_TRUE=''
AMTAR='${SHELL} /home/june/ossie-june/missing --run tar'
AR='ar'
AUTOCONF='${SHELL} /home/june/ossie-june/missing --run autoconf'
AUTOHEADER='${SHELL} /home/june/ossie-june/missing --run autoheader'
AUTOMAKE='${SHELL} /home/june/ossie-june/missing --run automake-1.11'
AWK='gawk'
CC='gcc'
CCDEPMODE='depmode=gcc3'
CFLAGS='-g -O2'
CPP='gcc -E'
CPPFLAGS=''
CXX='g++'
CXXCPP='g++ -E'
CXXDEPMODE='depmode=gcc3'
CXXFLAGS='-g -O2 '
CYGPATH_W='echo'
DEFS='-DPACKAGE_NAME=\"Sound_out\" -DPACKAGE_TARNAME=\"sound_out\" -DPACKAGE_VERSION=\"0.6.0\" -DPACKAGE_STRING=\"Sound_out\ 0.6.0\" -DPACKAGE_BUGREPORT=\"\" -DPACKAGE_URL=\"\" -DPACKAGE=\"sound_out\" -DVERSION=\"0.6.0\" -DSTDC_HEADERS=1 -DHAVE_SYS_TYPES_H=1 -DHAVE_SYS_STAT_H=1 -DHAVE_STDLIB_H=1 -DHAVE_STRING_H=1 -DHAVE_MEMORY_H=1 -DHAVE_STRINGS_H=1 -DHAVE_INTTYPES_H=1 -DHAVE_STDINT_H=1 -DHAVE_UNISTD_H=1 -DHAVE_DLFCN_H=1 -DLT_OBJDIR=\".libs/\" -DHAVE_SYS_WAIT_H=1 -DHAVE_FORK=1 -DHAVE_VFORK=1 -DHAVE_WORKING_VFORK=1 -DHAVE_WORKING_FORK=1 -DHAVE_LIBOMNIORB4=1 -DHAVE_LIBOMNIDYNAMIC4=1 -DHAVE_OMNIORB4_CORBA_H=1'
DEPDIR='.deps'
DSYMUTIL=''
DUMPBIN=''
ECHO_C=''
ECHO_N='-n'
ECHO_T=''
EGREP='/bin/grep -E'
EXEEXT=''
FGREP='/bin/grep -F'
GREP='/bin/grep'
IDL='omniidl'
IDL_FLAGS=''
INSTALL_DATA='${INSTALL} -m 644'
INSTALL_PROGRAM='${INSTALL}'
INSTALL_SCRIPT='${INSTALL}'
INSTALL_STRIP_PROGRAM='$(install_sh) -c -s'
LD='/usr/bin/ld'
LDFLAGS=''
LIBOBJS=''
LIBS='-lomniDynamic4 -lomniORB4   -lasound'
LIBTOOL='$(SHELL) $(top_builddir)/libtool'
LIPO=''
LN_S='ln -s'
LTLIBOBJS=''
MAKEINFO='${SHELL} /home/june/ossie-june/missing --run makeinfo'
MKDIR_P='/bin/mkdir -p'
NM='/usr/bin/nm -B'
NMEDIT=''
OBJDUMP='objdump'
OBJEXT='o'
OTOOL64=''
OTOOL=''
PACKAGE='sound_out'
PACKAGE_BUGREPORT=''
PACKAGE_NAME='Sound_out'
PACKAGE_STRING='Sound_out 0.6.0'
PACKAGE_TARNAME='sound_out'
PACKAGE_URL=''
PACKAGE_VERSION='0.6.0'
PATH_SEPARATOR=':'
PKG_CONFIG='/usr/bin/pkg-config'
RANLIB='ranlib'
SED='/bin/sed'
SET_MAKE=''
SHELL='/bin/bash'
STRIP='strip'
VERSION='0.6.0'
ac_ct_CC='gcc'
ac_ct_CXX='g++'
ac_ct_DUMPBIN=''
am__EXEEXT_FALSE=''
am__EXEEXT_TRUE='#'
am__fastdepCC_FALSE='#'
am__fastdepCC_TRUE=''
am__fastdepCXX_FALSE='#'
am__fastdepCXX_TRUE=''
am__include='include'
am__isrc=''
am__leading_dot='.'
am__quote=''
am__tar='${AMTAR} chof - "$$tardir"'
am__untar='${AMTAR} xf -'
bindir='${exec_prefix}/bin'
build='i686-pc-linux-gnu'
build_alias=''
build_cpu='i686'
build_os='linux-gnu'
build_vendor='pc'
datadir='${datarootdir}'
datarootdir='${prefix}/share'
docdir='${datarootdir}/doc/${PACKAGE_TARNAME}'
dvidir='${docdir}'
exec_prefix='${prefix}'
host='i686-pc-linux-gnu'
host_alias=''
host_cpu='i686'
host_os='linux-gnu'
host_vendor='pc'
htmldir='${docdir}'
includedir='/usr/local/include'
infodir='${datarootdir}/info'
install_sh='${SHELL} /home/june/ossie-june/install-sh'
libdir='/usr/local/lib'
libexecdir='${exec_prefix}/libexec'
localedir='${datarootdir}/locale'
localstatedir='${prefix}/var'
lt_ECHO='echo'
mandir='${datarootdir}/man'
mkdir_p='/bin/mkdir -p'
oldincludedir='/usr/include'
pdfdir='${docdir}'
prefix='/sdr'
program_transform_name='s,x,x,'
psdir='${docdir}'
sbindir='${exec_prefix}/sbin'
sharedstatedir='${prefix}/com'
sysconfdir='${prefix}/etc'
target_alias=''

## ----------- ##
## confdefs.h. ##
## ----------- ##

/* confdefs.h */
#define PACKAGE_NAME "Sound_out"
#define PACKAGE_TARNAME "sound_out"
#define PACKAGE_VERSION "0.6.0"
#define PACKAGE_STRING "Sound_out 0.6.0"
#define PACKAGE_BUGREPORT ""
#define PACKAGE_URL ""
#define PACKAGE "sound_out"
#define VERSION "0.6.0"
#define STDC_HEADERS 1
#define HAVE_SYS_TYPES_H 1
#define HAVE_SYS_STAT_H 1
#define HAVE_STDLIB_H 1
#define HAVE_STRING_H 1
#define HAVE_MEMORY_H 1
#define HAVE_STRINGS_H 1
#define HAVE_INTTYPES_H 1
#define HAVE_STDINT_H 1
#define HAVE_UNISTD_H 1
#define HAVE_DLFCN_H 1
#define LT_OBJDIR ".libs/"
#define HAVE_SYS_WAIT_H 1
#define HAVE_FORK 1
#define HAVE_VFORK 1
#define HAVE_WORKING_VFORK 1
#define HAVE_WORKING_FORK 1
#define HAVE_LIBOMNIORB4 1
#define HAVE_LIBOMNIDYNAMIC4 1
#define HAVE_OMNIORB4_CORBA_H 1

configure: exit 0
