This file contains any messages produced by compilers while
running configure, to aid debugging if configure makes a mistake.

It was created by USRP2 configure 0.8.1, which was
generated by GNU Autoconf 2.65.  Invocation command line was

  $ ./configure --disable-option-checking --prefix=/sdr --cache-file=/dev/null --srcdir=.

## --------- ##
## Platform. ##
## --------- ##

hostname = june-laptop
uname -m = i686
uname -r = 2.6.32-37-generic
uname -s = Linux
uname -v = #81-Ubuntu SMP Fri Dec 2 20:35:14 UTC 2011

/usr/bin/uname -p = unknown
/bin/uname -X     = unknown

/bin/arch              = unknown
/usr/bin/arch -k       = unknown
/usr/convex/getsysinfo = unknown
/usr/bin/hostinfo      = unknown
/bin/machine           = unknown
/usr/bin/oslevel       = unknown
/bin/universe          = unknown

PATH: /usr/local/sbin
PATH: /usr/local/bin
PATH: /usr/sbin
PATH: /usr/bin
PATH: /sbin
PATH: /bin
PATH: /usr/games


## ----------- ##
## Core tests. ##
## ----------- ##

configure:2618: checking build system type
configure:2632: result: i686-pc-linux-gnu
configure:2652: checking host system type
configure:2665: result: i686-pc-linux-gnu
configure:2685: checking target system type
configure:2698: result: i686-pc-linux-gnu
configure:2741: checking for a BSD-compatible install
configure:2809: result: /usr/bin/install -c
configure:2820: checking whether build environment is sane
configure:2870: result: yes
configure:3011: checking for a thread-safe mkdir -p
configure:3050: result: /bin/mkdir -p
configure:3063: checking for gawk
configure:3079: found /usr/bin/gawk
configure:3090: result: gawk
configure:3101: checking whether make sets $(MAKE)
configure:3123: result: yes
configure:3240: checking for style of include used by make
configure:3268: result: GNU
configure:3338: checking for gcc
configure:3354: found /usr/bin/gcc
configure:3365: result: gcc
configure:3594: checking for C compiler version
configure:3603: gcc --version >&5
gcc (Ubuntu 4.4.3-4ubuntu5) 4.4.3
Copyright (C) 2009 Free Software Foundation, Inc.
This is free software; see the source for copying conditions.  There is NO
warranty; not even for MERCHANTABILITY or FITNESS FOR A PARTICULAR PURPOSE.

configure:3614: $? = 0
configure:3603: gcc -v >&5
Using built-in specs.
Target: i486-linux-gnu
Configured with: ../src/configure -v --with-pkgversion='Ubuntu 4.4.3-4ubuntu5' --with-bugurl=file:///usr/share/doc/gcc-4.4/README.Bugs --enable-languages=c,c++,fortran,objc,obj-c++ --prefix=/usr --enable-shared --enable-multiarch --enable-linker-build-id --with-system-zlib --libexecdir=/usr/lib --without-included-gettext --enable-threads=posix --with-gxx-include-dir=/usr/include/c++/4.4 --program-suffix=-4.4 --enable-nls --enable-clocale=gnu --enable-libstdcxx-debug --enable-plugin --enable-objc-gc --enable-targets=all --disable-werror --with-arch-32=i486 --with-tune=generic --enable-checking=release --build=i486-linux-gnu --host=i486-linux-gnu --target=i486-linux-gnu
Thread model: posix
gcc version 4.4.3 (Ubuntu 4.4.3-4ubuntu5) 
configure:3614: $? = 0
configure:3603: gcc -V >&5
gcc: '-V' option must have argument
configure:3614: $? = 1
configure:3603: gcc -qversion >&5
gcc: unrecognized option '-qversion'
gcc: no input files
configure:3614: $? = 1
configure:3634: checking whether the C compiler works
configure:3656: gcc    conftest.c  >&5
configure:3660: $? = 0
configure:3709: result: yes
configure:3712: checking for C compiler default output file name
configure:3714: result: a.out
configure:3720: checking for suffix of executables
configure:3727: gcc -o conftest    conftest.c  >&5
configure:3731: $? = 0
configure:3753: result: 
configure:3775: checking whether we are cross compiling
configure:3783: gcc -o conftest    conftest.c  >&5
configure:3787: $? = 0
configure:3794: ./conftest
configure:3798: $? = 0
configure:3813: result: no
configure:3818: checking for suffix of object files
configure:3840: gcc -c   conftest.c >&5
configure:3844: $? = 0
configure:3865: result: o
configure:3869: checking whether we are using the GNU C compiler
configure:3888: gcc -c   conftest.c >&5
configure:3888: $? = 0
configure:3897: result: yes
configure:3906: checking whether gcc accepts -g
configure:3926: gcc -c -g  conftest.c >&5
configure:3926: $? = 0
configure:3967: result: yes
configure:3984: checking for gcc option to accept ISO C89
configure:4048: gcc  -c -g -O2  conftest.c >&5
configure:4048: $? = 0
configure:4061: result: none needed
configure:4083: checking dependency style of gcc
configure:4193: result: gcc3
configure:4208: checking for a sed that does not truncate output
configure:4272: result: /bin/sed
configure:4290: checking for grep that handles long lines and -e
configure:4348: result: /bin/grep
configure:4353: checking for egrep
configure:4415: result: /bin/grep -E
configure:4420: checking for fgrep
configure:4482: result: /bin/grep -F
configure:4517: checking for ld used by gcc
configure:4584: result: /usr/bin/ld
configure:4591: checking if the linker (/usr/bin/ld) is GNU ld
configure:4606: result: yes
configure:4618: checking for BSD- or MS-compatible name lister (nm)
configure:4667: result: /usr/bin/nm -B
configure:4785: checking the name lister (/usr/bin/nm -B) interface
configure:4792: gcc -c -g -O2  conftest.c >&5
configure:4795: /usr/bin/nm -B "conftest.o"
configure:4798: output
00000000 B some_variable
configure:4805: result: BSD nm
configure:4808: checking whether ln -s works
configure:4812: result: yes
configure:4820: checking the maximum length of command line arguments
configure:4940: result: 1572864
configure:4957: checking whether the shell understands some XSI constructs
configure:4967: result: yes
configure:4971: checking whether the shell understands "+="
configure:4977: result: yes
configure:5012: checking for /usr/bin/ld option to reload object files
configure:5019: result: -r
configure:5088: checking for objdump
configure:5104: found /usr/bin/objdump
configure:5115: result: objdump
configure:5147: checking how to recognize dependent libraries
configure:5343: result: pass_all
configure:5403: checking for ar
configure:5419: found /usr/bin/ar
configure:5430: result: ar
configure:5508: checking for strip
configure:5524: found /usr/bin/strip
configure:5535: result: strip
configure:5607: checking for ranlib
configure:5623: found /usr/bin/ranlib
configure:5634: result: ranlib
configure:5724: checking command to parse /usr/bin/nm -B output from gcc object
configure:5842: gcc -c -g -O2  conftest.c >&5
configure:5845: $? = 0
configure:5849: /usr/bin/nm -B conftest.o \| sed -n -e 's/^.*[	 ]\([ABCDGIRSTW][ABCDGIRSTW]*\)[	 ][	 ]*\([_A-Za-z][_A-Za-z0-9]*\)$/\1 \2 \2/p' \> conftest.nm
configure:5852: $? = 0
configure:5906: gcc -o conftest -g -O2   conftest.c conftstm.o >&5
configure:5909: $? = 0
configure:5947: result: ok
configure:6756: checking how to run the C preprocessor
configure:6787: gcc -E  conftest.c
configure:6787: $? = 0
configure:6801: gcc -E  conftest.c
conftest.c:11:28: error: ac_nonexistent.h: No such file or directory
configure:6801: $? = 1
configure: failed program was:
| /* confdefs.h */
| #define PACKAGE_NAME "USRP2"
| #define PACKAGE_TARNAME "usrp2"
| #define PACKAGE_VERSION "0.8.1"
| #define PACKAGE_STRING "USRP2 0.8.1"
| #define PACKAGE_BUGREPORT ""
| #define PACKAGE_URL ""
| #define PACKAGE "usrp2"
| #define VERSION "0.8.1"
| /* end confdefs.h.  */
| #include <ac_nonexistent.h>
configure:6826: result: gcc -E
configure:6846: gcc -E  conftest.c
configure:6846: $? = 0
configure:6860: gcc -E  conftest.c
conftest.c:11:28: error: ac_nonexistent.h: No such file or directory
configure:6860: $? = 1
configure: failed program was:
| /* confdefs.h */
| #define PACKAGE_NAME "USRP2"
| #define PACKAGE_TARNAME "usrp2"
| #define PACKAGE_VERSION "0.8.1"
| #define PACKAGE_STRING "USRP2 0.8.1"
| #define PACKAGE_BUGREPORT ""
| #define PACKAGE_URL ""
| #define PACKAGE "usrp2"
| #define VERSION "0.8.1"
| /* end confdefs.h.  */
| #include <ac_nonexistent.h>
configure:6889: checking for ANSI C header files
configure:6909: gcc -c -g -O2  conftest.c >&5
configure:6909: $? = 0
configure:6982: gcc -o conftest -g -O2   conftest.c  >&5
configure:6982: $? = 0
configure:6982: ./conftest
configure:6982: $? = 0
configure:6993: result: yes
configure:7006: checking for sys/types.h
configure:7006: gcc -c -g -O2  conftest.c >&5
configure:7006: $? = 0
configure:7006: result: yes
configure:7006: checking for sys/stat.h
configure:7006: gcc -c -g -O2  conftest.c >&5
configure:7006: $? = 0
configure:7006: result: yes
configure:7006: checking for stdlib.h
configure:7006: gcc -c -g -O2  conftest.c >&5
configure:7006: $? = 0
configure:7006: result: yes
configure:7006: checking for string.h
configure:7006: gcc -c -g -O2  conftest.c >&5
configure:7006: $? = 0
configure:7006: result: yes
configure:7006: checking for memory.h
configure:7006: gcc -c -g -O2  conftest.c >&5
configure:7006: $? = 0
configure:7006: result: yes
configure:7006: checking for strings.h
configure:7006: gcc -c -g -O2  conftest.c >&5
configure:7006: $? = 0
configure:7006: result: yes
configure:7006: checking for inttypes.h
configure:7006: gcc -c -g -O2  conftest.c >&5
configure:7006: $? = 0
configure:7006: result: yes
configure:7006: checking for stdint.h
configure:7006: gcc -c -g -O2  conftest.c >&5
configure:7006: $? = 0
configure:7006: result: yes
configure:7006: checking for unistd.h
configure:7006: gcc -c -g -O2  conftest.c >&5
configure:7006: $? = 0
configure:7006: result: yes
configure:7021: checking for dlfcn.h
configure:7021: gcc -c -g -O2  conftest.c >&5
configure:7021: $? = 0
configure:7021: result: yes
configure:7205: checking for objdir
configure:7220: result: .libs
configure:7512: checking if gcc supports -fno-rtti -fno-exceptions
configure:7530: gcc -c -g -O2  -fno-rtti -fno-exceptions conftest.c >&5
cc1: warning: command line option "-fno-rtti" is valid for C++/ObjC++ but not for C
configure:7534: $? = 0
configure:7547: result: no
configure:7567: checking for gcc option to produce PIC
configure:7839: result: -fPIC -DPIC
configure:7851: checking if gcc PIC flag -fPIC -DPIC works
configure:7869: gcc -c -g -O2  -fPIC -DPIC -DPIC conftest.c >&5
configure:7873: $? = 0
configure:7886: result: yes
configure:7910: checking if gcc static flag -static works
configure:7938: result: yes
configure:7953: checking if gcc supports -c -o file.o
configure:7974: gcc -c -g -O2  -o out/conftest2.o conftest.c >&5
configure:7978: $? = 0
configure:8000: result: yes
configure:8008: checking if gcc supports -c -o file.o
configure:8055: result: yes
configure:8088: checking whether the gcc linker (/usr/bin/ld) supports shared libraries
configure:9079: result: yes
configure:9116: checking whether -lc should be explicitly linked in
configure:9121: gcc -c -g -O2  conftest.c >&5
configure:9124: $? = 0
configure:9139: gcc -shared conftest.o  -v -Wl,-soname -Wl,conftest -o conftest 2\>\&1 \| /bin/grep  -lc  \>/dev/null 2\>\&1
configure:9142: $? = 0
configure:9154: result: no
configure:9318: checking dynamic linker characteristics
configure:9751: gcc -o conftest -g -O2   -Wl,-rpath -Wl,/foo conftest.c  >&5
configure:9751: $? = 0
configure:9981: result: GNU/Linux ld.so
configure:10083: checking how to hardcode library paths into programs
configure:10108: result: immediate
configure:10628: checking whether stripping libraries is possible
configure:10633: result: yes
configure:10668: checking if libtool supports shared libraries
configure:10670: result: yes
configure:10673: checking whether to build shared libraries
configure:10694: result: yes
configure:10697: checking whether to build static libraries
configure:10701: result: yes
configure:10795: checking for g++
configure:10811: found /usr/bin/g++
configure:10822: result: g++
configure:10849: checking for C++ compiler version
configure:10858: g++ --version >&5
g++ (Ubuntu 4.4.3-4ubuntu5) 4.4.3
Copyright (C) 2009 Free Software Foundation, Inc.
This is free software; see the source for copying conditions.  There is NO
warranty; not even for MERCHANTABILITY or FITNESS FOR A PARTICULAR PURPOSE.

configure:10869: $? = 0
configure:10858: g++ -v >&5
Using built-in specs.
Target: i486-linux-gnu
Configured with: ../src/configure -v --with-pkgversion='Ubuntu 4.4.3-4ubuntu5' --with-bugurl=file:///usr/share/doc/gcc-4.4/README.Bugs --enable-languages=c,c++,fortran,objc,obj-c++ --prefix=/usr --enable-shared --enable-multiarch --enable-linker-build-id --with-system-zlib --libexecdir=/usr/lib --without-included-gettext --enable-threads=posix --with-gxx-include-dir=/usr/include/c++/4.4 --program-suffix=-4.4 --enable-nls --enable-clocale=gnu --enable-libstdcxx-debug --enable-plugin --enable-objc-gc --enable-targets=all --disable-werror --with-arch-32=i486 --with-tune=generic --enable-checking=release --build=i486-linux-gnu --host=i486-linux-gnu --target=i486-linux-gnu
Thread model: posix
gcc version 4.4.3 (Ubuntu 4.4.3-4ubuntu5) 
configure:10869: $? = 0
configure:10858: g++ -V >&5
g++: '-V' option must have argument
configure:10869: $? = 1
configure:10858: g++ -qversion >&5
g++: unrecognized option '-qversion'
g++: no input files
configure:10869: $? = 1
configure:10873: checking whether we are using the GNU C++ compiler
configure:10892: g++ -c   conftest.cpp >&5
configure:10892: $? = 0
configure:10901: result: yes
configure:10910: checking whether g++ accepts -g
configure:10930: g++ -c -g  conftest.cpp >&5
configure:10930: $? = 0
configure:10971: result: yes
configure:10996: checking dependency style of g++
configure:11106: result: gcc3
configure:11234: checking for C++ compiler version
configure:11243: g++ --version >&5
g++ (Ubuntu 4.4.3-4ubuntu5) 4.4.3
Copyright (C) 2009 Free Software Foundation, Inc.
This is free software; see the source for copying conditions.  There is NO
warranty; not even for MERCHANTABILITY or FITNESS FOR A PARTICULAR PURPOSE.

configure:11254: $? = 0
configure:11243: g++ -v >&5
Using built-in specs.
Target: i486-linux-gnu
Configured with: ../src/configure -v --with-pkgversion='Ubuntu 4.4.3-4ubuntu5' --with-bugurl=file:///usr/share/doc/gcc-4.4/README.Bugs --enable-languages=c,c++,fortran,objc,obj-c++ --prefix=/usr --enable-shared --enable-multiarch --enable-linker-build-id --with-system-zlib --libexecdir=/usr/lib --without-included-gettext --enable-threads=posix --with-gxx-include-dir=/usr/include/c++/4.4 --program-suffix=-4.4 --enable-nls --enable-clocale=gnu --enable-libstdcxx-debug --enable-plugin --enable-objc-gc --enable-targets=all --disable-werror --with-arch-32=i486 --with-tune=generic --enable-checking=release --build=i486-linux-gnu --host=i486-linux-gnu --target=i486-linux-gnu
Thread model: posix
gcc version 4.4.3 (Ubuntu 4.4.3-4ubuntu5) 
configure:11254: $? = 0
configure:11243: g++ -V >&5
g++: '-V' option must have argument
configure:11254: $? = 1
configure:11243: g++ -qversion >&5
g++: unrecognized option '-qversion'
g++: no input files
configure:11254: $? = 1
configure:11258: checking whether we are using the GNU C++ compiler
configure:11286: result: yes
configure:11295: checking whether g++ accepts -g
configure:11356: result: yes
configure:11381: checking dependency style of g++
configure:11491: result: gcc3
configure:11514: checking how to run the C++ preprocessor
configure:11541: g++ -E  conftest.cpp
configure:11541: $? = 0
configure:11555: g++ -E  conftest.cpp
conftest.cpp:23:28: error: ac_nonexistent.h: No such file or directory
configure:11555: $? = 1
configure: failed program was:
| /* confdefs.h */
| #define PACKAGE_NAME "USRP2"
| #define PACKAGE_TARNAME "usrp2"
| #define PACKAGE_VERSION "0.8.1"
| #define PACKAGE_STRING "USRP2 0.8.1"
| #define PACKAGE_BUGREPORT ""
| #define PACKAGE_URL ""
| #define PACKAGE "usrp2"
| #define VERSION "0.8.1"
| #define STDC_HEADERS 1
| #define HAVE_SYS_TYPES_H 1
| #define HAVE_SYS_STAT_H 1
| #define HAVE_STDLIB_H 1
| #define HAVE_STRING_H 1
| #define HAVE_MEMORY_H 1
| #define HAVE_STRINGS_H 1
| #define HAVE_INTTYPES_H 1
| #define HAVE_STDINT_H 1
| #define HAVE_UNISTD_H 1
| #define HAVE_DLFCN_H 1
| #define LT_OBJDIR ".libs/"
| /* end confdefs.h.  */
| #include <ac_nonexistent.h>
configure:11580: result: g++ -E
configure:11600: g++ -E  conftest.cpp
configure:11600: $? = 0
configure:11614: g++ -E  conftest.cpp
conftest.cpp:23:28: error: ac_nonexistent.h: No such file or directory
configure:11614: $? = 1
configure: failed program was:
| /* confdefs.h */
| #define PACKAGE_NAME "USRP2"
| #define PACKAGE_TARNAME "usrp2"
| #define PACKAGE_VERSION "0.8.1"
| #define PACKAGE_STRING "USRP2 0.8.1"
| #define PACKAGE_BUGREPORT ""
| #define PACKAGE_URL ""
| #define PACKAGE "usrp2"
| #define VERSION "0.8.1"
| #define STDC_HEADERS 1
| #define HAVE_SYS_TYPES_H 1
| #define HAVE_SYS_STAT_H 1
| #define HAVE_STDLIB_H 1
| #define HAVE_STRING_H 1
| #define HAVE_MEMORY_H 1
| #define HAVE_STRINGS_H 1
| #define HAVE_INTTYPES_H 1
| #define HAVE_STDINT_H 1
| #define HAVE_UNISTD_H 1
| #define HAVE_DLFCN_H 1
| #define LT_OBJDIR ".libs/"
| /* end confdefs.h.  */
| #include <ac_nonexistent.h>
configure:11782: checking for ld used by g++
configure:11849: result: /usr/bin/ld
configure:11856: checking if the linker (/usr/bin/ld) is GNU ld
configure:11871: result: yes
configure:11926: checking whether the g++ linker (/usr/bin/ld) supports shared libraries
configure:12839: result: yes
configure:12867: g++ -c -g -O2  conftest.cpp >&5
configure:12870: $? = 0
configure:13052: checking for g++ option to produce PIC
configure:13369: result: -fPIC -DPIC
configure:13378: checking if g++ PIC flag -fPIC -DPIC works
configure:13396: g++ -c -g -O2  -fPIC -DPIC -DPIC conftest.cpp >&5
configure:13400: $? = 0
configure:13413: result: yes
configure:13434: checking if g++ static flag -static works
configure:13462: result: yes
configure:13474: checking if g++ supports -c -o file.o
configure:13495: g++ -c -g -O2  -o out/conftest2.o conftest.cpp >&5
configure:13499: $? = 0
configure:13521: result: yes
configure:13526: checking if g++ supports -c -o file.o
configure:13573: result: yes
configure:13603: checking whether the g++ linker (/usr/bin/ld) supports shared libraries
configure:13632: result: yes
configure:13769: checking dynamic linker characteristics
configure:14150: g++ -o conftest -g -O2   -Wl,-rpath -Wl,/foo conftest.cpp  >&5
configure:14150: $? = 0
configure:14380: result: GNU/Linux ld.so
configure:14431: checking how to hardcode library paths into programs
configure:14456: result: immediate
configure:14497: checking whether make sets $(MAKE)
configure:14519: result: yes
configure:14530: checking for sys/wait.h that is POSIX.1 compatible
configure:14556: gcc -c -g -O2  conftest.c >&5
configure:14556: $? = 0
configure:14563: result: yes
configure:14572: checking for pid_t
configure:14572: gcc -c -g -O2  conftest.c >&5
configure:14572: $? = 0
configure:14572: gcc -c -g -O2  conftest.c >&5
conftest.c: In function 'main':
conftest.c:60: error: expected expression before ')' token
configure:14572: $? = 1
configure: failed program was:
| /* confdefs.h */
| #define PACKAGE_NAME "USRP2"
| #define PACKAGE_TARNAME "usrp2"
| #define PACKAGE_VERSION "0.8.1"
| #define PACKAGE_STRING "USRP2 0.8.1"
| #define PACKAGE_BUGREPORT ""
| #define PACKAGE_URL ""
| #define PACKAGE "usrp2"
| #define VERSION "0.8.1"
| #define STDC_HEADERS 1
| #define HAVE_SYS_TYPES_H 1
| #define HAVE_SYS_STAT_H 1
| #define HAVE_STDLIB_H 1
| #define HAVE_STRING_H 1
| #define HAVE_MEMORY_H 1
| #define HAVE_STRINGS_H 1
| #define HAVE_INTTYPES_H 1
| #define HAVE_STDINT_H 1
| #define HAVE_UNISTD_H 1
| #define HAVE_DLFCN_H 1
| #define LT_OBJDIR ".libs/"
| #define HAVE_SYS_WAIT_H 1
| /* end confdefs.h.  */
| #include <stdio.h>
| #ifdef HAVE_SYS_TYPES_H
| # include <sys/types.h>
| #endif
| #ifdef HAVE_SYS_STAT_H
| # include <sys/stat.h>
| #endif
| #ifdef STDC_HEADERS
| # include <stdlib.h>
| # include <stddef.h>
| #else
| # ifdef HAVE_STDLIB_H
| #  include <stdlib.h>
| # endif
| #endif
| #ifdef HAVE_STRING_H
| # if !defined STDC_HEADERS && defined HAVE_MEMORY_H
| #  include <memory.h>
| # endif
| # include <string.h>
| #endif
| #ifdef HAVE_STRINGS_H
| # include <strings.h>
| #endif
| #ifdef HAVE_INTTYPES_H
| # include <inttypes.h>
| #endif
| #ifdef HAVE_STDINT_H
| # include <stdint.h>
| #endif
| #ifdef HAVE_UNISTD_H
| # include <unistd.h>
| #endif
| int
| main ()
| {
| if (sizeof ((pid_t)))
| 	    return 0;
|   ;
|   return 0;
| }
configure:14572: result: yes
configure:14585: checking vfork.h usability
configure:14585: gcc -c -g -O2  conftest.c >&5
conftest.c:57:19: error: vfork.h: No such file or directory
configure:14585: $? = 1
configure: failed program was:
| /* confdefs.h */
| #define PACKAGE_NAME "USRP2"
| #define PACKAGE_TARNAME "usrp2"
| #define PACKAGE_VERSION "0.8.1"
| #define PACKAGE_STRING "USRP2 0.8.1"
| #define PACKAGE_BUGREPORT ""
| #define PACKAGE_URL ""
| #define PACKAGE "usrp2"
| #define VERSION "0.8.1"
| #define STDC_HEADERS 1
| #define HAVE_SYS_TYPES_H 1
| #define HAVE_SYS_STAT_H 1
| #define HAVE_STDLIB_H 1
| #define HAVE_STRING_H 1
| #define HAVE_MEMORY_H 1
| #define HAVE_STRINGS_H 1
| #define HAVE_INTTYPES_H 1
| #define HAVE_STDINT_H 1
| #define HAVE_UNISTD_H 1
| #define HAVE_DLFCN_H 1
| #define LT_OBJDIR ".libs/"
| #define HAVE_SYS_WAIT_H 1
| /* end confdefs.h.  */
| #include <stdio.h>
| #ifdef HAVE_SYS_TYPES_H
| # include <sys/types.h>
| #endif
| #ifdef HAVE_SYS_STAT_H
| # include <sys/stat.h>
| #endif
| #ifdef STDC_HEADERS
| # include <stdlib.h>
| # include <stddef.h>
| #else
| # ifdef HAVE_STDLIB_H
| #  include <stdlib.h>
| # endif
| #endif
| #ifdef HAVE_STRING_H
| # if !defined STDC_HEADERS && defined HAVE_MEMORY_H
| #  include <memory.h>
| # endif
| # include <string.h>
| #endif
| #ifdef HAVE_STRINGS_H
| # include <strings.h>
| #endif
| #ifdef HAVE_INTTYPES_H
| # include <inttypes.h>
| #endif
| #ifdef HAVE_STDINT_H
| # include <stdint.h>
| #endif
| #ifdef HAVE_UNISTD_H
| # include <unistd.h>
| #endif
| #include <vfork.h>
configure:14585: result: no
configure:14585: checking vfork.h presence
configure:14585: gcc -E  conftest.c
conftest.c:24:19: error: vfork.h: No such file or directory
configure:14585: $? = 1
configure: failed program was:
| /* confdefs.h */
| #define PACKAGE_NAME "USRP2"
| #define PACKAGE_TARNAME "usrp2"
| #define PACKAGE_VERSION "0.8.1"
| #define PACKAGE_STRING "USRP2 0.8.1"
| #define PACKAGE_BUGREPORT ""
| #define PACKAGE_URL ""
| #define PACKAGE "usrp2"
| #define VERSION "0.8.1"
| #define STDC_HEADERS 1
| #define HAVE_SYS_TYPES_H 1
| #define HAVE_SYS_STAT_H 1
| #define HAVE_STDLIB_H 1
| #define HAVE_STRING_H 1
| #define HAVE_MEMORY_H 1
| #define HAVE_STRINGS_H 1
| #define HAVE_INTTYPES_H 1
| #define HAVE_STDINT_H 1
| #define HAVE_UNISTD_H 1
| #define HAVE_DLFCN_H 1
| #define LT_OBJDIR ".libs/"
| #define HAVE_SYS_WAIT_H 1
| /* end confdefs.h.  */
| #include <vfork.h>
configure:14585: result: no
configure:14585: checking for vfork.h
configure:14585: result: no
configure:14598: checking for fork
configure:14598: gcc -o conftest -g -O2   conftest.c  >&5
conftest.c:47: warning: conflicting types for built-in function 'fork'
configure:14598: $? = 0
configure:14598: result: yes
configure:14598: checking for vfork
configure:14598: gcc -o conftest -g -O2   conftest.c  >&5
configure:14598: $? = 0
configure:14598: result: yes
configure:14609: checking for working fork
configure:14631: gcc -o conftest -g -O2   conftest.c  >&5
configure:14631: $? = 0
configure:14631: ./conftest
configure:14631: $? = 0
configure:14641: result: yes
configure:14662: checking for working vfork
configure:14772: result: yes
configure:14805: checking for main in -lomniORB4
configure:14824: g++ -o conftest -g -O2   conftest.cpp -lomniORB4   >&5
configure:14824: $? = 0
configure:14833: result: yes
configure:14847: checking for main in -lgromnithread
configure:14866: g++ -o conftest -g -O2   conftest.cpp -lgromnithread  -lomniORB4  >&5
configure:14866: $? = 0
configure:14875: result: yes
configure:14928: checking for main in -lomniDynamic4
configure:14947: g++ -o conftest -g -O2   conftest.cpp -lomniDynamic4  -lomniORB4  >&5
configure:14947: $? = 0
configure:14956: result: yes
configure:14972: checking omniORB4/CORBA.h usability
configure:14972: g++ -c -g -O2  conftest.cpp >&5
configure:14972: $? = 0
configure:14972: result: yes
configure:14972: checking omniORB4/CORBA.h presence
configure:14972: g++ -E  conftest.cpp
configure:14972: $? = 0
configure:14972: result: yes
configure:14972: checking for omniORB4/CORBA.h
configure:14972: result: yes
configure:14989: checking gr_libdir_suffix
configure:15020: result: 
configure:15024: checking whether to append 64 to libdir
configure:15032: result: no
configure:15085: checking for boost >= 1.35
configure:15147: g++ -c -g -O2  -I/usr/include conftest.cpp >&5
configure:15147: $? = 0
configure:15148: result: yes
configure:15266: checking for main in -lusrp2
configure:15285: g++ -o conftest -g -O2  -I/usr/include  conftest.cpp -lusrp2  -lomniDynamic4 -lomniORB4  >&5
configure:15285: $? = 0
configure:15294: result: yes
configure:15307: checking for main in -lusrp
configure:15326: g++ -o conftest -g -O2  -I/usr/include  conftest.cpp -lusrp  -lusrp2 -lomniDynamic4 -lomniORB4  >&5
configure:15326: $? = 0
configure:15335: result: yes
configure:15350: checking db_base.h usability
configure:15350: g++ -c -g -O2  -I/usr/include conftest.cpp >&5
configure:15350: $? = 0
configure:15350: result: yes
configure:15350: checking db_base.h presence
configure:15350: g++ -E  -I/usr/include conftest.cpp
configure:15350: $? = 0
configure:15350: result: yes
configure:15350: checking for db_base.h
configure:15350: result: yes
configure:15364: checking usrp2/usrp2.h usability
configure:15364: g++ -c -g -O2  -I/usr/include conftest.cpp >&5
configure:15364: $? = 0
configure:15364: result: yes
configure:15364: checking usrp2/usrp2.h presence
configure:15364: g++ -E  -I/usr/include conftest.cpp
configure:15364: $? = 0
configure:15364: result: yes
configure:15364: checking for usrp2/usrp2.h
configure:15364: result: yes
configure:15566: creating ./config.status

## ---------------------- ##
## Running config.status. ##
## ---------------------- ##

This file was extended by USRP2 config.status 0.8.1, which was
generated by GNU Autoconf 2.65.  Invocation command line was

  CONFIG_FILES    = 
  CONFIG_HEADERS  = 
  CONFIG_LINKS    = 
  CONFIG_COMMANDS = 
  $ ./config.status 

on june-laptop

config.status:1057: creating Makefile
config.status:1220: executing depfiles commands
config.status:1220: executing libtool commands

## ---------------- ##
## Cache variables. ##
## ---------------- ##

ac_cv_build=i686-pc-linux-gnu
ac_cv_c_compiler_gnu=yes
ac_cv_cxx_compiler_gnu=yes
ac_cv_env_CCC_set=
ac_cv_env_CCC_value=
ac_cv_env_CC_set=
ac_cv_env_CC_value=
ac_cv_env_CFLAGS_set=
ac_cv_env_CFLAGS_value=
ac_cv_env_CPPFLAGS_set=
ac_cv_env_CPPFLAGS_value=
ac_cv_env_CPP_set=
ac_cv_env_CPP_value=
ac_cv_env_CXXCPP_set=
ac_cv_env_CXXCPP_value=
ac_cv_env_CXXFLAGS_set=
ac_cv_env_CXXFLAGS_value=
ac_cv_env_CXX_set=
ac_cv_env_CXX_value=
ac_cv_env_LDFLAGS_set=
ac_cv_env_LDFLAGS_value=
ac_cv_env_LIBS_set=
ac_cv_env_LIBS_value=
ac_cv_env_build_alias_set=
ac_cv_env_build_alias_value=
ac_cv_env_host_alias_set=
ac_cv_env_host_alias_value=
ac_cv_env_target_alias_set=
ac_cv_env_target_alias_value=
ac_cv_func_fork=yes
ac_cv_func_fork_works=yes
ac_cv_func_vfork=yes
ac_cv_func_vfork_works=yes
ac_cv_header_db_base_h=yes
ac_cv_header_dlfcn_h=yes
ac_cv_header_inttypes_h=yes
ac_cv_header_memory_h=yes
ac_cv_header_omniORB4_CORBA_h=yes
ac_cv_header_stdc=yes
ac_cv_header_stdint_h=yes
ac_cv_header_stdlib_h=yes
ac_cv_header_string_h=yes
ac_cv_header_strings_h=yes
ac_cv_header_sys_stat_h=yes
ac_cv_header_sys_types_h=yes
ac_cv_header_sys_wait_h=yes
ac_cv_header_unistd_h=yes
ac_cv_header_usrp2_usrp2_h=yes
ac_cv_header_vfork_h=no
ac_cv_host=i686-pc-linux-gnu
ac_cv_lib_gromnithread_main=yes
ac_cv_lib_omniDynamic4_main=yes
ac_cv_lib_omniORB4_main=yes
ac_cv_lib_usrp2_main=yes
ac_cv_lib_usrp_main=yes
ac_cv_objext=o
ac_cv_path_EGREP='/bin/grep -E'
ac_cv_path_FGREP='/bin/grep -F'
ac_cv_path_GREP=/bin/grep
ac_cv_path_SED=/bin/sed
ac_cv_path_install='/usr/bin/install -c'
ac_cv_path_mkdir=/bin/mkdir
ac_cv_prog_AWK=gawk
ac_cv_prog_CPP='gcc -E'
ac_cv_prog_CXXCPP='g++ -E'
ac_cv_prog_ac_ct_AR=ar
ac_cv_prog_ac_ct_CC=gcc
ac_cv_prog_ac_ct_CXX=g++
ac_cv_prog_ac_ct_OBJDUMP=objdump
ac_cv_prog_ac_ct_RANLIB=ranlib
ac_cv_prog_ac_ct_STRIP=strip
ac_cv_prog_cc_c89=
ac_cv_prog_cc_g=yes
ac_cv_prog_cxx_g=yes
ac_cv_prog_make_make_set=yes
ac_cv_target=i686-pc-linux-gnu
ac_cv_type_pid_t=yes
am_cv_CC_dependencies_compiler_type=gcc3
am_cv_CXX_dependencies_compiler_type=gcc3
lt_cv_deplibs_check_method=pass_all
lt_cv_file_magic_cmd='$MAGIC_CMD'
lt_cv_file_magic_test_file=
lt_cv_ld_reload_flag=-r
lt_cv_nm_interface='BSD nm'
lt_cv_objdir=.libs
lt_cv_path_LD=/usr/bin/ld
lt_cv_path_LDCXX=/usr/bin/ld
lt_cv_path_NM='/usr/bin/nm -B'
lt_cv_prog_compiler_c_o=yes
lt_cv_prog_compiler_c_o_CXX=yes
lt_cv_prog_compiler_pic_works=yes
lt_cv_prog_compiler_pic_works_CXX=yes
lt_cv_prog_compiler_rtti_exceptions=no
lt_cv_prog_compiler_static_works=yes
lt_cv_prog_compiler_static_works_CXX=yes
lt_cv_prog_gnu_ld=yes
lt_cv_prog_gnu_ldcxx=yes
lt_cv_sys_global_symbol_pipe='sed -n -e '\''s/^.*[	 ]\([ABCDGIRSTW][ABCDGIRSTW]*\)[	 ][	 ]*\([_A-Za-z][_A-Za-z0-9]*\)$/\1 \2 \2/p'\'''
lt_cv_sys_global_symbol_to_c_name_address='sed -n -e '\''s/^: \([^ ]*\) $/  {\"\1\", (void *) 0},/p'\'' -e '\''s/^[ABCDGIRSTW]* \([^ ]*\) \([^ ]*\)$/  {"\2", (void *) \&\2},/p'\'''
lt_cv_sys_global_symbol_to_c_name_address_lib_prefix='sed -n -e '\''s/^: \([^ ]*\) $/  {\"\1\", (void *) 0},/p'\'' -e '\''s/^[ABCDGIRSTW]* \([^ ]*\) \(lib[^ ]*\)$/  {"\2", (void *) \&\2},/p'\'' -e '\''s/^[ABCDGIRSTW]* \([^ ]*\) \([^ ]*\)$/  {"lib\2", (void *) \&\2},/p'\'''
lt_cv_sys_global_symbol_to_cdecl='sed -n -e '\''s/^T .* \(.*\)$/extern int \1();/p'\'' -e '\''s/^[ABCDGIRSTW]* .* \(.*\)$/extern char \1;/p'\'''
lt_cv_sys_max_cmd_len=1572864

## ----------------- ##
## Output variables. ##
## ----------------- ##

ACLOCAL='${SHELL} /home/june/ossie-june/missing --run aclocal-1.11'
AMDEPBACKSLASH='\'
AMDEP_FALSE='#'
AMDEP_TRUE=''
AMTAR='${SHELL} /home/june/ossie-june/missing --run tar'
AR='ar'
AUTOCONF='${SHELL} /home/june/ossie-june/missing --run autoconf'
AUTOHEADER='${SHELL} /home/june/ossie-june/missing --run autoheader'
AUTOMAKE='${SHELL} /home/june/ossie-june/missing --run automake-1.11'
AWK='gawk'
BOOST_CPPFLAGS='-I/usr/include'
BOOST_LDFLAGS='-L/usr/lib'
CC='gcc'
CCDEPMODE='depmode=gcc3'
CFLAGS='-g -O2 -I/usr/include'
CPP='gcc -E'
CPPFLAGS=' -I/usr/include'
CXX='g++'
CXXCPP='g++ -E'
CXXDEPMODE='depmode=gcc3'
CXXFLAGS='-g -O2 '
CYGPATH_W='echo'
DEFS='-DPACKAGE_NAME=\"USRP2\" -DPACKAGE_TARNAME=\"usrp2\" -DPACKAGE_VERSION=\"0.8.1\" -DPACKAGE_STRING=\"USRP2\ 0.8.1\" -DPACKAGE_BUGREPORT=\"\" -DPACKAGE_URL=\"\" -DPACKAGE=\"usrp2\" -DVERSION=\"0.8.1\" -DSTDC_HEADERS=1 -DHAVE_SYS_TYPES_H=1 -DHAVE_SYS_STAT_H=1 -DHAVE_STDLIB_H=1 -DHAVE_STRING_H=1 -DHAVE_MEMORY_H=1 -DHAVE_STRINGS_H=1 -DHAVE_INTTYPES_H=1 -DHAVE_STDINT_H=1 -DHAVE_UNISTD_H=1 -DHAVE_DLFCN_H=1 -DLT_OBJDIR=\".libs/\" -DHAVE_SYS_WAIT_H=1 -DHAVE_FORK=1 -DHAVE_VFORK=1 -DHAVE_WORKING_VFORK=1 -DHAVE_WORKING_FORK=1 -DHAVE_LIBOMNIORB4=1 -DHAVE_LIBOMNIDYNAMIC4=1 -DHAVE_OMNIORB4_CORBA_H=1 -DHAVE_BOOST=1 -DHAVE_LIBUSRP2=1 -DHAVE_LIBUSRP=1 -DHAVE_DB_BASE_H=1 -DHAVE_USRP2_USRP2_H=1'
DEPDIR='.deps'
DSYMUTIL=''
DUMPBIN=''
ECHO_C=''
ECHO_N='-n'
ECHO_T=''
EGREP='/bin/grep -E'
EXEEXT=''
FGREP='/bin/grep -F'
GREP='/bin/grep'
INSTALL_DATA='${INSTALL} -m 644'
INSTALL_PROGRAM='${INSTALL}'
INSTALL_SCRIPT='${INSTALL}'
INSTALL_STRIP_PROGRAM='$(install_sh) -c -s'
LD='/usr/bin/ld'
LDFLAGS=''
LIBOBJS=''
LIBS='-lusrp -lusrp2 -lomniDynamic4 -lomniORB4 '
LIBTOOL='$(SHELL) $(top_builddir)/libtool'
LINK_LIBGROMNITHREAD_FALSE='#'
LINK_LIBGROMNITHREAD_TRUE=''
LIPO=''
LN_S='ln -s'
LTLIBOBJS=''
MAKEINFO='${SHELL} /home/june/ossie-june/missing --run makeinfo'
MKDIR_P='/bin/mkdir -p'
NM='/usr/bin/nm -B'
NMEDIT=''
OBJDUMP='objdump'
OBJEXT='o'
OTOOL64=''
OTOOL=''
PACKAGE='usrp2'
PACKAGE_BUGREPORT=''
PACKAGE_NAME='USRP2'
PACKAGE_STRING='USRP2 0.8.1'
PACKAGE_TARNAME='usrp2'
PACKAGE_URL=''
PACKAGE_VERSION='0.8.1'
PATH_SEPARATOR=':'
RANLIB='ranlib'
SED='/bin/sed'
SET_MAKE=''
SHELL='/bin/bash'
STRIP='strip'
VERSION='0.8.1'
ac_ct_CC='gcc'
ac_ct_CXX='g++'
ac_ct_DUMPBIN=''
am__EXEEXT_FALSE=''
am__EXEEXT_TRUE='#'
am__fastdepCC_FALSE='#'
am__fastdepCC_TRUE=''
am__fastdepCXX_FALSE='#'
am__fastdepCXX_TRUE=''
am__include='include'
am__isrc=''
am__leading_dot='.'
am__quote=''
am__tar='${AMTAR} chof - "$$tardir"'
am__untar='${AMTAR} xf -'
bindir='${exec_prefix}/bin'
build='i686-pc-linux-gnu'
build_alias=''
build_cpu='i686'
build_os='linux-gnu'
build_vendor='pc'
datadir='${datarootdir}'
datarootdir='${prefix}/share'
docdir='${datarootdir}/doc/${PACKAGE_TARNAME}'
dvidir='${docdir}'
exec_prefix='${prefix}'
gr_libdir_suffix=''
host='i686-pc-linux-gnu'
host_alias=''
host_cpu='i686'
host_os='linux-gnu'
host_vendor='pc'
htmldir='${docdir}'
includedir='${prefix}/include'
infodir='${datarootdir}/info'
install_sh='${SHELL} /home/june/ossie-june/install-sh'
libdir='${exec_prefix}/lib'
libexecdir='${exec_prefix}/libexec'
localedir='${datarootdir}/locale'
localstatedir='${prefix}/var'
lt_ECHO='echo'
mandir='${datarootdir}/man'
mkdir_p='/bin/mkdir -p'
oldincludedir='/usr/include'
pdfdir='${docdir}'
prefix='/sdr'
program_transform_name='s,x,x,'
psdir='${docdir}'
sbindir='${exec_prefix}/sbin'
sharedstatedir='${prefix}/com'
sysconfdir='${prefix}/etc'
target='i686-pc-linux-gnu'
target_alias=''
target_cpu='i686'
target_os='linux-gnu'
target_vendor='pc'

## ----------- ##
## confdefs.h. ##
## ----------- ##

/* confdefs.h */
#define PACKAGE_NAME "USRP2"
#define PACKAGE_TARNAME "usrp2"
#define PACKAGE_VERSION "0.8.1"
#define PACKAGE_STRING "USRP2 0.8.1"
#define PACKAGE_BUGREPORT ""
#define PACKAGE_URL ""
#define PACKAGE "usrp2"
#define VERSION "0.8.1"
#define STDC_HEADERS 1
#define HAVE_SYS_TYPES_H 1
#define HAVE_SYS_STAT_H 1
#define HAVE_STDLIB_H 1
#define HAVE_STRING_H 1
#define HAVE_MEMORY_H 1
#define HAVE_STRINGS_H 1
#define HAVE_INTTYPES_H 1
#define HAVE_STDINT_H 1
#define HAVE_UNISTD_H 1
#define HAVE_DLFCN_H 1
#define LT_OBJDIR ".libs/"
#define HAVE_SYS_WAIT_H 1
#define HAVE_FORK 1
#define HAVE_VFORK 1
#define HAVE_WORKING_VFORK 1
#define HAVE_WORKING_FORK 1
#define HAVE_LIBOMNIORB4 1
#define HAVE_LIBOMNIDYNAMIC4 1
#define HAVE_OMNIORB4_CORBA_H 1
#define HAVE_BOOST 1
#define HAVE_LIBUSRP2 1
#define HAVE_LIBUSRP 1
#define HAVE_DB_BASE_H 1
#define HAVE_USRP2_USRP2_H 1

configure: exit 0
