This file contains any messages produced by compilers while
running configure, to aid debugging if configure makes a mistake.

It was created by AdaptiveNoiseCancelling configure 0.8.0, which was
generated by GNU Autoconf 2.65.  Invocation command line was

  $ ./configure --no-create --no-recursion

## --------- ##
## Platform. ##
## --------- ##

hostname = june-laptop
uname -m = i686
uname -r = 2.6.32-37-generic
uname -s = Linux
uname -v = #81-Ubuntu SMP Fri Dec 2 20:35:14 UTC 2011

/usr/bin/uname -p = unknown
/bin/uname -X     = unknown

/bin/arch              = unknown
/usr/bin/arch -k       = unknown
/usr/convex/getsysinfo = unknown
/usr/bin/hostinfo      = unknown
/bin/machine           = unknown
/usr/bin/oslevel       = unknown
/bin/universe          = unknown

PATH: /usr/local/sbin
PATH: /usr/local/bin
PATH: /usr/sbin
PATH: /usr/bin
PATH: /sbin
PATH: /bin
PATH: /usr/games


## ----------- ##
## Core tests. ##
## ----------- ##

configure:1787: checking for a BSD-compatible install
configure:1855: result: /usr/bin/install -c
configure:1866: checking whether build environment is sane
configure:1916: result: yes
configure:1944: WARNING: `missing' script is too old or missing
configure:2057: checking for a thread-safe mkdir -p
configure:2096: result: /bin/mkdir -p
configure:2109: checking for gawk
configure:2125: found /usr/bin/gawk
configure:2136: result: gawk
configure:2147: checking whether make sets $(MAKE)
configure:2169: result: yes
configure:2310: checking for g++
configure:2326: found /usr/bin/g++
configure:2337: result: g++
configure:2364: checking for C++ compiler version
configure:2373: g++ --version >&5
g++ (Ubuntu 4.4.3-4ubuntu5) 4.4.3
Copyright (C) 2009 Free Software Foundation, Inc.
This is free software; see the source for copying conditions.  There is NO
warranty; not even for MERCHANTABILITY or FITNESS FOR A PARTICULAR PURPOSE.

configure:2384: $? = 0
configure:2373: g++ -v >&5
Using built-in specs.
Target: i486-linux-gnu
Configured with: ../src/configure -v --with-pkgversion='Ubuntu 4.4.3-4ubuntu5' --with-bugurl=file:///usr/share/doc/gcc-4.4/README.Bugs --enable-languages=c,c++,fortran,objc,obj-c++ --prefix=/usr --enable-shared --enable-multiarch --enable-linker-build-id --with-system-zlib --libexecdir=/usr/lib --without-included-gettext --enable-threads=posix --with-gxx-include-dir=/usr/include/c++/4.4 --program-suffix=-4.4 --enable-nls --enable-clocale=gnu --enable-libstdcxx-debug --enable-plugin --enable-objc-gc --enable-targets=all --disable-werror --with-arch-32=i486 --with-tune=generic --enable-checking=release --build=i486-linux-gnu --host=i486-linux-gnu --target=i486-linux-gnu
Thread model: posix
gcc version 4.4.3 (Ubuntu 4.4.3-4ubuntu5) 
configure:2384: $? = 0
configure:2373: g++ -V >&5
g++: '-V' option must have argument
configure:2384: $? = 1
configure:2373: g++ -qversion >&5
g++: unrecognized option '-qversion'
g++: no input files
configure:2384: $? = 1
configure:2404: checking whether the C++ compiler works
configure:2426: g++    conftest.cpp  >&5
configure:2430: $? = 0
configure:2479: result: yes
configure:2482: checking for C++ compiler default output file name
configure:2484: result: a.out
configure:2490: checking for suffix of executables
configure:2497: g++ -o conftest    conftest.cpp  >&5
configure:2501: $? = 0
configure:2523: result: 
configure:2545: checking whether we are cross compiling
configure:2553: g++ -o conftest    conftest.cpp  >&5
configure:2557: $? = 0
configure:2564: ./conftest
configure:2568: $? = 0
configure:2583: result: no
configure:2588: checking for suffix of object files
configure:2610: g++ -c   conftest.cpp >&5
configure:2614: $? = 0
configure:2635: result: o
configure:2639: checking whether we are using the GNU C++ compiler
configure:2658: g++ -c   conftest.cpp >&5
configure:2658: $? = 0
configure:2667: result: yes
configure:2676: checking whether g++ accepts -g
configure:2696: g++ -c -g  conftest.cpp >&5
configure:2696: $? = 0
configure:2737: result: yes
configure:2771: checking for style of include used by make
configure:2799: result: GNU
configure:2824: checking dependency style of g++
configure:2934: result: none
configure:2950: checking whether make sets $(MAKE)
configure:2972: result: yes
configure:3139: creating ./config.status

## ---------------- ##
## Cache variables. ##
## ---------------- ##

ac_cv_cxx_compiler_gnu=yes
ac_cv_env_CCC_set=
ac_cv_env_CCC_value=
ac_cv_env_CPPFLAGS_set=
ac_cv_env_CPPFLAGS_value=
ac_cv_env_CXXFLAGS_set=
ac_cv_env_CXXFLAGS_value=
ac_cv_env_CXX_set=
ac_cv_env_CXX_value=
ac_cv_env_LDFLAGS_set=
ac_cv_env_LDFLAGS_value=
ac_cv_env_LIBS_set=
ac_cv_env_LIBS_value=
ac_cv_env_build_alias_set=
ac_cv_env_build_alias_value=
ac_cv_env_host_alias_set=
ac_cv_env_host_alias_value=
ac_cv_env_target_alias_set=
ac_cv_env_target_alias_value=
ac_cv_objext=o
ac_cv_path_install='/usr/bin/install -c'
ac_cv_path_mkdir=/bin/mkdir
ac_cv_prog_AWK=gawk
ac_cv_prog_ac_ct_CXX=g++
ac_cv_prog_cxx_g=yes
ac_cv_prog_make_make_set=yes
am_cv_CXX_dependencies_compiler_type=none

## ----------------- ##
## Output variables. ##
## ----------------- ##

ACLOCAL='aclocal-1.11'
AMDEPBACKSLASH='\'
AMDEP_FALSE='#'
AMDEP_TRUE=''
AMTAR='tar'
AUTOCONF='autoconf'
AUTOHEADER='autoheader'
AUTOMAKE='automake-1.11'
AWK='gawk'
CPPFLAGS=''
CXX='g++'
CXXDEPMODE='depmode=none'
CXXFLAGS='-g -O2'
CYGPATH_W='echo'
DEFS='-DPACKAGE_NAME=\"AdaptiveNoiseCancelling\" -DPACKAGE_TARNAME=\"adaptivenoisecancelling\" -DPACKAGE_VERSION=\"0.8.0\" -DPACKAGE_STRING=\"AdaptiveNoiseCancelling\ 0.8.0\" -DPACKAGE_BUGREPORT=\"\" -DPACKAGE_URL=\"\" -DPACKAGE=\"adaptivenoisecancelling\" -DVERSION=\"0.8.0\"'
DEPDIR='.deps'
ECHO_C=''
ECHO_N='-n'
ECHO_T=''
EXEEXT=''
INSTALL_DATA='${INSTALL} -m 644'
INSTALL_PROGRAM='${INSTALL}'
INSTALL_SCRIPT='${INSTALL}'
INSTALL_STRIP_PROGRAM='$(install_sh) -c -s'
LDFLAGS=''
LIBOBJS=''
LIBS=''
LTLIBOBJS=''
MAKEINFO='makeinfo'
MKDIR_P='/bin/mkdir -p'
OBJEXT='o'
PACKAGE='adaptivenoisecancelling'
PACKAGE_BUGREPORT=''
PACKAGE_NAME='AdaptiveNoiseCancelling'
PACKAGE_STRING='AdaptiveNoiseCancelling 0.8.0'
PACKAGE_TARNAME='adaptivenoisecancelling'
PACKAGE_URL=''
PACKAGE_VERSION='0.8.0'
PATH_SEPARATOR=':'
SET_MAKE=''
SHELL='/bin/bash'
STRIP=''
VERSION='0.8.0'
ac_ct_CXX='g++'
am__EXEEXT_FALSE=''
am__EXEEXT_TRUE='#'
am__fastdepCXX_FALSE=''
am__fastdepCXX_TRUE='#'
am__include='include'
am__isrc=''
am__leading_dot='.'
am__quote=''
am__tar='${AMTAR} chof - "$$tardir"'
am__untar='${AMTAR} xf -'
bindir='${exec_prefix}/bin'
build_alias=''
datadir='${datarootdir}'
datarootdir='${prefix}/share'
docdir='${datarootdir}/doc/${PACKAGE_TARNAME}'
dvidir='${docdir}'
exec_prefix='${prefix}'
host_alias=''
htmldir='${docdir}'
includedir='${prefix}/include'
infodir='${datarootdir}/info'
install_sh='${SHELL} /home/june/workspace/ossie-june/waveforms/AdaptiveNoiseCancelling/install-sh'
libdir='${exec_prefix}/lib'
libexecdir='${exec_prefix}/libexec'
localedir='${datarootdir}/locale'
localstatedir='${prefix}/var'
mandir='${datarootdir}/man'
mkdir_p='/bin/mkdir -p'
oldincludedir='/usr/include'
pdfdir='${docdir}'
prefix='/sdr'
program_transform_name='s,x,x,'
psdir='${docdir}'
sbindir='${exec_prefix}/sbin'
sharedstatedir='${prefix}/com'
sysconfdir='${prefix}/etc'
target_alias=''

## ----------- ##
## confdefs.h. ##
## ----------- ##

/* confdefs.h */
#define PACKAGE_NAME "AdaptiveNoiseCancelling"
#define PACKAGE_TARNAME "adaptivenoisecancelling"
#define PACKAGE_VERSION "0.8.0"
#define PACKAGE_STRING "AdaptiveNoiseCancelling 0.8.0"
#define PACKAGE_BUGREPORT ""
#define PACKAGE_URL ""
#define PACKAGE "adaptivenoisecancelling"
#define VERSION "0.8.0"

configure: exit 0

## ---------------------- ##
## Running config.status. ##
## ---------------------- ##

This file was extended by AdaptiveNoiseCancelling config.status 0.8.0, which was
generated by GNU Autoconf 2.65.  Invocation command line was

  CONFIG_FILES    = 
  CONFIG_HEADERS  = 
  CONFIG_LINKS    = 
  CONFIG_COMMANDS = 
  $ ./config.status 

on june-laptop

config.status:770: creating Makefile
config.status:933: executing depfiles commands
