This file contains any messages produced by compilers while
running configure, to aid debugging if configure makes a mistake.

It was created by nodebooter configure 0.6.2, which was
generated by GNU Autoconf 2.65.  Invocation command line was

  $ ./configure --disable-option-checking --prefix=/sdr --libdir=/usr/local/lib/ --includedir=/usr/local/include/ --with-boost --with-boost-filesystem --cache-file=/dev/null --srcdir=.

## --------- ##
## Platform. ##
## --------- ##

hostname = june-laptop
uname -m = i686
uname -r = 2.6.32-37-generic
uname -s = Linux
uname -v = #81-Ubuntu SMP Fri Dec 2 20:35:14 UTC 2011

/usr/bin/uname -p = unknown
/bin/uname -X     = unknown

/bin/arch              = unknown
/usr/bin/arch -k       = unknown
/usr/convex/getsysinfo = unknown
/usr/bin/hostinfo      = unknown
/bin/machine           = unknown
/usr/bin/oslevel       = unknown
/bin/universe          = unknown

PATH: /usr/local/sbin
PATH: /usr/local/bin
PATH: /usr/sbin
PATH: /usr/bin
PATH: /sbin
PATH: /bin
PATH: /usr/games


## ----------- ##
## Core tests. ##
## ----------- ##

configure:2627: checking for a BSD-compatible install
configure:2695: result: /usr/bin/install -c
configure:2706: checking whether build environment is sane
configure:2756: result: yes
configure:2897: checking for a thread-safe mkdir -p
configure:2936: result: /bin/mkdir -p
configure:2949: checking for gawk
configure:2965: found /usr/bin/gawk
configure:2976: result: gawk
configure:2987: checking whether make sets $(MAKE)
configure:3009: result: yes
configure:3122: checking build system type
configure:3136: result: i686-pc-linux-gnu
configure:3156: checking host system type
configure:3169: result: i686-pc-linux-gnu
configure:3201: checking for style of include used by make
configure:3229: result: GNU
configure:3299: checking for gcc
configure:3315: found /usr/bin/gcc
configure:3326: result: gcc
configure:3555: checking for C compiler version
configure:3564: gcc --version >&5
gcc (Ubuntu 4.4.3-4ubuntu5) 4.4.3
Copyright (C) 2009 Free Software Foundation, Inc.
This is free software; see the source for copying conditions.  There is NO
warranty; not even for MERCHANTABILITY or FITNESS FOR A PARTICULAR PURPOSE.

configure:3575: $? = 0
configure:3564: gcc -v >&5
Using built-in specs.
Target: i486-linux-gnu
Configured with: ../src/configure -v --with-pkgversion='Ubuntu 4.4.3-4ubuntu5' --with-bugurl=file:///usr/share/doc/gcc-4.4/README.Bugs --enable-languages=c,c++,fortran,objc,obj-c++ --prefix=/usr --enable-shared --enable-multiarch --enable-linker-build-id --with-system-zlib --libexecdir=/usr/lib --without-included-gettext --enable-threads=posix --with-gxx-include-dir=/usr/include/c++/4.4 --program-suffix=-4.4 --enable-nls --enable-clocale=gnu --enable-libstdcxx-debug --enable-plugin --enable-objc-gc --enable-targets=all --disable-werror --with-arch-32=i486 --with-tune=generic --enable-checking=release --build=i486-linux-gnu --host=i486-linux-gnu --target=i486-linux-gnu
Thread model: posix
gcc version 4.4.3 (Ubuntu 4.4.3-4ubuntu5) 
configure:3575: $? = 0
configure:3564: gcc -V >&5
gcc: '-V' option must have argument
configure:3575: $? = 1
configure:3564: gcc -qversion >&5
gcc: unrecognized option '-qversion'
gcc: no input files
configure:3575: $? = 1
configure:3595: checking whether the C compiler works
configure:3617: gcc    conftest.c  >&5
configure:3621: $? = 0
configure:3670: result: yes
configure:3673: checking for C compiler default output file name
configure:3675: result: a.out
configure:3681: checking for suffix of executables
configure:3688: gcc -o conftest    conftest.c  >&5
configure:3692: $? = 0
configure:3714: result: 
configure:3736: checking whether we are cross compiling
configure:3744: gcc -o conftest    conftest.c  >&5
configure:3748: $? = 0
configure:3755: ./conftest
configure:3759: $? = 0
configure:3774: result: no
configure:3779: checking for suffix of object files
configure:3801: gcc -c   conftest.c >&5
configure:3805: $? = 0
configure:3826: result: o
configure:3830: checking whether we are using the GNU C compiler
configure:3849: gcc -c   conftest.c >&5
configure:3849: $? = 0
configure:3858: result: yes
configure:3867: checking whether gcc accepts -g
configure:3887: gcc -c -g  conftest.c >&5
configure:3887: $? = 0
configure:3928: result: yes
configure:3945: checking for gcc option to accept ISO C89
configure:4009: gcc  -c -g -O2  conftest.c >&5
configure:4009: $? = 0
configure:4022: result: none needed
configure:4044: checking dependency style of gcc
configure:4154: result: gcc3
configure:4169: checking for a sed that does not truncate output
configure:4233: result: /bin/sed
configure:4251: checking for grep that handles long lines and -e
configure:4309: result: /bin/grep
configure:4314: checking for egrep
configure:4376: result: /bin/grep -E
configure:4381: checking for fgrep
configure:4443: result: /bin/grep -F
configure:4478: checking for ld used by gcc
configure:4545: result: /usr/bin/ld
configure:4552: checking if the linker (/usr/bin/ld) is GNU ld
configure:4567: result: yes
configure:4579: checking for BSD- or MS-compatible name lister (nm)
configure:4628: result: /usr/bin/nm -B
configure:4746: checking the name lister (/usr/bin/nm -B) interface
configure:4753: gcc -c -g -O2  conftest.c >&5
configure:4756: /usr/bin/nm -B "conftest.o"
configure:4759: output
00000000 B some_variable
configure:4766: result: BSD nm
configure:4769: checking whether ln -s works
configure:4773: result: yes
configure:4781: checking the maximum length of command line arguments
configure:4901: result: 1572864
configure:4918: checking whether the shell understands some XSI constructs
configure:4928: result: yes
configure:4932: checking whether the shell understands "+="
configure:4938: result: yes
configure:4973: checking for /usr/bin/ld option to reload object files
configure:4980: result: -r
configure:5049: checking for objdump
configure:5065: found /usr/bin/objdump
configure:5076: result: objdump
configure:5108: checking how to recognize dependent libraries
configure:5304: result: pass_all
configure:5364: checking for ar
configure:5380: found /usr/bin/ar
configure:5391: result: ar
configure:5469: checking for strip
configure:5485: found /usr/bin/strip
configure:5496: result: strip
configure:5568: checking for ranlib
configure:5584: found /usr/bin/ranlib
configure:5595: result: ranlib
configure:5685: checking command to parse /usr/bin/nm -B output from gcc object
configure:5803: gcc -c -g -O2  conftest.c >&5
configure:5806: $? = 0
configure:5810: /usr/bin/nm -B conftest.o \| sed -n -e 's/^.*[	 ]\([ABCDGIRSTW][ABCDGIRSTW]*\)[	 ][	 ]*\([_A-Za-z][_A-Za-z0-9]*\)$/\1 \2 \2/p' \> conftest.nm
configure:5813: $? = 0
configure:5867: gcc -o conftest -g -O2   conftest.c conftstm.o >&5
configure:5870: $? = 0
configure:5908: result: ok
configure:6717: checking how to run the C preprocessor
configure:6748: gcc -E  conftest.c
configure:6748: $? = 0
configure:6762: gcc -E  conftest.c
conftest.c:12:28: error: ac_nonexistent.h: No such file or directory
configure:6762: $? = 1
configure: failed program was:
| /* confdefs.h */
| #define PACKAGE_NAME "nodebooter"
| #define PACKAGE_TARNAME "nodebooter"
| #define PACKAGE_VERSION "0.6.2"
| #define PACKAGE_STRING "nodebooter 0.6.2"
| #define PACKAGE_BUGREPORT ""
| #define PACKAGE_URL ""
| #define PACKAGE "nodebooter"
| #define VERSION "0.6.2"
| #define _GNU_SOURCE 1
| /* end confdefs.h.  */
| #include <ac_nonexistent.h>
configure:6787: result: gcc -E
configure:6807: gcc -E  conftest.c
configure:6807: $? = 0
configure:6821: gcc -E  conftest.c
conftest.c:12:28: error: ac_nonexistent.h: No such file or directory
configure:6821: $? = 1
configure: failed program was:
| /* confdefs.h */
| #define PACKAGE_NAME "nodebooter"
| #define PACKAGE_TARNAME "nodebooter"
| #define PACKAGE_VERSION "0.6.2"
| #define PACKAGE_STRING "nodebooter 0.6.2"
| #define PACKAGE_BUGREPORT ""
| #define PACKAGE_URL ""
| #define PACKAGE "nodebooter"
| #define VERSION "0.6.2"
| #define _GNU_SOURCE 1
| /* end confdefs.h.  */
| #include <ac_nonexistent.h>
configure:6850: checking for ANSI C header files
configure:6870: gcc -c -g -O2  conftest.c >&5
configure:6870: $? = 0
configure:6943: gcc -o conftest -g -O2   conftest.c  >&5
configure:6943: $? = 0
configure:6943: ./conftest
configure:6943: $? = 0
configure:6954: result: yes
configure:6967: checking for sys/types.h
configure:6967: gcc -c -g -O2  conftest.c >&5
configure:6967: $? = 0
configure:6967: result: yes
configure:6967: checking for sys/stat.h
configure:6967: gcc -c -g -O2  conftest.c >&5
configure:6967: $? = 0
configure:6967: result: yes
configure:6967: checking for stdlib.h
configure:6967: gcc -c -g -O2  conftest.c >&5
configure:6967: $? = 0
configure:6967: result: yes
configure:6967: checking for string.h
configure:6967: gcc -c -g -O2  conftest.c >&5
configure:6967: $? = 0
configure:6967: result: yes
configure:6967: checking for memory.h
configure:6967: gcc -c -g -O2  conftest.c >&5
configure:6967: $? = 0
configure:6967: result: yes
configure:6967: checking for strings.h
configure:6967: gcc -c -g -O2  conftest.c >&5
configure:6967: $? = 0
configure:6967: result: yes
configure:6967: checking for inttypes.h
configure:6967: gcc -c -g -O2  conftest.c >&5
configure:6967: $? = 0
configure:6967: result: yes
configure:6967: checking for stdint.h
configure:6967: gcc -c -g -O2  conftest.c >&5
configure:6967: $? = 0
configure:6967: result: yes
configure:6967: checking for unistd.h
configure:6967: gcc -c -g -O2  conftest.c >&5
configure:6967: $? = 0
configure:6967: result: yes
configure:6982: checking for dlfcn.h
configure:6982: gcc -c -g -O2  conftest.c >&5
configure:6982: $? = 0
configure:6982: result: yes
configure:7166: checking for objdir
configure:7181: result: .libs
configure:7473: checking if gcc supports -fno-rtti -fno-exceptions
configure:7491: gcc -c -g -O2  -fno-rtti -fno-exceptions conftest.c >&5
cc1: warning: command line option "-fno-rtti" is valid for C++/ObjC++ but not for C
configure:7495: $? = 0
configure:7508: result: no
configure:7528: checking for gcc option to produce PIC
configure:7800: result: -fPIC -DPIC
configure:7812: checking if gcc PIC flag -fPIC -DPIC works
configure:7830: gcc -c -g -O2  -fPIC -DPIC -DPIC conftest.c >&5
configure:7834: $? = 0
configure:7847: result: yes
configure:7871: checking if gcc static flag -static works
configure:7899: result: yes
configure:7914: checking if gcc supports -c -o file.o
configure:7935: gcc -c -g -O2  -o out/conftest2.o conftest.c >&5
configure:7939: $? = 0
configure:7961: result: yes
configure:7969: checking if gcc supports -c -o file.o
configure:8016: result: yes
configure:8049: checking whether the gcc linker (/usr/bin/ld) supports shared libraries
configure:9040: result: yes
configure:9077: checking whether -lc should be explicitly linked in
configure:9082: gcc -c -g -O2  conftest.c >&5
configure:9085: $? = 0
configure:9100: gcc -shared conftest.o  -v -Wl,-soname -Wl,conftest -o conftest 2\>\&1 \| /bin/grep  -lc  \>/dev/null 2\>\&1
configure:9103: $? = 0
configure:9115: result: no
configure:9279: checking dynamic linker characteristics
configure:9712: gcc -o conftest -g -O2   -Wl,-rpath -Wl,/foo conftest.c  >&5
configure:9712: $? = 0
configure:9942: result: GNU/Linux ld.so
configure:10044: checking how to hardcode library paths into programs
configure:10069: result: immediate
configure:10589: checking whether stripping libraries is possible
configure:10594: result: yes
configure:10629: checking if libtool supports shared libraries
configure:10631: result: yes
configure:10634: checking whether to build shared libraries
configure:10655: result: yes
configure:10658: checking whether to build static libraries
configure:10662: result: yes
configure:10755: checking for g++
configure:10771: found /usr/bin/g++
configure:10782: result: g++
configure:10809: checking for C++ compiler version
configure:10818: g++ --version >&5
g++ (Ubuntu 4.4.3-4ubuntu5) 4.4.3
Copyright (C) 2009 Free Software Foundation, Inc.
This is free software; see the source for copying conditions.  There is NO
warranty; not even for MERCHANTABILITY or FITNESS FOR A PARTICULAR PURPOSE.

configure:10829: $? = 0
configure:10818: g++ -v >&5
Using built-in specs.
Target: i486-linux-gnu
Configured with: ../src/configure -v --with-pkgversion='Ubuntu 4.4.3-4ubuntu5' --with-bugurl=file:///usr/share/doc/gcc-4.4/README.Bugs --enable-languages=c,c++,fortran,objc,obj-c++ --prefix=/usr --enable-shared --enable-multiarch --enable-linker-build-id --with-system-zlib --libexecdir=/usr/lib --without-included-gettext --enable-threads=posix --with-gxx-include-dir=/usr/include/c++/4.4 --program-suffix=-4.4 --enable-nls --enable-clocale=gnu --enable-libstdcxx-debug --enable-plugin --enable-objc-gc --enable-targets=all --disable-werror --with-arch-32=i486 --with-tune=generic --enable-checking=release --build=i486-linux-gnu --host=i486-linux-gnu --target=i486-linux-gnu
Thread model: posix
gcc version 4.4.3 (Ubuntu 4.4.3-4ubuntu5) 
configure:10829: $? = 0
configure:10818: g++ -V >&5
g++: '-V' option must have argument
configure:10829: $? = 1
configure:10818: g++ -qversion >&5
g++: unrecognized option '-qversion'
g++: no input files
configure:10829: $? = 1
configure:10833: checking whether we are using the GNU C++ compiler
configure:10852: g++ -c   conftest.cpp >&5
configure:10852: $? = 0
configure:10861: result: yes
configure:10870: checking whether g++ accepts -g
configure:10890: g++ -c -g  conftest.cpp >&5
configure:10890: $? = 0
configure:10931: result: yes
configure:10956: checking dependency style of g++
configure:11066: result: gcc3
configure:11194: checking for C++ compiler version
configure:11203: g++ --version >&5
g++ (Ubuntu 4.4.3-4ubuntu5) 4.4.3
Copyright (C) 2009 Free Software Foundation, Inc.
This is free software; see the source for copying conditions.  There is NO
warranty; not even for MERCHANTABILITY or FITNESS FOR A PARTICULAR PURPOSE.

configure:11214: $? = 0
configure:11203: g++ -v >&5
Using built-in specs.
Target: i486-linux-gnu
Configured with: ../src/configure -v --with-pkgversion='Ubuntu 4.4.3-4ubuntu5' --with-bugurl=file:///usr/share/doc/gcc-4.4/README.Bugs --enable-languages=c,c++,fortran,objc,obj-c++ --prefix=/usr --enable-shared --enable-multiarch --enable-linker-build-id --with-system-zlib --libexecdir=/usr/lib --without-included-gettext --enable-threads=posix --with-gxx-include-dir=/usr/include/c++/4.4 --program-suffix=-4.4 --enable-nls --enable-clocale=gnu --enable-libstdcxx-debug --enable-plugin --enable-objc-gc --enable-targets=all --disable-werror --with-arch-32=i486 --with-tune=generic --enable-checking=release --build=i486-linux-gnu --host=i486-linux-gnu --target=i486-linux-gnu
Thread model: posix
gcc version 4.4.3 (Ubuntu 4.4.3-4ubuntu5) 
configure:11214: $? = 0
configure:11203: g++ -V >&5
g++: '-V' option must have argument
configure:11214: $? = 1
configure:11203: g++ -qversion >&5
g++: unrecognized option '-qversion'
g++: no input files
configure:11214: $? = 1
configure:11218: checking whether we are using the GNU C++ compiler
configure:11246: result: yes
configure:11255: checking whether g++ accepts -g
configure:11316: result: yes
configure:11341: checking dependency style of g++
configure:11451: result: gcc3
configure:11474: checking how to run the C++ preprocessor
configure:11501: g++ -E  conftest.cpp
configure:11501: $? = 0
configure:11515: g++ -E  conftest.cpp
conftest.cpp:24:28: error: ac_nonexistent.h: No such file or directory
configure:11515: $? = 1
configure: failed program was:
| /* confdefs.h */
| #define PACKAGE_NAME "nodebooter"
| #define PACKAGE_TARNAME "nodebooter"
| #define PACKAGE_VERSION "0.6.2"
| #define PACKAGE_STRING "nodebooter 0.6.2"
| #define PACKAGE_BUGREPORT ""
| #define PACKAGE_URL ""
| #define PACKAGE "nodebooter"
| #define VERSION "0.6.2"
| #define _GNU_SOURCE 1
| #define STDC_HEADERS 1
| #define HAVE_SYS_TYPES_H 1
| #define HAVE_SYS_STAT_H 1
| #define HAVE_STDLIB_H 1
| #define HAVE_STRING_H 1
| #define HAVE_MEMORY_H 1
| #define HAVE_STRINGS_H 1
| #define HAVE_INTTYPES_H 1
| #define HAVE_STDINT_H 1
| #define HAVE_UNISTD_H 1
| #define HAVE_DLFCN_H 1
| #define LT_OBJDIR ".libs/"
| /* end confdefs.h.  */
| #include <ac_nonexistent.h>
configure:11540: result: g++ -E
configure:11560: g++ -E  conftest.cpp
configure:11560: $? = 0
configure:11574: g++ -E  conftest.cpp
conftest.cpp:24:28: error: ac_nonexistent.h: No such file or directory
configure:11574: $? = 1
configure: failed program was:
| /* confdefs.h */
| #define PACKAGE_NAME "nodebooter"
| #define PACKAGE_TARNAME "nodebooter"
| #define PACKAGE_VERSION "0.6.2"
| #define PACKAGE_STRING "nodebooter 0.6.2"
| #define PACKAGE_BUGREPORT ""
| #define PACKAGE_URL ""
| #define PACKAGE "nodebooter"
| #define VERSION "0.6.2"
| #define _GNU_SOURCE 1
| #define STDC_HEADERS 1
| #define HAVE_SYS_TYPES_H 1
| #define HAVE_SYS_STAT_H 1
| #define HAVE_STDLIB_H 1
| #define HAVE_STRING_H 1
| #define HAVE_MEMORY_H 1
| #define HAVE_STRINGS_H 1
| #define HAVE_INTTYPES_H 1
| #define HAVE_STDINT_H 1
| #define HAVE_UNISTD_H 1
| #define HAVE_DLFCN_H 1
| #define LT_OBJDIR ".libs/"
| /* end confdefs.h.  */
| #include <ac_nonexistent.h>
configure:11742: checking for ld used by g++
configure:11809: result: /usr/bin/ld
configure:11816: checking if the linker (/usr/bin/ld) is GNU ld
configure:11831: result: yes
configure:11886: checking whether the g++ linker (/usr/bin/ld) supports shared libraries
configure:12799: result: yes
configure:12827: g++ -c -g -O2  conftest.cpp >&5
configure:12830: $? = 0
configure:13012: checking for g++ option to produce PIC
configure:13329: result: -fPIC -DPIC
configure:13338: checking if g++ PIC flag -fPIC -DPIC works
configure:13356: g++ -c -g -O2  -fPIC -DPIC -DPIC conftest.cpp >&5
configure:13360: $? = 0
configure:13373: result: yes
configure:13394: checking if g++ static flag -static works
configure:13422: result: yes
configure:13434: checking if g++ supports -c -o file.o
configure:13455: g++ -c -g -O2  -o out/conftest2.o conftest.cpp >&5
configure:13459: $? = 0
configure:13481: result: yes
configure:13486: checking if g++ supports -c -o file.o
configure:13533: result: yes
configure:13563: checking whether the g++ linker (/usr/bin/ld) supports shared libraries
configure:13592: result: yes
configure:13729: checking dynamic linker characteristics
configure:14110: g++ -o conftest -g -O2   -Wl,-rpath -Wl,/foo conftest.cpp  >&5
configure:14110: $? = 0
configure:14340: result: GNU/Linux ld.so
configure:14391: checking how to hardcode library paths into programs
configure:14416: result: immediate
configure:14457: checking whether make sets $(MAKE)
configure:14479: result: yes
configure:14489: checking for sys/wait.h that is POSIX.1 compatible
configure:14515: gcc -c -g -O2  conftest.c >&5
configure:14515: $? = 0
configure:14522: result: yes
configure:14531: checking for pid_t
configure:14531: gcc -c -g -O2  conftest.c >&5
configure:14531: $? = 0
configure:14531: gcc -c -g -O2  conftest.c >&5
conftest.c: In function 'main':
conftest.c:61: error: expected expression before ')' token
configure:14531: $? = 1
configure: failed program was:
| /* confdefs.h */
| #define PACKAGE_NAME "nodebooter"
| #define PACKAGE_TARNAME "nodebooter"
| #define PACKAGE_VERSION "0.6.2"
| #define PACKAGE_STRING "nodebooter 0.6.2"
| #define PACKAGE_BUGREPORT ""
| #define PACKAGE_URL ""
| #define PACKAGE "nodebooter"
| #define VERSION "0.6.2"
| #define _GNU_SOURCE 1
| #define STDC_HEADERS 1
| #define HAVE_SYS_TYPES_H 1
| #define HAVE_SYS_STAT_H 1
| #define HAVE_STDLIB_H 1
| #define HAVE_STRING_H 1
| #define HAVE_MEMORY_H 1
| #define HAVE_STRINGS_H 1
| #define HAVE_INTTYPES_H 1
| #define HAVE_STDINT_H 1
| #define HAVE_UNISTD_H 1
| #define HAVE_DLFCN_H 1
| #define LT_OBJDIR ".libs/"
| #define HAVE_SYS_WAIT_H 1
| /* end confdefs.h.  */
| #include <stdio.h>
| #ifdef HAVE_SYS_TYPES_H
| # include <sys/types.h>
| #endif
| #ifdef HAVE_SYS_STAT_H
| # include <sys/stat.h>
| #endif
| #ifdef STDC_HEADERS
| # include <stdlib.h>
| # include <stddef.h>
| #else
| # ifdef HAVE_STDLIB_H
| #  include <stdlib.h>
| # endif
| #endif
| #ifdef HAVE_STRING_H
| # if !defined STDC_HEADERS && defined HAVE_MEMORY_H
| #  include <memory.h>
| # endif
| # include <string.h>
| #endif
| #ifdef HAVE_STRINGS_H
| # include <strings.h>
| #endif
| #ifdef HAVE_INTTYPES_H
| # include <inttypes.h>
| #endif
| #ifdef HAVE_STDINT_H
| # include <stdint.h>
| #endif
| #ifdef HAVE_UNISTD_H
| # include <unistd.h>
| #endif
| int
| main ()
| {
| if (sizeof ((pid_t)))
| 	    return 0;
|   ;
|   return 0;
| }
configure:14531: result: yes
configure:14544: checking vfork.h usability
configure:14544: gcc -c -g -O2  conftest.c >&5
conftest.c:58:19: error: vfork.h: No such file or directory
configure:14544: $? = 1
configure: failed program was:
| /* confdefs.h */
| #define PACKAGE_NAME "nodebooter"
| #define PACKAGE_TARNAME "nodebooter"
| #define PACKAGE_VERSION "0.6.2"
| #define PACKAGE_STRING "nodebooter 0.6.2"
| #define PACKAGE_BUGREPORT ""
| #define PACKAGE_URL ""
| #define PACKAGE "nodebooter"
| #define VERSION "0.6.2"
| #define _GNU_SOURCE 1
| #define STDC_HEADERS 1
| #define HAVE_SYS_TYPES_H 1
| #define HAVE_SYS_STAT_H 1
| #define HAVE_STDLIB_H 1
| #define HAVE_STRING_H 1
| #define HAVE_MEMORY_H 1
| #define HAVE_STRINGS_H 1
| #define HAVE_INTTYPES_H 1
| #define HAVE_STDINT_H 1
| #define HAVE_UNISTD_H 1
| #define HAVE_DLFCN_H 1
| #define LT_OBJDIR ".libs/"
| #define HAVE_SYS_WAIT_H 1
| /* end confdefs.h.  */
| #include <stdio.h>
| #ifdef HAVE_SYS_TYPES_H
| # include <sys/types.h>
| #endif
| #ifdef HAVE_SYS_STAT_H
| # include <sys/stat.h>
| #endif
| #ifdef STDC_HEADERS
| # include <stdlib.h>
| # include <stddef.h>
| #else
| # ifdef HAVE_STDLIB_H
| #  include <stdlib.h>
| # endif
| #endif
| #ifdef HAVE_STRING_H
| # if !defined STDC_HEADERS && defined HAVE_MEMORY_H
| #  include <memory.h>
| # endif
| # include <string.h>
| #endif
| #ifdef HAVE_STRINGS_H
| # include <strings.h>
| #endif
| #ifdef HAVE_INTTYPES_H
| # include <inttypes.h>
| #endif
| #ifdef HAVE_STDINT_H
| # include <stdint.h>
| #endif
| #ifdef HAVE_UNISTD_H
| # include <unistd.h>
| #endif
| #include <vfork.h>
configure:14544: result: no
configure:14544: checking vfork.h presence
configure:14544: gcc -E  conftest.c
conftest.c:25:19: error: vfork.h: No such file or directory
configure:14544: $? = 1
configure: failed program was:
| /* confdefs.h */
| #define PACKAGE_NAME "nodebooter"
| #define PACKAGE_TARNAME "nodebooter"
| #define PACKAGE_VERSION "0.6.2"
| #define PACKAGE_STRING "nodebooter 0.6.2"
| #define PACKAGE_BUGREPORT ""
| #define PACKAGE_URL ""
| #define PACKAGE "nodebooter"
| #define VERSION "0.6.2"
| #define _GNU_SOURCE 1
| #define STDC_HEADERS 1
| #define HAVE_SYS_TYPES_H 1
| #define HAVE_SYS_STAT_H 1
| #define HAVE_STDLIB_H 1
| #define HAVE_STRING_H 1
| #define HAVE_MEMORY_H 1
| #define HAVE_STRINGS_H 1
| #define HAVE_INTTYPES_H 1
| #define HAVE_STDINT_H 1
| #define HAVE_UNISTD_H 1
| #define HAVE_DLFCN_H 1
| #define LT_OBJDIR ".libs/"
| #define HAVE_SYS_WAIT_H 1
| /* end confdefs.h.  */
| #include <vfork.h>
configure:14544: result: no
configure:14544: checking for vfork.h
configure:14544: result: no
configure:14557: checking for fork
configure:14557: gcc -o conftest -g -O2   conftest.c  >&5
conftest.c:48: warning: conflicting types for built-in function 'fork'
configure:14557: $? = 0
configure:14557: result: yes
configure:14557: checking for vfork
configure:14557: gcc -o conftest -g -O2   conftest.c  >&5
configure:14557: $? = 0
configure:14557: result: yes
configure:14568: checking for working fork
configure:14590: gcc -o conftest -g -O2   conftest.c  >&5
configure:14590: $? = 0
configure:14590: ./conftest
configure:14590: $? = 0
configure:14600: result: yes
configure:14621: checking for working vfork
configure:14731: result: yes
configure:14764: checking for main in -lomniORB4
configure:14783: g++ -o conftest -g -O2   conftest.cpp -lomniORB4   >&5
configure:14783: $? = 0
configure:14792: result: yes
configure:14805: checking for main in -lomnithread
configure:14824: g++ -o conftest -g -O2   conftest.cpp -lomnithread  -lomniORB4  >&5
configure:14824: $? = 0
configure:14833: result: yes
configure:14846: checking for main in -lomniDynamic4
configure:14865: g++ -o conftest -g -O2   conftest.cpp -lomniDynamic4  -lomnithread -lomniORB4  >&5
configure:14865: $? = 0
configure:14874: result: yes
configure:14890: checking omniORB4/CORBA.h usability
configure:14890: g++ -c -g -O2  conftest.cpp >&5
configure:14890: $? = 0
configure:14890: result: yes
configure:14890: checking omniORB4/CORBA.h presence
configure:14890: g++ -E  conftest.cpp
configure:14890: $? = 0
configure:14890: result: yes
configure:14890: checking for omniORB4/CORBA.h
configure:14890: result: yes
configure:14907: checking gr_libdir_suffix
configure:14938: result: 
configure:14942: checking whether to append 64 to libdir
configure:14950: result: no
configure:15003: checking for boost >= 1.35
configure:15065: g++ -c -g -O2  -I/usr/include conftest.cpp >&5
configure:15065: $? = 0
configure:15066: result: yes
configure:15216: checking whether the Boost::Filesystem library is available
configure:15240: g++ -c -g -O2  -I/usr/include conftest.cpp >&5
configure:15240: $? = 0
configure:15254: result: yes
configure:15265: checking for exit in -lboost_filesystem-mt
configure:15290: g++ -o conftest -g -O2  -I/usr/include  -L/usr/lib conftest.cpp -lboost_filesystem-mt  -lomniDynamic4 -lomnithread -lomniORB4   >&5
configure:15290: $? = 0
configure:15300: result: yes
configure:15602: creating ./config.status

## ---------------------- ##
## Running config.status. ##
## ---------------------- ##

This file was extended by nodebooter config.status 0.6.2, which was
generated by GNU Autoconf 2.65.  Invocation command line was

  CONFIG_FILES    = 
  CONFIG_HEADERS  = 
  CONFIG_LINKS    = 
  CONFIG_COMMANDS = 
  $ ./config.status 

on june-laptop

config.status:1052: creating Makefile
config.status:1215: executing depfiles commands
config.status:1215: executing libtool commands

## ---------------- ##
## Cache variables. ##
## ---------------- ##

ac_cv_build=i686-pc-linux-gnu
ac_cv_c_compiler_gnu=yes
ac_cv_cxx_compiler_gnu=yes
ac_cv_env_CCC_set=
ac_cv_env_CCC_value=
ac_cv_env_CC_set=
ac_cv_env_CC_value=
ac_cv_env_CFLAGS_set=
ac_cv_env_CFLAGS_value=
ac_cv_env_CPPFLAGS_set=
ac_cv_env_CPPFLAGS_value=
ac_cv_env_CPP_set=
ac_cv_env_CPP_value=
ac_cv_env_CXXCPP_set=
ac_cv_env_CXXCPP_value=
ac_cv_env_CXXFLAGS_set=
ac_cv_env_CXXFLAGS_value=
ac_cv_env_CXX_set=
ac_cv_env_CXX_value=
ac_cv_env_LDFLAGS_set=
ac_cv_env_LDFLAGS_value=
ac_cv_env_LIBS_set=
ac_cv_env_LIBS_value=
ac_cv_env_build_alias_set=
ac_cv_env_build_alias_value=
ac_cv_env_host_alias_set=
ac_cv_env_host_alias_value=
ac_cv_env_target_alias_set=
ac_cv_env_target_alias_value=
ac_cv_func_fork=yes
ac_cv_func_fork_works=yes
ac_cv_func_vfork=yes
ac_cv_func_vfork_works=yes
ac_cv_header_dlfcn_h=yes
ac_cv_header_inttypes_h=yes
ac_cv_header_memory_h=yes
ac_cv_header_omniORB4_CORBA_h=yes
ac_cv_header_stdc=yes
ac_cv_header_stdint_h=yes
ac_cv_header_stdlib_h=yes
ac_cv_header_string_h=yes
ac_cv_header_strings_h=yes
ac_cv_header_sys_stat_h=yes
ac_cv_header_sys_types_h=yes
ac_cv_header_sys_wait_h=yes
ac_cv_header_unistd_h=yes
ac_cv_header_vfork_h=no
ac_cv_host=i686-pc-linux-gnu
ac_cv_lib_boost_filesystem_mt___exit=yes
ac_cv_lib_omniDynamic4_main=yes
ac_cv_lib_omniORB4_main=yes
ac_cv_lib_omnithread_main=yes
ac_cv_objext=o
ac_cv_path_EGREP='/bin/grep -E'
ac_cv_path_FGREP='/bin/grep -F'
ac_cv_path_GREP=/bin/grep
ac_cv_path_SED=/bin/sed
ac_cv_path_install='/usr/bin/install -c'
ac_cv_path_mkdir=/bin/mkdir
ac_cv_prog_AWK=gawk
ac_cv_prog_CPP='gcc -E'
ac_cv_prog_CXXCPP='g++ -E'
ac_cv_prog_ac_ct_AR=ar
ac_cv_prog_ac_ct_CC=gcc
ac_cv_prog_ac_ct_CXX=g++
ac_cv_prog_ac_ct_OBJDUMP=objdump
ac_cv_prog_ac_ct_RANLIB=ranlib
ac_cv_prog_ac_ct_STRIP=strip
ac_cv_prog_cc_c89=
ac_cv_prog_cc_g=yes
ac_cv_prog_cxx_g=yes
ac_cv_prog_make_make_set=yes
ac_cv_type_pid_t=yes
am_cv_CC_dependencies_compiler_type=gcc3
am_cv_CXX_dependencies_compiler_type=gcc3
ax_cv_boost_filesystem=yes
lt_cv_deplibs_check_method=pass_all
lt_cv_file_magic_cmd='$MAGIC_CMD'
lt_cv_file_magic_test_file=
lt_cv_ld_reload_flag=-r
lt_cv_nm_interface='BSD nm'
lt_cv_objdir=.libs
lt_cv_path_LD=/usr/bin/ld
lt_cv_path_LDCXX=/usr/bin/ld
lt_cv_path_NM='/usr/bin/nm -B'
lt_cv_prog_compiler_c_o=yes
lt_cv_prog_compiler_c_o_CXX=yes
lt_cv_prog_compiler_pic_works=yes
lt_cv_prog_compiler_pic_works_CXX=yes
lt_cv_prog_compiler_rtti_exceptions=no
lt_cv_prog_compiler_static_works=yes
lt_cv_prog_compiler_static_works_CXX=yes
lt_cv_prog_gnu_ld=yes
lt_cv_prog_gnu_ldcxx=yes
lt_cv_sys_global_symbol_pipe='sed -n -e '\''s/^.*[	 ]\([ABCDGIRSTW][ABCDGIRSTW]*\)[	 ][	 ]*\([_A-Za-z][_A-Za-z0-9]*\)$/\1 \2 \2/p'\'''
lt_cv_sys_global_symbol_to_c_name_address='sed -n -e '\''s/^: \([^ ]*\) $/  {\"\1\", (void *) 0},/p'\'' -e '\''s/^[ABCDGIRSTW]* \([^ ]*\) \([^ ]*\)$/  {"\2", (void *) \&\2},/p'\'''
lt_cv_sys_global_symbol_to_c_name_address_lib_prefix='sed -n -e '\''s/^: \([^ ]*\) $/  {\"\1\", (void *) 0},/p'\'' -e '\''s/^[ABCDGIRSTW]* \([^ ]*\) \(lib[^ ]*\)$/  {"\2", (void *) \&\2},/p'\'' -e '\''s/^[ABCDGIRSTW]* \([^ ]*\) \([^ ]*\)$/  {"lib\2", (void *) \&\2},/p'\'''
lt_cv_sys_global_symbol_to_cdecl='sed -n -e '\''s/^T .* \(.*\)$/extern int \1();/p'\'' -e '\''s/^[ABCDGIRSTW]* .* \(.*\)$/extern char \1;/p'\'''
lt_cv_sys_max_cmd_len=1572864

## ----------------- ##
## Output variables. ##
## ----------------- ##

ACLOCAL='${SHELL} /home/june/Work/ossie-0.8.2/missing --run aclocal-1.11'
AMDEPBACKSLASH='\'
AMDEP_FALSE='#'
AMDEP_TRUE=''
AMTAR='${SHELL} /home/june/Work/ossie-0.8.2/missing --run tar'
AR='ar'
AUTOCONF='${SHELL} /home/june/Work/ossie-0.8.2/missing --run autoconf'
AUTOHEADER='${SHELL} /home/june/Work/ossie-0.8.2/missing --run autoheader'
AUTOMAKE='${SHELL} /home/june/Work/ossie-0.8.2/missing --run automake-1.11'
AWK='gawk'
BOOST_CPPFLAGS='-I/usr/include'
BOOST_FILESYSTEM_LIB='-lboost_filesystem-mt'
BOOST_LDFLAGS='-L/usr/lib'
CC='gcc'
CCDEPMODE='depmode=gcc3'
CFLAGS='-g -O2 -I/usr/include'
CPP='gcc -E'
CPPFLAGS=' -I/usr/include'
CXX='g++'
CXXCPP='g++ -E'
CXXDEPMODE='depmode=gcc3'
CXXFLAGS='-g -O2 '
CYGPATH_W='echo'
DEFS='-DPACKAGE_NAME=\"nodebooter\" -DPACKAGE_TARNAME=\"nodebooter\" -DPACKAGE_VERSION=\"0.6.2\" -DPACKAGE_STRING=\"nodebooter\ 0.6.2\" -DPACKAGE_BUGREPORT=\"\" -DPACKAGE_URL=\"\" -DPACKAGE=\"nodebooter\" -DVERSION=\"0.6.2\" -D_GNU_SOURCE=1 -DSTDC_HEADERS=1 -DHAVE_SYS_TYPES_H=1 -DHAVE_SYS_STAT_H=1 -DHAVE_STDLIB_H=1 -DHAVE_STRING_H=1 -DHAVE_MEMORY_H=1 -DHAVE_STRINGS_H=1 -DHAVE_INTTYPES_H=1 -DHAVE_STDINT_H=1 -DHAVE_UNISTD_H=1 -DHAVE_DLFCN_H=1 -DLT_OBJDIR=\".libs/\" -DHAVE_SYS_WAIT_H=1 -DHAVE_FORK=1 -DHAVE_VFORK=1 -DHAVE_WORKING_VFORK=1 -DHAVE_WORKING_FORK=1 -DHAVE_LIBOMNIORB4=1 -DHAVE_LIBOMNITHREAD=1 -DHAVE_LIBOMNIDYNAMIC4=1 -DHAVE_OMNIORB4_CORBA_H=1 -DHAVE_BOOST=1 -DHAVE_BOOST_FILESYSTEM=/\*\*/'
DEPDIR='.deps'
DSYMUTIL=''
DUMPBIN=''
ECHO_C=''
ECHO_N='-n'
ECHO_T=''
EGREP='/bin/grep -E'
EXEEXT=''
FGREP='/bin/grep -F'
GREP='/bin/grep'
INSTALL_DATA='${INSTALL} -m 644'
INSTALL_PROGRAM='${INSTALL}'
INSTALL_SCRIPT='${INSTALL}'
INSTALL_STRIP_PROGRAM='$(install_sh) -c -s'
LD='/usr/bin/ld'
LDFLAGS=''
LIBOBJS=''
LIBS='-lomniDynamic4 -lomnithread -lomniORB4 '
LIBTOOL='$(SHELL) $(top_builddir)/libtool'
LIPO=''
LN_S='ln -s'
LTLIBOBJS=''
MAKEINFO='${SHELL} /home/june/Work/ossie-0.8.2/missing --run makeinfo'
MKDIR_P='/bin/mkdir -p'
NM='/usr/bin/nm -B'
NMEDIT=''
OBJDUMP='objdump'
OBJEXT='o'
OTOOL64=''
OTOOL=''
PACKAGE='nodebooter'
PACKAGE_BUGREPORT=''
PACKAGE_NAME='nodebooter'
PACKAGE_STRING='nodebooter 0.6.2'
PACKAGE_TARNAME='nodebooter'
PACKAGE_URL=''
PACKAGE_VERSION='0.6.2'
PATH_SEPARATOR=':'
RANLIB='ranlib'
SED='/bin/sed'
SET_MAKE=''
SHELL='/bin/bash'
STRIP='strip'
VERSION='0.6.2'
ac_ct_CC='gcc'
ac_ct_CXX='g++'
ac_ct_DUMPBIN=''
am__EXEEXT_FALSE=''
am__EXEEXT_TRUE='#'
am__fastdepCC_FALSE='#'
am__fastdepCC_TRUE=''
am__fastdepCXX_FALSE='#'
am__fastdepCXX_TRUE=''
am__include='include'
am__isrc=''
am__leading_dot='.'
am__quote=''
am__tar='${AMTAR} chof - "$$tardir"'
am__untar='${AMTAR} xf -'
bindir='${exec_prefix}/bin'
build='i686-pc-linux-gnu'
build_alias=''
build_cpu='i686'
build_os='linux-gnu'
build_vendor='pc'
datadir='${datarootdir}'
datarootdir='${prefix}/share'
docdir='${datarootdir}/doc/${PACKAGE_TARNAME}'
dvidir='${docdir}'
exec_prefix='${prefix}'
gr_libdir_suffix=''
host='i686-pc-linux-gnu'
host_alias=''
host_cpu='i686'
host_os='linux-gnu'
host_vendor='pc'
htmldir='${docdir}'
includedir='/usr/local/include'
infodir='${datarootdir}/info'
install_sh='${SHELL} /home/june/Work/ossie-0.8.2/install-sh'
libdir='/usr/local/lib'
libexecdir='${exec_prefix}/libexec'
localedir='${datarootdir}/locale'
localstatedir='${prefix}/var'
lt_ECHO='echo'
mandir='${datarootdir}/man'
mkdir_p='/bin/mkdir -p'
oldincludedir='/usr/include'
pdfdir='${docdir}'
prefix='/sdr'
program_transform_name='s,x,x,'
psdir='${docdir}'
sbindir='${exec_prefix}/sbin'
sharedstatedir='${prefix}/com'
sysconfdir='${prefix}/etc'
target_alias=''

## ----------- ##
## confdefs.h. ##
## ----------- ##

/* confdefs.h */
#define PACKAGE_NAME "nodebooter"
#define PACKAGE_TARNAME "nodebooter"
#define PACKAGE_VERSION "0.6.2"
#define PACKAGE_STRING "nodebooter 0.6.2"
#define PACKAGE_BUGREPORT ""
#define PACKAGE_URL ""
#define PACKAGE "nodebooter"
#define VERSION "0.6.2"
#define _GNU_SOURCE 1
#define STDC_HEADERS 1
#define HAVE_SYS_TYPES_H 1
#define HAVE_SYS_STAT_H 1
#define HAVE_STDLIB_H 1
#define HAVE_STRING_H 1
#define HAVE_MEMORY_H 1
#define HAVE_STRINGS_H 1
#define HAVE_INTTYPES_H 1
#define HAVE_STDINT_H 1
#define HAVE_UNISTD_H 1
#define HAVE_DLFCN_H 1
#define LT_OBJDIR ".libs/"
#define HAVE_SYS_WAIT_H 1
#define HAVE_FORK 1
#define HAVE_VFORK 1
#define HAVE_WORKING_VFORK 1
#define HAVE_WORKING_FORK 1
#define HAVE_LIBOMNIORB4 1
#define HAVE_LIBOMNITHREAD 1
#define HAVE_LIBOMNIDYNAMIC4 1
#define HAVE_OMNIORB4_CORBA_H 1
#define HAVE_BOOST 1
#define HAVE_BOOST_FILESYSTEM /**/

configure: exit 0
