This file contains any messages produced by compilers while
running configure, to aid debugging if configure makes a mistake.

It was created by Lab5Example configure 0.7.4, which was
generated by GNU Autoconf 2.65.  Invocation command line was

  $ ./configure --disable-option-checking --prefix=/sdr --libdir=/usr/local/lib/ --includedir=/usr/local/include/ --with-boost --with-boost-filesystem --cache-file=/dev/null --srcdir=.

## --------- ##
## Platform. ##
## --------- ##

hostname = june-laptop
uname -m = i686
uname -r = 2.6.32-37-generic
uname -s = Linux
uname -v = #81-Ubuntu SMP Fri Dec 2 20:35:14 UTC 2011

/usr/bin/uname -p = unknown
/bin/uname -X     = unknown

/bin/arch              = unknown
/usr/bin/arch -k       = unknown
/usr/convex/getsysinfo = unknown
/usr/bin/hostinfo      = unknown
/bin/machine           = unknown
/usr/bin/oslevel       = unknown
/bin/universe          = unknown

PATH: /usr/local/sbin
PATH: /usr/local/bin
PATH: /usr/sbin
PATH: /usr/bin
PATH: /sbin
PATH: /bin
PATH: /usr/games


## ----------- ##
## Core tests. ##
## ----------- ##

configure:1704: checking for a BSD-compatible install
configure:1772: result: /usr/bin/install -c
configure:1783: checking whether build environment is sane
configure:1833: result: yes
configure:1974: checking for a thread-safe mkdir -p
configure:2013: result: /bin/mkdir -p
configure:2026: checking for gawk
configure:2042: found /usr/bin/gawk
configure:2053: result: gawk
configure:2064: checking whether make sets $(MAKE)
configure:2086: result: yes
configure:2313: creating ./config.status

## ---------------------- ##
## Running config.status. ##
## ---------------------- ##

This file was extended by Lab5Example config.status 0.7.4, which was
generated by GNU Autoconf 2.65.  Invocation command line was

  CONFIG_FILES    = 
  CONFIG_HEADERS  = 
  CONFIG_LINKS    = 
  CONFIG_COMMANDS = 
  $ ./config.status 

on june-laptop

config.status:741: creating Makefile

## ---------------- ##
## Cache variables. ##
## ---------------- ##

ac_cv_env_build_alias_set=
ac_cv_env_build_alias_value=
ac_cv_env_host_alias_set=
ac_cv_env_host_alias_value=
ac_cv_env_target_alias_set=
ac_cv_env_target_alias_value=
ac_cv_path_install='/usr/bin/install -c'
ac_cv_path_mkdir=/bin/mkdir
ac_cv_prog_AWK=gawk
ac_cv_prog_make_make_set=yes

## ----------------- ##
## Output variables. ##
## ----------------- ##

ACLOCAL='${SHELL} /home/june/Work/temp/ossie-june/missing --run aclocal-1.11'
AMTAR='${SHELL} /home/june/Work/temp/ossie-june/missing --run tar'
AUTOCONF='${SHELL} /home/june/Work/temp/ossie-june/missing --run autoconf'
AUTOHEADER='${SHELL} /home/june/Work/temp/ossie-june/missing --run autoheader'
AUTOMAKE='${SHELL} /home/june/Work/temp/ossie-june/missing --run automake-1.11'
AWK='gawk'
CYGPATH_W='echo'
DEFS='-DPACKAGE_NAME=\"Lab5Example\" -DPACKAGE_TARNAME=\"lab5example\" -DPACKAGE_VERSION=\"0.7.4\" -DPACKAGE_STRING=\"Lab5Example\ 0.7.4\" -DPACKAGE_BUGREPORT=\"\" -DPACKAGE_URL=\"\" -DPACKAGE=\"lab5example\" -DVERSION=\"0.7.4\"'
ECHO_C=''
ECHO_N='-n'
ECHO_T=''
INSTALL_DATA='${INSTALL} -m 644'
INSTALL_PROGRAM='${INSTALL}'
INSTALL_SCRIPT='${INSTALL}'
INSTALL_STRIP_PROGRAM='$(install_sh) -c -s'
LIBOBJS=''
LIBS=''
LTLIBOBJS=''
MAKEINFO='${SHELL} /home/june/Work/temp/ossie-june/missing --run makeinfo'
MKDIR_P='/bin/mkdir -p'
PACKAGE='lab5example'
PACKAGE_BUGREPORT=''
PACKAGE_NAME='Lab5Example'
PACKAGE_STRING='Lab5Example 0.7.4'
PACKAGE_TARNAME='lab5example'
PACKAGE_URL=''
PACKAGE_VERSION='0.7.4'
PATH_SEPARATOR=':'
SET_MAKE=''
SHELL='/bin/bash'
STRIP=''
VERSION='0.7.4'
am__isrc=''
am__leading_dot='.'
am__tar='${AMTAR} chof - "$$tardir"'
am__untar='${AMTAR} xf -'
bindir='${exec_prefix}/bin'
build_alias=''
datadir='${datarootdir}'
datarootdir='${prefix}/share'
docdir='${datarootdir}/doc/${PACKAGE_TARNAME}'
dvidir='${docdir}'
exec_prefix='${prefix}'
host_alias=''
htmldir='${docdir}'
includedir='/usr/local/include'
infodir='${datarootdir}/info'
install_sh='${SHELL} /home/june/Work/temp/ossie-june/install-sh'
libdir='/usr/local/lib'
libexecdir='${exec_prefix}/libexec'
localedir='${datarootdir}/locale'
localstatedir='${prefix}/var'
mandir='${datarootdir}/man'
mkdir_p='/bin/mkdir -p'
oldincludedir='/usr/include'
pdfdir='${docdir}'
prefix='/sdr'
program_transform_name='s,x,x,'
psdir='${docdir}'
sbindir='${exec_prefix}/sbin'
sharedstatedir='${prefix}/com'
sysconfdir='${prefix}/etc'
target_alias=''

## ----------- ##
## confdefs.h. ##
## ----------- ##

/* confdefs.h */
#define PACKAGE_NAME "Lab5Example"
#define PACKAGE_TARNAME "lab5example"
#define PACKAGE_VERSION "0.7.4"
#define PACKAGE_STRING "Lab5Example 0.7.4"
#define PACKAGE_BUGREPORT ""
#define PACKAGE_URL ""
#define PACKAGE "lab5example"
#define VERSION "0.7.4"

configure: exit 0
