This file contains any messages produced by compilers while
running configure, to aid debugging if configure makes a mistake.

It was created by sigproc configure 0.7.3, which was
generated by GNU Autoconf 2.65.  Invocation command line was

  $ ./configure --prefix=/sdr --libdir=/usr/local/lib/ --includedir=/usr/local/include/ --with-boost --with-boost-filesystem --no-create --no-recursion

## --------- ##
## Platform. ##
## --------- ##

hostname = june-laptop
uname -m = i686
uname -r = 2.6.32-37-generic
uname -s = Linux
uname -v = #81-Ubuntu SMP Fri Dec 2 20:35:14 UTC 2011

/usr/bin/uname -p = unknown
/bin/uname -X     = unknown

/bin/arch              = unknown
/usr/bin/arch -k       = unknown
/usr/convex/getsysinfo = unknown
/usr/bin/hostinfo      = unknown
/bin/machine           = unknown
/usr/bin/oslevel       = unknown
/bin/universe          = unknown

PATH: /usr/local/sbin
PATH: /usr/local/bin
PATH: /usr/sbin
PATH: /usr/bin
PATH: /sbin
PATH: /bin
PATH: /usr/games


## ----------- ##
## Core tests. ##
## ----------- ##

configure:2386: checking for a BSD-compatible install
configure:2454: result: /usr/bin/install -c
configure:2465: checking whether build environment is sane
configure:2515: result: yes
configure:2656: checking for a thread-safe mkdir -p
configure:2695: result: /bin/mkdir -p
configure:2708: checking for gawk
configure:2724: found /usr/bin/gawk
configure:2735: result: gawk
configure:2746: checking whether make sets $(MAKE)
configure:2768: result: yes
configure:2879: checking build system type
configure:2893: result: i686-pc-linux-gnu
configure:2913: checking host system type
configure:2926: result: i686-pc-linux-gnu
configure:2958: checking for style of include used by make
configure:2986: result: GNU
configure:3056: checking for gcc
configure:3072: found /usr/bin/gcc
configure:3083: result: gcc
configure:3312: checking for C compiler version
configure:3321: gcc --version >&5
gcc (Ubuntu 4.4.3-4ubuntu5) 4.4.3
Copyright (C) 2009 Free Software Foundation, Inc.
This is free software; see the source for copying conditions.  There is NO
warranty; not even for MERCHANTABILITY or FITNESS FOR A PARTICULAR PURPOSE.

configure:3332: $? = 0
configure:3321: gcc -v >&5
Using built-in specs.
Target: i486-linux-gnu
Configured with: ../src/configure -v --with-pkgversion='Ubuntu 4.4.3-4ubuntu5' --with-bugurl=file:///usr/share/doc/gcc-4.4/README.Bugs --enable-languages=c,c++,fortran,objc,obj-c++ --prefix=/usr --enable-shared --enable-multiarch --enable-linker-build-id --with-system-zlib --libexecdir=/usr/lib --without-included-gettext --enable-threads=posix --with-gxx-include-dir=/usr/include/c++/4.4 --program-suffix=-4.4 --enable-nls --enable-clocale=gnu --enable-libstdcxx-debug --enable-plugin --enable-objc-gc --enable-targets=all --disable-werror --with-arch-32=i486 --with-tune=generic --enable-checking=release --build=i486-linux-gnu --host=i486-linux-gnu --target=i486-linux-gnu
Thread model: posix
gcc version 4.4.3 (Ubuntu 4.4.3-4ubuntu5) 
configure:3332: $? = 0
configure:3321: gcc -V >&5
gcc: '-V' option must have argument
configure:3332: $? = 1
configure:3321: gcc -qversion >&5
gcc: unrecognized option '-qversion'
gcc: no input files
configure:3332: $? = 1
configure:3352: checking whether the C compiler works
configure:3374: gcc    conftest.c  >&5
configure:3378: $? = 0
configure:3427: result: yes
configure:3430: checking for C compiler default output file name
configure:3432: result: a.out
configure:3438: checking for suffix of executables
configure:3445: gcc -o conftest    conftest.c  >&5
configure:3449: $? = 0
configure:3471: result: 
configure:3493: checking whether we are cross compiling
configure:3501: gcc -o conftest    conftest.c  >&5
configure:3505: $? = 0
configure:3512: ./conftest
configure:3516: $? = 0
configure:3531: result: no
configure:3536: checking for suffix of object files
configure:3558: gcc -c   conftest.c >&5
configure:3562: $? = 0
configure:3583: result: o
configure:3587: checking whether we are using the GNU C compiler
configure:3606: gcc -c   conftest.c >&5
configure:3606: $? = 0
configure:3615: result: yes
configure:3624: checking whether gcc accepts -g
configure:3644: gcc -c -g  conftest.c >&5
configure:3644: $? = 0
configure:3685: result: yes
configure:3702: checking for gcc option to accept ISO C89
configure:3766: gcc  -c -g -O2  conftest.c >&5
configure:3766: $? = 0
configure:3779: result: none needed
configure:3801: checking dependency style of gcc
configure:3911: result: gcc3
configure:3926: checking for a sed that does not truncate output
configure:3990: result: /bin/sed
configure:4008: checking for grep that handles long lines and -e
configure:4066: result: /bin/grep
configure:4071: checking for egrep
configure:4133: result: /bin/grep -E
configure:4138: checking for fgrep
configure:4200: result: /bin/grep -F
configure:4235: checking for ld used by gcc
configure:4302: result: /usr/bin/ld
configure:4309: checking if the linker (/usr/bin/ld) is GNU ld
configure:4324: result: yes
configure:4336: checking for BSD- or MS-compatible name lister (nm)
configure:4385: result: /usr/bin/nm -B
configure:4503: checking the name lister (/usr/bin/nm -B) interface
configure:4510: gcc -c -g -O2  conftest.c >&5
configure:4513: /usr/bin/nm -B "conftest.o"
configure:4516: output
00000000 B some_variable
configure:4523: result: BSD nm
configure:4526: checking whether ln -s works
configure:4530: result: yes
configure:4538: checking the maximum length of command line arguments
configure:4658: result: 805306365
configure:4675: checking whether the shell understands some XSI constructs
configure:4685: result: yes
configure:4689: checking whether the shell understands "+="
configure:4695: result: yes
configure:4730: checking for /usr/bin/ld option to reload object files
configure:4737: result: -r
configure:4806: checking for objdump
configure:4822: found /usr/bin/objdump
configure:4833: result: objdump
configure:4865: checking how to recognize dependent libraries
configure:5061: result: pass_all
configure:5121: checking for ar
configure:5137: found /usr/bin/ar
configure:5148: result: ar
configure:5226: checking for strip
configure:5242: found /usr/bin/strip
configure:5253: result: strip
configure:5325: checking for ranlib
configure:5341: found /usr/bin/ranlib
configure:5352: result: ranlib
configure:5442: checking command to parse /usr/bin/nm -B output from gcc object
configure:5560: gcc -c -g -O2  conftest.c >&5
configure:5563: $? = 0
configure:5567: /usr/bin/nm -B conftest.o \| sed -n -e 's/^.*[	 ]\([ABCDGIRSTW][ABCDGIRSTW]*\)[	 ][	 ]*\([_A-Za-z][_A-Za-z0-9]*\)$/\1 \2 \2/p' \> conftest.nm
configure:5570: $? = 0
configure:5624: gcc -o conftest -g -O2   conftest.c conftstm.o >&5
configure:5627: $? = 0
configure:5665: result: ok
configure:6474: checking how to run the C preprocessor
configure:6505: gcc -E  conftest.c
configure:6505: $? = 0
configure:6519: gcc -E  conftest.c
conftest.c:11:28: error: ac_nonexistent.h: No such file or directory
configure:6519: $? = 1
configure: failed program was:
| /* confdefs.h */
| #define PACKAGE_NAME "sigproc"
| #define PACKAGE_TARNAME "sigproc"
| #define PACKAGE_VERSION "0.7.3"
| #define PACKAGE_STRING "sigproc 0.7.3"
| #define PACKAGE_BUGREPORT ""
| #define PACKAGE_URL ""
| #define PACKAGE "sigproc"
| #define VERSION "0.7.3"
| /* end confdefs.h.  */
| #include <ac_nonexistent.h>
configure:6544: result: gcc -E
configure:6564: gcc -E  conftest.c
configure:6564: $? = 0
configure:6578: gcc -E  conftest.c
conftest.c:11:28: error: ac_nonexistent.h: No such file or directory
configure:6578: $? = 1
configure: failed program was:
| /* confdefs.h */
| #define PACKAGE_NAME "sigproc"
| #define PACKAGE_TARNAME "sigproc"
| #define PACKAGE_VERSION "0.7.3"
| #define PACKAGE_STRING "sigproc 0.7.3"
| #define PACKAGE_BUGREPORT ""
| #define PACKAGE_URL ""
| #define PACKAGE "sigproc"
| #define VERSION "0.7.3"
| /* end confdefs.h.  */
| #include <ac_nonexistent.h>
configure:6607: checking for ANSI C header files
configure:6627: gcc -c -g -O2  conftest.c >&5
configure:6627: $? = 0
configure:6700: gcc -o conftest -g -O2   conftest.c  >&5
configure:6700: $? = 0
configure:6700: ./conftest
configure:6700: $? = 0
configure:6711: result: yes
configure:6724: checking for sys/types.h
configure:6724: gcc -c -g -O2  conftest.c >&5
configure:6724: $? = 0
configure:6724: result: yes
configure:6724: checking for sys/stat.h
configure:6724: gcc -c -g -O2  conftest.c >&5
configure:6724: $? = 0
configure:6724: result: yes
configure:6724: checking for stdlib.h
configure:6724: gcc -c -g -O2  conftest.c >&5
configure:6724: $? = 0
configure:6724: result: yes
configure:6724: checking for string.h
configure:6724: gcc -c -g -O2  conftest.c >&5
configure:6724: $? = 0
configure:6724: result: yes
configure:6724: checking for memory.h
configure:6724: gcc -c -g -O2  conftest.c >&5
configure:6724: $? = 0
configure:6724: result: yes
configure:6724: checking for strings.h
configure:6724: gcc -c -g -O2  conftest.c >&5
configure:6724: $? = 0
configure:6724: result: yes
configure:6724: checking for inttypes.h
configure:6724: gcc -c -g -O2  conftest.c >&5
configure:6724: $? = 0
configure:6724: result: yes
configure:6724: checking for stdint.h
configure:6724: gcc -c -g -O2  conftest.c >&5
configure:6724: $? = 0
configure:6724: result: yes
configure:6724: checking for unistd.h
configure:6724: gcc -c -g -O2  conftest.c >&5
configure:6724: $? = 0
configure:6724: result: yes
configure:6739: checking for dlfcn.h
configure:6739: gcc -c -g -O2  conftest.c >&5
configure:6739: $? = 0
configure:6739: result: yes
configure:6923: checking for objdir
configure:6938: result: .libs
configure:7230: checking if gcc supports -fno-rtti -fno-exceptions
configure:7248: gcc -c -g -O2  -fno-rtti -fno-exceptions conftest.c >&5
cc1: warning: command line option "-fno-rtti" is valid for C++/ObjC++ but not for C
configure:7252: $? = 0
configure:7265: result: no
configure:7285: checking for gcc option to produce PIC
configure:7557: result: -fPIC -DPIC
configure:7569: checking if gcc PIC flag -fPIC -DPIC works
configure:7587: gcc -c -g -O2  -fPIC -DPIC -DPIC conftest.c >&5
configure:7591: $? = 0
configure:7604: result: yes
configure:7628: checking if gcc static flag -static works
configure:7656: result: yes
configure:7671: checking if gcc supports -c -o file.o
configure:7692: gcc -c -g -O2  -o out/conftest2.o conftest.c >&5
configure:7696: $? = 0
configure:7718: result: yes
configure:7726: checking if gcc supports -c -o file.o
configure:7773: result: yes
configure:7806: checking whether the gcc linker (/usr/bin/ld) supports shared libraries
configure:8797: result: yes
configure:8834: checking whether -lc should be explicitly linked in
configure:8839: gcc -c -g -O2  conftest.c >&5
configure:8842: $? = 0
configure:8857: gcc -shared conftest.o  -v -Wl,-soname -Wl,conftest -o conftest 2\>\&1 \| /bin/grep  -lc  \>/dev/null 2\>\&1
configure:8860: $? = 0
configure:8872: result: no
configure:9036: checking dynamic linker characteristics
configure:9469: gcc -o conftest -g -O2   -Wl,-rpath -Wl,/foo conftest.c  >&5
configure:9469: $? = 0
configure:9699: result: GNU/Linux ld.so
configure:9801: checking how to hardcode library paths into programs
configure:9826: result: immediate
configure:10346: checking whether stripping libraries is possible
configure:10351: result: yes
configure:10386: checking if libtool supports shared libraries
configure:10388: result: yes
configure:10391: checking whether to build shared libraries
configure:10412: result: yes
configure:10415: checking whether to build static libraries
configure:10419: result: yes
configure:10512: checking for g++
configure:10528: found /usr/bin/g++
configure:10539: result: g++
configure:10566: checking for C++ compiler version
configure:10575: g++ --version >&5
g++ (Ubuntu 4.4.3-4ubuntu5) 4.4.3
Copyright (C) 2009 Free Software Foundation, Inc.
This is free software; see the source for copying conditions.  There is NO
warranty; not even for MERCHANTABILITY or FITNESS FOR A PARTICULAR PURPOSE.

configure:10586: $? = 0
configure:10575: g++ -v >&5
Using built-in specs.
Target: i486-linux-gnu
Configured with: ../src/configure -v --with-pkgversion='Ubuntu 4.4.3-4ubuntu5' --with-bugurl=file:///usr/share/doc/gcc-4.4/README.Bugs --enable-languages=c,c++,fortran,objc,obj-c++ --prefix=/usr --enable-shared --enable-multiarch --enable-linker-build-id --with-system-zlib --libexecdir=/usr/lib --without-included-gettext --enable-threads=posix --with-gxx-include-dir=/usr/include/c++/4.4 --program-suffix=-4.4 --enable-nls --enable-clocale=gnu --enable-libstdcxx-debug --enable-plugin --enable-objc-gc --enable-targets=all --disable-werror --with-arch-32=i486 --with-tune=generic --enable-checking=release --build=i486-linux-gnu --host=i486-linux-gnu --target=i486-linux-gnu
Thread model: posix
gcc version 4.4.3 (Ubuntu 4.4.3-4ubuntu5) 
configure:10586: $? = 0
configure:10575: g++ -V >&5
g++: '-V' option must have argument
configure:10586: $? = 1
configure:10575: g++ -qversion >&5
g++: unrecognized option '-qversion'
g++: no input files
configure:10586: $? = 1
configure:10590: checking whether we are using the GNU C++ compiler
configure:10609: g++ -c   conftest.cpp >&5
configure:10609: $? = 0
configure:10618: result: yes
configure:10627: checking whether g++ accepts -g
configure:10647: g++ -c -g  conftest.cpp >&5
configure:10647: $? = 0
configure:10688: result: yes
configure:10713: checking dependency style of g++
configure:10823: result: gcc3
configure:10951: checking for C++ compiler version
configure:10960: g++ --version >&5
g++ (Ubuntu 4.4.3-4ubuntu5) 4.4.3
Copyright (C) 2009 Free Software Foundation, Inc.
This is free software; see the source for copying conditions.  There is NO
warranty; not even for MERCHANTABILITY or FITNESS FOR A PARTICULAR PURPOSE.

configure:10971: $? = 0
configure:10960: g++ -v >&5
Using built-in specs.
Target: i486-linux-gnu
Configured with: ../src/configure -v --with-pkgversion='Ubuntu 4.4.3-4ubuntu5' --with-bugurl=file:///usr/share/doc/gcc-4.4/README.Bugs --enable-languages=c,c++,fortran,objc,obj-c++ --prefix=/usr --enable-shared --enable-multiarch --enable-linker-build-id --with-system-zlib --libexecdir=/usr/lib --without-included-gettext --enable-threads=posix --with-gxx-include-dir=/usr/include/c++/4.4 --program-suffix=-4.4 --enable-nls --enable-clocale=gnu --enable-libstdcxx-debug --enable-plugin --enable-objc-gc --enable-targets=all --disable-werror --with-arch-32=i486 --with-tune=generic --enable-checking=release --build=i486-linux-gnu --host=i486-linux-gnu --target=i486-linux-gnu
Thread model: posix
gcc version 4.4.3 (Ubuntu 4.4.3-4ubuntu5) 
configure:10971: $? = 0
configure:10960: g++ -V >&5
g++: '-V' option must have argument
configure:10971: $? = 1
configure:10960: g++ -qversion >&5
g++: unrecognized option '-qversion'
g++: no input files
configure:10971: $? = 1
configure:10975: checking whether we are using the GNU C++ compiler
configure:11003: result: yes
configure:11012: checking whether g++ accepts -g
configure:11073: result: yes
configure:11098: checking dependency style of g++
configure:11208: result: gcc3
configure:11231: checking how to run the C++ preprocessor
configure:11258: g++ -E  conftest.cpp
configure:11258: $? = 0
configure:11272: g++ -E  conftest.cpp
conftest.cpp:23:28: error: ac_nonexistent.h: No such file or directory
configure:11272: $? = 1
configure: failed program was:
| /* confdefs.h */
| #define PACKAGE_NAME "sigproc"
| #define PACKAGE_TARNAME "sigproc"
| #define PACKAGE_VERSION "0.7.3"
| #define PACKAGE_STRING "sigproc 0.7.3"
| #define PACKAGE_BUGREPORT ""
| #define PACKAGE_URL ""
| #define PACKAGE "sigproc"
| #define VERSION "0.7.3"
| #define STDC_HEADERS 1
| #define HAVE_SYS_TYPES_H 1
| #define HAVE_SYS_STAT_H 1
| #define HAVE_STDLIB_H 1
| #define HAVE_STRING_H 1
| #define HAVE_MEMORY_H 1
| #define HAVE_STRINGS_H 1
| #define HAVE_INTTYPES_H 1
| #define HAVE_STDINT_H 1
| #define HAVE_UNISTD_H 1
| #define HAVE_DLFCN_H 1
| #define LT_OBJDIR ".libs/"
| /* end confdefs.h.  */
| #include <ac_nonexistent.h>
configure:11297: result: g++ -E
configure:11317: g++ -E  conftest.cpp
configure:11317: $? = 0
configure:11331: g++ -E  conftest.cpp
conftest.cpp:23:28: error: ac_nonexistent.h: No such file or directory
configure:11331: $? = 1
configure: failed program was:
| /* confdefs.h */
| #define PACKAGE_NAME "sigproc"
| #define PACKAGE_TARNAME "sigproc"
| #define PACKAGE_VERSION "0.7.3"
| #define PACKAGE_STRING "sigproc 0.7.3"
| #define PACKAGE_BUGREPORT ""
| #define PACKAGE_URL ""
| #define PACKAGE "sigproc"
| #define VERSION "0.7.3"
| #define STDC_HEADERS 1
| #define HAVE_SYS_TYPES_H 1
| #define HAVE_SYS_STAT_H 1
| #define HAVE_STDLIB_H 1
| #define HAVE_STRING_H 1
| #define HAVE_MEMORY_H 1
| #define HAVE_STRINGS_H 1
| #define HAVE_INTTYPES_H 1
| #define HAVE_STDINT_H 1
| #define HAVE_UNISTD_H 1
| #define HAVE_DLFCN_H 1
| #define LT_OBJDIR ".libs/"
| /* end confdefs.h.  */
| #include <ac_nonexistent.h>
configure:11499: checking for ld used by g++
configure:11566: result: /usr/bin/ld
configure:11573: checking if the linker (/usr/bin/ld) is GNU ld
configure:11588: result: yes
configure:11643: checking whether the g++ linker (/usr/bin/ld) supports shared libraries
configure:12556: result: yes
configure:12584: g++ -c -g -O2  conftest.cpp >&5
configure:12587: $? = 0
configure:12769: checking for g++ option to produce PIC
configure:13086: result: -fPIC -DPIC
configure:13095: checking if g++ PIC flag -fPIC -DPIC works
configure:13113: g++ -c -g -O2  -fPIC -DPIC -DPIC conftest.cpp >&5
configure:13117: $? = 0
configure:13130: result: yes
configure:13151: checking if g++ static flag -static works
configure:13179: result: yes
configure:13191: checking if g++ supports -c -o file.o
configure:13212: g++ -c -g -O2  -o out/conftest2.o conftest.cpp >&5
configure:13216: $? = 0
configure:13238: result: yes
configure:13243: checking if g++ supports -c -o file.o
configure:13290: result: yes
configure:13320: checking whether the g++ linker (/usr/bin/ld) supports shared libraries
configure:13349: result: yes
configure:13486: checking dynamic linker characteristics
configure:13867: g++ -o conftest -g -O2   -Wl,-rpath -Wl,/foo conftest.cpp  >&5
configure:13867: $? = 0
configure:14097: result: GNU/Linux ld.so
configure:14148: checking how to hardcode library paths into programs
configure:14173: result: immediate
configure:14213: checking whether make sets $(MAKE)
configure:14235: result: yes
configure:14438: creating ./config.status
configure:16714: WARNING: unrecognized options: --with-boost, --with-boost-filesystem

## ---------------- ##
## Cache variables. ##
## ---------------- ##

ac_cv_build=i686-pc-linux-gnu
ac_cv_c_compiler_gnu=yes
ac_cv_cxx_compiler_gnu=yes
ac_cv_env_CCC_set=
ac_cv_env_CCC_value=
ac_cv_env_CC_set=
ac_cv_env_CC_value=
ac_cv_env_CFLAGS_set=
ac_cv_env_CFLAGS_value=
ac_cv_env_CPPFLAGS_set=
ac_cv_env_CPPFLAGS_value=
ac_cv_env_CPP_set=
ac_cv_env_CPP_value=
ac_cv_env_CXXCPP_set=
ac_cv_env_CXXCPP_value=
ac_cv_env_CXXFLAGS_set=
ac_cv_env_CXXFLAGS_value=
ac_cv_env_CXX_set=
ac_cv_env_CXX_value=
ac_cv_env_LDFLAGS_set=
ac_cv_env_LDFLAGS_value=
ac_cv_env_LIBS_set=
ac_cv_env_LIBS_value=
ac_cv_env_build_alias_set=
ac_cv_env_build_alias_value=
ac_cv_env_host_alias_set=
ac_cv_env_host_alias_value=
ac_cv_env_target_alias_set=
ac_cv_env_target_alias_value=
ac_cv_header_dlfcn_h=yes
ac_cv_header_inttypes_h=yes
ac_cv_header_memory_h=yes
ac_cv_header_stdc=yes
ac_cv_header_stdint_h=yes
ac_cv_header_stdlib_h=yes
ac_cv_header_string_h=yes
ac_cv_header_strings_h=yes
ac_cv_header_sys_stat_h=yes
ac_cv_header_sys_types_h=yes
ac_cv_header_unistd_h=yes
ac_cv_host=i686-pc-linux-gnu
ac_cv_objext=o
ac_cv_path_EGREP='/bin/grep -E'
ac_cv_path_FGREP='/bin/grep -F'
ac_cv_path_GREP=/bin/grep
ac_cv_path_SED=/bin/sed
ac_cv_path_install='/usr/bin/install -c'
ac_cv_path_mkdir=/bin/mkdir
ac_cv_prog_AWK=gawk
ac_cv_prog_CPP='gcc -E'
ac_cv_prog_CXXCPP='g++ -E'
ac_cv_prog_ac_ct_AR=ar
ac_cv_prog_ac_ct_CC=gcc
ac_cv_prog_ac_ct_CXX=g++
ac_cv_prog_ac_ct_OBJDUMP=objdump
ac_cv_prog_ac_ct_RANLIB=ranlib
ac_cv_prog_ac_ct_STRIP=strip
ac_cv_prog_cc_c89=
ac_cv_prog_cc_g=yes
ac_cv_prog_cxx_g=yes
ac_cv_prog_make_make_set=yes
am_cv_CC_dependencies_compiler_type=gcc3
am_cv_CXX_dependencies_compiler_type=gcc3
lt_cv_deplibs_check_method=pass_all
lt_cv_file_magic_cmd='$MAGIC_CMD'
lt_cv_file_magic_test_file=
lt_cv_ld_reload_flag=-r
lt_cv_nm_interface='BSD nm'
lt_cv_objdir=.libs
lt_cv_path_LD=/usr/bin/ld
lt_cv_path_LDCXX=/usr/bin/ld
lt_cv_path_NM='/usr/bin/nm -B'
lt_cv_prog_compiler_c_o=yes
lt_cv_prog_compiler_c_o_CXX=yes
lt_cv_prog_compiler_pic_works=yes
lt_cv_prog_compiler_pic_works_CXX=yes
lt_cv_prog_compiler_rtti_exceptions=no
lt_cv_prog_compiler_static_works=yes
lt_cv_prog_compiler_static_works_CXX=yes
lt_cv_prog_gnu_ld=yes
lt_cv_prog_gnu_ldcxx=yes
lt_cv_sys_global_symbol_pipe='sed -n -e '\''s/^.*[	 ]\([ABCDGIRSTW][ABCDGIRSTW]*\)[	 ][	 ]*\([_A-Za-z][_A-Za-z0-9]*\)$/\1 \2 \2/p'\'''
lt_cv_sys_global_symbol_to_c_name_address='sed -n -e '\''s/^: \([^ ]*\) $/  {\"\1\", (void *) 0},/p'\'' -e '\''s/^[ABCDGIRSTW]* \([^ ]*\) \([^ ]*\)$/  {"\2", (void *) \&\2},/p'\'''
lt_cv_sys_global_symbol_to_c_name_address_lib_prefix='sed -n -e '\''s/^: \([^ ]*\) $/  {\"\1\", (void *) 0},/p'\'' -e '\''s/^[ABCDGIRSTW]* \([^ ]*\) \(lib[^ ]*\)$/  {"\2", (void *) \&\2},/p'\'' -e '\''s/^[ABCDGIRSTW]* \([^ ]*\) \([^ ]*\)$/  {"lib\2", (void *) \&\2},/p'\'''
lt_cv_sys_global_symbol_to_cdecl='sed -n -e '\''s/^T .* \(.*\)$/extern int \1();/p'\'' -e '\''s/^[ABCDGIRSTW]* .* \(.*\)$/extern char \1;/p'\'''
lt_cv_sys_max_cmd_len=805306365

## ----------------- ##
## Output variables. ##
## ----------------- ##

ACLOCAL='${SHELL} /home/june/workspace/ossie-june/missing --run aclocal-1.11'
AMDEPBACKSLASH='\'
AMDEP_FALSE='#'
AMDEP_TRUE=''
AMTAR='${SHELL} /home/june/workspace/ossie-june/missing --run tar'
AR='ar'
AUTOCONF='${SHELL} /home/june/workspace/ossie-june/missing --run autoconf'
AUTOHEADER='${SHELL} /home/june/workspace/ossie-june/missing --run autoheader'
AUTOMAKE='${SHELL} /home/june/workspace/ossie-june/missing --run automake-1.11'
AWK='gawk'
CC='gcc'
CCDEPMODE='depmode=gcc3'
CFLAGS='-g -O2'
CPP='gcc -E'
CPPFLAGS=''
CXX='g++'
CXXCPP='g++ -E'
CXXDEPMODE='depmode=gcc3'
CXXFLAGS='-g -O2'
CYGPATH_W='echo'
DEFS='-DPACKAGE_NAME=\"sigproc\" -DPACKAGE_TARNAME=\"sigproc\" -DPACKAGE_VERSION=\"0.7.3\" -DPACKAGE_STRING=\"sigproc\ 0.7.3\" -DPACKAGE_BUGREPORT=\"\" -DPACKAGE_URL=\"\" -DPACKAGE=\"sigproc\" -DVERSION=\"0.7.3\" -DSTDC_HEADERS=1 -DHAVE_SYS_TYPES_H=1 -DHAVE_SYS_STAT_H=1 -DHAVE_STDLIB_H=1 -DHAVE_STRING_H=1 -DHAVE_MEMORY_H=1 -DHAVE_STRINGS_H=1 -DHAVE_INTTYPES_H=1 -DHAVE_STDINT_H=1 -DHAVE_UNISTD_H=1 -DHAVE_DLFCN_H=1 -DLT_OBJDIR=\".libs/\"'
DEPDIR='.deps'
DSYMUTIL=''
DUMPBIN=''
ECHO_C=''
ECHO_N='-n'
ECHO_T=''
EGREP='/bin/grep -E'
EXEEXT=''
FGREP='/bin/grep -F'
FPM=''
GREP='/bin/grep'
INSTALL_DATA='${INSTALL} -m 644'
INSTALL_PROGRAM='${INSTALL}'
INSTALL_SCRIPT='${INSTALL}'
INSTALL_STRIP_PROGRAM='$(install_sh) -c -s'
LD='/usr/bin/ld'
LDFLAGS=''
LIBOBJS=''
LIBS=''
LIBTOOL='$(SHELL) $(top_builddir)/libtool'
LIPO=''
LN_S='ln -s'
LTLIBOBJS=''
MAKEINFO='${SHELL} /home/june/workspace/ossie-june/missing --run makeinfo'
MKDIR_P='/bin/mkdir -p'
NM='/usr/bin/nm -B'
NMEDIT=''
OBJDUMP='objdump'
OBJEXT='o'
OTOOL64=''
OTOOL=''
PACKAGE='sigproc'
PACKAGE_BUGREPORT=''
PACKAGE_NAME='sigproc'
PACKAGE_STRING='sigproc 0.7.3'
PACKAGE_TARNAME='sigproc'
PACKAGE_URL=''
PACKAGE_VERSION='0.7.3'
PATH_SEPARATOR=':'
RANLIB='ranlib'
SED='/bin/sed'
SET_MAKE=''
SHELL='/bin/bash'
STRIP='strip'
VERSION='0.7.3'
ac_ct_CC='gcc'
ac_ct_CXX='g++'
ac_ct_DUMPBIN=''
am__EXEEXT_FALSE=''
am__EXEEXT_TRUE='#'
am__fastdepCC_FALSE='#'
am__fastdepCC_TRUE=''
am__fastdepCXX_FALSE='#'
am__fastdepCXX_TRUE=''
am__include='include'
am__isrc=''
am__leading_dot='.'
am__quote=''
am__tar='${AMTAR} chof - "$$tardir"'
am__untar='${AMTAR} xf -'
bindir='${exec_prefix}/bin'
build='i686-pc-linux-gnu'
build_alias=''
build_cpu='i686'
build_os='linux-gnu'
build_vendor='pc'
datadir='${datarootdir}'
datarootdir='${prefix}/share'
docdir='${datarootdir}/doc/${PACKAGE_TARNAME}'
dvidir='${docdir}'
exec_prefix='${prefix}'
host='i686-pc-linux-gnu'
host_alias=''
host_cpu='i686'
host_os='linux-gnu'
host_vendor='pc'
htmldir='${docdir}'
includedir='/usr/local/include'
infodir='${datarootdir}/info'
install_sh='${SHELL} /home/june/workspace/ossie-june/install-sh'
libdir='/usr/local/lib'
libexecdir='${exec_prefix}/libexec'
localedir='${datarootdir}/locale'
localstatedir='${prefix}/var'
lt_ECHO='echo'
mandir='${datarootdir}/man'
mkdir_p='/bin/mkdir -p'
oldincludedir='/usr/include'
pdfdir='${docdir}'
prefix='/sdr'
program_transform_name='s,x,x,'
psdir='${docdir}'
sbindir='${exec_prefix}/sbin'
sharedstatedir='${prefix}/com'
sysconfdir='${prefix}/etc'
target_alias=''

## ----------- ##
## confdefs.h. ##
## ----------- ##

/* confdefs.h */
#define PACKAGE_NAME "sigproc"
#define PACKAGE_TARNAME "sigproc"
#define PACKAGE_VERSION "0.7.3"
#define PACKAGE_STRING "sigproc 0.7.3"
#define PACKAGE_BUGREPORT ""
#define PACKAGE_URL ""
#define PACKAGE "sigproc"
#define VERSION "0.7.3"
#define STDC_HEADERS 1
#define HAVE_SYS_TYPES_H 1
#define HAVE_SYS_STAT_H 1
#define HAVE_STDLIB_H 1
#define HAVE_STRING_H 1
#define HAVE_MEMORY_H 1
#define HAVE_STRINGS_H 1
#define HAVE_INTTYPES_H 1
#define HAVE_STDINT_H 1
#define HAVE_UNISTD_H 1
#define HAVE_DLFCN_H 1
#define LT_OBJDIR ".libs/"

configure: exit 0

## ---------------------- ##
## Running config.status. ##
## ---------------------- ##

This file was extended by sigproc config.status 0.7.3, which was
generated by GNU Autoconf 2.65.  Invocation command line was

  CONFIG_FILES    = 
  CONFIG_HEADERS  = 
  CONFIG_LINKS    = 
  CONFIG_COMMANDS = 
  $ ./config.status 

on june-laptop

config.status:1048: creating Makefile
config.status:1048: creating sigproc.pc
config.status:1211: executing depfiles commands
config.status:1211: executing libtool commands
