This file contains any messages produced by compilers while
running configure, to aid debugging if configure makes a mistake.

It was created by customInterfaces configure 0.6.2, which was
generated by GNU Autoconf 2.65.  Invocation command line was

  $ ./configure --disable-option-checking --prefix=/sdr --cache-file=/dev/null --srcdir=.

## --------- ##
## Platform. ##
## --------- ##

hostname = june-laptop
uname -m = i686
uname -r = 2.6.32-37-generic
uname -s = Linux
uname -v = #81-Ubuntu SMP Fri Dec 2 20:35:14 UTC 2011

/usr/bin/uname -p = unknown
/bin/uname -X     = unknown

/bin/arch              = unknown
/usr/bin/arch -k       = unknown
/usr/convex/getsysinfo = unknown
/usr/bin/hostinfo      = unknown
/bin/machine           = unknown
/usr/bin/oslevel       = unknown
/bin/universe          = unknown

PATH: /usr/local/sbin
PATH: /usr/local/bin
PATH: /usr/sbin
PATH: /usr/bin
PATH: /sbin
PATH: /bin
PATH: /usr/games


## ----------- ##
## Core tests. ##
## ----------- ##

configure:2257: checking for a BSD-compatible install
configure:2325: result: /usr/bin/install -c
configure:2336: checking whether build environment is sane
configure:2386: result: yes
configure:2527: checking for a thread-safe mkdir -p
configure:2566: result: /bin/mkdir -p
configure:2579: checking for gawk
configure:2595: found /usr/bin/gawk
configure:2606: result: gawk
configure:2617: checking whether make sets $(MAKE)
configure:2639: result: yes
configure:2749: checking build system type
configure:2763: result: i686-pc-linux-gnu
configure:2783: checking host system type
configure:2796: result: i686-pc-linux-gnu
configure:2828: checking for style of include used by make
configure:2856: result: GNU
configure:2926: checking for gcc
configure:2942: found /usr/bin/gcc
configure:2953: result: gcc
configure:3182: checking for C compiler version
configure:3191: gcc --version >&5
gcc (Ubuntu 4.4.3-4ubuntu5) 4.4.3
Copyright (C) 2009 Free Software Foundation, Inc.
This is free software; see the source for copying conditions.  There is NO
warranty; not even for MERCHANTABILITY or FITNESS FOR A PARTICULAR PURPOSE.

configure:3202: $? = 0
configure:3191: gcc -v >&5
Using built-in specs.
Target: i486-linux-gnu
Configured with: ../src/configure -v --with-pkgversion='Ubuntu 4.4.3-4ubuntu5' --with-bugurl=file:///usr/share/doc/gcc-4.4/README.Bugs --enable-languages=c,c++,fortran,objc,obj-c++ --prefix=/usr --enable-shared --enable-multiarch --enable-linker-build-id --with-system-zlib --libexecdir=/usr/lib --without-included-gettext --enable-threads=posix --with-gxx-include-dir=/usr/include/c++/4.4 --program-suffix=-4.4 --enable-nls --enable-clocale=gnu --enable-libstdcxx-debug --enable-plugin --enable-objc-gc --enable-targets=all --disable-werror --with-arch-32=i486 --with-tune=generic --enable-checking=release --build=i486-linux-gnu --host=i486-linux-gnu --target=i486-linux-gnu
Thread model: posix
gcc version 4.4.3 (Ubuntu 4.4.3-4ubuntu5) 
configure:3202: $? = 0
configure:3191: gcc -V >&5
gcc: '-V' option must have argument
configure:3202: $? = 1
configure:3191: gcc -qversion >&5
gcc: unrecognized option '-qversion'
gcc: no input files
configure:3202: $? = 1
configure:3222: checking whether the C compiler works
configure:3244: gcc    conftest.c  >&5
configure:3248: $? = 0
configure:3297: result: yes
configure:3300: checking for C compiler default output file name
configure:3302: result: a.out
configure:3308: checking for suffix of executables
configure:3315: gcc -o conftest    conftest.c  >&5
configure:3319: $? = 0
configure:3341: result: 
configure:3363: checking whether we are cross compiling
configure:3371: gcc -o conftest    conftest.c  >&5
configure:3375: $? = 0
configure:3382: ./conftest
configure:3386: $? = 0
configure:3401: result: no
configure:3406: checking for suffix of object files
configure:3428: gcc -c   conftest.c >&5
configure:3432: $? = 0
configure:3453: result: o
configure:3457: checking whether we are using the GNU C compiler
configure:3476: gcc -c   conftest.c >&5
configure:3476: $? = 0
configure:3485: result: yes
configure:3494: checking whether gcc accepts -g
configure:3514: gcc -c -g  conftest.c >&5
configure:3514: $? = 0
configure:3555: result: yes
configure:3572: checking for gcc option to accept ISO C89
configure:3636: gcc  -c -g -O2  conftest.c >&5
configure:3636: $? = 0
configure:3649: result: none needed
configure:3671: checking dependency style of gcc
configure:3781: result: gcc3
configure:3796: checking for a sed that does not truncate output
configure:3860: result: /bin/sed
configure:3878: checking for grep that handles long lines and -e
configure:3936: result: /bin/grep
configure:3941: checking for egrep
configure:4003: result: /bin/grep -E
configure:4008: checking for fgrep
configure:4070: result: /bin/grep -F
configure:4105: checking for ld used by gcc
configure:4172: result: /usr/bin/ld
configure:4179: checking if the linker (/usr/bin/ld) is GNU ld
configure:4194: result: yes
configure:4206: checking for BSD- or MS-compatible name lister (nm)
configure:4255: result: /usr/bin/nm -B
configure:4373: checking the name lister (/usr/bin/nm -B) interface
configure:4380: gcc -c -g -O2  conftest.c >&5
configure:4383: /usr/bin/nm -B "conftest.o"
configure:4386: output
00000000 B some_variable
configure:4393: result: BSD nm
configure:4396: checking whether ln -s works
configure:4400: result: yes
configure:4408: checking the maximum length of command line arguments
configure:4528: result: 1572864
configure:4545: checking whether the shell understands some XSI constructs
configure:4555: result: yes
configure:4559: checking whether the shell understands "+="
configure:4565: result: yes
configure:4600: checking for /usr/bin/ld option to reload object files
configure:4607: result: -r
configure:4676: checking for objdump
configure:4692: found /usr/bin/objdump
configure:4703: result: objdump
configure:4735: checking how to recognize dependent libraries
configure:4931: result: pass_all
configure:4991: checking for ar
configure:5007: found /usr/bin/ar
configure:5018: result: ar
configure:5096: checking for strip
configure:5112: found /usr/bin/strip
configure:5123: result: strip
configure:5195: checking for ranlib
configure:5211: found /usr/bin/ranlib
configure:5222: result: ranlib
configure:5312: checking command to parse /usr/bin/nm -B output from gcc object
configure:5430: gcc -c -g -O2  conftest.c >&5
configure:5433: $? = 0
configure:5437: /usr/bin/nm -B conftest.o \| sed -n -e 's/^.*[	 ]\([ABCDGIRSTW][ABCDGIRSTW]*\)[	 ][	 ]*\([_A-Za-z][_A-Za-z0-9]*\)$/\1 \2 \2/p' \> conftest.nm
configure:5440: $? = 0
configure:5494: gcc -o conftest -g -O2   conftest.c conftstm.o >&5
configure:5497: $? = 0
configure:5535: result: ok
configure:6344: checking how to run the C preprocessor
configure:6375: gcc -E  conftest.c
configure:6375: $? = 0
configure:6389: gcc -E  conftest.c
conftest.c:11:28: error: ac_nonexistent.h: No such file or directory
configure:6389: $? = 1
configure: failed program was:
| /* confdefs.h */
| #define PACKAGE_NAME "customInterfaces"
| #define PACKAGE_TARNAME "custominterfaces"
| #define PACKAGE_VERSION "0.6.2"
| #define PACKAGE_STRING "customInterfaces 0.6.2"
| #define PACKAGE_BUGREPORT ""
| #define PACKAGE_URL ""
| #define PACKAGE "custominterfaces"
| #define VERSION "0.6.2"
| /* end confdefs.h.  */
| #include <ac_nonexistent.h>
configure:6414: result: gcc -E
configure:6434: gcc -E  conftest.c
configure:6434: $? = 0
configure:6448: gcc -E  conftest.c
conftest.c:11:28: error: ac_nonexistent.h: No such file or directory
configure:6448: $? = 1
configure: failed program was:
| /* confdefs.h */
| #define PACKAGE_NAME "customInterfaces"
| #define PACKAGE_TARNAME "custominterfaces"
| #define PACKAGE_VERSION "0.6.2"
| #define PACKAGE_STRING "customInterfaces 0.6.2"
| #define PACKAGE_BUGREPORT ""
| #define PACKAGE_URL ""
| #define PACKAGE "custominterfaces"
| #define VERSION "0.6.2"
| /* end confdefs.h.  */
| #include <ac_nonexistent.h>
configure:6477: checking for ANSI C header files
configure:6497: gcc -c -g -O2  conftest.c >&5
configure:6497: $? = 0
configure:6570: gcc -o conftest -g -O2   conftest.c  >&5
configure:6570: $? = 0
configure:6570: ./conftest
configure:6570: $? = 0
configure:6581: result: yes
configure:6594: checking for sys/types.h
configure:6594: gcc -c -g -O2  conftest.c >&5
configure:6594: $? = 0
configure:6594: result: yes
configure:6594: checking for sys/stat.h
configure:6594: gcc -c -g -O2  conftest.c >&5
configure:6594: $? = 0
configure:6594: result: yes
configure:6594: checking for stdlib.h
configure:6594: gcc -c -g -O2  conftest.c >&5
configure:6594: $? = 0
configure:6594: result: yes
configure:6594: checking for string.h
configure:6594: gcc -c -g -O2  conftest.c >&5
configure:6594: $? = 0
configure:6594: result: yes
configure:6594: checking for memory.h
configure:6594: gcc -c -g -O2  conftest.c >&5
configure:6594: $? = 0
configure:6594: result: yes
configure:6594: checking for strings.h
configure:6594: gcc -c -g -O2  conftest.c >&5
configure:6594: $? = 0
configure:6594: result: yes
configure:6594: checking for inttypes.h
configure:6594: gcc -c -g -O2  conftest.c >&5
configure:6594: $? = 0
configure:6594: result: yes
configure:6594: checking for stdint.h
configure:6594: gcc -c -g -O2  conftest.c >&5
configure:6594: $? = 0
configure:6594: result: yes
configure:6594: checking for unistd.h
configure:6594: gcc -c -g -O2  conftest.c >&5
configure:6594: $? = 0
configure:6594: result: yes
configure:6609: checking for dlfcn.h
configure:6609: gcc -c -g -O2  conftest.c >&5
configure:6609: $? = 0
configure:6609: result: yes
configure:6793: checking for objdir
configure:6808: result: .libs
configure:7100: checking if gcc supports -fno-rtti -fno-exceptions
configure:7118: gcc -c -g -O2  -fno-rtti -fno-exceptions conftest.c >&5
cc1: warning: command line option "-fno-rtti" is valid for C++/ObjC++ but not for C
configure:7122: $? = 0
configure:7135: result: no
configure:7155: checking for gcc option to produce PIC
configure:7427: result: -fPIC -DPIC
configure:7439: checking if gcc PIC flag -fPIC -DPIC works
configure:7457: gcc -c -g -O2  -fPIC -DPIC -DPIC conftest.c >&5
configure:7461: $? = 0
configure:7474: result: yes
configure:7498: checking if gcc static flag -static works
configure:7526: result: yes
configure:7541: checking if gcc supports -c -o file.o
configure:7562: gcc -c -g -O2  -o out/conftest2.o conftest.c >&5
configure:7566: $? = 0
configure:7588: result: yes
configure:7596: checking if gcc supports -c -o file.o
configure:7643: result: yes
configure:7676: checking whether the gcc linker (/usr/bin/ld) supports shared libraries
configure:8667: result: yes
configure:8704: checking whether -lc should be explicitly linked in
configure:8709: gcc -c -g -O2  conftest.c >&5
configure:8712: $? = 0
configure:8727: gcc -shared conftest.o  -v -Wl,-soname -Wl,conftest -o conftest 2\>\&1 \| /bin/grep  -lc  \>/dev/null 2\>\&1
configure:8730: $? = 0
configure:8742: result: no
configure:8906: checking dynamic linker characteristics
configure:9339: gcc -o conftest -g -O2   -Wl,-rpath -Wl,/foo conftest.c  >&5
configure:9339: $? = 0
configure:9569: result: GNU/Linux ld.so
configure:9671: checking how to hardcode library paths into programs
configure:9696: result: immediate
configure:10216: checking whether stripping libraries is possible
configure:10221: result: yes
configure:10256: checking if libtool supports shared libraries
configure:10258: result: yes
configure:10261: checking whether to build shared libraries
configure:10282: result: yes
configure:10285: checking whether to build static libraries
configure:10289: result: yes
configure:10355: checking for a Python interpreter with version >= 2.5
configure:10372: python -c import sys # split strings by '.' and convert to numeric. Append some zeros # because we need at least 4 digits for the hex conversion. # map returns an iterator in Python 3.0 and a list in 2.x minver = list(map(int, '2.5'.split('.'))) + [0, 0, 0] minverhex = 0 # xrange is not present in Python 3.0 and range returns an iterator for i in list(range(0, 4)): minverhex = (minverhex << 8) + minver[i] sys.exit(sys.hexversion < minverhex)
configure:10375: $? = 0
configure:10381: result: python
configure:10389: checking for python
configure:10407: found /usr/bin/python
configure:10419: result: /usr/bin/python
configure:10437: checking for python version
configure:10444: result: 2.6
configure:10456: checking for python platform
configure:10463: result: linux2
configure:10470: checking for python script directory
configure:10499: result: ${prefix}/lib/python2.6/site-packages
configure:10508: checking for python extension module directory
configure:10537: result: ${exec_prefix}/lib/python2.6/site-packages
configure:10599: checking for gcc
configure:10626: result: gcc
configure:10855: checking for C compiler version
configure:10864: gcc --version >&5
gcc (Ubuntu 4.4.3-4ubuntu5) 4.4.3
Copyright (C) 2009 Free Software Foundation, Inc.
This is free software; see the source for copying conditions.  There is NO
warranty; not even for MERCHANTABILITY or FITNESS FOR A PARTICULAR PURPOSE.

configure:10875: $? = 0
configure:10864: gcc -v >&5
Using built-in specs.
Target: i486-linux-gnu
Configured with: ../src/configure -v --with-pkgversion='Ubuntu 4.4.3-4ubuntu5' --with-bugurl=file:///usr/share/doc/gcc-4.4/README.Bugs --enable-languages=c,c++,fortran,objc,obj-c++ --prefix=/usr --enable-shared --enable-multiarch --enable-linker-build-id --with-system-zlib --libexecdir=/usr/lib --without-included-gettext --enable-threads=posix --with-gxx-include-dir=/usr/include/c++/4.4 --program-suffix=-4.4 --enable-nls --enable-clocale=gnu --enable-libstdcxx-debug --enable-plugin --enable-objc-gc --enable-targets=all --disable-werror --with-arch-32=i486 --with-tune=generic --enable-checking=release --build=i486-linux-gnu --host=i486-linux-gnu --target=i486-linux-gnu
Thread model: posix
gcc version 4.4.3 (Ubuntu 4.4.3-4ubuntu5) 
configure:10875: $? = 0
configure:10864: gcc -V >&5
gcc: '-V' option must have argument
configure:10875: $? = 1
configure:10864: gcc -qversion >&5
gcc: unrecognized option '-qversion'
gcc: no input files
configure:10875: $? = 1
configure:10879: checking whether we are using the GNU C compiler
configure:10907: result: yes
configure:10916: checking whether gcc accepts -g
configure:10977: result: yes
configure:10994: checking for gcc option to accept ISO C89
configure:11071: result: none needed
configure:11093: checking dependency style of gcc
configure:11203: result: gcc3
configure:11380: creating ./config.status

## ---------------------- ##
## Running config.status. ##
## ---------------------- ##

This file was extended by customInterfaces config.status 0.6.2, which was
generated by GNU Autoconf 2.65.  Invocation command line was

  CONFIG_FILES    = 
  CONFIG_HEADERS  = 
  CONFIG_LINKS    = 
  CONFIG_COMMANDS = 
  $ ./config.status 

on june-laptop

config.status:996: creating Makefile
config.status:996: creating python/Makefile
config.status:996: creating customInterfaces.pc
config.status:1159: executing depfiles commands
config.status:1159: executing libtool commands

## ---------------- ##
## Cache variables. ##
## ---------------- ##

ac_cv_build=i686-pc-linux-gnu
ac_cv_c_compiler_gnu=yes
ac_cv_env_CC_set=
ac_cv_env_CC_value=
ac_cv_env_CFLAGS_set=
ac_cv_env_CFLAGS_value=
ac_cv_env_CPPFLAGS_set=
ac_cv_env_CPPFLAGS_value=
ac_cv_env_CPP_set=
ac_cv_env_CPP_value=
ac_cv_env_LDFLAGS_set=
ac_cv_env_LDFLAGS_value=
ac_cv_env_LIBS_set=
ac_cv_env_LIBS_value=
ac_cv_env_build_alias_set=
ac_cv_env_build_alias_value=
ac_cv_env_host_alias_set=
ac_cv_env_host_alias_value=
ac_cv_env_target_alias_set=
ac_cv_env_target_alias_value=
ac_cv_header_dlfcn_h=yes
ac_cv_header_inttypes_h=yes
ac_cv_header_memory_h=yes
ac_cv_header_stdc=yes
ac_cv_header_stdint_h=yes
ac_cv_header_stdlib_h=yes
ac_cv_header_string_h=yes
ac_cv_header_strings_h=yes
ac_cv_header_sys_stat_h=yes
ac_cv_header_sys_types_h=yes
ac_cv_header_unistd_h=yes
ac_cv_host=i686-pc-linux-gnu
ac_cv_objext=o
ac_cv_path_EGREP='/bin/grep -E'
ac_cv_path_FGREP='/bin/grep -F'
ac_cv_path_GREP=/bin/grep
ac_cv_path_PYTHON=/usr/bin/python
ac_cv_path_SED=/bin/sed
ac_cv_path_install='/usr/bin/install -c'
ac_cv_path_mkdir=/bin/mkdir
ac_cv_prog_AWK=gawk
ac_cv_prog_CPP='gcc -E'
ac_cv_prog_ac_ct_AR=ar
ac_cv_prog_ac_ct_CC=gcc
ac_cv_prog_ac_ct_OBJDUMP=objdump
ac_cv_prog_ac_ct_RANLIB=ranlib
ac_cv_prog_ac_ct_STRIP=strip
ac_cv_prog_cc_c89=
ac_cv_prog_cc_g=yes
ac_cv_prog_make_make_set=yes
am_cv_CC_dependencies_compiler_type=gcc3
am_cv_pathless_PYTHON=python
am_cv_python_platform=linux2
am_cv_python_pyexecdir='${exec_prefix}/lib/python2.6/site-packages'
am_cv_python_pythondir='${prefix}/lib/python2.6/site-packages'
am_cv_python_version=2.6
lt_cv_deplibs_check_method=pass_all
lt_cv_file_magic_cmd='$MAGIC_CMD'
lt_cv_file_magic_test_file=
lt_cv_ld_reload_flag=-r
lt_cv_nm_interface='BSD nm'
lt_cv_objdir=.libs
lt_cv_path_LD=/usr/bin/ld
lt_cv_path_NM='/usr/bin/nm -B'
lt_cv_prog_compiler_c_o=yes
lt_cv_prog_compiler_pic_works=yes
lt_cv_prog_compiler_rtti_exceptions=no
lt_cv_prog_compiler_static_works=yes
lt_cv_prog_gnu_ld=yes
lt_cv_sys_global_symbol_pipe='sed -n -e '\''s/^.*[	 ]\([ABCDGIRSTW][ABCDGIRSTW]*\)[	 ][	 ]*\([_A-Za-z][_A-Za-z0-9]*\)$/\1 \2 \2/p'\'''
lt_cv_sys_global_symbol_to_c_name_address='sed -n -e '\''s/^: \([^ ]*\) $/  {\"\1\", (void *) 0},/p'\'' -e '\''s/^[ABCDGIRSTW]* \([^ ]*\) \([^ ]*\)$/  {"\2", (void *) \&\2},/p'\'''
lt_cv_sys_global_symbol_to_c_name_address_lib_prefix='sed -n -e '\''s/^: \([^ ]*\) $/  {\"\1\", (void *) 0},/p'\'' -e '\''s/^[ABCDGIRSTW]* \([^ ]*\) \(lib[^ ]*\)$/  {"\2", (void *) \&\2},/p'\'' -e '\''s/^[ABCDGIRSTW]* \([^ ]*\) \([^ ]*\)$/  {"lib\2", (void *) \&\2},/p'\'''
lt_cv_sys_global_symbol_to_cdecl='sed -n -e '\''s/^T .* \(.*\)$/extern int \1();/p'\'' -e '\''s/^[ABCDGIRSTW]* .* \(.*\)$/extern char \1;/p'\'''
lt_cv_sys_max_cmd_len=1572864

## ----------------- ##
## Output variables. ##
## ----------------- ##

ACLOCAL='${SHELL} /home/june/ossie-june/missing --run aclocal-1.11'
AMDEPBACKSLASH='\'
AMDEP_FALSE='#'
AMDEP_TRUE=''
AMTAR='${SHELL} /home/june/ossie-june/missing --run tar'
AR='ar'
AUTOCONF='${SHELL} /home/june/ossie-june/missing --run autoconf'
AUTOHEADER='${SHELL} /home/june/ossie-june/missing --run autoheader'
AUTOMAKE='${SHELL} /home/june/ossie-june/missing --run automake-1.11'
AWK='gawk'
CC='gcc'
CCDEPMODE='depmode=gcc3'
CFLAGS='-g -O2'
CPP='gcc -E'
CPPFLAGS=''
CYGPATH_W='echo'
DEFS='-DPACKAGE_NAME=\"customInterfaces\" -DPACKAGE_TARNAME=\"custominterfaces\" -DPACKAGE_VERSION=\"0.6.2\" -DPACKAGE_STRING=\"customInterfaces\ 0.6.2\" -DPACKAGE_BUGREPORT=\"\" -DPACKAGE_URL=\"\" -DPACKAGE=\"custominterfaces\" -DVERSION=\"0.6.2\" -DSTDC_HEADERS=1 -DHAVE_SYS_TYPES_H=1 -DHAVE_SYS_STAT_H=1 -DHAVE_STDLIB_H=1 -DHAVE_STRING_H=1 -DHAVE_MEMORY_H=1 -DHAVE_STRINGS_H=1 -DHAVE_INTTYPES_H=1 -DHAVE_STDINT_H=1 -DHAVE_UNISTD_H=1 -DHAVE_DLFCN_H=1 -DLT_OBJDIR=\".libs/\"'
DEPDIR='.deps'
DSYMUTIL=''
DUMPBIN=''
ECHO_C=''
ECHO_N='-n'
ECHO_T=''
EGREP='/bin/grep -E'
EXEEXT=''
FGREP='/bin/grep -F'
GREP='/bin/grep'
INSTALL_DATA='${INSTALL} -m 644'
INSTALL_PROGRAM='${INSTALL}'
INSTALL_SCRIPT='${INSTALL}'
INSTALL_STRIP_PROGRAM='$(install_sh) -c -s'
LD='/usr/bin/ld'
LDFLAGS=''
LIBOBJS=''
LIBS=''
LIBTOOL='$(SHELL) $(top_builddir)/libtool'
LIPO=''
LN_S='ln -s'
LTLIBOBJS=''
MAKEINFO='${SHELL} /home/june/ossie-june/missing --run makeinfo'
MKDIR_P='/bin/mkdir -p'
NM='/usr/bin/nm -B'
NMEDIT=''
OBJDUMP='objdump'
OBJEXT='o'
OTOOL64=''
OTOOL=''
PACKAGE='custominterfaces'
PACKAGE_BUGREPORT=''
PACKAGE_NAME='customInterfaces'
PACKAGE_STRING='customInterfaces 0.6.2'
PACKAGE_TARNAME='custominterfaces'
PACKAGE_URL=''
PACKAGE_VERSION='0.6.2'
PATH_SEPARATOR=':'
PYTHON='/usr/bin/python'
PYTHON_EXEC_PREFIX='${exec_prefix}'
PYTHON_PLATFORM='linux2'
PYTHON_PREFIX='${prefix}'
PYTHON_VERSION='2.6'
RANLIB='ranlib'
SED='/bin/sed'
SET_MAKE=''
SHELL='/bin/bash'
STRIP='strip'
VERSION='0.6.2'
ac_ct_CC='gcc'
ac_ct_DUMPBIN=''
am__EXEEXT_FALSE=''
am__EXEEXT_TRUE='#'
am__fastdepCC_FALSE='#'
am__fastdepCC_TRUE=''
am__include='include'
am__isrc=''
am__leading_dot='.'
am__quote=''
am__tar='${AMTAR} chof - "$$tardir"'
am__untar='${AMTAR} xf -'
bindir='${exec_prefix}/bin'
build='i686-pc-linux-gnu'
build_alias=''
build_cpu='i686'
build_os='linux-gnu'
build_vendor='pc'
datadir='${datarootdir}'
datarootdir='${prefix}/share'
docdir='${datarootdir}/doc/${PACKAGE_TARNAME}'
dvidir='${docdir}'
exec_prefix='${prefix}'
host='i686-pc-linux-gnu'
host_alias=''
host_cpu='i686'
host_os='linux-gnu'
host_vendor='pc'
htmldir='${docdir}'
includedir='${prefix}/include'
infodir='${datarootdir}/info'
install_sh='${SHELL} /home/june/ossie-june/install-sh'
libdir='${exec_prefix}/lib'
libexecdir='${exec_prefix}/libexec'
localedir='${datarootdir}/locale'
localstatedir='${prefix}/var'
lt_ECHO='echo'
mandir='${datarootdir}/man'
mkdir_p='/bin/mkdir -p'
oldincludedir='/usr/include'
pdfdir='${docdir}'
pkgpyexecdir='${pyexecdir}/custominterfaces'
pkgpythondir='${pythondir}/custominterfaces'
prefix='/sdr'
program_transform_name='s,x,x,'
psdir='${docdir}'
pyexecdir='${exec_prefix}/lib/python2.6/site-packages'
pythondir='${prefix}/lib/python2.6/site-packages'
sbindir='${exec_prefix}/sbin'
sharedstatedir='${prefix}/com'
sysconfdir='${prefix}/etc'
target_alias=''

## ----------- ##
## confdefs.h. ##
## ----------- ##

/* confdefs.h */
#define PACKAGE_NAME "customInterfaces"
#define PACKAGE_TARNAME "custominterfaces"
#define PACKAGE_VERSION "0.6.2"
#define PACKAGE_STRING "customInterfaces 0.6.2"
#define PACKAGE_BUGREPORT ""
#define PACKAGE_URL ""
#define PACKAGE "custominterfaces"
#define VERSION "0.6.2"
#define STDC_HEADERS 1
#define HAVE_SYS_TYPES_H 1
#define HAVE_SYS_STAT_H 1
#define HAVE_STDLIB_H 1
#define HAVE_STRING_H 1
#define HAVE_MEMORY_H 1
#define HAVE_STRINGS_H 1
#define HAVE_INTTYPES_H 1
#define HAVE_STDINT_H 1
#define HAVE_UNISTD_H 1
#define HAVE_DLFCN_H 1
#define LT_OBJDIR ".libs/"

configure: exit 0
